[INFO] Scanning for projects...
[INFO] ------------------------------------------------------------------------
[INFO] Reactor Build Order:
[INFO] 
[INFO] Apache Avro Toplevel                                               [pom]
[INFO] Apache Avro Java                                                   [pom]
[INFO] Apache Avro                                                     [bundle]
[INFO] Apache Avro Android Compatibility                                  [jar]
[INFO] Apache Avro Compiler                                            [bundle]
[INFO] Apache Avro Maven Plugin                                  [maven-plugin]
[INFO] Apache Avro IPC                                                 [bundle]
[INFO] Apache Avro IPC Jetty                                           [bundle]
[INFO] Apache Avro IPC Netty                                           [bundle]
[INFO] Trevni Java                                                        [pom]
[INFO] Trevni Java Core                                                   [jar]
[INFO] Apache Avro Mapred API                                          [bundle]
[INFO] Trevni Java Avro                                                   [jar]
[INFO] Trevni Specification                                               [pom]
[INFO] Apache Avro Tools                                                  [jar]
[INFO] Apache Avro Protobuf Compatibility                              [bundle]
[INFO] Apache Avro Thrift Compatibility                                [bundle]
[INFO] Apache Avro Maven Archetypes                                       [pom]
[INFO] Apache Avro Maven Service Archetype                    [maven-archetype]
[INFO] Apache Avro gRPC                                                [bundle]
[INFO] Avro Integration Tests                                             [pom]
[INFO] Apache Avro Codegen Test dependencies                              [jar]
[INFO] Apache Avro Codegen Test                                           [jar]
[INFO] Apache Avro Performance Test Suite                                 [jar]
[INFO] 
[INFO] -------------------< org.apache.avro:avro-toplevel >--------------------
[INFO] Building Apache Avro Toplevel 1.12.0-SNAPSHOT                     [1/24]
[INFO] --------------------------------[ pom ]---------------------------------
[INFO] 
[INFO] --- maven-enforcer-plugin:3.0.0-M3:enforce (enforce-maven-version) @ avro-toplevel ---
[INFO] 
[INFO] --- maven-enforcer-plugin:3.0.0-M3:enforce (default-cli) @ avro-toplevel ---
[INFO] Adding ignore: module-info
[INFO] Adding ignore: module-info
[INFO] 
[INFO] --- maven-enforcer-plugin:3.0.0-M3:enforce (enforce) @ avro-toplevel ---
[INFO] Adding ignore: module-info
[INFO] 
[INFO] --- maven-enforcer-plugin:3.0.0-M3:enforce (enforce-banned-dependencies) @ avro-toplevel ---
[INFO] 
[INFO] --- maven-remote-resources-plugin:1.7.0:process (process-resource-bundles) @ avro-toplevel ---
[INFO] Preparing remote bundle org.apache:apache-jar-resource-bundle:1.4
[INFO] Copying 3 resources from 1 bundle.
[INFO] 
[INFO] --- apache-rat-plugin:0.13:check (default) @ avro-toplevel ---
[INFO] Added 1 additional default licenses.
[INFO] Enabled default license matchers.
[INFO] Will parse SCM ignores for exclusions...
[INFO] Parsing exclusions from /home/target/.gitignore
[INFO] Finished adding exclusions from SCM ignore files.
[INFO] 87 implicit excludes (use -debug for more details).
[INFO] 124 explicit excludes (use -debug for more details).
[INFO] 1421 resources included (use -debug for more details)
[INFO] Rat check: Summary over all files. Unapproved: 0, unknown: 0, generated: 0, approved: 1364 licenses.
[INFO] 
[INFO] --------------------< org.apache.avro:avro-parent >---------------------
[INFO] Building Apache Avro Java 1.12.0-SNAPSHOT                         [2/24]
[INFO] --------------------------------[ pom ]---------------------------------
[INFO] 
[INFO] --- maven-enforcer-plugin:3.0.0-M3:enforce (enforce-maven-version) @ avro-parent ---
[INFO] 
[INFO] --- maven-enforcer-plugin:3.0.0-M3:enforce (default-cli) @ avro-parent ---
[INFO] Adding ignore: module-info
[INFO] Adding ignore: module-info
[INFO] 
[INFO] --- maven-enforcer-plugin:3.0.0-M3:enforce (enforce) @ avro-parent ---
[INFO] Adding ignore: module-info
[INFO] 
[INFO] --- maven-enforcer-plugin:3.0.0-M3:enforce (enforce-banned-dependencies) @ avro-parent ---
[INFO] 
[INFO] --- maven-remote-resources-plugin:1.7.0:process (process-resource-bundles) @ avro-parent ---
[INFO] Preparing remote bundle org.apache:apache-jar-resource-bundle:1.4
[INFO] Copying 3 resources from 1 bundle.
[INFO] 
[INFO] --- spotless-maven-plugin:2.11.1:check (spotless-check) @ avro-parent ---
[INFO] 
[INFO] --- maven-bundle-plugin:5.1.2:manifest (bundle-manifest) @ avro-parent ---
[WARNING] Ignoring project type pom - supportedProjectTypes = [bundle]
[INFO] 
[INFO] --- maven-checkstyle-plugin:3.1.2:check (checkstyle-check) @ avro-parent ---
[INFO] Starting audit...
Audit done.
[INFO] You have 0 Checkstyle violations.
[INFO] 
[INFO] ------------------------< org.apache.avro:avro >------------------------
[INFO] Building Apache Avro 1.12.0-SNAPSHOT                              [3/24]
[INFO] -------------------------------[ bundle ]-------------------------------
[INFO] 
[INFO] --- maven-enforcer-plugin:3.0.0-M3:enforce (enforce-maven-version) @ avro ---
[INFO] 
[INFO] --- maven-enforcer-plugin:3.0.0-M3:enforce (default-cli) @ avro ---
[INFO] Adding ignore: module-info
[INFO] Adding ignore: module-info
[INFO] 
[INFO] --- maven-enforcer-plugin:3.0.0-M3:enforce (enforce) @ avro ---
[INFO] Adding ignore: module-info
[INFO] 
[INFO] --- maven-enforcer-plugin:3.0.0-M3:enforce (enforce-banned-dependencies) @ avro ---
[INFO] 
[INFO] --- maven-remote-resources-plugin:1.7.0:process (process-resource-bundles) @ avro ---
[INFO] Preparing remote bundle org.apache:apache-jar-resource-bundle:1.4
[INFO] Copying 3 resources from 1 bundle.
[INFO] 
[INFO] --- maven-resources-plugin:3.1.0:resources (default-resources) @ avro ---
[INFO] Using 'UTF-8' encoding to copy filtered resources.
[INFO] Copying 1 resource
[INFO] Copying 3 resources
[INFO] 
[INFO] --- maven-compiler-plugin:3.8.1:compile (default-compile) @ avro ---
[INFO] Nothing to compile - all classes are up to date
[INFO] 
[INFO] --- spotless-maven-plugin:2.11.1:check (spotless-check) @ avro ---
[INFO] 
[INFO] --- maven-bundle-plugin:5.1.2:manifest (bundle-manifest) @ avro ---
[INFO] 
[INFO] --- maven-resources-plugin:3.1.0:testResources (default-testResources) @ avro ---
[INFO] Using 'UTF-8' encoding to copy filtered resources.
[INFO] Copying 5 resources
[INFO] Copying 3 resources
[INFO] 
[INFO] --- maven-compiler-plugin:3.8.1:testCompile (default-testCompile) @ avro ---
[INFO] Nothing to compile - all classes are up to date
[INFO] 
[INFO] --- maven-surefire-plugin:3.0.0-M5:test (default-test) @ avro ---
[INFO] 
[INFO] -------------------------------------------------------
[INFO]  T E S T S
[INFO] -------------------------------------------------------
[INFO] Running org.apache.avro.TestDataFileDeflate
[INFO] Tests run: 1, Failures: 0, Errors: 0, Skipped: 0, Time elapsed: 8.32 s - in org.apache.avro.TestDataFileDeflate
[INFO] Running org.apache.avro.TestSchemaNormalization$TestFingerprintInternationalization
[INFO] Tests run: 26, Failures: 0, Errors: 0, Skipped: 0, Time elapsed: 0.298 s - in org.apache.avro.TestSchemaNormalization$TestFingerprintInternationalization
[INFO] Running org.apache.avro.TestSchemaNormalization$TestFingerprint
[INFO] Tests run: 26, Failures: 0, Errors: 0, Skipped: 0, Time elapsed: 23.027 s - in org.apache.avro.TestSchemaNormalization$TestFingerprint
[INFO] Running org.apache.avro.TestSchemaNormalization$TestCanonical
[INFO] Tests run: 34, Failures: 0, Errors: 0, Skipped: 0, Time elapsed: 0.278 s - in org.apache.avro.TestSchemaNormalization$TestCanonical
[INFO] Running org.apache.avro.file.TestCustomCodec
[INFO] Tests run: 1, Failures: 0, Errors: 0, Skipped: 0, Time elapsed: 0.101 s - in org.apache.avro.file.TestCustomCodec
[INFO] Running org.apache.avro.TestSchemaWarnings
[INFO] Tests run: 2, Failures: 0, Errors: 0, Skipped: 0, Time elapsed: 0.091 s - in org.apache.avro.TestSchemaWarnings
[INFO] Running org.apache.avro.reflect.TestReflectAllowNulls
[INFO] Tests run: 3, Failures: 0, Errors: 0, Skipped: 0, Time elapsed: 47.806 s - in org.apache.avro.reflect.TestReflectAllowNulls
[INFO] Running org.apache.avro.TestSchemaCompatibilityEnumDefaults
[INFO] Tests run: 5, Failures: 0, Errors: 0, Skipped: 0, Time elapsed: 2.16 s - in org.apache.avro.TestSchemaCompatibilityEnumDefaults
[INFO] Running org.apache.avro.TestSchemaCompatibilityReaderFieldMissingDefaultValue
[INFO] Tests run: 2, Failures: 0, Errors: 0, Skipped: 0, Time elapsed: 21.397 s - in org.apache.avro.TestSchemaCompatibilityReaderFieldMissingDefaultValue
[INFO] Running org.apache.avro.io.TestValidatingIO
[INFO] Tests run: 972, Failures: 0, Errors: 0, Skipped: 0, Time elapsed: 493.686 s - in org.apache.avro.io.TestValidatingIO
[INFO] Running org.apache.avro.reflect.TestReflectLogicalTypes
[WARNING] Tests run: 17, Failures: 0, Errors: 0, Skipped: 1, Time elapsed: 34.875 s - in org.apache.avro.reflect.TestReflectLogicalTypes
[INFO] Running org.apache.avro.TestSchemaValidation
[INFO] Tests run: 15, Failures: 0, Errors: 0, Skipped: 0, Time elapsed: 15.758 s - in org.apache.avro.TestSchemaValidation
[INFO] Running org.apache.avro.io.TestBlockingIO
[INFO] Tests run: 376, Failures: 0, Errors: 0, Skipped: 0, Time elapsed: 99.729 s - in org.apache.avro.io.TestBlockingIO
[INFO] Running org.apache.avro.io.TestBlockingIO2
[INFO] Tests run: 84, Failures: 0, Errors: 0, Skipped: 0, Time elapsed: 0.25 s - in org.apache.avro.io.TestBlockingIO2
[INFO] Running org.apache.avro.TestLogicalType
[INFO] Tests run: 20, Failures: 0, Errors: 0, Skipped: 0, Time elapsed: 34.694 s - in org.apache.avro.TestLogicalType
[INFO] Running org.apache.avro.file.TestSeekableByteArrayInput
[INFO] Tests run: 1, Failures: 0, Errors: 0, Skipped: 0, Time elapsed: 0.105 s - in org.apache.avro.file.TestSeekableByteArrayInput
[INFO] Running org.apache.avro.reflect.TestReflectDatumReader
[INFO] Tests run: 2, Failures: 0, Errors: 0, Skipped: 0, Time elapsed: 0.056 s - in org.apache.avro.reflect.TestReflectDatumReader
[INFO] Running org.apache.avro.io.TestEncoders
[INFO] Tests run: 20, Failures: 0, Errors: 0, Skipped: 0, Time elapsed: 0.081 s - in org.apache.avro.io.TestEncoders
[INFO] Running org.apache.avro.util.internal.TestClassValueCache
[INFO] Tests run: 1, Failures: 0, Errors: 0, Skipped: 0, Time elapsed: 0.052 s - in org.apache.avro.util.internal.TestClassValueCache
[INFO] Running org.apache.avro.TestDataFileCustomSync
[INFO] Tests run: 3, Failures: 0, Errors: 0, Skipped: 0, Time elapsed: 0.058 s - in org.apache.avro.TestDataFileCustomSync
[INFO] Running org.apache.avro.TestDataFileConcat
[INFO] Tests run: 10, Failures: 0, Errors: 0, Skipped: 0, Time elapsed: 2,743.208 s - in org.apache.avro.TestDataFileConcat
[INFO] Running org.apache.avro.TestNestedRecords
[INFO] Tests run: 2, Failures: 0, Errors: 0, Skipped: 0, Time elapsed: 12.493 s - in org.apache.avro.TestNestedRecords
[INFO] Running org.apache.avro.generic.TestGenericLogicalTypes
[INFO] Tests run: 17, Failures: 0, Errors: 0, Skipped: 0, Time elapsed: 104.447 s - in org.apache.avro.generic.TestGenericLogicalTypes
[INFO] Running org.apache.avro.io.parsing.TestResolvingGrammarGenerator2
[INFO] Tests run: 7, Failures: 0, Errors: 0, Skipped: 0, Time elapsed: 0.053 s - in org.apache.avro.io.parsing.TestResolvingGrammarGenerator2
[INFO] Running org.apache.avro.file.TestIOExceptionDuringWrite
[INFO] Tests run: 1, Failures: 0, Errors: 0, Skipped: 0, Time elapsed: 20.649 s - in org.apache.avro.file.TestIOExceptionDuringWrite
[INFO] Running org.apache.avro.TestDataFileMeta
[INFO] Tests run: 4, Failures: 0, Errors: 0, Skipped: 0, Time elapsed: 0.048 s - in org.apache.avro.TestDataFileMeta
[INFO] Running org.apache.avro.generic.TestSkipEnumSchema
[INFO] Tests run: 1, Failures: 0, Errors: 0, Skipped: 0, Time elapsed: 1.908 s - in org.apache.avro.generic.TestSkipEnumSchema
[INFO] Running org.apache.avro.specific.TestSpecificData
[INFO] Tests run: 8, Failures: 0, Errors: 0, Skipped: 0, Time elapsed: 16.427 s - in org.apache.avro.specific.TestSpecificData
[INFO] Running org.apache.avro.io.TestJsonDecoder
[INFO] Tests run: 5, Failures: 0, Errors: 0, Skipped: 0, Time elapsed: 0.078 s - in org.apache.avro.io.TestJsonDecoder
[INFO] Running org.apache.avro.file.TestAllCodecs
[INFO] Tests run: 12, Failures: 0, Errors: 0, Skipped: 0, Time elapsed: 658.491 s - in org.apache.avro.file.TestAllCodecs
[INFO] Running org.apache.avro.TestSchemaBuilder
[INFO] Tests run: 41, Failures: 0, Errors: 0, Skipped: 0, Time elapsed: 36.82 s - in org.apache.avro.TestSchemaBuilder
[INFO] Running org.apache.avro.specific.TestSpecificToFromByteArray
[INFO] Tests run: 4, Failures: 0, Errors: 0, Skipped: 0, Time elapsed: 0.073 s - in org.apache.avro.specific.TestSpecificToFromByteArray
[INFO] Running org.apache.avro.io.TestBinaryData
[INFO] Tests run: 1, Failures: 0, Errors: 0, Skipped: 0, Time elapsed: 0.05 s - in org.apache.avro.io.TestBinaryData
[INFO] Running org.apache.avro.TestUnionSelfReference
[INFO] Tests run: 2, Failures: 0, Errors: 0, Skipped: 0, Time elapsed: 0.052 s - in org.apache.avro.TestUnionSelfReference
[INFO] Running org.apache.avro.io.TestBinaryEncoderFidelity
[INFO] Tests run: 3, Failures: 0, Errors: 0, Skipped: 0, Time elapsed: 0.094 s - in org.apache.avro.io.TestBinaryEncoderFidelity
[INFO] Running org.apache.avro.reflect.TestReflectionUtil
[INFO] Tests run: 2, Failures: 0, Errors: 0, Skipped: 0, Time elapsed: 0.058 s - in org.apache.avro.reflect.TestReflectionUtil
[INFO] Running org.apache.avro.TestSchemaCompatibilityTypeMismatch
[INFO] Tests run: 29, Failures: 0, Errors: 0, Skipped: 0, Time elapsed: 2.531 s - in org.apache.avro.TestSchemaCompatibilityTypeMismatch
[INFO] Running org.apache.avro.file.TestZstandardCodec
[INFO] Tests run: 1, Failures: 0, Errors: 0, Skipped: 0, Time elapsed: 0.052 s - in org.apache.avro.file.TestZstandardCodec
[INFO] Running org.apache.avro.reflect.TestByteBuffer
[INFO] Tests run: 1, Failures: 0, Errors: 0, Skipped: 0, Time elapsed: 234.157 s - in org.apache.avro.reflect.TestByteBuffer
[INFO] Running org.apache.avro.util.internal.TestJacksonUtils
[INFO] Tests run: 2, Failures: 0, Errors: 0, Skipped: 0, Time elapsed: 0.067 s - in org.apache.avro.util.internal.TestJacksonUtils
[INFO] Running org.apache.avro.TestDataFile
[INFO] Tests run: 60, Failures: 0, Errors: 0, Skipped: 0, Time elapsed: 1,788.251 s - in org.apache.avro.TestDataFile
[INFO] Running org.apache.avro.TestSchemaCompatibilityFixedSizeMismatch
[INFO] Tests run: 4, Failures: 0, Errors: 0, Skipped: 0, Time elapsed: 0.149 s - in org.apache.avro.TestSchemaCompatibilityFixedSizeMismatch
[INFO] Running org.apache.avro.reflect.TestNonStringMapKeys
[INFO] Tests run: 3, Failures: 0, Errors: 0, Skipped: 0, Time elapsed: 55.666 s - in org.apache.avro.reflect.TestNonStringMapKeys
[INFO] Running org.apache.avro.TestProtocol
[INFO] Tests run: 2, Failures: 0, Errors: 0, Skipped: 0, Time elapsed: 0.074 s - in org.apache.avro.TestProtocol
[INFO] Running org.apache.avro.TestSchemaCompatibilityNameMismatch
[INFO] Tests run: 4, Failures: 0, Errors: 0, Skipped: 0, Time elapsed: 0.047 s - in org.apache.avro.TestSchemaCompatibilityNameMismatch
[INFO] Running org.apache.avro.io.TestResolvingIO
[INFO] Tests run: 816, Failures: 0, Errors: 0, Skipped: 0, Time elapsed: 488.036 s - in org.apache.avro.io.TestResolvingIO
[INFO] Running org.apache.avro.generic.TestGenericConcreteEnum
[INFO] Tests run: 2, Failures: 0, Errors: 0, Skipped: 0, Time elapsed: 0.154 s - in org.apache.avro.generic.TestGenericConcreteEnum
[INFO] Running org.apache.avro.reflect.TestReflect
[INFO] Tests run: 74, Failures: 0, Errors: 0, Skipped: 0, Time elapsed: 44.835 s - in org.apache.avro.reflect.TestReflect
[INFO] Running org.apache.avro.io.TestBinaryDecoder
[INFO] Tests run: 56, Failures: 0, Errors: 0, Skipped: 0, Time elapsed: 138.516 s - in org.apache.avro.io.TestBinaryDecoder
[INFO] Running org.apache.avro.TestCircularReferences
[INFO] Tests run: 1, Failures: 0, Errors: 0, Skipped: 0, Time elapsed: 41.511 s - in org.apache.avro.TestCircularReferences
[INFO] Running org.apache.avro.util.TestUtf8
[INFO] Tests run: 4, Failures: 0, Errors: 0, Skipped: 0, Time elapsed: 0.303 s - in org.apache.avro.util.TestUtf8
[INFO] Running org.apache.avro.TestSchema
[INFO] Tests run: 37, Failures: 0, Errors: 0, Skipped: 0, Time elapsed: 28.279 s - in org.apache.avro.TestSchema
[INFO] Running org.apache.avro.io.TestResolvingIOResolving
[INFO] Tests run: 192, Failures: 0, Errors: 0, Skipped: 0, Time elapsed: 5.715 s - in org.apache.avro.io.TestResolvingIOResolving
[INFO] Running org.apache.avro.util.TestCaseFinder$NonParameterized
[INFO] Tests run: 4, Failures: 0, Errors: 0, Skipped: 0, Time elapsed: 46.813 s - in org.apache.avro.util.TestCaseFinder$NonParameterized
[INFO] Running org.apache.avro.util.TestCaseFinder$SimpleCases
[INFO] Tests run: 14, Failures: 0, Errors: 0, Skipped: 0, Time elapsed: 0.073 s - in org.apache.avro.util.TestCaseFinder$SimpleCases
[INFO] Running org.apache.avro.message.TestBinaryMessageEncoding
[INFO] Tests run: 13, Failures: 0, Errors: 0, Skipped: 0, Time elapsed: 0.093 s - in org.apache.avro.message.TestBinaryMessageEncoding
[INFO] Running org.apache.avro.generic.TestGenericDatumWriter
[INFO] Tests run: 9, Failures: 0, Errors: 0, Skipped: 0, Time elapsed: 60.948 s - in org.apache.avro.generic.TestGenericDatumWriter
[INFO] Running org.apache.avro.TestDataFileReflect
[INFO] Tests run: 4, Failures: 0, Errors: 0, Skipped: 0, Time elapsed: 15.162 s - in org.apache.avro.TestDataFileReflect
[INFO] Running org.apache.avro.generic.TestGenericData
[INFO] Tests run: 34, Failures: 0, Errors: 0, Skipped: 0, Time elapsed: 3.044 s - in org.apache.avro.generic.TestGenericData
[INFO] Running org.apache.avro.TestDecimalConversion
[INFO] Tests run: 16, Failures: 0, Errors: 0, Skipped: 0, Time elapsed: 18.998 s - in org.apache.avro.TestDecimalConversion
[INFO] Running org.apache.avro.TestSchemaCompatibility
[INFO] Tests run: 11, Failures: 0, Errors: 0, Skipped: 0, Time elapsed: 35.997 s - in org.apache.avro.TestSchemaCompatibility
[INFO] Running org.apache.avro.TestDataFileReader
[INFO] Tests run: 6, Failures: 0, Errors: 0, Skipped: 0, Time elapsed: 7.549 s - in org.apache.avro.TestDataFileReader
[INFO] Running org.apache.avro.generic.TestGenericRecordBuilder
[INFO] Tests run: 4, Failures: 0, Errors: 0, Skipped: 0, Time elapsed: 0.048 s - in org.apache.avro.generic.TestGenericRecordBuilder
[INFO] Running org.apache.avro.reflect.TestReflectData
[INFO] Tests run: 5, Failures: 0, Errors: 0, Skipped: 0, Time elapsed: 619.386 s - in org.apache.avro.reflect.TestReflectData
[INFO] Running org.apache.avro.TestReadingWritingDataInEvolvedSchemas
[INFO] Tests run: 50, Failures: 0, Errors: 0, Skipped: 0, Time elapsed: 17.515 s - in org.apache.avro.TestReadingWritingDataInEvolvedSchemas
[INFO] Running org.apache.avro.TestSchemaCompatibilityMissingUnionBranch
[INFO] Tests run: 17, Failures: 0, Errors: 0, Skipped: 0, Time elapsed: 0.06 s - in org.apache.avro.TestSchemaCompatibilityMissingUnionBranch
[INFO] Running org.apache.avro.data.TestTimeConversions
[INFO] Tests run: 10, Failures: 0, Errors: 0, Skipped: 0, Time elapsed: 0.047 s - in org.apache.avro.data.TestTimeConversions
[INFO] Running org.apache.avro.TestDataFileCorruption
[INFO] Tests run: 1, Failures: 0, Errors: 0, Skipped: 0, Time elapsed: 0.033 s - in org.apache.avro.TestDataFileCorruption
[INFO] Running org.apache.avro.io.parsing.TestResolvingGrammarGenerator
[INFO] Tests run: 32, Failures: 0, Errors: 0, Skipped: 0, Time elapsed: 50.199 s - in org.apache.avro.io.parsing.TestResolvingGrammarGenerator
[INFO] Running org.apache.avro.TestFixed
[INFO] Tests run: 1, Failures: 0, Errors: 0, Skipped: 0, Time elapsed: 0.057 s - in org.apache.avro.TestFixed
[INFO] Running org.apache.avro.TestSchemaCompatibilityMissingEnumSymbols
[INFO] Tests run: 3, Failures: 0, Errors: 0, Skipped: 0, Time elapsed: 0.051 s - in org.apache.avro.TestSchemaCompatibilityMissingEnumSymbols
[INFO] Running org.apache.avro.TestSchemaCompatibilityMultiple
[INFO] Tests run: 1, Failures: 0, Errors: 0, Skipped: 0, Time elapsed: 0.043 s - in org.apache.avro.TestSchemaCompatibilityMultiple
[INFO] 
[INFO] Results:
[INFO] 
[WARNING] Tests run: 3254, Failures: 0, Errors: 0, Skipped: 1
[INFO] 
[INFO] 
[INFO] --- maven-checkstyle-plugin:3.1.2:check (checkstyle-check) @ avro ---
[INFO] Starting audit...
Audit done.
[INFO] You have 0 Checkstyle violations.
[INFO] 
[INFO] --- maven-surefire-plugin:3.0.0-M5:test (test-with-custom-coders) @ avro ---
[INFO] 
[INFO] -------------------------------------------------------
[INFO]  T E S T S
[INFO] -------------------------------------------------------
[INFO] Running org.apache.avro.reflect.TestReflectAllowNulls
[INFO] Tests run: 3, Failures: 0, Errors: 0, Skipped: 0, Time elapsed: 84.424 s - in org.apache.avro.reflect.TestReflectAllowNulls
[INFO] Running org.apache.avro.generic.TestSkipEnumSchema
[INFO] Tests run: 1, Failures: 0, Errors: 0, Skipped: 0, Time elapsed: 50.851 s - in org.apache.avro.generic.TestSkipEnumSchema
[INFO] Running org.apache.avro.io.TestEncoders
[INFO] Tests run: 20, Failures: 0, Errors: 0, Skipped: 0, Time elapsed: 56.892 s - in org.apache.avro.io.TestEncoders
[INFO] Running org.apache.avro.io.TestBinaryData
[INFO] Tests run: 1, Failures: 0, Errors: 0, Skipped: 0, Time elapsed: 2.785 s - in org.apache.avro.io.TestBinaryData
[INFO] Running org.apache.avro.reflect.TestReflect
[INFO] Tests run: 74, Failures: 0, Errors: 0, Skipped: 0, Time elapsed: 169.018 s - in org.apache.avro.reflect.TestReflect
[INFO] Running org.apache.avro.file.TestCustomCodec
[INFO] Tests run: 1, Failures: 0, Errors: 0, Skipped: 0, Time elapsed: 0.08 s - in org.apache.avro.file.TestCustomCodec
[INFO] Running org.apache.avro.reflect.TestReflectLogicalTypes
[WARNING] Tests run: 17, Failures: 0, Errors: 0, Skipped: 1, Time elapsed: 71.68 s - in org.apache.avro.reflect.TestReflectLogicalTypes
[INFO] Running org.apache.avro.file.TestIOExceptionDuringWrite
[INFO] Tests run: 1, Failures: 0, Errors: 0, Skipped: 0, Time elapsed: 42.565 s - in org.apache.avro.file.TestIOExceptionDuringWrite
[INFO] Running org.apache.avro.TestDataFile
[INFO] Tests run: 60, Failures: 0, Errors: 0, Skipped: 0, Time elapsed: 3,099.23 s - in org.apache.avro.TestDataFile
[INFO] Running org.apache.avro.io.parsing.TestResolvingGrammarGenerator
[INFO] Tests run: 32, Failures: 0, Errors: 0, Skipped: 0, Time elapsed: 54.339 s - in org.apache.avro.io.parsing.TestResolvingGrammarGenerator
[INFO] Running org.apache.avro.reflect.TestReflectDatumReader
[INFO] Tests run: 2, Failures: 0, Errors: 0, Skipped: 0, Time elapsed: 0.056 s - in org.apache.avro.reflect.TestReflectDatumReader
[INFO] Running org.apache.avro.TestSchemaWarnings
[INFO] Tests run: 2, Failures: 0, Errors: 0, Skipped: 0, Time elapsed: 0.047 s - in org.apache.avro.TestSchemaWarnings
[INFO] Running org.apache.avro.TestSchemaCompatibilityNameMismatch
[INFO] Tests run: 4, Failures: 0, Errors: 0, Skipped: 0, Time elapsed: 0.032 s - in org.apache.avro.TestSchemaCompatibilityNameMismatch
[INFO] Running org.apache.avro.message.TestBinaryMessageEncoding
[INFO] Tests run: 13, Failures: 0, Errors: 0, Skipped: 0, Time elapsed: 39.274 s - in org.apache.avro.message.TestBinaryMessageEncoding
[INFO] Running org.apache.avro.TestSchemaCompatibilityFixedSizeMismatch
[INFO] Tests run: 4, Failures: 0, Errors: 0, Skipped: 0, Time elapsed: 16.1 s - in org.apache.avro.TestSchemaCompatibilityFixedSizeMismatch
[INFO] Running org.apache.avro.io.TestResolvingIOResolving
[INFO] Tests run: 192, Failures: 0, Errors: 0, Skipped: 0, Time elapsed: 140.491 s - in org.apache.avro.io.TestResolvingIOResolving
[INFO] Running org.apache.avro.TestLogicalType
[INFO] Tests run: 20, Failures: 0, Errors: 0, Skipped: 0, Time elapsed: 0.14 s - in org.apache.avro.TestLogicalType
[INFO] Running org.apache.avro.TestSchemaCompatibilityMissingEnumSymbols
[INFO] Tests run: 3, Failures: 0, Errors: 0, Skipped: 0, Time elapsed: 0.208 s - in org.apache.avro.TestSchemaCompatibilityMissingEnumSymbols
[INFO] Running org.apache.avro.TestSchemaCompatibility
[INFO] Tests run: 11, Failures: 0, Errors: 0, Skipped: 0, Time elapsed: 15.596 s - in org.apache.avro.TestSchemaCompatibility
[INFO] Running org.apache.avro.file.TestZstandardCodec
[INFO] Tests run: 1, Failures: 0, Errors: 0, Skipped: 0, Time elapsed: 0.043 s - in org.apache.avro.file.TestZstandardCodec
[INFO] Running org.apache.avro.TestFixed
[INFO] Tests run: 1, Failures: 0, Errors: 0, Skipped: 0, Time elapsed: 0.05 s - in org.apache.avro.TestFixed
[INFO] Running org.apache.avro.TestDataFileCustomSync
[INFO] Tests run: 3, Failures: 0, Errors: 0, Skipped: 0, Time elapsed: 0.042 s - in org.apache.avro.TestDataFileCustomSync
[INFO] Running org.apache.avro.TestSchemaBuilder
[INFO] Tests run: 41, Failures: 0, Errors: 0, Skipped: 0, Time elapsed: 143.912 s - in org.apache.avro.TestSchemaBuilder
[INFO] Running org.apache.avro.io.TestValidatingIO
[INFO] Tests run: 972, Failures: 0, Errors: 0, Skipped: 0, Time elapsed: 170.842 s - in org.apache.avro.io.TestValidatingIO
[INFO] Running org.apache.avro.TestSchemaCompatibilityMissingUnionBranch
[INFO] Tests run: 17, Failures: 0, Errors: 0, Skipped: 0, Time elapsed: 0.097 s - in org.apache.avro.TestSchemaCompatibilityMissingUnionBranch
[INFO] Running org.apache.avro.TestDataFileDeflate
[INFO] Tests run: 1, Failures: 0, Errors: 0, Skipped: 0, Time elapsed: 0.05 s - in org.apache.avro.TestDataFileDeflate
[INFO] Running org.apache.avro.TestDataFileConcat
[INFO] Tests run: 10, Failures: 0, Errors: 0, Skipped: 0, Time elapsed: 2,455.167 s - in org.apache.avro.TestDataFileConcat
[INFO] Running org.apache.avro.file.TestSeekableByteArrayInput
[INFO] Tests run: 1, Failures: 0, Errors: 0, Skipped: 0, Time elapsed: 4.071 s - in org.apache.avro.file.TestSeekableByteArrayInput
[INFO] Running org.apache.avro.io.TestJsonDecoder
[INFO] Tests run: 5, Failures: 0, Errors: 0, Skipped: 0, Time elapsed: 17.555 s - in org.apache.avro.io.TestJsonDecoder
[INFO] Running org.apache.avro.reflect.TestReflectionUtil
[INFO] Tests run: 2, Failures: 0, Errors: 0, Skipped: 0, Time elapsed: 5.583 s - in org.apache.avro.reflect.TestReflectionUtil
[INFO] Running org.apache.avro.reflect.TestByteBuffer
[INFO] Tests run: 1, Failures: 0, Errors: 0, Skipped: 0, Time elapsed: 189.086 s - in org.apache.avro.reflect.TestByteBuffer
[INFO] Running org.apache.avro.TestCircularReferences
[INFO] Tests run: 1, Failures: 0, Errors: 0, Skipped: 0, Time elapsed: 0.078 s - in org.apache.avro.TestCircularReferences
[INFO] Running org.apache.avro.TestSchemaCompatibilityReaderFieldMissingDefaultValue
[INFO] Tests run: 2, Failures: 0, Errors: 0, Skipped: 0, Time elapsed: 0.122 s - in org.apache.avro.TestSchemaCompatibilityReaderFieldMissingDefaultValue
[INFO] Running org.apache.avro.TestReadingWritingDataInEvolvedSchemas
[INFO] Tests run: 50, Failures: 0, Errors: 0, Skipped: 0, Time elapsed: 0.09 s - in org.apache.avro.TestReadingWritingDataInEvolvedSchemas
[INFO] Running org.apache.avro.io.parsing.TestResolvingGrammarGenerator2
[INFO] Tests run: 7, Failures: 0, Errors: 0, Skipped: 0, Time elapsed: 0.037 s - in org.apache.avro.io.parsing.TestResolvingGrammarGenerator2
[INFO] Running org.apache.avro.TestSchemaValidation
[INFO] Tests run: 15, Failures: 0, Errors: 0, Skipped: 0, Time elapsed: 33.524 s - in org.apache.avro.TestSchemaValidation
[INFO] Running org.apache.avro.generic.TestGenericLogicalTypes
[INFO] Tests run: 17, Failures: 0, Errors: 0, Skipped: 0, Time elapsed: 68.151 s - in org.apache.avro.generic.TestGenericLogicalTypes
[INFO] Running org.apache.avro.util.TestCaseFinder$NonParameterized
[INFO] Tests run: 4, Failures: 0, Errors: 0, Skipped: 0, Time elapsed: 0.037 s - in org.apache.avro.util.TestCaseFinder$NonParameterized
[INFO] Running org.apache.avro.util.TestCaseFinder$SimpleCases
[INFO] Tests run: 14, Failures: 0, Errors: 0, Skipped: 0, Time elapsed: 0.048 s - in org.apache.avro.util.TestCaseFinder$SimpleCases
[INFO] Running org.apache.avro.io.TestResolvingIO
[INFO] Tests run: 816, Failures: 0, Errors: 0, Skipped: 0, Time elapsed: 509.005 s - in org.apache.avro.io.TestResolvingIO
[INFO] Running org.apache.avro.TestDataFileReader
[INFO] Tests run: 6, Failures: 0, Errors: 0, Skipped: 0, Time elapsed: 5.625 s - in org.apache.avro.TestDataFileReader
[INFO] Running org.apache.avro.generic.TestGenericDatumWriter
[INFO] Tests run: 9, Failures: 0, Errors: 0, Skipped: 0, Time elapsed: 37.464 s - in org.apache.avro.generic.TestGenericDatumWriter
[INFO] Running org.apache.avro.generic.TestGenericConcreteEnum
[INFO] Tests run: 2, Failures: 0, Errors: 0, Skipped: 0, Time elapsed: 1.992 s - in org.apache.avro.generic.TestGenericConcreteEnum
[INFO] Running org.apache.avro.reflect.TestReflectData
[INFO] Tests run: 5, Failures: 0, Errors: 0, Skipped: 0, Time elapsed: 485.003 s - in org.apache.avro.reflect.TestReflectData
[INFO] Running org.apache.avro.TestSchema
[INFO] Tests run: 37, Failures: 0, Errors: 0, Skipped: 0, Time elapsed: 34.631 s - in org.apache.avro.TestSchema
[INFO] Running org.apache.avro.util.TestUtf8
[INFO] Tests run: 4, Failures: 0, Errors: 0, Skipped: 0, Time elapsed: 1.68 s - in org.apache.avro.util.TestUtf8
[INFO] Running org.apache.avro.data.TestTimeConversions
[INFO] Tests run: 10, Failures: 0, Errors: 0, Skipped: 0, Time elapsed: 0.148 s - in org.apache.avro.data.TestTimeConversions
[INFO] Running org.apache.avro.TestUnionSelfReference
[INFO] Tests run: 2, Failures: 0, Errors: 0, Skipped: 0, Time elapsed: 0.044 s - in org.apache.avro.TestUnionSelfReference
[INFO] Running org.apache.avro.util.internal.TestClassValueCache
[INFO] Tests run: 1, Failures: 0, Errors: 0, Skipped: 0, Time elapsed: 0.035 s - in org.apache.avro.util.internal.TestClassValueCache
[INFO] Running org.apache.avro.util.internal.TestJacksonUtils
[INFO] Tests run: 2, Failures: 0, Errors: 0, Skipped: 0, Time elapsed: 0.038 s - in org.apache.avro.util.internal.TestJacksonUtils
[INFO] Running org.apache.avro.generic.TestGenericData
[INFO] Tests run: 34, Failures: 0, Errors: 0, Skipped: 0, Time elapsed: 41.459 s - in org.apache.avro.generic.TestGenericData
[INFO] Running org.apache.avro.TestNestedRecords
[INFO] Tests run: 2, Failures: 0, Errors: 0, Skipped: 0, Time elapsed: 0.047 s - in org.apache.avro.TestNestedRecords
[INFO] Running org.apache.avro.TestDataFileReflect
[INFO] Tests run: 4, Failures: 0, Errors: 0, Skipped: 0, Time elapsed: 32.822 s - in org.apache.avro.TestDataFileReflect
[INFO] Running org.apache.avro.specific.TestSpecificToFromByteArray
[INFO] Tests run: 4, Failures: 0, Errors: 0, Skipped: 0, Time elapsed: 0.778 s - in org.apache.avro.specific.TestSpecificToFromByteArray
[INFO] Running org.apache.avro.io.TestBlockingIO
[INFO] Tests run: 376, Failures: 0, Errors: 0, Skipped: 0, Time elapsed: 11.366 s - in org.apache.avro.io.TestBlockingIO
[INFO] Running org.apache.avro.TestDataFileMeta
[INFO] Tests run: 4, Failures: 0, Errors: 0, Skipped: 0, Time elapsed: 0.044 s - in org.apache.avro.TestDataFileMeta
[INFO] Running org.apache.avro.TestSchemaCompatibilityMultiple
[INFO] Tests run: 1, Failures: 0, Errors: 0, Skipped: 0, Time elapsed: 0.023 s - in org.apache.avro.TestSchemaCompatibilityMultiple
[INFO] Running org.apache.avro.TestProtocol
[INFO] Tests run: 2, Failures: 0, Errors: 0, Skipped: 0, Time elapsed: 0.02 s - in org.apache.avro.TestProtocol
[INFO] Running org.apache.avro.TestSchemaCompatibilityTypeMismatch
[INFO] Tests run: 29, Failures: 0, Errors: 0, Skipped: 0, Time elapsed: 0.068 s - in org.apache.avro.TestSchemaCompatibilityTypeMismatch
[INFO] Running org.apache.avro.TestDecimalConversion
[INFO] Tests run: 16, Failures: 0, Errors: 0, Skipped: 0, Time elapsed: 1.12 s - in org.apache.avro.TestDecimalConversion
[INFO] Running org.apache.avro.io.TestBinaryEncoderFidelity
[INFO] Tests run: 3, Failures: 0, Errors: 0, Skipped: 0, Time elapsed: 0.126 s - in org.apache.avro.io.TestBinaryEncoderFidelity
[INFO] Running org.apache.avro.reflect.TestNonStringMapKeys
[INFO] Tests run: 3, Failures: 0, Errors: 0, Skipped: 0, Time elapsed: 60.155 s - in org.apache.avro.reflect.TestNonStringMapKeys
[INFO] Running org.apache.avro.file.TestAllCodecs
[INFO] Tests run: 12, Failures: 0, Errors: 0, Skipped: 0, Time elapsed: 640.898 s - in org.apache.avro.file.TestAllCodecs
[INFO] Running org.apache.avro.specific.TestSpecificData
[INFO] Tests run: 8, Failures: 0, Errors: 0, Skipped: 0, Time elapsed: 0.058 s - in org.apache.avro.specific.TestSpecificData
[INFO] Running org.apache.avro.generic.TestGenericRecordBuilder
[INFO] Tests run: 4, Failures: 0, Errors: 0, Skipped: 0, Time elapsed: 0.78 s - in org.apache.avro.generic.TestGenericRecordBuilder
[INFO] Running org.apache.avro.TestSchemaCompatibilityEnumDefaults
[INFO] Tests run: 5, Failures: 0, Errors: 0, Skipped: 0, Time elapsed: 21.082 s - in org.apache.avro.TestSchemaCompatibilityEnumDefaults
[INFO] Running org.apache.avro.io.TestBlockingIO2
[INFO] Tests run: 84, Failures: 0, Errors: 0, Skipped: 0, Time elapsed: 10.226 s - in org.apache.avro.io.TestBlockingIO2
[INFO] Running org.apache.avro.TestSchemaNormalization$TestFingerprintInternationalization
[INFO] Tests run: 26, Failures: 0, Errors: 0, Skipped: 0, Time elapsed: 2.829 s - in org.apache.avro.TestSchemaNormalization$TestFingerprintInternationalization
[INFO] Running org.apache.avro.TestSchemaNormalization$TestFingerprint
[INFO] Tests run: 26, Failures: 0, Errors: 0, Skipped: 0, Time elapsed: 0.068 s - in org.apache.avro.TestSchemaNormalization$TestFingerprint
[INFO] Running org.apache.avro.TestSchemaNormalization$TestCanonical
[INFO] Tests run: 34, Failures: 0, Errors: 0, Skipped: 0, Time elapsed: 20.705 s - in org.apache.avro.TestSchemaNormalization$TestCanonical
[INFO] Running org.apache.avro.TestDataFileCorruption
[INFO] Tests run: 1, Failures: 0, Errors: 0, Skipped: 0, Time elapsed: 0.026 s - in org.apache.avro.TestDataFileCorruption
[INFO] Running org.apache.avro.io.TestBinaryDecoder
[INFO] Tests run: 56, Failures: 0, Errors: 0, Skipped: 0, Time elapsed: 77.601 s - in org.apache.avro.io.TestBinaryDecoder
[INFO] 
[INFO] Results:
[INFO] 
[WARNING] Tests run: 3254, Failures: 0, Errors: 0, Skipped: 1
[INFO] 
[INFO] 
[INFO] --- maven-surefire-plugin:3.0.0-M5:test (test-with-fast-reader) @ avro ---
[INFO] 
[INFO] -------------------------------------------------------
[INFO]  T E S T S
[INFO] -------------------------------------------------------
[INFO] Running org.apache.avro.TestCircularReferences
[INFO] Tests run: 1, Failures: 0, Errors: 0, Skipped: 0, Time elapsed: 55.443 s - in org.apache.avro.TestCircularReferences
[INFO] Running org.apache.avro.TestSchemaCompatibilityEnumDefaults
[INFO] Tests run: 5, Failures: 0, Errors: 0, Skipped: 0, Time elapsed: 53.874 s - in org.apache.avro.TestSchemaCompatibilityEnumDefaults
[INFO] Running org.apache.avro.generic.TestGenericLogicalTypes
[INFO] Tests run: 17, Failures: 0, Errors: 0, Skipped: 0, Time elapsed: 97.603 s - in org.apache.avro.generic.TestGenericLogicalTypes
[INFO] Running org.apache.avro.reflect.TestReflect
[INFO] Tests run: 74, Failures: 0, Errors: 0, Skipped: 0, Time elapsed: 138.551 s - in org.apache.avro.reflect.TestReflect
[INFO] Running org.apache.avro.TestSchemaNormalization$TestFingerprintInternationalization
[INFO] Tests run: 26, Failures: 0, Errors: 0, Skipped: 0, Time elapsed: 7.798 s - in org.apache.avro.TestSchemaNormalization$TestFingerprintInternationalization
[INFO] Running org.apache.avro.TestSchemaNormalization$TestFingerprint
[INFO] Tests run: 26, Failures: 0, Errors: 0, Skipped: 0, Time elapsed: 15.419 s - in org.apache.avro.TestSchemaNormalization$TestFingerprint
[INFO] Running org.apache.avro.TestSchemaNormalization$TestCanonical
[INFO] Tests run: 34, Failures: 0, Errors: 0, Skipped: 0, Time elapsed: 40.716 s - in org.apache.avro.TestSchemaNormalization$TestCanonical
[INFO] Running org.apache.avro.TestLogicalType
[INFO] Tests run: 20, Failures: 0, Errors: 0, Skipped: 0, Time elapsed: 33.298 s - in org.apache.avro.TestLogicalType
[INFO] Running org.apache.avro.TestSchemaCompatibilityReaderFieldMissingDefaultValue
[INFO] Tests run: 2, Failures: 0, Errors: 0, Skipped: 0, Time elapsed: 0.145 s - in org.apache.avro.TestSchemaCompatibilityReaderFieldMissingDefaultValue
[INFO] Running org.apache.avro.specific.TestSpecificData
[INFO] Tests run: 8, Failures: 0, Errors: 0, Skipped: 0, Time elapsed: 0.05 s - in org.apache.avro.specific.TestSpecificData
[INFO] Running org.apache.avro.io.TestJsonDecoder
[INFO] Tests run: 5, Failures: 0, Errors: 0, Skipped: 0, Time elapsed: 64.622 s - in org.apache.avro.io.TestJsonDecoder
[INFO] Running org.apache.avro.io.TestBinaryEncoderFidelity
[INFO] Tests run: 3, Failures: 0, Errors: 0, Skipped: 0, Time elapsed: 3.569 s - in org.apache.avro.io.TestBinaryEncoderFidelity
[INFO] Running org.apache.avro.TestSchemaCompatibilityTypeMismatch
[INFO] Tests run: 29, Failures: 0, Errors: 0, Skipped: 0, Time elapsed: 12.629 s - in org.apache.avro.TestSchemaCompatibilityTypeMismatch
[INFO] Running org.apache.avro.TestProtocol
[INFO] Tests run: 2, Failures: 0, Errors: 0, Skipped: 0, Time elapsed: 1.132 s - in org.apache.avro.TestProtocol
[INFO] Running org.apache.avro.TestDecimalConversion
[INFO] Tests run: 16, Failures: 0, Errors: 0, Skipped: 0, Time elapsed: 5.068 s - in org.apache.avro.TestDecimalConversion
[INFO] Running org.apache.avro.file.TestCustomCodec
[INFO] Tests run: 1, Failures: 0, Errors: 0, Skipped: 0, Time elapsed: 13.215 s - in org.apache.avro.file.TestCustomCodec
[INFO] Running org.apache.avro.file.TestZstandardCodec
[INFO] Tests run: 1, Failures: 0, Errors: 0, Skipped: 0, Time elapsed: 8.284 s - in org.apache.avro.file.TestZstandardCodec
[INFO] Running org.apache.avro.io.parsing.TestResolvingGrammarGenerator2
[INFO] Tests run: 7, Failures: 0, Errors: 0, Skipped: 0, Time elapsed: 17.654 s - in org.apache.avro.io.parsing.TestResolvingGrammarGenerator2
[INFO] Running org.apache.avro.TestSchemaCompatibilityMissingEnumSymbols
[INFO] Tests run: 3, Failures: 0, Errors: 0, Skipped: 0, Time elapsed: 7.387 s - in org.apache.avro.TestSchemaCompatibilityMissingEnumSymbols
[INFO] Running org.apache.avro.TestDataFileReader
[INFO] Tests run: 6, Failures: 0, Errors: 0, Skipped: 0, Time elapsed: 2.833 s - in org.apache.avro.TestDataFileReader
[INFO] Running org.apache.avro.TestSchemaCompatibilityFixedSizeMismatch
[INFO] Tests run: 4, Failures: 0, Errors: 0, Skipped: 0, Time elapsed: 33.319 s - in org.apache.avro.TestSchemaCompatibilityFixedSizeMismatch
[INFO] Running org.apache.avro.io.TestBinaryDecoder
[INFO] Tests run: 56, Failures: 0, Errors: 0, Skipped: 0, Time elapsed: 166.731 s - in org.apache.avro.io.TestBinaryDecoder
[INFO] Running org.apache.avro.reflect.TestByteBuffer
[INFO] Tests run: 1, Failures: 0, Errors: 0, Skipped: 0, Time elapsed: 155.623 s - in org.apache.avro.reflect.TestByteBuffer
[INFO] Running org.apache.avro.io.TestResolvingIO
[INFO] Tests run: 816, Failures: 0, Errors: 0, Skipped: 0, Time elapsed: 991.695 s - in org.apache.avro.io.TestResolvingIO
[INFO] Running org.apache.avro.TestUnionSelfReference
[INFO] Tests run: 2, Failures: 0, Errors: 0, Skipped: 0, Time elapsed: 0.113 s - in org.apache.avro.TestUnionSelfReference
[INFO] Running org.apache.avro.util.internal.TestJacksonUtils
[INFO] Tests run: 2, Failures: 0, Errors: 0, Skipped: 0, Time elapsed: 0.075 s - in org.apache.avro.util.internal.TestJacksonUtils
[INFO] Running org.apache.avro.TestReadingWritingDataInEvolvedSchemas
[INFO] Tests run: 50, Failures: 0, Errors: 0, Skipped: 0, Time elapsed: 0.147 s - in org.apache.avro.TestReadingWritingDataInEvolvedSchemas
[INFO] Running org.apache.avro.data.TestTimeConversions
[INFO] Tests run: 10, Failures: 0, Errors: 0, Skipped: 0, Time elapsed: 0.06 s - in org.apache.avro.data.TestTimeConversions
[INFO] Running org.apache.avro.io.TestBinaryData
[INFO] Tests run: 1, Failures: 0, Errors: 0, Skipped: 0, Time elapsed: 0.042 s - in org.apache.avro.io.TestBinaryData
[INFO] Running org.apache.avro.io.TestBlockingIO
[INFO] Tests run: 376, Failures: 0, Errors: 0, Skipped: 0, Time elapsed: 31.595 s - in org.apache.avro.io.TestBlockingIO
[INFO] Running org.apache.avro.file.TestAllCodecs
[INFO] Tests run: 12, Failures: 0, Errors: 0, Skipped: 0, Time elapsed: 942.496 s - in org.apache.avro.file.TestAllCodecs
[INFO] Running org.apache.avro.TestSchemaCompatibilityMissingUnionBranch
[INFO] Tests run: 17, Failures: 0, Errors: 0, Skipped: 0, Time elapsed: 3.932 s - in org.apache.avro.TestSchemaCompatibilityMissingUnionBranch
[INFO] Running org.apache.avro.io.parsing.TestResolvingGrammarGenerator
[INFO] Tests run: 32, Failures: 0, Errors: 0, Skipped: 0, Time elapsed: 30.229 s - in org.apache.avro.io.parsing.TestResolvingGrammarGenerator
[INFO] Running org.apache.avro.util.TestCaseFinder$NonParameterized
[INFO] Tests run: 4, Failures: 0, Errors: 0, Skipped: 0, Time elapsed: 3.385 s - in org.apache.avro.util.TestCaseFinder$NonParameterized
[INFO] Running org.apache.avro.util.TestCaseFinder$SimpleCases
[INFO] Tests run: 14, Failures: 0, Errors: 0, Skipped: 0, Time elapsed: 1.336 s - in org.apache.avro.util.TestCaseFinder$SimpleCases
[INFO] Running org.apache.avro.util.internal.TestClassValueCache
[INFO] Tests run: 1, Failures: 0, Errors: 0, Skipped: 0, Time elapsed: 1.379 s - in org.apache.avro.util.internal.TestClassValueCache
[INFO] Running org.apache.avro.file.TestSeekableByteArrayInput
[INFO] Tests run: 1, Failures: 0, Errors: 0, Skipped: 0, Time elapsed: 10.682 s - in org.apache.avro.file.TestSeekableByteArrayInput
[INFO] Running org.apache.avro.io.TestBlockingIO2
[INFO] Tests run: 84, Failures: 0, Errors: 0, Skipped: 0, Time elapsed: 8.546 s - in org.apache.avro.io.TestBlockingIO2
[INFO] Running org.apache.avro.reflect.TestReflectData
[INFO] Tests run: 5, Failures: 0, Errors: 0, Skipped: 0, Time elapsed: 897.707 s - in org.apache.avro.reflect.TestReflectData
[INFO] Running org.apache.avro.TestSchemaValidation
[INFO] Tests run: 15, Failures: 0, Errors: 0, Skipped: 0, Time elapsed: 53.532 s - in org.apache.avro.TestSchemaValidation
[INFO] Running org.apache.avro.TestSchemaWarnings
[INFO] Tests run: 2, Failures: 0, Errors: 0, Skipped: 0, Time elapsed: 1.487 s - in org.apache.avro.TestSchemaWarnings
[INFO] Running org.apache.avro.reflect.TestReflectLogicalTypes
[WARNING] Tests run: 17, Failures: 0, Errors: 0, Skipped: 1, Time elapsed: 42.729 s - in org.apache.avro.reflect.TestReflectLogicalTypes
[INFO] Running org.apache.avro.generic.TestGenericConcreteEnum
[INFO] Tests run: 2, Failures: 0, Errors: 0, Skipped: 0, Time elapsed: 27.936 s - in org.apache.avro.generic.TestGenericConcreteEnum
[INFO] Running org.apache.avro.TestDataFileConcat
[INFO] Tests run: 10, Failures: 0, Errors: 0, Skipped: 0, Time elapsed: 3,247.541 s - in org.apache.avro.TestDataFileConcat
[INFO] Running org.apache.avro.TestDataFileDeflate
[INFO] Tests run: 1, Failures: 0, Errors: 0, Skipped: 0, Time elapsed: 0.072 s - in org.apache.avro.TestDataFileDeflate
[INFO] Running org.apache.avro.TestSchemaBuilder
[INFO] Tests run: 41, Failures: 0, Errors: 0, Skipped: 0, Time elapsed: 40.874 s - in org.apache.avro.TestSchemaBuilder
[INFO] Running org.apache.avro.TestSchemaCompatibility
[INFO] Tests run: 11, Failures: 0, Errors: 0, Skipped: 0, Time elapsed: 0.044 s - in org.apache.avro.TestSchemaCompatibility
[INFO] Running org.apache.avro.message.TestBinaryMessageEncoding
[INFO] Tests run: 13, Failures: 0, Errors: 0, Skipped: 0, Time elapsed: 0.085 s - in org.apache.avro.message.TestBinaryMessageEncoding
[INFO] Running org.apache.avro.io.TestValidatingIO
[INFO] Tests run: 972, Failures: 0, Errors: 0, Skipped: 0, Time elapsed: 153.803 s - in org.apache.avro.io.TestValidatingIO
[INFO] Running org.apache.avro.TestFixed
[INFO] Tests run: 1, Failures: 0, Errors: 0, Skipped: 0, Time elapsed: 0.103 s - in org.apache.avro.TestFixed
[INFO] Running org.apache.avro.generic.TestSkipEnumSchema
[INFO] Tests run: 1, Failures: 0, Errors: 0, Skipped: 0, Time elapsed: 6.706 s - in org.apache.avro.generic.TestSkipEnumSchema
[INFO] Running org.apache.avro.generic.TestGenericRecordBuilder
[INFO] Tests run: 4, Failures: 0, Errors: 0, Skipped: 0, Time elapsed: 0.081 s - in org.apache.avro.generic.TestGenericRecordBuilder
[INFO] Running org.apache.avro.io.TestEncoders
[INFO] Tests run: 20, Failures: 0, Errors: 0, Skipped: 0, Time elapsed: 1.098 s - in org.apache.avro.io.TestEncoders
[INFO] Running org.apache.avro.generic.TestGenericDatumWriter
[INFO] Tests run: 9, Failures: 0, Errors: 0, Skipped: 0, Time elapsed: 61.918 s - in org.apache.avro.generic.TestGenericDatumWriter
[INFO] Running org.apache.avro.io.TestResolvingIOResolving
[INFO] Tests run: 192, Failures: 0, Errors: 0, Skipped: 0, Time elapsed: 55.058 s - in org.apache.avro.io.TestResolvingIOResolving
[INFO] Running org.apache.avro.reflect.TestNonStringMapKeys
[INFO] Tests run: 3, Failures: 0, Errors: 0, Skipped: 0, Time elapsed: 7.746 s - in org.apache.avro.reflect.TestNonStringMapKeys
[INFO] Running org.apache.avro.reflect.TestReflectionUtil
[INFO] Tests run: 2, Failures: 0, Errors: 0, Skipped: 0, Time elapsed: 2.167 s - in org.apache.avro.reflect.TestReflectionUtil
[INFO] Running org.apache.avro.file.TestIOExceptionDuringWrite
[INFO] Tests run: 1, Failures: 0, Errors: 0, Skipped: 0, Time elapsed: 19.436 s - in org.apache.avro.file.TestIOExceptionDuringWrite
[INFO] Running org.apache.avro.TestDataFileReflect
[INFO] Tests run: 4, Failures: 0, Errors: 0, Skipped: 0, Time elapsed: 2.114 s - in org.apache.avro.TestDataFileReflect
[INFO] Running org.apache.avro.util.TestUtf8
[INFO] Tests run: 4, Failures: 0, Errors: 0, Skipped: 0, Time elapsed: 0.049 s - in org.apache.avro.util.TestUtf8
[INFO] Running org.apache.avro.TestSchema
[INFO] Tests run: 37, Failures: 0, Errors: 0, Skipped: 0, Time elapsed: 52.861 s - in org.apache.avro.TestSchema
[INFO] Running org.apache.avro.TestDataFile
[INFO] Tests run: 60, Failures: 0, Errors: 0, Skipped: 0, Time elapsed: 2,188.618 s - in org.apache.avro.TestDataFile
[INFO] Running org.apache.avro.reflect.TestReflectDatumReader
[INFO] Tests run: 2, Failures: 0, Errors: 0, Skipped: 0, Time elapsed: 1.805 s - in org.apache.avro.reflect.TestReflectDatumReader
[INFO] Running org.apache.avro.generic.TestGenericData
[INFO] Tests run: 34, Failures: 0, Errors: 0, Skipped: 0, Time elapsed: 27.971 s - in org.apache.avro.generic.TestGenericData
[INFO] Running org.apache.avro.TestDataFileCustomSync
[INFO] Tests run: 3, Failures: 0, Errors: 0, Skipped: 0, Time elapsed: 0.239 s - in org.apache.avro.TestDataFileCustomSync
[INFO] Running org.apache.avro.TestSchemaCompatibilityMultiple
[INFO] Tests run: 1, Failures: 0, Errors: 0, Skipped: 0, Time elapsed: 0.695 s - in org.apache.avro.TestSchemaCompatibilityMultiple
[INFO] Running org.apache.avro.TestNestedRecords
[INFO] Tests run: 2, Failures: 0, Errors: 0, Skipped: 0, Time elapsed: 4.211 s - in org.apache.avro.TestNestedRecords
[INFO] Running org.apache.avro.reflect.TestReflectAllowNulls
[INFO] Tests run: 3, Failures: 0, Errors: 0, Skipped: 0, Time elapsed: 15.501 s - in org.apache.avro.reflect.TestReflectAllowNulls
[INFO] Running org.apache.avro.TestSchemaCompatibilityNameMismatch
[INFO] Tests run: 4, Failures: 0, Errors: 0, Skipped: 0, Time elapsed: 0.043 s - in org.apache.avro.TestSchemaCompatibilityNameMismatch
[INFO] Running org.apache.avro.TestDataFileCorruption
[INFO] Tests run: 1, Failures: 0, Errors: 0, Skipped: 0, Time elapsed: 0.02 s - in org.apache.avro.TestDataFileCorruption
[INFO] Running org.apache.avro.TestDataFileMeta
[INFO] Tests run: 4, Failures: 0, Errors: 0, Skipped: 0, Time elapsed: 3.202 s - in org.apache.avro.TestDataFileMeta
[INFO] Running org.apache.avro.specific.TestSpecificToFromByteArray
[INFO] Tests run: 4, Failures: 0, Errors: 0, Skipped: 0, Time elapsed: 6.067 s - in org.apache.avro.specific.TestSpecificToFromByteArray
[INFO] 
[INFO] Results:
[INFO] 
[WARNING] Tests run: 3254, Failures: 0, Errors: 0, Skipped: 1
[INFO] 
[INFO] 
[INFO] --------------------< org.apache.avro:avro-android >--------------------
[INFO] Building Apache Avro Android Compatibility 1.12.0-SNAPSHOT        [4/24]
[INFO] --------------------------------[ jar ]---------------------------------
[INFO] 
[INFO] --- maven-enforcer-plugin:3.0.0-M3:enforce (enforce-maven-version) @ avro-android ---
[INFO] 
[INFO] --- maven-enforcer-plugin:3.0.0-M3:enforce (default-cli) @ avro-android ---
[INFO] Adding ignore: module-info
[INFO] Adding ignore: module-info
[INFO] 
[INFO] --- maven-enforcer-plugin:3.0.0-M3:enforce (enforce) @ avro-android ---
[INFO] Adding ignore: module-info
[INFO] 
[INFO] --- maven-enforcer-plugin:3.0.0-M3:enforce (enforce-banned-dependencies) @ avro-android ---
[INFO] 
[INFO] --- maven-remote-resources-plugin:1.7.0:process (process-resource-bundles) @ avro-android ---
[INFO] Preparing remote bundle org.apache:apache-jar-resource-bundle:1.4
[INFO] Copying 3 resources from 1 bundle.
[INFO] 
[INFO] --- maven-resources-plugin:3.1.0:resources (default-resources) @ avro-android ---
[INFO] Using 'UTF-8' encoding to copy filtered resources.
[INFO] skip non existing resourceDirectory /home/target/lang/java/android/src/main/resources
[INFO] Copying 3 resources
[INFO] 
[INFO] --- maven-compiler-plugin:3.8.1:compile (default-compile) @ avro-android ---
[INFO] Nothing to compile - all classes are up to date
[INFO] 
[INFO] --- spotless-maven-plugin:2.11.1:check (spotless-check) @ avro-android ---
[INFO] 
[INFO] --- maven-bundle-plugin:5.1.2:manifest (bundle-manifest) @ avro-android ---
[WARNING] Ignoring project type jar - supportedProjectTypes = [bundle]
[INFO] 
[INFO] --- maven-resources-plugin:3.1.0:testResources (default-testResources) @ avro-android ---
[INFO] Using 'UTF-8' encoding to copy filtered resources.
[INFO] skip non existing resourceDirectory /home/target/lang/java/android/src/test/resources
[INFO] Copying 3 resources
[INFO] 
[INFO] --- maven-compiler-plugin:3.8.1:testCompile (default-testCompile) @ avro-android ---
[INFO] Nothing to compile - all classes are up to date
[INFO] 
[INFO] --- maven-surefire-plugin:3.0.0-M5:test (default-test) @ avro-android ---
[INFO] 
[INFO] -------------------------------------------------------
[INFO]  T E S T S
[INFO] -------------------------------------------------------
[INFO] Running org.apache.avro.util.internal.TestClassValueCache
[INFO] Tests run: 1, Failures: 0, Errors: 0, Skipped: 0, Time elapsed: 57.365 s - in org.apache.avro.util.internal.TestClassValueCache
[INFO] 
[INFO] Results:
[INFO] 
[INFO] Tests run: 1, Failures: 0, Errors: 0, Skipped: 0
[INFO] 
[INFO] 
[INFO] --- maven-checkstyle-plugin:3.1.2:check (checkstyle-check) @ avro-android ---
[INFO] Starting audit...
Audit done.
[INFO] You have 0 Checkstyle violations.
[INFO] 
[INFO] -------------------< org.apache.avro:avro-compiler >--------------------
[INFO] Building Apache Avro Compiler 1.12.0-SNAPSHOT                     [5/24]
[INFO] -------------------------------[ bundle ]-------------------------------
[INFO] 
[INFO] --- maven-enforcer-plugin:3.0.0-M3:enforce (enforce-maven-version) @ avro-compiler ---
[INFO] 
[INFO] --- maven-enforcer-plugin:3.0.0-M3:enforce (default-cli) @ avro-compiler ---
[INFO] Adding ignore: module-info
[INFO] Adding ignore: module-info
[INFO] 
[INFO] --- maven-enforcer-plugin:3.0.0-M3:enforce (enforce) @ avro-compiler ---
[INFO] Adding ignore: module-info
[INFO] 
[INFO] --- maven-enforcer-plugin:3.0.0-M3:enforce (enforce-banned-dependencies) @ avro-compiler ---
[INFO] 
[INFO] --- javacc-maven-plugin:2.6:javacc (javacc) @ avro-compiler ---
[WARNING] The artifact xml-apis:xml-apis:jar:2.0.2 has been relocated to xml-apis:xml-apis:jar:1.0.b2
[INFO] Skipping - all parsers are up to date
[INFO] 
[INFO] --- build-helper-maven-plugin:3.2.0:add-source (add-source) @ avro-compiler ---
[INFO] Source directory: /home/target/lang/java/compiler/target/generated-sources/javacc added.
[INFO] 
[INFO] --- maven-remote-resources-plugin:1.7.0:process (process-resource-bundles) @ avro-compiler ---
[INFO] Preparing remote bundle org.apache:apache-jar-resource-bundle:1.4
[INFO] Copying 3 resources from 1 bundle.
[INFO] 
[INFO] --- maven-resources-plugin:3.1.0:resources (default-resources) @ avro-compiler ---
[INFO] Using 'UTF-8' encoding to copy filtered resources.
[INFO] Copying 0 resource
[INFO] Copying 4 resources
[INFO] Copying 3 resources
[INFO] 
[INFO] --- maven-compiler-plugin:3.8.1:compile (default-compile) @ avro-compiler ---
[INFO] Nothing to compile - all classes are up to date
[INFO] 
[INFO] --- spotless-maven-plugin:2.11.1:check (spotless-check) @ avro-compiler ---
[INFO] 
[INFO] --- maven-bundle-plugin:5.1.2:manifest (bundle-manifest) @ avro-compiler ---
[INFO] 
[INFO] --- exec-maven-plugin:3.0.0:exec (default) @ avro-compiler ---
[INFO] 
[INFO] --- build-helper-maven-plugin:3.2.0:add-test-source (add-test-source) @ avro-compiler ---
[INFO] Test Source directory: /home/target/lang/java/compiler/target/generated-test-sources added.
[INFO] 
[INFO] --- maven-jar-plugin:3.2.0:test-jar (prepare-test-jar) @ avro-compiler ---
[INFO] 
[INFO] --- maven-resources-plugin:3.1.0:testResources (default-testResources) @ avro-compiler ---
[INFO] Using 'UTF-8' encoding to copy filtered resources.
[INFO] Copying 4 resources
[INFO] Copying 35 resources
[INFO] Copying 3 resources
[INFO] 
[INFO] --- maven-compiler-plugin:3.8.1:testCompile (default-testCompile) @ avro-compiler ---
[INFO] Nothing to compile - all classes are up to date
[INFO] 
[INFO] --- maven-surefire-plugin:3.0.0-M5:test (default-test) @ avro-compiler ---
[INFO] 
[INFO] -------------------------------------------------------
[INFO]  T E S T S
[INFO] -------------------------------------------------------
[INFO] Running org.apache.avro.compiler.schema.TestSchemas
[INFO] Tests run: 19, Failures: 0, Errors: 0, Skipped: 0, Time elapsed: 459.059 s - in org.apache.avro.compiler.schema.TestSchemas
[INFO] Running org.apache.avro.specific.TestSpecificData
[INFO] Tests run: 1, Failures: 0, Errors: 0, Skipped: 0, Time elapsed: 1,366.521 s - in org.apache.avro.specific.TestSpecificData
[INFO] Running org.apache.avro.specific.TestGeneratedCode
[INFO] Tests run: 2, Failures: 0, Errors: 0, Skipped: 0, Time elapsed: 454.358 s - in org.apache.avro.specific.TestGeneratedCode
[INFO] Running org.apache.avro.compiler.idl.TestCycle
[INFO] Tests run: 1, Failures: 0, Errors: 0, Skipped: 0, Time elapsed: 1,018.986 s - in org.apache.avro.compiler.idl.TestCycle
[INFO] Running org.apache.avro.compiler.idl.TestIdl
[INFO] Tests run: 2, Failures: 0, Errors: 0, Skipped: 0, Time elapsed: 590.392 s - in org.apache.avro.compiler.idl.TestIdl
[INFO] Running org.apache.avro.compiler.idl.TestSchemaResolver
[INFO] Tests run: 5, Failures: 0, Errors: 0, Skipped: 0, Time elapsed: 256.665 s - in org.apache.avro.compiler.idl.TestSchemaResolver
[INFO] Running org.apache.avro.compiler.specific.TestSpecificCompiler
[INFO] Tests run: 45, Failures: 0, Errors: 0, Skipped: 0, Time elapsed: 17,556.181 s - in org.apache.avro.compiler.specific.TestSpecificCompiler
[INFO] 
[INFO] Results:
[INFO] 
[INFO] Tests run: 75, Failures: 0, Errors: 0, Skipped: 0
[INFO] 
[INFO] 
[INFO] --- maven-checkstyle-plugin:3.1.2:check (checkstyle-check) @ avro-compiler ---
[INFO] Starting audit...
Audit done.
[INFO] You have 0 Checkstyle violations.
[INFO] 
[INFO] -----------------< org.apache.avro:avro-maven-plugin >------------------
[INFO] Building Apache Avro Maven Plugin 1.12.0-SNAPSHOT                 [6/24]
[INFO] ----------------------------[ maven-plugin ]----------------------------
[INFO] 
[INFO] --- maven-enforcer-plugin:3.0.0-M3:enforce (enforce-maven-version) @ avro-maven-plugin ---
[INFO] 
[INFO] --- maven-enforcer-plugin:3.0.0-M3:enforce (default-cli) @ avro-maven-plugin ---
[INFO] Adding ignore: module-info
[INFO] Adding ignore: module-info
[INFO] 
[INFO] --- maven-enforcer-plugin:3.0.0-M3:enforce (enforce) @ avro-maven-plugin ---
[INFO] Adding ignore: module-info
[INFO] 
[INFO] --- maven-enforcer-plugin:3.0.0-M3:enforce (enforce-banned-dependencies) @ avro-maven-plugin ---
[INFO] 
[INFO] --- maven-plugin-plugin:3.6.1:helpmojo (generated-helpmojo) @ avro-maven-plugin ---
[INFO] Using 'UTF-8' encoding to read mojo source files.
[INFO] java-javadoc mojo extractor found 5 mojo descriptors.
[INFO] ant mojo extractor found 0 mojo descriptor.
[INFO] bsh mojo extractor found 0 mojo descriptor.
[INFO] java-annotations mojo extractor found 0 mojo descriptor.
[INFO] 
[INFO] --- maven-remote-resources-plugin:1.7.0:process (process-resource-bundles) @ avro-maven-plugin ---
[INFO] Preparing remote bundle org.apache:apache-jar-resource-bundle:1.4
[INFO] Copying 3 resources from 1 bundle.
[INFO] 
[INFO] --- maven-resources-plugin:3.1.0:resources (default-resources) @ avro-maven-plugin ---
[INFO] Using 'UTF-8' encoding to copy filtered resources.
[INFO] Copying 1 resource
[INFO] Copying 3 resources
[INFO] 
[INFO] --- maven-compiler-plugin:3.8.1:compile (default-compile) @ avro-maven-plugin ---
[INFO] Changes detected - recompiling the module!
[INFO] Compiling 6 source files to /home/target/lang/java/maven-plugin/target/classes
[INFO] /home/target/lang/java/maven-plugin/src/main/java/org/apache/avro/mojo/AbstractAvroMojo.java: /home/target/lang/java/maven-plugin/src/main/java/org/apache/avro/mojo/AbstractAvroMojo.java uses unchecked or unsafe operations.
[INFO] /home/target/lang/java/maven-plugin/src/main/java/org/apache/avro/mojo/AbstractAvroMojo.java: Recompile with -Xlint:unchecked for details.
[INFO] 
[INFO] --- spotless-maven-plugin:2.11.1:check (spotless-check) @ avro-maven-plugin ---
[INFO] 
[INFO] --- maven-plugin-plugin:3.6.1:descriptor (default-descriptor) @ avro-maven-plugin ---
[INFO] Using 'UTF-8' encoding to read mojo source files.
[INFO] java-javadoc mojo extractor found 5 mojo descriptors.
[INFO] ant mojo extractor found 0 mojo descriptor.
[INFO] bsh mojo extractor found 0 mojo descriptor.
[INFO] java-annotations mojo extractor found 0 mojo descriptor.
[INFO] 
[INFO] --- maven-bundle-plugin:5.1.2:manifest (bundle-manifest) @ avro-maven-plugin ---
[WARNING] Ignoring project type maven-plugin - supportedProjectTypes = [bundle]
[INFO] 
[INFO] --- maven-resources-plugin:3.1.0:testResources (default-testResources) @ avro-maven-plugin ---
[INFO] Using 'UTF-8' encoding to copy filtered resources.
[INFO] Copying 11 resources
[INFO] Copying 3 resources
[INFO] 
[INFO] --- maven-compiler-plugin:3.8.1:testCompile (default-testCompile) @ avro-maven-plugin ---
[INFO] Changes detected - recompiling the module!
[INFO] Compiling 7 source files to /home/target/lang/java/maven-plugin/target/test-classes
[INFO] 
[INFO] --- maven-surefire-plugin:3.0.0-M5:test (default-test) @ avro-maven-plugin ---
[INFO] 
[INFO] -------------------------------------------------------
[INFO]  T E S T S
[INFO] -------------------------------------------------------
[INFO] Running org.apache.avro.mojo.TestInduceMojo
[INFO] Tests run: 5, Failures: 0, Errors: 0, Skipped: 0, Time elapsed: 2,169.217 s - in org.apache.avro.mojo.TestInduceMojo
[INFO] Running org.apache.avro.mojo.TestProtocolMojo
[INFO] Tests run: 2, Failures: 0, Errors: 0, Skipped: 0, Time elapsed: 716.817 s - in org.apache.avro.mojo.TestProtocolMojo
[INFO] Running org.apache.avro.mojo.TestSchemaMojo
[INFO] Tests run: 2, Failures: 0, Errors: 0, Skipped: 0, Time elapsed: 468.337 s - in org.apache.avro.mojo.TestSchemaMojo
[INFO] Running org.apache.avro.mojo.TestIDLProtocolMojo
[INFO] Tests run: 2, Failures: 0, Errors: 0, Skipped: 0, Time elapsed: 417.869 s - in org.apache.avro.mojo.TestIDLProtocolMojo
[INFO] 
[INFO] Results:
[INFO] 
[INFO] Tests run: 11, Failures: 0, Errors: 0, Skipped: 0
[INFO] 
[INFO] 
[INFO] --- maven-checkstyle-plugin:3.1.2:check (checkstyle-check) @ avro-maven-plugin ---
[INFO] Starting audit...
Audit done.
[INFO] You have 0 Checkstyle violations.
[INFO] 
[INFO] ----------------------< org.apache.avro:avro-ipc >----------------------
[INFO] Building Apache Avro IPC 1.12.0-SNAPSHOT                          [7/24]
[INFO] -------------------------------[ bundle ]-------------------------------
[INFO] 
[INFO] --- maven-enforcer-plugin:3.0.0-M3:enforce (enforce-maven-version) @ avro-ipc ---
[INFO] 
[INFO] --- maven-enforcer-plugin:3.0.0-M3:enforce (default-cli) @ avro-ipc ---
[INFO] Adding ignore: module-info
[INFO] Adding ignore: module-info
[INFO] 
[INFO] --- maven-enforcer-plugin:3.0.0-M3:enforce (enforce) @ avro-ipc ---
[INFO] Adding ignore: module-info
[INFO] 
[INFO] --- maven-enforcer-plugin:3.0.0-M3:enforce (enforce-banned-dependencies) @ avro-ipc ---
[INFO] 
[INFO] --- avro-maven-plugin:1.12.0-SNAPSHOT:schema (schemas) @ avro-ipc ---
[INFO] 
[INFO] --- avro-maven-plugin:1.12.0-SNAPSHOT:protocol (schemas) @ avro-ipc ---
[INFO] 
[INFO] --- avro-maven-plugin:1.12.0-SNAPSHOT:idl-protocol (schemas) @ avro-ipc ---
[INFO] 
[INFO] --- build-helper-maven-plugin:3.2.0:add-source (add-source) @ avro-ipc ---
[INFO] Source directory: /home/target/lang/java/ipc/target/generated-sources/java added.
[INFO] 
[INFO] --- maven-remote-resources-plugin:1.7.0:process (process-resource-bundles) @ avro-ipc ---
[INFO] Preparing remote bundle org.apache:apache-jar-resource-bundle:1.4
[INFO] Copying 3 resources from 1 bundle.
[INFO] 
[INFO] --- maven-resources-plugin:3.1.0:resources (default-resources) @ avro-ipc ---
[INFO] Using 'UTF-8' encoding to copy filtered resources.
[INFO] Copying 9 resources
[INFO] Copying 3 resources
[INFO] 
[INFO] --- maven-compiler-plugin:3.8.1:compile (default-compile) @ avro-ipc ---
[INFO] Nothing to compile - all classes are up to date
[INFO] 
[INFO] --- spotless-maven-plugin:2.11.1:check (spotless-check) @ avro-ipc ---
[INFO] 
[INFO] --- maven-bundle-plugin:5.1.2:manifest (bundle-manifest) @ avro-ipc ---
[INFO] 
[INFO] --- build-helper-maven-plugin:3.2.0:add-test-source (add-test-source) @ avro-ipc ---
[INFO] Test Source directory: /home/target/lang/java/ipc/target/generated-test-sources/java added.
[INFO] 
[INFO] --- maven-resources-plugin:3.1.0:testResources (default-testResources) @ avro-ipc ---
[INFO] Using 'UTF-8' encoding to copy filtered resources.
[INFO] Copying 1 resource
[INFO] Copying 3 resources
[INFO] 
[INFO] --- maven-compiler-plugin:3.8.1:testCompile (default-testCompile) @ avro-ipc ---
[INFO] Changes detected - recompiling the module!
[INFO] Compiling 107 source files to /home/target/lang/java/ipc/target/test-classes
[WARNING] /home/target/lang/java/ipc/src/test/java/org/apache/avro/TestProtocolSpecific.java:[48,27] org.apache.avro.ipc.SocketServer in org.apache.avro.ipc has been deprecated
[WARNING] /home/target/lang/java/ipc/src/test/java/org/apache/avro/TestProtocolSpecific.java:[49,27] org.apache.avro.ipc.SocketTransceiver in org.apache.avro.ipc has been deprecated
[WARNING] /home/target/lang/java/ipc/src/test/java/org/apache/avro/TestNamespaceReflect.java:[20,27] org.apache.avro.ipc.SocketServer in org.apache.avro.ipc has been deprecated
[WARNING] /home/target/lang/java/ipc/src/test/java/org/apache/avro/TestNamespaceReflect.java:[21,27] org.apache.avro.ipc.SocketTransceiver in org.apache.avro.ipc has been deprecated
[WARNING] /home/target/lang/java/ipc/src/test/java/org/apache/avro/TestNamespaceSpecific.java:[20,27] org.apache.avro.ipc.SocketServer in org.apache.avro.ipc has been deprecated
[WARNING] /home/target/lang/java/ipc/src/test/java/org/apache/avro/TestNamespaceSpecific.java:[21,27] org.apache.avro.ipc.SocketTransceiver in org.apache.avro.ipc has been deprecated
[WARNING] /home/target/lang/java/ipc/src/test/java/org/apache/avro/TestProtocolGeneric.java:[24,27] org.apache.avro.ipc.SocketServer in org.apache.avro.ipc has been deprecated
[WARNING] /home/target/lang/java/ipc/src/test/java/org/apache/avro/TestProtocolGeneric.java:[25,27] org.apache.avro.ipc.SocketTransceiver in org.apache.avro.ipc has been deprecated
[WARNING] /home/target/lang/java/ipc/src/test/java/org/apache/avro/TestProtocolReflect.java:[23,27] org.apache.avro.ipc.SocketServer in org.apache.avro.ipc has been deprecated
[WARNING] /home/target/lang/java/ipc/src/test/java/org/apache/avro/TestProtocolReflect.java:[24,27] org.apache.avro.ipc.SocketTransceiver in org.apache.avro.ipc has been deprecated
[WARNING] /home/target/lang/java/ipc/src/test/java/org/apache/avro/TestProtocolReflectMeta.java:[20,27] org.apache.avro.ipc.SocketServer in org.apache.avro.ipc has been deprecated
[WARNING] /home/target/lang/java/ipc/src/test/java/org/apache/avro/TestProtocolReflectMeta.java:[21,27] org.apache.avro.ipc.SocketTransceiver in org.apache.avro.ipc has been deprecated
[WARNING] /home/target/lang/java/ipc/src/test/java/org/apache/avro/TestProtocolGenericMeta.java:[23,27] org.apache.avro.ipc.SocketServer in org.apache.avro.ipc has been deprecated
[WARNING] /home/target/lang/java/ipc/src/test/java/org/apache/avro/TestProtocolGenericMeta.java:[24,27] org.apache.avro.ipc.SocketTransceiver in org.apache.avro.ipc has been deprecated
[WARNING] /home/target/lang/java/ipc/src/test/java/org/apache/avro/TestProtocolSpecificMeta.java:[25,27] org.apache.avro.ipc.SocketServer in org.apache.avro.ipc has been deprecated
[WARNING] /home/target/lang/java/ipc/src/test/java/org/apache/avro/TestProtocolSpecificMeta.java:[26,27] org.apache.avro.ipc.SocketTransceiver in org.apache.avro.ipc has been deprecated
[WARNING] /home/target/lang/java/ipc/src/test/java/org/apache/avro/TestProtocolSpecific.java:[129,25] org.apache.avro.ipc.SocketServer in org.apache.avro.ipc has been deprecated
[WARNING] /home/target/lang/java/ipc/src/test/java/org/apache/avro/TestProtocolSpecific.java:[133,16] org.apache.avro.ipc.SocketTransceiver in org.apache.avro.ipc has been deprecated
[WARNING] /home/target/lang/java/ipc/src/test/java/org/apache/avro/TestProtocolSpecific.java:[268,15] createRecord(java.util.List<org.apache.avro.Schema.Field>) in org.apache.avro.Schema has been deprecated
[WARNING] /home/target/lang/java/ipc/src/test/java/org/apache/avro/TestProtocolSpecific.java:[344,36] org.apache.avro.ipc.SocketTransceiver in org.apache.avro.ipc has been deprecated
[WARNING] /home/target/lang/java/ipc/src/test/java/org/apache/avro/TestProtocolSpecific.java:[360,7] org.apache.avro.ipc.SocketServer in org.apache.avro.ipc has been deprecated
[WARNING] /home/target/lang/java/ipc/src/test/java/org/apache/avro/TestProtocolSpecific.java:[360,33] org.apache.avro.ipc.SocketServer in org.apache.avro.ipc has been deprecated
[WARNING] /home/target/lang/java/ipc/src/test/java/org/apache/avro/TestNamespaceSpecific.java:[50,20] org.apache.avro.ipc.SocketServer in org.apache.avro.ipc has been deprecated
[WARNING] /home/target/lang/java/ipc/src/test/java/org/apache/avro/TestNamespaceSpecific.java:[58,18] org.apache.avro.ipc.SocketServer in org.apache.avro.ipc has been deprecated
[WARNING] /home/target/lang/java/ipc/src/test/java/org/apache/avro/TestNamespaceSpecific.java:[60,18] org.apache.avro.ipc.SocketTransceiver in org.apache.avro.ipc has been deprecated
[WARNING] /home/target/lang/java/ipc/src/test/java/org/apache/avro/TestNamespaceReflect.java:[36,18] org.apache.avro.ipc.SocketServer in org.apache.avro.ipc has been deprecated
[WARNING] /home/target/lang/java/ipc/src/test/java/org/apache/avro/TestNamespaceReflect.java:[38,18] org.apache.avro.ipc.SocketTransceiver in org.apache.avro.ipc has been deprecated
[WARNING] /home/target/lang/java/ipc/src/test/java/org/apache/avro/TestProtocolGeneric.java:[101,20] org.apache.avro.ipc.SocketServer in org.apache.avro.ipc has been deprecated
[WARNING] /home/target/lang/java/ipc/src/test/java/org/apache/avro/TestProtocolGeneric.java:[109,18] org.apache.avro.ipc.SocketServer in org.apache.avro.ipc has been deprecated
[WARNING] /home/target/lang/java/ipc/src/test/java/org/apache/avro/TestProtocolGeneric.java:[111,18] org.apache.avro.ipc.SocketTransceiver in org.apache.avro.ipc has been deprecated
[WARNING] /home/target/lang/java/ipc/src/test/java/org/apache/avro/TestProtocolGeneric.java:[189,15] createRecord(java.util.List<org.apache.avro.Schema.Field>) in org.apache.avro.Schema has been deprecated
[WARNING] /home/target/lang/java/ipc/src/test/java/org/apache/avro/TestProtocolGeneric.java:[191,30] org.apache.avro.ipc.SocketTransceiver in org.apache.avro.ipc has been deprecated
[WARNING] /home/target/lang/java/ipc/src/test/java/org/apache/avro/TestProtocolGeneric.java:[220,15] createRecord(java.util.List<org.apache.avro.Schema.Field>) in org.apache.avro.Schema has been deprecated
[WARNING] /home/target/lang/java/ipc/src/test/java/org/apache/avro/TestProtocolGeneric.java:[222,30] org.apache.avro.ipc.SocketTransceiver in org.apache.avro.ipc has been deprecated
[WARNING] /home/target/lang/java/ipc/src/test/java/org/apache/avro/TestProtocolReflect.java:[100,18] org.apache.avro.ipc.SocketServer in org.apache.avro.ipc has been deprecated
[WARNING] /home/target/lang/java/ipc/src/test/java/org/apache/avro/TestProtocolReflect.java:[102,18] org.apache.avro.ipc.SocketTransceiver in org.apache.avro.ipc has been deprecated
[WARNING] /home/target/lang/java/ipc/src/test/java/org/apache/avro/TestProtocolReflectMeta.java:[38,18] org.apache.avro.ipc.SocketServer in org.apache.avro.ipc has been deprecated
[WARNING] /home/target/lang/java/ipc/src/test/java/org/apache/avro/TestProtocolReflectMeta.java:[41,18] org.apache.avro.ipc.SocketTransceiver in org.apache.avro.ipc has been deprecated
[WARNING] /home/target/lang/java/ipc/src/test/java/org/apache/avro/TestProtocolGenericMeta.java:[38,18] org.apache.avro.ipc.SocketServer in org.apache.avro.ipc has been deprecated
[WARNING] /home/target/lang/java/ipc/src/test/java/org/apache/avro/TestProtocolGenericMeta.java:[41,18] org.apache.avro.ipc.SocketTransceiver in org.apache.avro.ipc has been deprecated
[WARNING] /home/target/lang/java/ipc/src/test/java/org/apache/avro/TestProtocolSpecificMeta.java:[35,16] org.apache.avro.ipc.SocketServer in org.apache.avro.ipc has been deprecated
[WARNING] /home/target/lang/java/ipc/src/test/java/org/apache/avro/TestProtocolSpecificMeta.java:[40,16] org.apache.avro.ipc.SocketTransceiver in org.apache.avro.ipc has been deprecated
[INFO] 
[INFO] --- maven-surefire-plugin:3.0.0-M5:test (default-test) @ avro-ipc ---
[INFO] 
[INFO] -------------------------------------------------------
[INFO]  T E S T S
[INFO] -------------------------------------------------------
[INFO] Running org.apache.avro.TestCompare
[INFO] Tests run: 14, Failures: 0, Errors: 0, Skipped: 0, Time elapsed: 327.192 s - in org.apache.avro.TestCompare
[INFO] Running org.apache.avro.ipc.TestRpcPluginOrdering
[INFO] Tests run: 1, Failures: 0, Errors: 0, Skipped: 0, Time elapsed: 361.42 s - in org.apache.avro.ipc.TestRpcPluginOrdering
[INFO] Running org.apache.avro.TestProtocolDatagram
[INFO] Tests run: 14, Failures: 0, Errors: 0, Skipped: 0, Time elapsed: 1,136.655 s - in org.apache.avro.TestProtocolDatagram
[INFO] Running org.apache.avro.TestProtocolReflect
[INFO] Tests run: 7, Failures: 0, Errors: 0, Skipped: 0, Time elapsed: 494.726 s - in org.apache.avro.TestProtocolReflect
[INFO] Running org.apache.avro.TestSchema
[INFO] Tests run: 58, Failures: 0, Errors: 0, Skipped: 0, Time elapsed: 6,391.5 s - in org.apache.avro.TestSchema
[INFO] Running org.apache.avro.TestNamespaceReflect
[INFO] Tests run: 2, Failures: 0, Errors: 0, Skipped: 0, Time elapsed: 393.718 s - in org.apache.avro.TestNamespaceReflect
[INFO] Running org.apache.avro.TestProtocolGenericMeta
[INFO] Tests run: 7, Failures: 0, Errors: 0, Skipped: 0, Time elapsed: 333.223 s - in org.apache.avro.TestProtocolGenericMeta
[INFO] Running org.apache.avro.ipc.TestSaslAnonymous
[INFO] Tests run: 8, Failures: 0, Errors: 0, Skipped: 0, Time elapsed: 426.309 s - in org.apache.avro.ipc.TestSaslAnonymous
[INFO] Running org.apache.avro.ipc.TestLocalTransceiver
[INFO] Tests run: 1, Failures: 0, Errors: 0, Skipped: 0, Time elapsed: 339.874 s - in org.apache.avro.ipc.TestLocalTransceiver
[INFO] Running org.apache.avro.message.TestCustomSchemaStore
[INFO] Tests run: 2, Failures: 0, Errors: 0, Skipped: 0, Time elapsed: 411.121 s - in org.apache.avro.message.TestCustomSchemaStore
[INFO] Running org.apache.avro.specific.TestSpecificRecordBuilder
[WARNING] Tests run: 10, Failures: 0, Errors: 0, Skipped: 3, Time elapsed: 362.971 s - in org.apache.avro.specific.TestSpecificRecordBuilder
[INFO] Running org.apache.avro.specific.TestSpecificData
[INFO] Tests run: 9, Failures: 0, Errors: 0, Skipped: 0, Time elapsed: 407.001 s - in org.apache.avro.specific.TestSpecificData
[INFO] Running org.apache.avro.ipc.stats.TestHistogram
[INFO] Tests run: 3, Failures: 0, Errors: 0, Skipped: 0, Time elapsed: 29.91 s - in org.apache.avro.ipc.stats.TestHistogram
[INFO] Running org.apache.avro.generic.TestBuilderCopy
[INFO] Tests run: 1, Failures: 0, Errors: 0, Skipped: 0, Time elapsed: 229.641 s - in org.apache.avro.generic.TestBuilderCopy
[INFO] Running org.apache.avro.specific.TestSpecificDatumReader
[INFO] Tests run: 2, Failures: 0, Errors: 0, Skipped: 0, Time elapsed: 406.542 s - in org.apache.avro.specific.TestSpecificDatumReader
[INFO] Running org.apache.avro.ipc.stats.TestStopwatch
[INFO] Tests run: 6, Failures: 0, Errors: 0, Skipped: 0, Time elapsed: 10.443 s - in org.apache.avro.ipc.stats.TestStopwatch
[INFO] Running org.apache.avro.specific.TestSpecificDatumWriter
[INFO] Tests run: 2, Failures: 0, Errors: 0, Skipped: 0, Time elapsed: 374.382 s - in org.apache.avro.specific.TestSpecificDatumWriter
[INFO] Running org.apache.avro.TestDataFileSpecific
[INFO] Tests run: 1, Failures: 0, Errors: 0, Skipped: 0, Time elapsed: 422.103 s - in org.apache.avro.TestDataFileSpecific
[INFO] Running org.apache.avro.TestProtocolReflectMeta
[INFO] Tests run: 7, Failures: 0, Errors: 0, Skipped: 0, Time elapsed: 468.849 s - in org.apache.avro.TestProtocolReflectMeta
[INFO] Running org.apache.avro.ipc.TestSaslDigestMd5
[INFO] Tests run: 9, Failures: 0, Errors: 0, Skipped: 0, Time elapsed: 568.199 s - in org.apache.avro.ipc.TestSaslDigestMd5
[INFO] Running org.apache.avro.specific.TestSpecificErrorBuilder
[INFO] Tests run: 2, Failures: 0, Errors: 0, Skipped: 0, Time elapsed: 271.358 s - in org.apache.avro.specific.TestSpecificErrorBuilder
[INFO] Running org.apache.avro.compiler.specific.TestSpecificCompiler
[INFO] Tests run: 20, Failures: 0, Errors: 0, Skipped: 0, Time elapsed: 4,533.058 s - in org.apache.avro.compiler.specific.TestSpecificCompiler
[INFO] Running org.apache.avro.TestProtocolGeneric
[INFO] Tests run: 7, Failures: 0, Errors: 0, Skipped: 0, Time elapsed: 531.714 s - in org.apache.avro.TestProtocolGeneric
[INFO] Running org.apache.avro.TestNamespaceSpecific
[INFO] Tests run: 2, Failures: 0, Errors: 0, Skipped: 0, Time elapsed: 385.389 s - in org.apache.avro.TestNamespaceSpecific
[INFO] Running org.apache.avro.TestProtocolSpecific
[INFO] Tests run: 14, Failures: 0, Errors: 0, Skipped: 0, Time elapsed: 990.821 s - in org.apache.avro.TestProtocolSpecific
[INFO] Running org.apache.avro.generic.TestDeepCopy
[INFO] Tests run: 2, Failures: 0, Errors: 0, Skipped: 0, Time elapsed: 272.228 s - in org.apache.avro.generic.TestDeepCopy
[INFO] Running org.apache.avro.TestProtocolSpecificMeta
[INFO] Tests run: 14, Failures: 0, Errors: 0, Skipped: 0, Time elapsed: 1,208.845 s - in org.apache.avro.TestProtocolSpecificMeta
[INFO] Running org.apache.avro.TestProtocolParsing
[INFO] Tests run: 6, Failures: 0, Errors: 0, Skipped: 0, Time elapsed: 371.34 s - in org.apache.avro.TestProtocolParsing
[INFO] Running org.apache.avro.ipc.specific.TestSpecificRequestor
[INFO] Tests run: 3, Failures: 0, Errors: 0, Skipped: 0, Time elapsed: 9.873 s - in org.apache.avro.ipc.specific.TestSpecificRequestor
[INFO] Running org.apache.avro.specific.TestSpecificBuilderTree
[INFO] Tests run: 11, Failures: 0, Errors: 0, Skipped: 0, Time elapsed: 396.974 s - in org.apache.avro.specific.TestSpecificBuilderTree
[INFO] 
[INFO] Results:
[INFO] 
[WARNING] Tests run: 245, Failures: 0, Errors: 0, Skipped: 3
[INFO] 
[INFO] 
[INFO] --- maven-checkstyle-plugin:3.1.2:check (checkstyle-check) @ avro-ipc ---
[INFO] Starting audit...
Audit done.
[INFO] You have 0 Checkstyle violations.
[INFO] 
[INFO] -------------------< org.apache.avro:avro-ipc-jetty >-------------------
[INFO] Building Apache Avro IPC Jetty 1.12.0-SNAPSHOT                    [8/24]
[INFO] -------------------------------[ bundle ]-------------------------------
[INFO] 
[INFO] --- maven-enforcer-plugin:3.0.0-M3:enforce (enforce-maven-version) @ avro-ipc-jetty ---
[INFO] 
[INFO] --- maven-enforcer-plugin:3.0.0-M3:enforce (default-cli) @ avro-ipc-jetty ---
[INFO] Adding ignore: module-info
[INFO] Adding ignore: module-info
[INFO] 
[INFO] --- maven-enforcer-plugin:3.0.0-M3:enforce (enforce) @ avro-ipc-jetty ---
[INFO] Adding ignore: module-info
[INFO] 
[INFO] --- maven-enforcer-plugin:3.0.0-M3:enforce (enforce-banned-dependencies) @ avro-ipc-jetty ---
[INFO] 
[INFO] --- maven-remote-resources-plugin:1.7.0:process (process-resource-bundles) @ avro-ipc-jetty ---
[INFO] Preparing remote bundle org.apache:apache-jar-resource-bundle:1.4
[INFO] Copying 3 resources from 1 bundle.
[INFO] 
[INFO] --- maven-resources-plugin:3.1.0:resources (default-resources) @ avro-ipc-jetty ---
[INFO] Using 'UTF-8' encoding to copy filtered resources.
[INFO] skip non existing resourceDirectory /home/target/lang/java/ipc-jetty/src/main/resources
[INFO] Copying 3 resources
[INFO] 
[INFO] --- maven-compiler-plugin:3.8.1:compile (default-compile) @ avro-ipc-jetty ---
[INFO] Nothing to compile - all classes are up to date
[INFO] 
[INFO] --- spotless-maven-plugin:2.11.1:check (spotless-check) @ avro-ipc-jetty ---
[INFO] 
[INFO] --- maven-bundle-plugin:5.1.2:manifest (bundle-manifest) @ avro-ipc-jetty ---
[INFO] 
[INFO] --- maven-resources-plugin:3.1.0:testResources (default-testResources) @ avro-ipc-jetty ---
[INFO] Using 'UTF-8' encoding to copy filtered resources.
[INFO] Copying 1 resource
[INFO] Copying 3 resources
[INFO] 
[INFO] --- maven-compiler-plugin:3.8.1:testCompile (default-testCompile) @ avro-ipc-jetty ---
[INFO] Changes detected - recompiling the module!
[INFO] Compiling 5 source files to /home/target/lang/java/ipc-jetty/target/test-classes
[WARNING] /home/target/lang/java/ipc-jetty/src/test/java/org/apache/avro/ipc/jetty/TestProtocolHttp.java:[82,15] createRecord(java.util.List<org.apache.avro.Schema.Field>) in org.apache.avro.Schema has been deprecated
[WARNING] /home/target/lang/java/ipc-jetty/src/test/java/org/apache/avro/ipc/jetty/TestProtocolHttps.java:[45,22] setNeedClientAuth(boolean) in org.eclipse.jetty.util.ssl.SslContextFactory has been deprecated
[INFO] 
[INFO] --- maven-surefire-plugin:3.0.0-M5:test (default-test) @ avro-ipc-jetty ---
[INFO] 
[INFO] -------------------------------------------------------
[INFO]  T E S T S
[INFO] -------------------------------------------------------
[INFO] Running org.apache.avro.ipc.jetty.TestProtocolHttps
[INFO] Tests run: 14, Failures: 0, Errors: 0, Skipped: 0, Time elapsed: 6,809.287 s - in org.apache.avro.ipc.jetty.TestProtocolHttps
[INFO] Running org.apache.avro.ipc.jetty.TestBulkData
[INFO] Tests run: 2, Failures: 0, Errors: 0, Skipped: 0, Time elapsed: 763.841 s - in org.apache.avro.ipc.jetty.TestBulkData
[INFO] Running org.apache.avro.ipc.jetty.TestProtocolHttp
[INFO] Tests run: 16, Failures: 0, Errors: 0, Skipped: 0, Time elapsed: 4,599.964 s - in org.apache.avro.ipc.jetty.TestProtocolHttp
[INFO] Running org.apache.avro.ipc.jetty.TestStatsPluginAndServlet
[INFO] Tests run: 3, Failures: 0, Errors: 0, Skipped: 0, Time elapsed: 444.792 s - in org.apache.avro.ipc.jetty.TestStatsPluginAndServlet
[INFO] 
[INFO] Results:
[INFO] 
[INFO] Tests run: 35, Failures: 0, Errors: 0, Skipped: 0
[INFO] 
[INFO] 
[INFO] --- maven-checkstyle-plugin:3.1.2:check (checkstyle-check) @ avro-ipc-jetty ---
[INFO] Starting audit...
Audit done.
[INFO] You have 0 Checkstyle violations.
[INFO] 
[INFO] -------------------< org.apache.avro:avro-ipc-netty >-------------------
[INFO] Building Apache Avro IPC Netty 1.12.0-SNAPSHOT                    [9/24]
[INFO] -------------------------------[ bundle ]-------------------------------
[INFO] 
[INFO] --- maven-enforcer-plugin:3.0.0-M3:enforce (enforce-maven-version) @ avro-ipc-netty ---
[INFO] 
[INFO] --- maven-enforcer-plugin:3.0.0-M3:enforce (default-cli) @ avro-ipc-netty ---
[INFO] Adding ignore: module-info
[INFO] Adding ignore: module-info
[INFO] 
[INFO] --- maven-enforcer-plugin:3.0.0-M3:enforce (enforce) @ avro-ipc-netty ---
[INFO] Adding ignore: module-info
[INFO] 
[INFO] --- maven-enforcer-plugin:3.0.0-M3:enforce (enforce-banned-dependencies) @ avro-ipc-netty ---
[INFO] 
[INFO] --- maven-remote-resources-plugin:1.7.0:process (process-resource-bundles) @ avro-ipc-netty ---
[INFO] Preparing remote bundle org.apache:apache-jar-resource-bundle:1.4
[INFO] Copying 3 resources from 1 bundle.
[INFO] 
[INFO] --- maven-resources-plugin:3.1.0:resources (default-resources) @ avro-ipc-netty ---
[INFO] Using 'UTF-8' encoding to copy filtered resources.
[INFO] skip non existing resourceDirectory /home/target/lang/java/ipc-netty/src/main/resources
[INFO] Copying 3 resources
[INFO] 
[INFO] --- maven-compiler-plugin:3.8.1:compile (default-compile) @ avro-ipc-netty ---
[INFO] Nothing to compile - all classes are up to date
[INFO] 
[INFO] --- spotless-maven-plugin:2.11.1:check (spotless-check) @ avro-ipc-netty ---
[INFO] 
[INFO] --- maven-bundle-plugin:5.1.2:manifest (bundle-manifest) @ avro-ipc-netty ---
[INFO] 
[INFO] --- maven-resources-plugin:3.1.0:testResources (default-testResources) @ avro-ipc-netty ---
[INFO] Using 'UTF-8' encoding to copy filtered resources.
[INFO] Copying 1 resource
[INFO] Copying 3 resources
[INFO] 
[INFO] --- maven-compiler-plugin:3.8.1:testCompile (default-testCompile) @ avro-ipc-netty ---
[INFO] Changes detected - recompiling the module!
[INFO] Compiling 8 source files to /home/target/lang/java/ipc-netty/target/test-classes
[INFO] 
[INFO] --- maven-surefire-plugin:3.0.0-M5:test (default-test) @ avro-ipc-netty ---
[INFO] 
[INFO] -------------------------------------------------------
[INFO]  T E S T S
[INFO] -------------------------------------------------------
[INFO] Running org.apache.avro.ipc.netty.TestNettyServer
[INFO] Tests run: 5, Failures: 0, Errors: 0, Skipped: 0, Time elapsed: 4,542.518 s - in org.apache.avro.ipc.netty.TestNettyServer
[INFO] Running org.apache.avro.ipc.netty.TestNettyServerWithCallbacks
[WARNING] Tests run: 11, Failures: 0, Errors: 0, Skipped: 1, Time elapsed: 32,453.494 s - in org.apache.avro.ipc.netty.TestNettyServerWithCallbacks
[INFO] Running org.apache.avro.ipc.netty.TestNettyServerWithSSL
[INFO] Tests run: 5, Failures: 0, Errors: 0, Skipped: 0, Time elapsed: 4,789.424 s - in org.apache.avro.ipc.netty.TestNettyServerWithSSL
[INFO] Running org.apache.avro.ipc.netty.TestProtocolNetty
[INFO] Tests run: 14, Failures: 0, Errors: 0, Skipped: 0, Time elapsed: 6,699.218 s - in org.apache.avro.ipc.netty.TestProtocolNetty
[INFO] Running org.apache.avro.ipc.netty.TestNettyServerWithCompression
[INFO] Tests run: 5, Failures: 0, Errors: 0, Skipped: 0, Time elapsed: 4,683.058 s - in org.apache.avro.ipc.netty.TestNettyServerWithCompression
[INFO] Running org.apache.avro.ipc.netty.TestNettyServerConcurrentExecution
[INFO] Tests run: 1, Failures: 0, Errors: 0, Skipped: 0, Time elapsed: 9,035.139 s - in org.apache.avro.ipc.netty.TestNettyServerConcurrentExecution
[INFO] Running org.apache.avro.ipc.netty.TestNettyTransceiverWhenFailsToConnect
[INFO] Tests run: 1, Failures: 0, Errors: 0, Skipped: 0, Time elapsed: 276.102 s - in org.apache.avro.ipc.netty.TestNettyTransceiverWhenFailsToConnect
[INFO] 
[INFO] Results:
[INFO] 
[WARNING] Tests run: 42, Failures: 0, Errors: 0, Skipped: 1
[INFO] 
[INFO] 
[INFO] --- maven-checkstyle-plugin:3.1.2:check (checkstyle-check) @ avro-ipc-netty ---
[INFO] Starting audit...
Audit done.
[INFO] You have 0 Checkstyle violations.
[INFO] 
[INFO] --------------------< org.apache.avro:trevni-java >---------------------
[INFO] Building Trevni Java 1.12.0-SNAPSHOT                             [10/24]
[INFO] --------------------------------[ pom ]---------------------------------
[INFO] 
[INFO] --- maven-enforcer-plugin:3.0.0-M3:enforce (enforce-maven-version) @ trevni-java ---
[INFO] 
[INFO] --- maven-enforcer-plugin:3.0.0-M3:enforce (default-cli) @ trevni-java ---
[INFO] Adding ignore: module-info
[INFO] Adding ignore: module-info
[INFO] 
[INFO] --- maven-enforcer-plugin:3.0.0-M3:enforce (enforce) @ trevni-java ---
[INFO] Adding ignore: module-info
[INFO] 
[INFO] --- maven-enforcer-plugin:3.0.0-M3:enforce (enforce-banned-dependencies) @ trevni-java ---
[INFO] 
[INFO] --- maven-remote-resources-plugin:1.7.0:process (process-resource-bundles) @ trevni-java ---
[INFO] Preparing remote bundle org.apache:apache-jar-resource-bundle:1.4
[INFO] Copying 3 resources from 1 bundle.
[INFO] 
[INFO] --- spotless-maven-plugin:2.11.1:check (spotless-check) @ trevni-java ---
[INFO] 
[INFO] --- maven-bundle-plugin:5.1.2:manifest (bundle-manifest) @ trevni-java ---
[WARNING] Ignoring project type pom - supportedProjectTypes = [bundle]
[INFO] 
[INFO] --- maven-checkstyle-plugin:3.1.2:check (checkstyle-check) @ trevni-java ---
[INFO] Starting audit...
Audit done.
[INFO] You have 0 Checkstyle violations.
[INFO] 
[INFO] --------------------< org.apache.avro:trevni-core >---------------------
[INFO] Building Trevni Java Core 1.12.0-SNAPSHOT                        [11/24]
[INFO] --------------------------------[ jar ]---------------------------------
[INFO] 
[INFO] --- maven-enforcer-plugin:3.0.0-M3:enforce (enforce-maven-version) @ trevni-core ---
[INFO] 
[INFO] --- maven-enforcer-plugin:3.0.0-M3:enforce (default-cli) @ trevni-core ---
[INFO] Adding ignore: module-info
[INFO] Adding ignore: module-info
[INFO] 
[INFO] --- maven-enforcer-plugin:3.0.0-M3:enforce (enforce) @ trevni-core ---
[INFO] Adding ignore: module-info
[INFO] 
[INFO] --- maven-enforcer-plugin:3.0.0-M3:enforce (enforce-banned-dependencies) @ trevni-core ---
[INFO] 
[INFO] --- maven-remote-resources-plugin:1.7.0:process (process-resource-bundles) @ trevni-core ---
[INFO] Preparing remote bundle org.apache:apache-jar-resource-bundle:1.4
[INFO] Copying 3 resources from 1 bundle.
[INFO] 
[INFO] --- maven-resources-plugin:3.1.0:resources (default-resources) @ trevni-core ---
[INFO] Using 'UTF-8' encoding to copy filtered resources.
[INFO] skip non existing resourceDirectory /home/target/lang/java/trevni/core/src/main/resources
[INFO] Copying 3 resources
[INFO] 
[INFO] --- maven-compiler-plugin:3.8.1:compile (default-compile) @ trevni-core ---
[INFO] Nothing to compile - all classes are up to date
[INFO] 
[INFO] --- spotless-maven-plugin:2.11.1:check (spotless-check) @ trevni-core ---
[INFO] 
[INFO] --- maven-bundle-plugin:5.1.2:manifest (bundle-manifest) @ trevni-core ---
[WARNING] Ignoring project type jar - supportedProjectTypes = [bundle]
[INFO] 
[INFO] --- maven-resources-plugin:3.1.0:testResources (default-testResources) @ trevni-core ---
[INFO] Using 'UTF-8' encoding to copy filtered resources.
[INFO] skip non existing resourceDirectory /home/target/lang/java/trevni/core/src/test/resources
[INFO] Copying 3 resources
[INFO] 
[INFO] --- maven-compiler-plugin:3.8.1:testCompile (default-testCompile) @ trevni-core ---
[INFO] Nothing to compile - all classes are up to date
[INFO] 
[INFO] --- maven-surefire-plugin:3.0.0-M5:test (default-test) @ trevni-core ---
[INFO] 
[INFO] -------------------------------------------------------
[INFO]  T E S T S
[INFO] -------------------------------------------------------
[INFO] Running org.apache.trevni.TestInputBytes
[INFO] Tests run: 1, Failures: 0, Errors: 0, Skipped: 0, Time elapsed: 25.076 s - in org.apache.trevni.TestInputBytes
[INFO] Running org.apache.trevni.TestColumnFile
[INFO] Tests run: 24, Failures: 0, Errors: 0, Skipped: 0, Time elapsed: 2,189.982 s - in org.apache.trevni.TestColumnFile
[INFO] Running org.apache.trevni.TestIOBuffers
[INFO] Tests run: 22, Failures: 0, Errors: 0, Skipped: 0, Time elapsed: 60.895 s - in org.apache.trevni.TestIOBuffers
[INFO] Running org.apache.trevni.TestAllCodecs
[INFO] Tests run: 8, Failures: 0, Errors: 0, Skipped: 0, Time elapsed: 709.607 s - in org.apache.trevni.TestAllCodecs
[INFO] Running org.apache.trevni.TestUtil
[INFO] Tests run: 1, Failures: 0, Errors: 0, Skipped: 0, Time elapsed: 47.417 s - in org.apache.trevni.TestUtil
[INFO] 
[INFO] Results:
[INFO] 
[INFO] Tests run: 56, Failures: 0, Errors: 0, Skipped: 0
[INFO] 
[INFO] 
[INFO] --- maven-checkstyle-plugin:3.1.2:check (checkstyle-check) @ trevni-core ---
[INFO] Starting audit...
Audit done.
[INFO] You have 0 Checkstyle violations.
[INFO] 
[INFO] --------------------< org.apache.avro:avro-mapred >---------------------
[INFO] Building Apache Avro Mapred API 1.12.0-SNAPSHOT                  [12/24]
[INFO] -------------------------------[ bundle ]-------------------------------
[INFO] 
[INFO] --- maven-enforcer-plugin:3.0.0-M3:enforce (enforce-maven-version) @ avro-mapred ---
[INFO] 
[INFO] --- maven-enforcer-plugin:3.0.0-M3:enforce (default-cli) @ avro-mapred ---
[INFO] Adding ignore: module-info
[INFO] Adding ignore: module-info
[INFO] 
[INFO] --- maven-enforcer-plugin:3.0.0-M3:enforce (enforce) @ avro-mapred ---
[INFO] Adding ignore: module-info
[INFO] 
[INFO] --- maven-enforcer-plugin:3.0.0-M3:enforce (enforce-banned-dependencies) @ avro-mapred ---
[INFO] 
[INFO] --- avro-maven-plugin:1.12.0-SNAPSHOT:schema (default) @ avro-mapred ---
[INFO] 
[INFO] --- avro-maven-plugin:1.12.0-SNAPSHOT:schema (test-schemas) @ avro-mapred ---
[INFO] 
[INFO] --- avro-maven-plugin:1.12.0-SNAPSHOT:protocol (test-schemas) @ avro-mapred ---
[INFO] 
[INFO] --- avro-maven-plugin:1.12.0-SNAPSHOT:protocol (mapred-schema) @ avro-mapred ---
[INFO] 
[INFO] --- build-helper-maven-plugin:3.2.0:add-source (add-source) @ avro-mapred ---
[INFO] Source directory: /home/target/lang/java/mapred/target/generated-sources/java added.
[INFO] 
[INFO] --- maven-remote-resources-plugin:1.7.0:process (process-resource-bundles) @ avro-mapred ---
[INFO] Preparing remote bundle org.apache:apache-jar-resource-bundle:1.4
[INFO] Copying 3 resources from 1 bundle.
[INFO] 
[INFO] --- maven-resources-plugin:3.1.0:resources (default-resources) @ avro-mapred ---
[INFO] Using 'UTF-8' encoding to copy filtered resources.
[INFO] Copying 0 resource
[INFO] Copying 3 resources
[INFO] 
[INFO] --- maven-compiler-plugin:3.8.1:compile (default-compile) @ avro-mapred ---
[INFO] Nothing to compile - all classes are up to date
[INFO] 
[INFO] --- spotless-maven-plugin:2.11.1:check (spotless-check) @ avro-mapred ---
[INFO] 
[INFO] --- maven-bundle-plugin:5.1.2:manifest (bundle-manifest) @ avro-mapred ---
[INFO] 
[INFO] --- build-helper-maven-plugin:3.2.0:add-test-source (add-test-source) @ avro-mapred ---
[INFO] Test Source directory: /home/target/lang/java/mapred/target/generated-test-sources/java added.
[INFO] Test Source directory: /home/target/lang/java/mapred/target/generated-test-sources/avro added.
[INFO] 
[INFO] --- maven-resources-plugin:3.1.0:testResources (default-testResources) @ avro-mapred ---
[INFO] Using 'UTF-8' encoding to copy filtered resources.
[INFO] Copying 5 resources
[INFO] Copying 3 resources
[INFO] 
[INFO] --- maven-compiler-plugin:3.8.1:testCompile (default-testCompile) @ avro-mapred ---
[INFO] Changes detected - recompiling the module!
[INFO] Compiling 64 source files to /home/target/lang/java/mapred/target/test-classes
[WARNING] /home/target/lang/java/mapred/src/test/java/org/apache/avro/hadoop/util/TestAvroCharSequenceComparator.java:[40,5] <T>assertThat(T,org.hamcrest.Matcher<? super T>) in org.junit.Assert has been deprecated
[WARNING] /home/target/lang/java/mapred/src/test/java/org/apache/avro/hadoop/util/TestAvroCharSequenceComparator.java:[41,5] <T>assertThat(T,org.hamcrest.Matcher<? super T>) in org.junit.Assert has been deprecated
[WARNING] /home/target/lang/java/mapred/src/test/java/org/apache/avro/hadoop/util/TestAvroCharSequenceComparator.java:[44,5] <T>assertThat(T,org.hamcrest.Matcher<? super T>) in org.junit.Assert has been deprecated
[WARNING] /home/target/lang/java/mapred/src/test/java/org/apache/avro/hadoop/util/TestAvroCharSequenceComparator.java:[45,5] <T>assertThat(T,org.hamcrest.Matcher<? super T>) in org.junit.Assert has been deprecated
[WARNING] /home/target/lang/java/mapred/src/test/java/org/apache/avro/hadoop/util/TestAvroCharSequenceComparator.java:[48,5] <T>assertThat(T,org.hamcrest.Matcher<? super T>) in org.junit.Assert has been deprecated
[WARNING] /home/target/lang/java/mapred/src/test/java/org/apache/avro/hadoop/util/TestAvroCharSequenceComparator.java:[49,5] <T>assertThat(T,org.hamcrest.Matcher<? super T>) in org.junit.Assert has been deprecated
[WARNING] /home/target/lang/java/mapred/src/test/java/org/apache/avro/hadoop/util/TestAvroCharSequenceComparator.java:[51,5] <T>assertThat(T,org.hamcrest.Matcher<? super T>) in org.junit.Assert has been deprecated
[WARNING] /home/target/lang/java/mapred/src/test/java/org/apache/avro/hadoop/util/TestAvroCharSequenceComparator.java:[52,5] <T>assertThat(T,org.hamcrest.Matcher<? super T>) in org.junit.Assert has been deprecated
[WARNING] /home/target/lang/java/mapred/src/test/java/org/apache/avro/hadoop/util/TestAvroCharSequenceComparator.java:[58,5] <T>assertThat(T,org.hamcrest.Matcher<? super T>) in org.junit.Assert has been deprecated
[WARNING] /home/target/lang/java/mapred/src/test/java/org/apache/avro/hadoop/util/TestAvroCharSequenceComparator.java:[59,5] <T>assertThat(T,org.hamcrest.Matcher<? super T>) in org.junit.Assert has been deprecated
[WARNING] /home/target/lang/java/mapred/src/test/java/org/apache/avro/hadoop/util/TestAvroCharSequenceComparator.java:[62,5] <T>assertThat(T,org.hamcrest.Matcher<? super T>) in org.junit.Assert has been deprecated
[WARNING] /home/target/lang/java/mapred/src/test/java/org/apache/avro/hadoop/util/TestAvroCharSequenceComparator.java:[63,5] <T>assertThat(T,org.hamcrest.Matcher<? super T>) in org.junit.Assert has been deprecated
[WARNING] /home/target/lang/java/mapred/src/test/java/org/apache/avro/hadoop/util/TestAvroCharSequenceComparator.java:[66,5] <T>assertThat(T,org.hamcrest.Matcher<? super T>) in org.junit.Assert has been deprecated
[WARNING] /home/target/lang/java/mapred/src/test/java/org/apache/avro/hadoop/util/TestAvroCharSequenceComparator.java:[67,5] <T>assertThat(T,org.hamcrest.Matcher<? super T>) in org.junit.Assert has been deprecated
[WARNING] /home/target/lang/java/mapred/src/test/java/org/apache/avro/hadoop/util/TestAvroCharSequenceComparator.java:[69,5] <T>assertThat(T,org.hamcrest.Matcher<? super T>) in org.junit.Assert has been deprecated
[WARNING] /home/target/lang/java/mapred/src/test/java/org/apache/avro/hadoop/util/TestAvroCharSequenceComparator.java:[70,5] <T>assertThat(T,org.hamcrest.Matcher<? super T>) in org.junit.Assert has been deprecated
[WARNING] /home/target/lang/java/mapred/src/test/java/org/apache/avro/hadoop/util/TestAvroCharSequenceComparator.java:[76,5] <T>assertThat(T,org.hamcrest.Matcher<? super T>) in org.junit.Assert has been deprecated
[WARNING] /home/target/lang/java/mapred/src/test/java/org/apache/avro/hadoop/util/TestAvroCharSequenceComparator.java:[77,5] <T>assertThat(T,org.hamcrest.Matcher<? super T>) in org.junit.Assert has been deprecated
[WARNING] /home/target/lang/java/mapred/src/test/java/org/apache/avro/hadoop/util/TestAvroCharSequenceComparator.java:[80,5] <T>assertThat(T,org.hamcrest.Matcher<? super T>) in org.junit.Assert has been deprecated
[WARNING] /home/target/lang/java/mapred/src/test/java/org/apache/avro/hadoop/util/TestAvroCharSequenceComparator.java:[81,5] <T>assertThat(T,org.hamcrest.Matcher<? super T>) in org.junit.Assert has been deprecated
[WARNING] /home/target/lang/java/mapred/src/test/java/org/apache/avro/hadoop/util/TestAvroCharSequenceComparator.java:[84,5] <T>assertThat(T,org.hamcrest.Matcher<? super T>) in org.junit.Assert has been deprecated
[WARNING] /home/target/lang/java/mapred/src/test/java/org/apache/avro/hadoop/util/TestAvroCharSequenceComparator.java:[85,5] <T>assertThat(T,org.hamcrest.Matcher<? super T>) in org.junit.Assert has been deprecated
[WARNING] /home/target/lang/java/mapred/src/test/java/org/apache/avro/hadoop/util/TestAvroCharSequenceComparator.java:[87,5] <T>assertThat(T,org.hamcrest.Matcher<? super T>) in org.junit.Assert has been deprecated
[WARNING] /home/target/lang/java/mapred/src/test/java/org/apache/avro/hadoop/util/TestAvroCharSequenceComparator.java:[88,5] <T>assertThat(T,org.hamcrest.Matcher<? super T>) in org.junit.Assert has been deprecated
[WARNING] /home/target/lang/java/mapred/src/test/java/org/apache/avro/mapred/TestAvroMultipleOutputs.java:[62,13] getCollector(java.lang.String,org.apache.hadoop.mapred.Reporter) in org.apache.avro.mapred.AvroMultipleOutputs has been deprecated
[WARNING] /home/target/lang/java/mapred/src/test/java/org/apache/avro/mapred/TestAvroMultipleOutputs.java:[85,11] getCollector(java.lang.String,org.apache.hadoop.mapred.Reporter) in org.apache.avro.mapred.AvroMultipleOutputs has been deprecated
[WARNING] /home/target/lang/java/mapred/src/test/java/org/apache/avro/mapreduce/TestFsInput.java:[76,7] <T>assertThat(T,org.hamcrest.Matcher<? super T>) in org.junit.Assert has been deprecated
[WARNING] /home/target/lang/java/mapred/src/test/java/org/apache/avro/mapreduce/TestFsInput.java:[88,7] <T>assertThat(T,org.hamcrest.Matcher<? super T>) in org.junit.Assert has been deprecated
[WARNING] /home/target/lang/java/mapred/src/test/java/org/apache/avro/mapreduce/TestFsInput.java:[103,5] <T>assertThat(T,org.hamcrest.Matcher<? super T>) in org.junit.Assert has been deprecated
[WARNING] /home/target/lang/java/mapred/src/test/java/org/apache/avro/mapreduce/TestFsInput.java:[104,5] <T>assertThat(T,org.hamcrest.Matcher<? super T>) in org.junit.Assert has been deprecated
[WARNING] /home/target/lang/java/mapred/src/test/java/org/apache/avro/mapreduce/TestFsInput.java:[116,5] <T>assertThat(T,org.hamcrest.Matcher<? super T>) in org.junit.Assert has been deprecated
[WARNING] /home/target/lang/java/mapred/src/test/java/org/apache/avro/mapreduce/TestFsInput.java:[124,5] <T>assertThat(T,org.hamcrest.Matcher<? super T>) in org.junit.Assert has been deprecated
[WARNING] /home/target/lang/java/mapred/src/test/java/org/apache/avro/mapred/TestSequenceFileReader.java:[79,39] Writer(org.apache.hadoop.fs.FileSystem,org.apache.hadoop.conf.Configuration,org.apache.hadoop.fs.Path,java.lang.Class,java.lang.Class) in org.apache.hadoop.io.SequenceFile.Writer has been deprecated
[INFO] /home/target/lang/java/mapred/src/test/java/org/apache/avro/mapred/TestAvroMultipleOutputs.java: Some input files use unchecked or unsafe operations.
[INFO] /home/target/lang/java/mapred/src/test/java/org/apache/avro/mapred/TestAvroMultipleOutputs.java: Recompile with -Xlint:unchecked for details.
[INFO] 
[INFO] --- maven-surefire-plugin:3.0.0-M5:test (default-test) @ avro-mapred ---
[INFO] 
[INFO] -------------------------------------------------------
[INFO]  T E S T S
[INFO] -------------------------------------------------------
[INFO] Running org.apache.avro.hadoop.file.TestHadoopCodecFactory
[INFO] Tests run: 5, Failures: 0, Errors: 0, Skipped: 0, Time elapsed: 117.58 s - in org.apache.avro.hadoop.file.TestHadoopCodecFactory
[INFO] Running org.apache.avro.mapreduce.TestCombineAvroKeyValueFileInputFormat
[INFO] Tests run: 1, Failures: 0, Errors: 0, Skipped: 0, Time elapsed: 3,654.114 s - in org.apache.avro.mapreduce.TestCombineAvroKeyValueFileInputFormat
[INFO] Running org.apache.avro.mapred.TestAvroWrapper
[INFO] Tests run: 1, Failures: 0, Errors: 0, Skipped: 0, Time elapsed: 13.294 s - in org.apache.avro.mapred.TestAvroWrapper
[INFO] Running org.apache.avro.mapreduce.TestAvroKeyRecordWriter
[INFO] Tests run: 2, Failures: 0, Errors: 0, Skipped: 0, Time elapsed: 1,019.13 s - in org.apache.avro.mapreduce.TestAvroKeyRecordWriter
[INFO] Running org.apache.avro.mapred.TestWordCount
[INFO] Tests run: 1, Failures: 0, Errors: 0, Skipped: 0, Time elapsed: 3,127.77 s - in org.apache.avro.mapred.TestWordCount
[INFO] Running org.apache.avro.hadoop.util.TestAvroCharSequenceComparator
[INFO] Tests run: 3, Failures: 0, Errors: 0, Skipped: 0, Time elapsed: 55.395 s - in org.apache.avro.hadoop.util.TestAvroCharSequenceComparator
[INFO] Running org.apache.avro.mapred.TestSequenceFileReader
[INFO] Tests run: 5, Failures: 0, Errors: 0, Skipped: 0, Time elapsed: 8,540.593 s - in org.apache.avro.mapred.TestSequenceFileReader
[INFO] Running org.apache.avro.mapreduce.TestAvroKeyValueRecordReader
[INFO] Tests run: 1, Failures: 0, Errors: 0, Skipped: 0, Time elapsed: 696.423 s - in org.apache.avro.mapreduce.TestAvroKeyValueRecordReader
[INFO] Running org.apache.avro.mapred.TestAvroMultipleInputs
[INFO] Tests run: 1, Failures: 0, Errors: 0, Skipped: 0, Time elapsed: 3,429.359 s - in org.apache.avro.mapred.TestAvroMultipleInputs
[INFO] Running org.apache.avro.hadoop.io.TestAvroKeyDeserializer
[INFO] Tests run: 1, Failures: 0, Errors: 0, Skipped: 0, Time elapsed: 207.15 s - in org.apache.avro.hadoop.io.TestAvroKeyDeserializer
[INFO] Running org.apache.avro.mapred.TestAvroTextOutputFormat
[INFO] Tests run: 1, Failures: 0, Errors: 0, Skipped: 0, Time elapsed: 376.187 s - in org.apache.avro.mapred.TestAvroTextOutputFormat
[INFO] Running org.apache.avro.hadoop.io.TestAvroSerializer
[INFO] Tests run: 1, Failures: 0, Errors: 0, Skipped: 0, Time elapsed: 254.04 s - in org.apache.avro.hadoop.io.TestAvroSerializer
[INFO] Running org.apache.avro.mapred.TestAvroInputFormat
[INFO] Tests run: 1, Failures: 0, Errors: 0, Skipped: 0, Time elapsed: 645.608 s - in org.apache.avro.mapred.TestAvroInputFormat
[INFO] Running org.apache.avro.mapreduce.TestFsInput
[INFO] Tests run: 6, Failures: 0, Errors: 0, Skipped: 0, Time elapsed: 821.295 s - in org.apache.avro.mapreduce.TestFsInput
[INFO] Running org.apache.avro.mapreduce.TestKeyValueWordCount
[INFO] Tests run: 1, Failures: 0, Errors: 0, Skipped: 0, Time elapsed: 2,893.866 s - in org.apache.avro.mapreduce.TestKeyValueWordCount
[INFO] Running org.apache.avro.mapred.TestPair
[INFO] Tests run: 1, Failures: 0, Errors: 0, Skipped: 0, Time elapsed: 256.052 s - in org.apache.avro.mapred.TestPair
[INFO] Running org.apache.avro.mapred.tether.TestWordCountTether
[ERROR] Tests run: 2, Failures: 0, Errors: 2, Skipped: 0, Time elapsed: 5,341.044 s <<< FAILURE! - in org.apache.avro.mapred.tether.TestWordCountTether
[ERROR] org.apache.avro.mapred.tether.TestWordCountTether.testJob  Time elapsed: 3,600.436 s  <<< ERROR!
java.io.IOException: Job failed!
	at org.apache.hadoop.mapred.JobClient.runJob(JobClient.java:876)
	at org.apache.avro.mapred.tether.TetherJob.runJob(TetherJob.java:114)
	at org.apache.avro.mapred.tether.TestWordCountTether._runjob(TestWordCountTether.java:93)
	at org.apache.avro.mapred.tether.TestWordCountTether.testJob(TestWordCountTether.java:118)
	at sun.reflect.NativeMethodAccessorImpl.invoke0(Native Method)
	at sun.reflect.NativeMethodAccessorImpl.invoke(NativeMethodAccessorImpl.java:62)
	at sun.reflect.DelegatingMethodAccessorImpl.invoke(DelegatingMethodAccessorImpl.java:43)
	at java.lang.reflect.Method.invoke(Method.java:498)
	at org.junit.runners.model.FrameworkMethod$1.runReflectiveCall(FrameworkMethod.java:59)
	at org.junit.internal.runners.model.ReflectiveCallable.run(ReflectiveCallable.java:12)
	at org.junit.runners.model.FrameworkMethod.invokeExplosively(FrameworkMethod.java:56)
	at org.junit.internal.runners.statements.InvokeMethod.evaluate(InvokeMethod.java:17)
	at org.junit.rules.ExternalResource$1.evaluate(ExternalResource.java:54)
	at org.junit.rules.ExternalResource$1.evaluate(ExternalResource.java:54)
	at org.junit.runners.ParentRunner$3.evaluate(ParentRunner.java:306)
	at org.junit.runners.BlockJUnit4ClassRunner$1.evaluate(BlockJUnit4ClassRunner.java:100)
	at org.junit.runners.ParentRunner.runLeaf(ParentRunner.java:366)
	at org.junit.runners.BlockJUnit4ClassRunner.runChild(BlockJUnit4ClassRunner.java:103)
	at org.junit.runners.BlockJUnit4ClassRunner.runChild(BlockJUnit4ClassRunner.java:63)
	at org.junit.runners.ParentRunner$4.run(ParentRunner.java:331)
	at org.junit.runners.ParentRunner$1.schedule(ParentRunner.java:79)
	at org.junit.runners.ParentRunner.runChildren(ParentRunner.java:329)
	at org.junit.runners.ParentRunner.access$100(ParentRunner.java:66)
	at org.junit.runners.ParentRunner$2.evaluate(ParentRunner.java:293)
	at org.junit.runners.ParentRunner$3.evaluate(ParentRunner.java:306)
	at org.junit.runners.ParentRunner.run(ParentRunner.java:413)
	at org.junit.runners.Suite.runChild(Suite.java:128)
	at org.junit.runners.Suite.runChild(Suite.java:27)
	at org.junit.runners.ParentRunner$4.run(ParentRunner.java:331)
	at org.junit.runners.ParentRunner$1.schedule(ParentRunner.java:79)
	at org.junit.runners.ParentRunner.runChildren(ParentRunner.java:329)
	at org.junit.runners.ParentRunner.access$100(ParentRunner.java:66)
	at org.junit.runners.ParentRunner$2.evaluate(ParentRunner.java:293)
	at org.junit.runners.ParentRunner$3.evaluate(ParentRunner.java:306)
	at org.junit.runners.ParentRunner.run(ParentRunner.java:413)
	at org.apache.maven.surefire.junitcore.JUnitCore.run(JUnitCore.java:55)
	at org.apache.maven.surefire.junitcore.JUnitCoreWrapper.createRequestAndRun(JUnitCoreWrapper.java:137)
	at org.apache.maven.surefire.junitcore.JUnitCoreWrapper.executeEager(JUnitCoreWrapper.java:107)
	at org.apache.maven.surefire.junitcore.JUnitCoreWrapper.execute(JUnitCoreWrapper.java:83)
	at org.apache.maven.surefire.junitcore.JUnitCoreWrapper.execute(JUnitCoreWrapper.java:75)
	at org.apache.maven.surefire.junitcore.JUnitCoreProvider.invoke(JUnitCoreProvider.java:157)
	at org.apache.maven.surefire.booter.ForkedBooter.runSuitesInProcess(ForkedBooter.java:428)
	at org.apache.maven.surefire.booter.ForkedBooter.execute(ForkedBooter.java:162)
	at org.apache.maven.surefire.booter.ForkedBooter.run(ForkedBooter.java:562)
	at org.apache.maven.surefire.booter.ForkedBooter.main(ForkedBooter.java:548)

[ERROR] org.apache.avro.mapred.tether.TestWordCountTether.testhtp  Time elapsed: 1,740.11 s  <<< ERROR!
java.io.IOException: Job failed!
	at org.apache.hadoop.mapred.JobClient.runJob(JobClient.java:876)
	at org.apache.avro.mapred.tether.TetherJob.runJob(TetherJob.java:114)
	at org.apache.avro.mapred.tether.TestWordCountTether._runjob(TestWordCountTether.java:93)
	at org.apache.avro.mapred.tether.TestWordCountTether.testhtp(TestWordCountTether.java:129)
	at sun.reflect.NativeMethodAccessorImpl.invoke0(Native Method)
	at sun.reflect.NativeMethodAccessorImpl.invoke(NativeMethodAccessorImpl.java:62)
	at sun.reflect.DelegatingMethodAccessorImpl.invoke(DelegatingMethodAccessorImpl.java:43)
	at java.lang.reflect.Method.invoke(Method.java:498)
	at org.junit.runners.model.FrameworkMethod$1.runReflectiveCall(FrameworkMethod.java:59)
	at org.junit.internal.runners.model.ReflectiveCallable.run(ReflectiveCallable.java:12)
	at org.junit.runners.model.FrameworkMethod.invokeExplosively(FrameworkMethod.java:56)
	at org.junit.internal.runners.statements.InvokeMethod.evaluate(InvokeMethod.java:17)
	at org.junit.rules.ExternalResource$1.evaluate(ExternalResource.java:54)
	at org.junit.rules.ExternalResource$1.evaluate(ExternalResource.java:54)
	at org.junit.runners.ParentRunner$3.evaluate(ParentRunner.java:306)
	at org.junit.runners.BlockJUnit4ClassRunner$1.evaluate(BlockJUnit4ClassRunner.java:100)
	at org.junit.runners.ParentRunner.runLeaf(ParentRunner.java:366)
	at org.junit.runners.BlockJUnit4ClassRunner.runChild(BlockJUnit4ClassRunner.java:103)
	at org.junit.runners.BlockJUnit4ClassRunner.runChild(BlockJUnit4ClassRunner.java:63)
	at org.junit.runners.ParentRunner$4.run(ParentRunner.java:331)
	at org.junit.runners.ParentRunner$1.schedule(ParentRunner.java:79)
	at org.junit.runners.ParentRunner.runChildren(ParentRunner.java:329)
	at org.junit.runners.ParentRunner.access$100(ParentRunner.java:66)
	at org.junit.runners.ParentRunner$2.evaluate(ParentRunner.java:293)
	at org.junit.runners.ParentRunner$3.evaluate(ParentRunner.java:306)
	at org.junit.runners.ParentRunner.run(ParentRunner.java:413)
	at org.junit.runners.Suite.runChild(Suite.java:128)
	at org.junit.runners.Suite.runChild(Suite.java:27)
	at org.junit.runners.ParentRunner$4.run(ParentRunner.java:331)
	at org.junit.runners.ParentRunner$1.schedule(ParentRunner.java:79)
	at org.junit.runners.ParentRunner.runChildren(ParentRunner.java:329)
	at org.junit.runners.ParentRunner.access$100(ParentRunner.java:66)
	at org.junit.runners.ParentRunner$2.evaluate(ParentRunner.java:293)
	at org.junit.runners.ParentRunner$3.evaluate(ParentRunner.java:306)
	at org.junit.runners.ParentRunner.run(ParentRunner.java:413)
	at org.apache.maven.surefire.junitcore.JUnitCore.run(JUnitCore.java:55)
	at org.apache.maven.surefire.junitcore.JUnitCoreWrapper.createRequestAndRun(JUnitCoreWrapper.java:137)
	at org.apache.maven.surefire.junitcore.JUnitCoreWrapper.executeEager(JUnitCoreWrapper.java:107)
	at org.apache.maven.surefire.junitcore.JUnitCoreWrapper.execute(JUnitCoreWrapper.java:83)
	at org.apache.maven.surefire.junitcore.JUnitCoreWrapper.execute(JUnitCoreWrapper.java:75)
	at org.apache.maven.surefire.junitcore.JUnitCoreProvider.invoke(JUnitCoreProvider.java:157)
	at org.apache.maven.surefire.booter.ForkedBooter.runSuitesInProcess(ForkedBooter.java:428)
	at org.apache.maven.surefire.booter.ForkedBooter.execute(ForkedBooter.java:162)
	at org.apache.maven.surefire.booter.ForkedBooter.run(ForkedBooter.java:562)
	at org.apache.maven.surefire.booter.ForkedBooter.main(ForkedBooter.java:548)

[INFO] Running org.apache.avro.mapreduce.TestAvroKeyOutputFormat
[INFO] Tests run: 8, Failures: 0, Errors: 0, Skipped: 0, Time elapsed: 1,602.028 s - in org.apache.avro.mapreduce.TestAvroKeyOutputFormat
[INFO] Running org.apache.avro.mapreduce.TestWordCount
[INFO] Tests run: 7, Failures: 0, Errors: 0, Skipped: 0, Time elapsed: 15,979.781 s - in org.apache.avro.mapreduce.TestWordCount
[INFO] Running org.apache.avro.mapred.TestAvroTextSort
[INFO] Tests run: 1, Failures: 0, Errors: 0, Skipped: 0, Time elapsed: 3,424.674 s - in org.apache.avro.mapred.TestAvroTextSort
[INFO] Running org.apache.avro.hadoop.io.TestAvroSequenceFile
[INFO] Tests run: 3, Failures: 0, Errors: 0, Skipped: 0, Time elapsed: 955.916 s - in org.apache.avro.hadoop.io.TestAvroSequenceFile
[INFO] Running org.apache.avro.hadoop.io.TestAvroSerialization
[INFO] Tests run: 7, Failures: 0, Errors: 0, Skipped: 0, Time elapsed: 750.637 s - in org.apache.avro.hadoop.io.TestAvroSerialization
[INFO] Running org.apache.avro.mapred.TestGenericJob
[INFO] Tests run: 1, Failures: 0, Errors: 0, Skipped: 0, Time elapsed: 3,944.538 s - in org.apache.avro.mapred.TestGenericJob
[INFO] Running org.apache.avro.mapreduce.TestAvroKeyInputFormat
[INFO] Tests run: 1, Failures: 0, Errors: 0, Skipped: 0, Time elapsed: 628.492 s - in org.apache.avro.mapreduce.TestAvroKeyInputFormat
[INFO] Running org.apache.avro.mapreduce.TestAvroMultipleOutputsSyncable
[INFO] Tests run: 4, Failures: 0, Errors: 0, Skipped: 0, Time elapsed: 9,091.697 s - in org.apache.avro.mapreduce.TestAvroMultipleOutputsSyncable
[INFO] Running org.apache.avro.mapreduce.TestAvroMultipleOutputs
[INFO] Tests run: 4, Failures: 0, Errors: 0, Skipped: 0, Time elapsed: 9,106.854 s - in org.apache.avro.mapreduce.TestAvroMultipleOutputs
[INFO] Running org.apache.avro.mapreduce.TestAvroKeyRecordReader
[INFO] Tests run: 1, Failures: 0, Errors: 0, Skipped: 0, Time elapsed: 674.396 s - in org.apache.avro.mapreduce.TestAvroKeyRecordReader
[INFO] Running org.apache.avro.mapreduce.TestKeyValueInput
[INFO] Tests run: 2, Failures: 0, Errors: 0, Skipped: 0, Time elapsed: 7,566.866 s - in org.apache.avro.mapreduce.TestKeyValueInput
[INFO] Running org.apache.avro.mapreduce.TestAvroKeyValueRecordWriter
[INFO] Tests run: 3, Failures: 0, Errors: 0, Skipped: 0, Time elapsed: 1,160.568 s - in org.apache.avro.mapreduce.TestAvroKeyValueRecordWriter
[INFO] Running org.apache.avro.mapred.TestAvroMultipleOutputs
[INFO] Tests run: 1, Failures: 0, Errors: 0, Skipped: 0, Time elapsed: 5,404.126 s - in org.apache.avro.mapred.TestAvroMultipleOutputs
[INFO] Running org.apache.avro.hadoop.io.TestAvroDatumConverterFactory
[INFO] Tests run: 11, Failures: 0, Errors: 0, Skipped: 0, Time elapsed: 662.861 s - in org.apache.avro.hadoop.io.TestAvroDatumConverterFactory
[INFO] Running org.apache.avro.mapred.TestReflectJob
[INFO] Tests run: 1, Failures: 0, Errors: 0, Skipped: 0, Time elapsed: 3,384.24 s - in org.apache.avro.mapred.TestReflectJob
[INFO] Running org.apache.avro.mapred.TestAvroOutputFormat
[INFO] Tests run: 9, Failures: 0, Errors: 0, Skipped: 0, Time elapsed: 504.553 s - in org.apache.avro.mapred.TestAvroOutputFormat
[INFO] Running org.apache.avro.mapred.TestWeather
[INFO] Tests run: 2, Failures: 0, Errors: 0, Skipped: 0, Time elapsed: 5,030.324 s - in org.apache.avro.mapred.TestWeather
[INFO] Running org.apache.avro.hadoop.io.TestAvroValueDeserializer
[INFO] Tests run: 1, Failures: 0, Errors: 0, Skipped: 0, Time elapsed: 316.977 s - in org.apache.avro.hadoop.io.TestAvroValueDeserializer
[INFO] Running org.apache.avro.hadoop.file.TestSortedKeyValueFile
[INFO] Tests run: 7, Failures: 0, Errors: 0, Skipped: 0, Time elapsed: 1,544.006 s - in org.apache.avro.hadoop.file.TestSortedKeyValueFile
[INFO] 
[INFO] Results:
[INFO] 
[ERROR] Errors: 
[ERROR]   TestWordCountTether.testJob:118->_runjob:93  IO Job failed!
[ERROR]   TestWordCountTether.testhtp:129->_runjob:93  IO Job failed!
[INFO] 
[ERROR] Tests run: 108, Failures: 0, Errors: 2, Skipped: 0
[INFO] 
[INFO] 
[INFO] ------------------------------------------------------------------------
[INFO] Skipping Trevni Java Avro
[INFO] This project has been banned from the build due to previous failures.
[INFO] ------------------------------------------------------------------------
[INFO] 
[INFO] ---------------------< org.apache.avro:trevni-doc >---------------------
[INFO] Building Trevni Specification 1.12.0-SNAPSHOT                    [13/24]
[INFO] --------------------------------[ pom ]---------------------------------
[INFO] 
[INFO] --- maven-enforcer-plugin:3.0.0-M3:enforce (enforce-maven-version) @ trevni-doc ---
[INFO] 
[INFO] --- maven-enforcer-plugin:3.0.0-M3:enforce (default-cli) @ trevni-doc ---
[INFO] Adding ignore: module-info
[INFO] Adding ignore: module-info
[INFO] 
[INFO] --- maven-enforcer-plugin:3.0.0-M3:enforce (enforce) @ trevni-doc ---
[INFO] Adding ignore: module-info
[INFO] 
[INFO] --- maven-enforcer-plugin:3.0.0-M3:enforce (enforce-banned-dependencies) @ trevni-doc ---
[INFO] 
[INFO] --- maven-remote-resources-plugin:1.7.0:process (process-resource-bundles) @ trevni-doc ---
[INFO] Preparing remote bundle org.apache:apache-jar-resource-bundle:1.4
[INFO] Copying 3 resources from 1 bundle.
[INFO] 
[INFO] --- spotless-maven-plugin:2.11.1:check (spotless-check) @ trevni-doc ---
[INFO] 
[INFO] --- maven-bundle-plugin:5.1.2:manifest (bundle-manifest) @ trevni-doc ---
[WARNING] Ignoring project type pom - supportedProjectTypes = [bundle]
[INFO] 
[INFO] --- maven-checkstyle-plugin:3.1.2:check (checkstyle-check) @ trevni-doc ---
[INFO] Starting audit...
Audit done.
[INFO] You have 0 Checkstyle violations.
[INFO] 
[INFO] ------------------------------------------------------------------------
[INFO] Skipping Apache Avro Tools
[INFO] This project has been banned from the build due to previous failures.
[INFO] ------------------------------------------------------------------------
[INFO] 
[INFO] -------------------< org.apache.avro:avro-protobuf >--------------------
[INFO] Building Apache Avro Protobuf Compatibility 1.12.0-SNAPSHOT      [14/24]
[INFO] -------------------------------[ bundle ]-------------------------------
[INFO] 
[INFO] --- maven-enforcer-plugin:3.0.0-M3:enforce (enforce-maven-version) @ avro-protobuf ---
[INFO] 
[INFO] --- maven-enforcer-plugin:3.0.0-M3:enforce (default-cli) @ avro-protobuf ---
[INFO] Adding ignore: module-info
[INFO] Adding ignore: module-info
[INFO] 
[INFO] --- maven-enforcer-plugin:3.0.0-M3:enforce (enforce) @ avro-protobuf ---
[INFO] Adding ignore: module-info
[INFO] 
[INFO] --- maven-enforcer-plugin:3.0.0-M3:enforce (enforce-banned-dependencies) @ avro-protobuf ---
[INFO] 
[INFO] --- maven-remote-resources-plugin:1.7.0:process (process-resource-bundles) @ avro-protobuf ---
[INFO] Preparing remote bundle org.apache:apache-jar-resource-bundle:1.4
[INFO] Copying 3 resources from 1 bundle.
[INFO] 
[INFO] --- maven-resources-plugin:3.1.0:resources (default-resources) @ avro-protobuf ---
[INFO] Using 'UTF-8' encoding to copy filtered resources.
[INFO] skip non existing resourceDirectory /home/target/lang/java/protobuf/src/main/resources
[INFO] Copying 3 resources
[INFO] 
[INFO] --- maven-compiler-plugin:3.8.1:compile (default-compile) @ avro-protobuf ---
[INFO] Nothing to compile - all classes are up to date
[INFO] 
[INFO] --- spotless-maven-plugin:2.11.1:check (spotless-check) @ avro-protobuf ---
[INFO] 
[INFO] --- maven-bundle-plugin:5.1.2:manifest (bundle-manifest) @ avro-protobuf ---
[INFO] 
[INFO] --- maven-resources-plugin:3.1.0:testResources (default-testResources) @ avro-protobuf ---
[INFO] Using 'UTF-8' encoding to copy filtered resources.
[INFO] skip non existing resourceDirectory /home/target/lang/java/protobuf/src/test/resources
[INFO] Copying 3 resources
[INFO] 
[INFO] --- maven-compiler-plugin:3.8.1:testCompile (default-testCompile) @ avro-protobuf ---
[INFO] Nothing to compile - all classes are up to date
[INFO] 
[INFO] --- maven-surefire-plugin:3.0.0-M5:test (default-test) @ avro-protobuf ---
[INFO] 
[INFO] -------------------------------------------------------
[INFO]  T E S T S
[INFO] -------------------------------------------------------
[INFO] Running org.apache.avro.protobuf.TestProtoConversions
[INFO] Tests run: 8, Failures: 0, Errors: 0, Skipped: 0, Time elapsed: 58.135 s - in org.apache.avro.protobuf.TestProtoConversions
[INFO] Running org.apache.avro.protobuf.TestProtobuf
[INFO] Tests run: 7, Failures: 0, Errors: 0, Skipped: 0, Time elapsed: 430.254 s - in org.apache.avro.protobuf.TestProtobuf
[INFO] 
[INFO] Results:
[INFO] 
[INFO] Tests run: 15, Failures: 0, Errors: 0, Skipped: 0
[INFO] 
[INFO] 
[INFO] --- maven-checkstyle-plugin:3.1.2:check (checkstyle-check) @ avro-protobuf ---
[INFO] Starting audit...
Audit done.
[INFO] You have 0 Checkstyle violations.
[INFO] 
[INFO] --------------------< org.apache.avro:avro-thrift >---------------------
[INFO] Building Apache Avro Thrift Compatibility 1.12.0-SNAPSHOT        [15/24]
[INFO] -------------------------------[ bundle ]-------------------------------
[INFO] 
[INFO] --- maven-enforcer-plugin:3.0.0-M3:enforce (enforce-maven-version) @ avro-thrift ---
[INFO] 
[INFO] --- maven-enforcer-plugin:3.0.0-M3:enforce (default-cli) @ avro-thrift ---
[INFO] Adding ignore: module-info
[INFO] Adding ignore: module-info
[INFO] 
[INFO] --- maven-enforcer-plugin:3.0.0-M3:enforce (enforce) @ avro-thrift ---
[INFO] Adding ignore: module-info
[INFO] 
[INFO] --- maven-enforcer-plugin:3.0.0-M3:enforce (enforce-banned-dependencies) @ avro-thrift ---
[INFO] 
[INFO] --- maven-remote-resources-plugin:1.7.0:process (process-resource-bundles) @ avro-thrift ---
[INFO] Preparing remote bundle org.apache:apache-jar-resource-bundle:1.4
[INFO] Copying 3 resources from 1 bundle.
[INFO] 
[INFO] --- maven-resources-plugin:3.1.0:resources (default-resources) @ avro-thrift ---
[INFO] Using 'UTF-8' encoding to copy filtered resources.
[INFO] skip non existing resourceDirectory /home/target/lang/java/thrift/src/main/resources
[INFO] Copying 3 resources
[INFO] 
[INFO] --- maven-compiler-plugin:3.8.1:compile (default-compile) @ avro-thrift ---
[INFO] Nothing to compile - all classes are up to date
[INFO] 
[INFO] --- spotless-maven-plugin:2.11.1:check (spotless-check) @ avro-thrift ---
[INFO] 
[INFO] --- maven-bundle-plugin:5.1.2:manifest (bundle-manifest) @ avro-thrift ---
[INFO] 
[INFO] --- maven-resources-plugin:3.1.0:testResources (default-testResources) @ avro-thrift ---
[INFO] Using 'UTF-8' encoding to copy filtered resources.
[INFO] skip non existing resourceDirectory /home/target/lang/java/thrift/src/test/resources
[INFO] Copying 3 resources
[INFO] 
[INFO] --- maven-compiler-plugin:3.8.1:testCompile (default-testCompile) @ avro-thrift ---
[INFO] Nothing to compile - all classes are up to date
[INFO] 
[INFO] --- maven-surefire-plugin:3.0.0-M5:test (default-test) @ avro-thrift ---
[INFO] 
[INFO] -------------------------------------------------------
[INFO]  T E S T S
[INFO] -------------------------------------------------------
[INFO] Running org.apache.avro.thrift.TestThrift
[INFO] Tests run: 2, Failures: 0, Errors: 0, Skipped: 0, Time elapsed: 265.116 s - in org.apache.avro.thrift.TestThrift
[INFO] 
[INFO] Results:
[INFO] 
[INFO] Tests run: 2, Failures: 0, Errors: 0, Skipped: 0
[INFO] 
[INFO] 
[INFO] --- maven-checkstyle-plugin:3.1.2:check (checkstyle-check) @ avro-thrift ---
[INFO] Starting audit...
Audit done.
[INFO] You have 0 Checkstyle violations.
[INFO] 
[INFO] ---------------< org.apache.avro:avro-archetypes-parent >---------------
[INFO] Building Apache Avro Maven Archetypes 1.12.0-SNAPSHOT            [16/24]
[INFO] --------------------------------[ pom ]---------------------------------
[INFO] 
[INFO] --- maven-enforcer-plugin:3.0.0-M3:enforce (enforce-maven-version) @ avro-archetypes-parent ---
[INFO] 
[INFO] --- maven-enforcer-plugin:3.0.0-M3:enforce (default-cli) @ avro-archetypes-parent ---
[INFO] Adding ignore: module-info
[INFO] Adding ignore: module-info
[INFO] 
[INFO] --- maven-enforcer-plugin:3.0.0-M3:enforce (enforce) @ avro-archetypes-parent ---
[INFO] Adding ignore: module-info
[INFO] 
[INFO] --- maven-enforcer-plugin:3.0.0-M3:enforce (enforce-banned-dependencies) @ avro-archetypes-parent ---
[INFO] 
[INFO] --- maven-remote-resources-plugin:1.7.0:process (process-resource-bundles) @ avro-archetypes-parent ---
[INFO] Preparing remote bundle org.apache:apache-jar-resource-bundle:1.4
[INFO] Copying 3 resources from 1 bundle.
[INFO] 
[INFO] --- maven-resources-plugin:3.1.0:copy-resources (copy-pom-with-building-version) @ avro-archetypes-parent ---
[INFO] Using 'UTF-8' encoding to copy filtered resources.
[INFO] skip non existing resourceDirectory /home/target/lang/java/archetypes/src/main/pom
[INFO] 
[INFO] --- spotless-maven-plugin:2.11.1:check (spotless-check) @ avro-archetypes-parent ---
[INFO] 
[INFO] --- maven-bundle-plugin:5.1.2:manifest (bundle-manifest) @ avro-archetypes-parent ---
[WARNING] Ignoring project type pom - supportedProjectTypes = [bundle]
[INFO] 
[INFO] --- maven-checkstyle-plugin:3.1.2:check (checkstyle-check) @ avro-archetypes-parent ---
[INFO] Starting audit...
Audit done.
[INFO] You have 0 Checkstyle violations.
[INFO] 
[INFO] ---------------< org.apache.avro:avro-service-archetype >---------------
[INFO] Building Apache Avro Maven Service Archetype 1.12.0-SNAPSHOT     [17/24]
[INFO] --------------------------[ maven-archetype ]---------------------------
[INFO] 
[INFO] --- maven-enforcer-plugin:3.0.0-M3:enforce (enforce-maven-version) @ avro-service-archetype ---
[INFO] 
[INFO] --- maven-enforcer-plugin:3.0.0-M3:enforce (default-cli) @ avro-service-archetype ---
[INFO] Adding ignore: module-info
[INFO] Adding ignore: module-info
[INFO] 
[INFO] --- maven-enforcer-plugin:3.0.0-M3:enforce (enforce) @ avro-service-archetype ---
[INFO] Adding ignore: module-info
[INFO] 
[INFO] --- maven-enforcer-plugin:3.0.0-M3:enforce (enforce-banned-dependencies) @ avro-service-archetype ---
[INFO] 
[INFO] --- maven-remote-resources-plugin:1.7.0:process (process-resource-bundles) @ avro-service-archetype ---
[INFO] Preparing remote bundle org.apache:apache-jar-resource-bundle:1.4
[INFO] Copying 3 resources from 1 bundle.
[INFO] 
[INFO] --- maven-resources-plugin:3.1.0:copy-resources (copy-pom-with-building-version) @ avro-service-archetype ---
[INFO] Using 'UTF-8' encoding to copy filtered resources.
[INFO] Copying 1 resource
[INFO] 
[INFO] --- maven-resources-plugin:3.1.0:resources (default-resources) @ avro-service-archetype ---
[INFO] Using 'UTF-8' encoding to copy filtered resources.
[INFO] Copying 7 resources
[INFO] Copying 1 resource to archetype-resources
[INFO] Copying 3 resources
[INFO] 
[INFO] --- spotless-maven-plugin:2.11.1:check (spotless-check) @ avro-service-archetype ---
[INFO] 
[INFO] --- maven-bundle-plugin:5.1.2:manifest (bundle-manifest) @ avro-service-archetype ---
[WARNING] Ignoring project type maven-archetype - supportedProjectTypes = [bundle]
[INFO] 
[INFO] --- maven-resources-plugin:3.1.0:testResources (default-testResources) @ avro-service-archetype ---
[INFO] Using 'UTF-8' encoding to copy filtered resources.
[INFO] skip non existing resourceDirectory /home/target/lang/java/archetypes/avro-service-archetype/src/test/resources
[INFO] Copying 3 resources
[INFO] 
[INFO] --- maven-checkstyle-plugin:3.1.2:check (checkstyle-check) @ avro-service-archetype ---
[INFO] Starting audit...
Audit done.
[INFO] You have 0 Checkstyle violations.
[INFO] 
[INFO] ---------------------< org.apache.avro:avro-grpc >----------------------
[INFO] Building Apache Avro gRPC 1.12.0-SNAPSHOT                        [18/24]
[INFO] -------------------------------[ bundle ]-------------------------------
Downloading from apache.snapshots: https://repository.apache.org/snapshots/io/grpc/grpc-api/maven-metadata.xml
[INFO] 
[INFO] --- maven-enforcer-plugin:3.0.0-M3:enforce (enforce-maven-version) @ avro-grpc ---
[INFO] 
[INFO] --- maven-enforcer-plugin:3.0.0-M3:enforce (default-cli) @ avro-grpc ---
[INFO] Adding ignore: module-info
[INFO] Adding ignore: module-info
[INFO] 
[INFO] --- maven-enforcer-plugin:3.0.0-M3:enforce (enforce) @ avro-grpc ---
[INFO] Adding ignore: module-info
[INFO] 
[INFO] --- maven-enforcer-plugin:3.0.0-M3:enforce (enforce-banned-dependencies) @ avro-grpc ---
[INFO] 
[INFO] --- avro-maven-plugin:1.12.0-SNAPSHOT:schema (schemas) @ avro-grpc ---
[INFO] 
[INFO] --- avro-maven-plugin:1.12.0-SNAPSHOT:protocol (schemas) @ avro-grpc ---
[INFO] 
[INFO] --- avro-maven-plugin:1.12.0-SNAPSHOT:idl-protocol (schemas) @ avro-grpc ---
[INFO] 
[INFO] --- maven-remote-resources-plugin:1.7.0:process (process-resource-bundles) @ avro-grpc ---
[INFO] Preparing remote bundle org.apache:apache-jar-resource-bundle:1.4
[INFO] Copying 3 resources from 1 bundle.
[INFO] 
[INFO] --- maven-resources-plugin:3.1.0:resources (default-resources) @ avro-grpc ---
[INFO] Using 'UTF-8' encoding to copy filtered resources.
[INFO] skip non existing resourceDirectory /home/target/lang/java/grpc/src/main/velocity
[INFO] Copying 3 resources
[INFO] 
[INFO] --- maven-compiler-plugin:3.8.1:compile (default-compile) @ avro-grpc ---
[INFO] Nothing to compile - all classes are up to date
[INFO] 
[INFO] --- spotless-maven-plugin:2.11.1:check (spotless-check) @ avro-grpc ---
[INFO] 
[INFO] --- maven-bundle-plugin:5.1.2:manifest (bundle-manifest) @ avro-grpc ---
[INFO] 
[INFO] --- maven-resources-plugin:3.1.0:testResources (default-testResources) @ avro-grpc ---
[INFO] Using 'UTF-8' encoding to copy filtered resources.
[INFO] skip non existing resourceDirectory /home/target/lang/java/grpc/src/test/resources
[INFO] Copying 3 resources
[INFO] 
[INFO] --- maven-compiler-plugin:3.8.1:testCompile (default-testCompile) @ avro-grpc ---
[INFO] Changes detected - recompiling the module!
[INFO] Compiling 7 source files to /home/target/lang/java/grpc/target/test-classes
[INFO] /home/target/lang/java/grpc/src/test/java/org/apache/avro/grpc/TestAvroProtocolGrpc.java: /home/target/lang/java/grpc/src/test/java/org/apache/avro/grpc/TestAvroProtocolGrpc.java uses unchecked or unsafe operations.
[INFO] /home/target/lang/java/grpc/src/test/java/org/apache/avro/grpc/TestAvroProtocolGrpc.java: Recompile with -Xlint:unchecked for details.
[INFO] 
[INFO] --- maven-surefire-plugin:3.0.0-M5:test (default-test) @ avro-grpc ---
[INFO] 
[INFO] -------------------------------------------------------
[INFO]  T E S T S
[INFO] -------------------------------------------------------
[INFO] Running org.apache.avro.grpc.TestAvroProtocolGrpc
[INFO] Tests run: 12, Failures: 0, Errors: 0, Skipped: 0, Time elapsed: 3,167.991 s - in org.apache.avro.grpc.TestAvroProtocolGrpc
[INFO] Running org.apache.avro.grpc.TestAvroMarshaller
[INFO] Tests run: 2, Failures: 0, Errors: 0, Skipped: 0, Time elapsed: 361.66 s - in org.apache.avro.grpc.TestAvroMarshaller
[INFO] 
[INFO] Results:
[INFO] 
[INFO] Tests run: 14, Failures: 0, Errors: 0, Skipped: 0
[INFO] 
[INFO] 
[INFO] --- maven-checkstyle-plugin:3.1.2:check (checkstyle-check) @ avro-grpc ---
[INFO] Starting audit...
Audit done.
[INFO] You have 0 Checkstyle violations.
[INFO] 
[INFO] ---------------< org.apache.avro:avro-integration-test >----------------
[INFO] Building Avro Integration Tests 1.12.0-SNAPSHOT                  [19/24]
[INFO] --------------------------------[ pom ]---------------------------------
[INFO] 
[INFO] --- maven-enforcer-plugin:3.0.0-M3:enforce (enforce-maven-version) @ avro-integration-test ---
[INFO] 
[INFO] --- maven-enforcer-plugin:3.0.0-M3:enforce (default-cli) @ avro-integration-test ---
[INFO] Adding ignore: module-info
[INFO] Adding ignore: module-info
[INFO] 
[INFO] --- maven-enforcer-plugin:3.0.0-M3:enforce (enforce) @ avro-integration-test ---
[INFO] Adding ignore: module-info
[INFO] 
[INFO] --- maven-enforcer-plugin:3.0.0-M3:enforce (enforce-banned-dependencies) @ avro-integration-test ---
[INFO] 
[INFO] --- maven-remote-resources-plugin:1.7.0:process (process-resource-bundles) @ avro-integration-test ---
[INFO] Preparing remote bundle org.apache:apache-jar-resource-bundle:1.4
[INFO] Copying 3 resources from 1 bundle.
[INFO] 
[INFO] --- spotless-maven-plugin:2.11.1:check (spotless-check) @ avro-integration-test ---
[INFO] 
[INFO] --- maven-bundle-plugin:5.1.2:manifest (bundle-manifest) @ avro-integration-test ---
[WARNING] Ignoring project type pom - supportedProjectTypes = [bundle]
[INFO] 
[INFO] --- maven-checkstyle-plugin:3.1.2:check (checkstyle-check) @ avro-integration-test ---
[INFO] Starting audit...
Audit done.
[INFO] You have 0 Checkstyle violations.
[INFO] 
[INFO] ------------< org.apache.avro:avro-test-custom-conversions >------------
[INFO] Building Apache Avro Codegen Test dependencies 1.12.0-SNAPSHOT   [20/24]
[INFO] --------------------------------[ jar ]---------------------------------
[INFO] 
[INFO] --- maven-enforcer-plugin:3.0.0-M3:enforce (enforce-maven-version) @ avro-test-custom-conversions ---
[INFO] 
[INFO] --- maven-enforcer-plugin:3.0.0-M3:enforce (default-cli) @ avro-test-custom-conversions ---
[INFO] Adding ignore: module-info
[INFO] Adding ignore: module-info
[INFO] 
[INFO] --- maven-enforcer-plugin:3.0.0-M3:enforce (enforce) @ avro-test-custom-conversions ---
[INFO] Adding ignore: module-info
[INFO] 
[INFO] --- maven-enforcer-plugin:3.0.0-M3:enforce (enforce-banned-dependencies) @ avro-test-custom-conversions ---
[INFO] 
[INFO] --- maven-remote-resources-plugin:1.7.0:process (process-resource-bundles) @ avro-test-custom-conversions ---
[INFO] Preparing remote bundle org.apache:apache-jar-resource-bundle:1.4
[INFO] Copying 3 resources from 1 bundle.
[INFO] 
[INFO] --- maven-resources-plugin:3.1.0:resources (default-resources) @ avro-test-custom-conversions ---
[INFO] Using 'UTF-8' encoding to copy filtered resources.
[INFO] skip non existing resourceDirectory /home/target/lang/java/integration-test/test-custom-conversions/src/main/resources
[INFO] Copying 3 resources
[INFO] 
[INFO] --- maven-compiler-plugin:3.8.1:compile (default-compile) @ avro-test-custom-conversions ---
[INFO] Nothing to compile - all classes are up to date
[INFO] 
[INFO] --- spotless-maven-plugin:2.11.1:check (spotless-check) @ avro-test-custom-conversions ---
[INFO] 
[INFO] --- maven-bundle-plugin:5.1.2:manifest (bundle-manifest) @ avro-test-custom-conversions ---
[WARNING] Ignoring project type jar - supportedProjectTypes = [bundle]
[INFO] 
[INFO] --- maven-resources-plugin:3.1.0:testResources (default-testResources) @ avro-test-custom-conversions ---
[INFO] Using 'UTF-8' encoding to copy filtered resources.
[INFO] skip non existing resourceDirectory /home/target/lang/java/integration-test/test-custom-conversions/src/test/resources
[INFO] Copying 3 resources
[INFO] 
[INFO] --- maven-compiler-plugin:3.8.1:testCompile (default-testCompile) @ avro-test-custom-conversions ---
[INFO] No sources to compile
[INFO] 
[INFO] --- maven-surefire-plugin:3.0.0-M5:test (default-test) @ avro-test-custom-conversions ---
[INFO] 
[INFO] --- maven-checkstyle-plugin:3.1.2:check (checkstyle-check) @ avro-test-custom-conversions ---
[INFO] Starting audit...
Audit done.
[INFO] You have 0 Checkstyle violations.
[INFO] 
[INFO] -----------------< org.apache.avro:avro-codegen-test >------------------
[INFO] Building Apache Avro Codegen Test 1.12.0-SNAPSHOT                [21/24]
[INFO] --------------------------------[ jar ]---------------------------------
[INFO] 
[INFO] --- maven-enforcer-plugin:3.0.0-M3:enforce (enforce-maven-version) @ avro-codegen-test ---
[INFO] 
[INFO] --- maven-enforcer-plugin:3.0.0-M3:enforce (default-cli) @ avro-codegen-test ---
[INFO] Adding ignore: module-info
[INFO] Adding ignore: module-info
[INFO] 
[INFO] --- maven-enforcer-plugin:3.0.0-M3:enforce (enforce) @ avro-codegen-test ---
[INFO] Adding ignore: module-info
[INFO] 
[INFO] --- maven-enforcer-plugin:3.0.0-M3:enforce (enforce-banned-dependencies) @ avro-codegen-test ---
[INFO] 
[INFO] --- maven-remote-resources-plugin:1.7.0:process (process-resource-bundles) @ avro-codegen-test ---
[INFO] Preparing remote bundle org.apache:apache-jar-resource-bundle:1.4
[INFO] Copying 3 resources from 1 bundle.
[INFO] 
[INFO] --- maven-resources-plugin:3.1.0:resources (default-resources) @ avro-codegen-test ---
[INFO] Using 'UTF-8' encoding to copy filtered resources.
[INFO] skip non existing resourceDirectory /home/target/lang/java/integration-test/codegen-test/src/main/resources
[INFO] Copying 3 resources
[INFO] 
[INFO] --- maven-compiler-plugin:3.8.1:compile (default-compile) @ avro-codegen-test ---
[INFO] No sources to compile
[INFO] 
[INFO] --- spotless-maven-plugin:2.11.1:check (spotless-check) @ avro-codegen-test ---
[INFO] 
[INFO] --- maven-bundle-plugin:5.1.2:manifest (bundle-manifest) @ avro-codegen-test ---
[WARNING] Ignoring project type jar - supportedProjectTypes = [bundle]
[INFO] 
[INFO] --- avro-maven-plugin:1.12.0-SNAPSHOT:schema (default) @ avro-codegen-test ---
[INFO] 
[INFO] --- avro-maven-plugin:1.12.0-SNAPSHOT:protocol (default) @ avro-codegen-test ---
[INFO] 
[INFO] --- avro-maven-plugin:1.12.0-SNAPSHOT:idl-protocol (default) @ avro-codegen-test ---
[INFO] 
[INFO] --- build-helper-maven-plugin:3.2.0:add-test-source (add-test-source) @ avro-codegen-test ---
[INFO] Test Source directory: /home/target/lang/java/integration-test/codegen-test/target/generated-test-sources/java added.
[INFO] 
[INFO] --- maven-resources-plugin:3.1.0:testResources (default-testResources) @ avro-codegen-test ---
[INFO] Using 'UTF-8' encoding to copy filtered resources.
[INFO] Copying 13 resources
[INFO] Copying 3 resources
[INFO] 
[INFO] --- maven-compiler-plugin:3.8.1:testCompile (default-testCompile) @ avro-codegen-test ---
[INFO] Changes detected - recompiling the module!
[INFO] Compiling 28 source files to /home/target/lang/java/integration-test/codegen-test/target/test-classes
[INFO] 
[INFO] --- maven-surefire-plugin:3.0.0-M5:test (default-test) @ avro-codegen-test ---
[INFO] 
[INFO] -------------------------------------------------------
[INFO]  T E S T S
[INFO] -------------------------------------------------------
[INFO] Running org.apache.avro.codegentest.TestCustomConversion
[INFO] Tests run: 5, Failures: 0, Errors: 0, Skipped: 0, Time elapsed: 290.709 s - in org.apache.avro.codegentest.TestCustomConversion
[INFO] Running org.apache.avro.codegentest.TestNestedRecordsWithDifferentNamespaces
[INFO] Tests run: 1, Failures: 0, Errors: 0, Skipped: 0, Time elapsed: 279.639 s - in org.apache.avro.codegentest.TestNestedRecordsWithDifferentNamespaces
[INFO] Running org.apache.avro.codegentest.TestNullableLogicalTypes
[INFO] Tests run: 2, Failures: 0, Errors: 0, Skipped: 0, Time elapsed: 248.711 s - in org.apache.avro.codegentest.TestNullableLogicalTypes
[INFO] Running org.apache.avro.codegentest.TestNestedLogicalTypes
[INFO] Tests run: 6, Failures: 0, Errors: 0, Skipped: 0, Time elapsed: 289.423 s - in org.apache.avro.codegentest.TestNestedLogicalTypes
[INFO] Running org.apache.avro.codegentest.TestLogicalTypeForStringType
[INFO] Tests run: 1, Failures: 0, Errors: 0, Skipped: 0, Time elapsed: 281.027 s - in org.apache.avro.codegentest.TestLogicalTypeForStringType
[INFO] Running org.apache.avro.codegentest.TestLogicalTypesWithDefaults
[INFO] Tests run: 3, Failures: 0, Errors: 0, Skipped: 0, Time elapsed: 283.861 s - in org.apache.avro.codegentest.TestLogicalTypesWithDefaults
[INFO] 
[INFO] Results:
[INFO] 
[INFO] Tests run: 18, Failures: 0, Errors: 0, Skipped: 0
[INFO] 
[INFO] 
[INFO] --- maven-checkstyle-plugin:3.1.2:check (checkstyle-check) @ avro-codegen-test ---
[INFO] Starting audit...
Audit done.
[INFO] You have 0 Checkstyle violations.
[INFO] 
[INFO] ---------------------< org.apache.avro:avro-perf >----------------------
[INFO] Building Apache Avro Performance Test Suite 1.12.0-SNAPSHOT      [22/24]
[INFO] --------------------------------[ jar ]---------------------------------
[INFO] 
[INFO] --- maven-enforcer-plugin:3.0.0-M3:enforce (enforce-maven-version) @ avro-perf ---
[INFO] 
[INFO] --- maven-enforcer-plugin:3.0.0-M3:enforce (default-cli) @ avro-perf ---
[INFO] Adding ignore: module-info
[INFO] Adding ignore: module-info
[INFO] 
[INFO] --- maven-enforcer-plugin:3.0.0-M3:enforce (enforce) @ avro-perf ---
[INFO] Adding ignore: module-info
[INFO] 
[INFO] --- maven-enforcer-plugin:3.0.0-M3:enforce (enforce-banned-dependencies) @ avro-perf ---
[INFO] 
[INFO] --- maven-remote-resources-plugin:1.7.0:process (process-resource-bundles) @ avro-perf ---
[INFO] Preparing remote bundle org.apache:apache-jar-resource-bundle:1.4
[INFO] Copying 3 resources from 1 bundle.
[INFO] 
[INFO] --- maven-resources-plugin:3.1.0:resources (default-resources) @ avro-perf ---
[INFO] Using 'UTF-8' encoding to copy filtered resources.
[INFO] skip non existing resourceDirectory /home/target/lang/java/perf/src/main/resources
[INFO] Copying 3 resources
[INFO] 
[INFO] --- maven-compiler-plugin:3.8.1:compile (default-compile) @ avro-perf ---
[INFO] Nothing to compile - all classes are up to date
[INFO] 
[INFO] --- spotless-maven-plugin:2.11.1:check (spotless-check) @ avro-perf ---
[INFO] 
[INFO] --- maven-bundle-plugin:5.1.2:manifest (bundle-manifest) @ avro-perf ---
[WARNING] Ignoring project type jar - supportedProjectTypes = [bundle]
[INFO] 
[INFO] --- maven-resources-plugin:3.1.0:testResources (default-testResources) @ avro-perf ---
[INFO] Using 'UTF-8' encoding to copy filtered resources.
[INFO] skip non existing resourceDirectory /home/target/lang/java/perf/src/test/resources
[INFO] Copying 3 resources
[INFO] 
[INFO] --- maven-compiler-plugin:3.8.1:testCompile (default-testCompile) @ avro-perf ---
[INFO] No sources to compile
[INFO] 
[INFO] --- maven-surefire-plugin:3.0.0-M5:test (default-test) @ avro-perf ---
[INFO] 
[INFO] --- maven-checkstyle-plugin:3.1.2:check (checkstyle-check) @ avro-perf ---
[INFO] Starting audit...
Audit done.
[INFO] You have 0 Checkstyle violations.
[INFO] ------------------------------------------------------------------------
[INFO] Reactor Summary for Apache Avro Toplevel 1.12.0-SNAPSHOT:
[INFO] 
[INFO] Apache Avro Toplevel ............................... SUCCESS [30:17 min]
[INFO] Apache Avro Java ................................... SUCCESS [20:29 min]
[INFO] Apache Avro ........................................ SUCCESS [  12:26 h]
[INFO] Apache Avro Android Compatibility .................. SUCCESS [10:47 min]
[INFO] Apache Avro Compiler ............................... SUCCESS [  07:18 h]
[INFO] Apache Avro Maven Plugin ........................... SUCCESS [  02:19 h]
[INFO] Apache Avro IPC .................................... SUCCESS [  10:52 h]
[INFO] Apache Avro IPC Jetty .............................. SUCCESS [  04:06 h]
[INFO] Apache Avro IPC Netty .............................. SUCCESS [  18:50 h]
[INFO] Trevni Java ........................................ SUCCESS [01:39 min]
[INFO] Trevni Java Core ................................... SUCCESS [  01:20 h]
[INFO] Apache Avro Mapred API ............................. FAILURE [1 d 10:47 h]
[INFO] Trevni Java Avro ................................... SKIPPED
[INFO] Trevni Specification ............................... SUCCESS [01:08 min]
[INFO] Apache Avro Tools .................................. SKIPPED
[INFO] Apache Avro Protobuf Compatibility ................. SUCCESS [30:06 min]
[INFO] Apache Avro Thrift Compatibility ................... SUCCESS [18:21 min]
[INFO] Apache Avro Maven Archetypes ....................... SUCCESS [13:20 min]
[INFO] Apache Avro Maven Service Archetype ................ SUCCESS [03:30 min]
[INFO] Apache Avro gRPC ................................... SUCCESS [  01:37 h]
[INFO] Avro Integration Tests ............................. SUCCESS [01:25 min]
[INFO] Apache Avro Codegen Test dependencies .............. SUCCESS [03:11 min]
[INFO] Apache Avro Codegen Test ........................... SUCCESS [38:47 min]
[INFO] Apache Avro Performance Test Suite ................. SUCCESS [27:23 min]
[INFO] ------------------------------------------------------------------------
[INFO] BUILD FAILURE
[INFO] ------------------------------------------------------------------------
[INFO] Total time:  4 d 01:22 h
[INFO] Finished at: 2021-11-16T06:18:56Z
[INFO] ------------------------------------------------------------------------
[ERROR] Failed to execute goal org.apache.maven.plugins:maven-surefire-plugin:3.0.0-M5:test (default-test) on project avro-mapred: There are test failures.
[ERROR] 
[ERROR] Please refer to /home/target/lang/java/mapred/target/surefire-reports for the individual test results.
[ERROR] Please refer to dump files (if any exist) [date].dump, [date]-jvmRun[N].dump and [date].dumpstream.
[ERROR] -> [Help 1]
[ERROR] 
[ERROR] To see the full stack trace of the errors, re-run Maven with the -e switch.
[ERROR] Re-run Maven using the -X switch to enable full debug logging.
[ERROR] 
[ERROR] For more information about the errors and possible solutions, please read the following articles:
[ERROR] [Help 1] http://cwiki.apache.org/confluence/display/MAVEN/MojoFailureException
[ERROR] 
[ERROR] After correcting the problems, you can resume the build with the command
[ERROR]   mvn <args> -rf :avro-mapred
{'error': True, 'log_file': 'output-2021-11-12T04:43:09-4009.log', 'message': '', 'start_time': '2021-11-12T04:43:09', 'end_time': '2021-11-12T04:49:01', 'command': ['mvn', '-fae', 'test'], 'faketime_str': '+0 x1000.0', 'timezone': datetime.timezone(datetime.timedelta(0), 'UTC')}
