[INFO] Scanning for projects...
[INFO] ------------------------------------------------------------------------
[INFO] Reactor Build Order:
[INFO] 
[INFO] Apache Avro Toplevel                                               [pom]
[INFO] Apache Avro Java                                                   [pom]
[INFO] Apache Avro                                                     [bundle]
[INFO] Apache Avro Android Compatibility                                  [jar]
[INFO] Apache Avro Compiler                                            [bundle]
[INFO] Apache Avro Maven Plugin                                  [maven-plugin]
[INFO] Apache Avro IPC                                                 [bundle]
[INFO] Apache Avro IPC Jetty                                           [bundle]
[INFO] Apache Avro IPC Netty                                           [bundle]
[INFO] Trevni Java                                                        [pom]
[INFO] Trevni Java Core                                                   [jar]
[INFO] Apache Avro Mapred API                                          [bundle]
[INFO] Trevni Java Avro                                                   [jar]
[INFO] Trevni Specification                                               [pom]
[INFO] Apache Avro Tools                                                  [jar]
[INFO] Apache Avro Protobuf Compatibility                              [bundle]
[INFO] Apache Avro Thrift Compatibility                                [bundle]
[INFO] Apache Avro Maven Archetypes                                       [pom]
[INFO] Apache Avro Maven Service Archetype                    [maven-archetype]
[INFO] Apache Avro gRPC                                                [bundle]
[INFO] Avro Integration Tests                                             [pom]
[INFO] Apache Avro Codegen Test dependencies                              [jar]
[INFO] Apache Avro Codegen Test                                           [jar]
[INFO] Apache Avro Performance Test Suite                                 [jar]
[INFO] 
[INFO] -------------------< org.apache.avro:avro-toplevel >--------------------
[INFO] Building Apache Avro Toplevel 1.12.0-SNAPSHOT                     [1/24]
[INFO] --------------------------------[ pom ]---------------------------------
[INFO] 
[INFO] --- maven-enforcer-plugin:3.0.0-M3:enforce (enforce-maven-version) @ avro-toplevel ---
[INFO] 
[INFO] --- maven-enforcer-plugin:3.0.0-M3:enforce (default-cli) @ avro-toplevel ---
[INFO] Adding ignore: module-info
[INFO] Adding ignore: module-info
[INFO] 
[INFO] --- maven-enforcer-plugin:3.0.0-M3:enforce (enforce) @ avro-toplevel ---
[INFO] Adding ignore: module-info
[INFO] 
[INFO] --- maven-enforcer-plugin:3.0.0-M3:enforce (enforce-banned-dependencies) @ avro-toplevel ---
[INFO] 
[INFO] --- maven-remote-resources-plugin:1.7.0:process (process-resource-bundles) @ avro-toplevel ---
[INFO] Preparing remote bundle org.apache:apache-jar-resource-bundle:1.4
[INFO] Copying 3 resources from 1 bundle.
[INFO] 
[INFO] --- apache-rat-plugin:0.13:check (default) @ avro-toplevel ---
[INFO] Added 1 additional default licenses.
[INFO] Enabled default license matchers.
[INFO] Will parse SCM ignores for exclusions...
[INFO] Parsing exclusions from /home/target/.gitignore
[INFO] Finished adding exclusions from SCM ignore files.
[INFO] 87 implicit excludes (use -debug for more details).
[INFO] 124 explicit excludes (use -debug for more details).
[INFO] 1421 resources included (use -debug for more details)
[INFO] Rat check: Summary over all files. Unapproved: 0, unknown: 0, generated: 0, approved: 1364 licenses.
[INFO] 
[INFO] --------------------< org.apache.avro:avro-parent >---------------------
[INFO] Building Apache Avro Java 1.12.0-SNAPSHOT                         [2/24]
[INFO] --------------------------------[ pom ]---------------------------------
[INFO] 
[INFO] --- maven-enforcer-plugin:3.0.0-M3:enforce (enforce-maven-version) @ avro-parent ---
[INFO] 
[INFO] --- maven-enforcer-plugin:3.0.0-M3:enforce (default-cli) @ avro-parent ---
[INFO] Adding ignore: module-info
[INFO] Adding ignore: module-info
[INFO] 
[INFO] --- maven-enforcer-plugin:3.0.0-M3:enforce (enforce) @ avro-parent ---
[INFO] Adding ignore: module-info
[INFO] 
[INFO] --- maven-enforcer-plugin:3.0.0-M3:enforce (enforce-banned-dependencies) @ avro-parent ---
[INFO] 
[INFO] --- maven-remote-resources-plugin:1.7.0:process (process-resource-bundles) @ avro-parent ---
[INFO] Preparing remote bundle org.apache:apache-jar-resource-bundle:1.4
[INFO] Copying 3 resources from 1 bundle.
[INFO] 
[INFO] --- spotless-maven-plugin:2.11.1:check (spotless-check) @ avro-parent ---
[INFO] 
[INFO] --- maven-bundle-plugin:5.1.2:manifest (bundle-manifest) @ avro-parent ---
[WARNING] Ignoring project type pom - supportedProjectTypes = [bundle]
[INFO] 
[INFO] --- maven-checkstyle-plugin:3.1.2:check (checkstyle-check) @ avro-parent ---
[INFO] Starting audit...
Audit done.
[INFO] You have 0 Checkstyle violations.
[INFO] 
[INFO] ------------------------< org.apache.avro:avro >------------------------
[INFO] Building Apache Avro 1.12.0-SNAPSHOT                              [3/24]
[INFO] -------------------------------[ bundle ]-------------------------------
[INFO] 
[INFO] --- maven-enforcer-plugin:3.0.0-M3:enforce (enforce-maven-version) @ avro ---
[INFO] 
[INFO] --- maven-enforcer-plugin:3.0.0-M3:enforce (default-cli) @ avro ---
[INFO] Adding ignore: module-info
[INFO] Adding ignore: module-info
[INFO] 
[INFO] --- maven-enforcer-plugin:3.0.0-M3:enforce (enforce) @ avro ---
[INFO] Adding ignore: module-info
[INFO] 
[INFO] --- maven-enforcer-plugin:3.0.0-M3:enforce (enforce-banned-dependencies) @ avro ---
[INFO] 
[INFO] --- maven-remote-resources-plugin:1.7.0:process (process-resource-bundles) @ avro ---
[INFO] Preparing remote bundle org.apache:apache-jar-resource-bundle:1.4
[INFO] Copying 3 resources from 1 bundle.
[INFO] 
[INFO] --- maven-resources-plugin:3.1.0:resources (default-resources) @ avro ---
[INFO] Using 'UTF-8' encoding to copy filtered resources.
[INFO] Copying 1 resource
[INFO] Copying 3 resources
[INFO] 
[INFO] --- maven-compiler-plugin:3.8.1:compile (default-compile) @ avro ---
[INFO] Nothing to compile - all classes are up to date
[INFO] 
[INFO] --- spotless-maven-plugin:2.11.1:check (spotless-check) @ avro ---
[INFO] 
[INFO] --- maven-bundle-plugin:5.1.2:manifest (bundle-manifest) @ avro ---
[INFO] 
[INFO] --- maven-resources-plugin:3.1.0:testResources (default-testResources) @ avro ---
[INFO] Using 'UTF-8' encoding to copy filtered resources.
[INFO] Copying 5 resources
[INFO] Copying 3 resources
[INFO] 
[INFO] --- maven-compiler-plugin:3.8.1:testCompile (default-testCompile) @ avro ---
[INFO] Nothing to compile - all classes are up to date
[INFO] 
[INFO] --- maven-surefire-plugin:3.0.0-M5:test (default-test) @ avro ---
[INFO] 
[INFO] -------------------------------------------------------
[INFO]  T E S T S
[INFO] -------------------------------------------------------
[INFO] Running org.apache.avro.TestUnionSelfReference
[INFO] Tests run: 2, Failures: 0, Errors: 0, Skipped: 0, Time elapsed: 7,882 s - in org.apache.avro.TestUnionSelfReference
[INFO] Running org.apache.avro.TestReadingWritingDataInEvolvedSchemas
[INFO] Tests run: 50, Failures: 0, Errors: 0, Skipped: 0, Time elapsed: 141,222 s - in org.apache.avro.TestReadingWritingDataInEvolvedSchemas
[INFO] Running org.apache.avro.util.TestCaseFinder$NonParameterized
[INFO] Tests run: 4, Failures: 0, Errors: 0, Skipped: 0, Time elapsed: 34,530 s - in org.apache.avro.util.TestCaseFinder$NonParameterized
[INFO] Running org.apache.avro.util.TestCaseFinder$SimpleCases
[INFO] Tests run: 14, Failures: 0, Errors: 0, Skipped: 0, Time elapsed: 322 s - in org.apache.avro.util.TestCaseFinder$SimpleCases
[INFO] Running org.apache.avro.reflect.TestReflectAllowNulls
[INFO] Tests run: 3, Failures: 0, Errors: 0, Skipped: 0, Time elapsed: 804 s - in org.apache.avro.reflect.TestReflectAllowNulls
[INFO] Running org.apache.avro.TestSchemaCompatibilityMultiple
[INFO] Tests run: 1, Failures: 0, Errors: 0, Skipped: 0, Time elapsed: 206,484 s - in org.apache.avro.TestSchemaCompatibilityMultiple
[INFO] Running org.apache.avro.TestLogicalType
[INFO] Tests run: 20, Failures: 0, Errors: 0, Skipped: 0, Time elapsed: 80,724 s - in org.apache.avro.TestLogicalType
[INFO] Running org.apache.avro.generic.TestGenericConcreteEnum
[INFO] Tests run: 2, Failures: 0, Errors: 0, Skipped: 0, Time elapsed: 16,302 s - in org.apache.avro.generic.TestGenericConcreteEnum
[INFO] Running org.apache.avro.TestSchemaNormalization$TestFingerprintInternationalization
[INFO] Tests run: 26, Failures: 0, Errors: 0, Skipped: 0, Time elapsed: 136,698 s - in org.apache.avro.TestSchemaNormalization$TestFingerprintInternationalization
[INFO] Running org.apache.avro.TestSchemaNormalization$TestFingerprint
[INFO] Tests run: 26, Failures: 0, Errors: 0, Skipped: 0, Time elapsed: 90,958 s - in org.apache.avro.TestSchemaNormalization$TestFingerprint
[INFO] Running org.apache.avro.TestSchemaNormalization$TestCanonical
[INFO] Tests run: 34, Failures: 0, Errors: 0, Skipped: 0, Time elapsed: 231,888 s - in org.apache.avro.TestSchemaNormalization$TestCanonical
[INFO] Running org.apache.avro.generic.TestGenericData
[INFO] Tests run: 34, Failures: 0, Errors: 0, Skipped: 0, Time elapsed: 894 s - in org.apache.avro.generic.TestGenericData
[INFO] Running org.apache.avro.io.TestBlockingIO
[INFO] Tests run: 376, Failures: 0, Errors: 0, Skipped: 0, Time elapsed: 483,004 s - in org.apache.avro.io.TestBlockingIO
[INFO] Running org.apache.avro.TestSchemaCompatibilityNameMismatch
[INFO] Tests run: 4, Failures: 0, Errors: 0, Skipped: 0, Time elapsed: 768 s - in org.apache.avro.TestSchemaCompatibilityNameMismatch
[INFO] Running org.apache.avro.TestDataFileCorruption
[INFO] Tests run: 1, Failures: 0, Errors: 0, Skipped: 0, Time elapsed: 356 s - in org.apache.avro.TestDataFileCorruption
[INFO] Running org.apache.avro.file.TestZstandardCodec
[INFO] Tests run: 1, Failures: 0, Errors: 0, Skipped: 0, Time elapsed: 368 s - in org.apache.avro.file.TestZstandardCodec
[INFO] Running org.apache.avro.TestDecimalConversion
[INFO] Tests run: 16, Failures: 0, Errors: 0, Skipped: 0, Time elapsed: 568 s - in org.apache.avro.TestDecimalConversion
[INFO] Running org.apache.avro.TestSchemaCompatibilityMissingUnionBranch
[INFO] Tests run: 17, Failures: 0, Errors: 0, Skipped: 0, Time elapsed: 532 s - in org.apache.avro.TestSchemaCompatibilityMissingUnionBranch
[INFO] Running org.apache.avro.io.TestValidatingIO
[INFO] Tests run: 972, Failures: 0, Errors: 0, Skipped: 0, Time elapsed: -1,958,419.296 s - in org.apache.avro.io.TestValidatingIO
[INFO] Running org.apache.avro.file.TestSeekableByteArrayInput
[INFO] Tests run: 1, Failures: 0, Errors: 0, Skipped: 0, Time elapsed: 182 s - in org.apache.avro.file.TestSeekableByteArrayInput
[INFO] Running org.apache.avro.io.TestResolvingIO
[INFO] Tests run: 816, Failures: 0, Errors: 0, Skipped: 0, Time elapsed: -1,383,127.296 s - in org.apache.avro.io.TestResolvingIO
[INFO] Running org.apache.avro.TestSchemaBuilder
[INFO] Tests run: 41, Failures: 0, Errors: 0, Skipped: 0, Time elapsed: 148,852 s - in org.apache.avro.TestSchemaBuilder
[INFO] Running org.apache.avro.data.TestTimeConversions
[INFO] Tests run: 10, Failures: 0, Errors: 0, Skipped: 0, Time elapsed: 3,818 s - in org.apache.avro.data.TestTimeConversions
[INFO] Running org.apache.avro.specific.TestSpecificData
[INFO] Tests run: 8, Failures: 0, Errors: 0, Skipped: 0, Time elapsed: 29,012 s - in org.apache.avro.specific.TestSpecificData
[INFO] Running org.apache.avro.reflect.TestReflectionUtil
[INFO] Tests run: 2, Failures: 0, Errors: 0, Skipped: 0, Time elapsed: 129,022 s - in org.apache.avro.reflect.TestReflectionUtil
[INFO] Running org.apache.avro.file.TestIOExceptionDuringWrite
[INFO] Tests run: 1, Failures: 0, Errors: 0, Skipped: 0, Time elapsed: 113,970 s - in org.apache.avro.file.TestIOExceptionDuringWrite
[INFO] Running org.apache.avro.reflect.TestNonStringMapKeys
[INFO] Tests run: 3, Failures: 0, Errors: 0, Skipped: 0, Time elapsed: 244,148 s - in org.apache.avro.reflect.TestNonStringMapKeys
[INFO] Running org.apache.avro.TestSchema
[INFO] Tests run: 37, Failures: 0, Errors: 0, Skipped: 0, Time elapsed: 211,956 s - in org.apache.avro.TestSchema
[INFO] Running org.apache.avro.TestSchemaCompatibilityFixedSizeMismatch
[INFO] Tests run: 4, Failures: 0, Errors: 0, Skipped: 0, Time elapsed: 154 s - in org.apache.avro.TestSchemaCompatibilityFixedSizeMismatch
[INFO] Running org.apache.avro.io.TestBlockingIO2
[INFO] Tests run: 84, Failures: 0, Errors: 0, Skipped: 0, Time elapsed: 97,106 s - in org.apache.avro.io.TestBlockingIO2
[INFO] Running org.apache.avro.reflect.TestReflectData
[INFO] Tests run: 5, Failures: 0, Errors: 0, Skipped: 0, Time elapsed: -119,353.296 s - in org.apache.avro.reflect.TestReflectData
[INFO] Running org.apache.avro.util.TestUtf8
[INFO] Tests run: 4, Failures: 0, Errors: 0, Skipped: 0, Time elapsed: 200 s - in org.apache.avro.util.TestUtf8
[INFO] Running org.apache.avro.TestSchemaCompatibility
[INFO] Tests run: 11, Failures: 0, Errors: 0, Skipped: 0, Time elapsed: 37,466 s - in org.apache.avro.TestSchemaCompatibility
[INFO] Running org.apache.avro.util.internal.TestClassValueCache
[INFO] Tests run: 1, Failures: 0, Errors: 0, Skipped: 0, Time elapsed: 360 s - in org.apache.avro.util.internal.TestClassValueCache
[INFO] Running org.apache.avro.specific.TestSpecificToFromByteArray
[INFO] Tests run: 4, Failures: 0, Errors: 0, Skipped: 0, Time elapsed: 45,934 s - in org.apache.avro.specific.TestSpecificToFromByteArray
[INFO] Running org.apache.avro.TestSchemaWarnings
[INFO] Tests run: 2, Failures: 0, Errors: 0, Skipped: 0, Time elapsed: 222 s - in org.apache.avro.TestSchemaWarnings
[INFO] Running org.apache.avro.io.TestBinaryEncoderFidelity
[INFO] Tests run: 3, Failures: 0, Errors: 0, Skipped: 0, Time elapsed: 278 s - in org.apache.avro.io.TestBinaryEncoderFidelity
[INFO] Running org.apache.avro.TestCircularReferences
[INFO] Tests run: 1, Failures: 0, Errors: 0, Skipped: 0, Time elapsed: 20 s - in org.apache.avro.TestCircularReferences
[INFO] Running org.apache.avro.TestSchemaValidation
[INFO] Tests run: 15, Failures: 0, Errors: 0, Skipped: 0, Time elapsed: 70,346 s - in org.apache.avro.TestSchemaValidation
[INFO] Running org.apache.avro.reflect.TestByteBuffer
[INFO] Tests run: 1, Failures: 0, Errors: 0, Skipped: 0, Time elapsed: 756,186 s - in org.apache.avro.reflect.TestByteBuffer
[INFO] Running org.apache.avro.TestDataFileConcat
[INFO] Tests run: 10, Failures: 0, Errors: 0, Skipped: 0, Time elapsed: 953,023.408 s - in org.apache.avro.TestDataFileConcat
[INFO] Running org.apache.avro.TestNestedRecords
[INFO] Tests run: 2, Failures: 0, Errors: 0, Skipped: 0, Time elapsed: 14 s - in org.apache.avro.TestNestedRecords
[INFO] Running org.apache.avro.reflect.TestReflectLogicalTypes
[WARNING] Tests run: 17, Failures: 0, Errors: 0, Skipped: 1, Time elapsed: 128,802 s - in org.apache.avro.reflect.TestReflectLogicalTypes
[INFO] Running org.apache.avro.io.TestJsonDecoder
[INFO] Tests run: 5, Failures: 0, Errors: 0, Skipped: 0, Time elapsed: 155,704 s - in org.apache.avro.io.TestJsonDecoder
[INFO] Running org.apache.avro.io.TestBinaryDecoder
[INFO] Tests run: 56, Failures: 0, Errors: 0, Skipped: 0, Time elapsed: 425,888 s - in org.apache.avro.io.TestBinaryDecoder
[INFO] Running org.apache.avro.message.TestBinaryMessageEncoding
[INFO] Tests run: 13, Failures: 0, Errors: 0, Skipped: 0, Time elapsed: 246 s - in org.apache.avro.message.TestBinaryMessageEncoding
[INFO] Running org.apache.avro.TestProtocol
[INFO] Tests run: 2, Failures: 0, Errors: 0, Skipped: 0, Time elapsed: 180 s - in org.apache.avro.TestProtocol
[INFO] Running org.apache.avro.TestDataFileReader
[INFO] Tests run: 6, Failures: 0, Errors: 0, Skipped: 0, Time elapsed: 73,834 s - in org.apache.avro.TestDataFileReader
[INFO] Running org.apache.avro.io.TestResolvingIOResolving
[INFO] Tests run: 192, Failures: 0, Errors: 0, Skipped: 0, Time elapsed: 286,902 s - in org.apache.avro.io.TestResolvingIOResolving
[INFO] Running org.apache.avro.generic.TestGenericDatumWriter
[INFO] Tests run: 9, Failures: 0, Errors: 0, Skipped: 0, Time elapsed: 288 s - in org.apache.avro.generic.TestGenericDatumWriter
[INFO] Running org.apache.avro.TestSchemaCompatibilityReaderFieldMissingDefaultValue
[INFO] Tests run: 2, Failures: 0, Errors: 0, Skipped: 0, Time elapsed: 168 s - in org.apache.avro.TestSchemaCompatibilityReaderFieldMissingDefaultValue
[INFO] Running org.apache.avro.reflect.TestReflectDatumReader
[INFO] Tests run: 2, Failures: 0, Errors: 0, Skipped: 0, Time elapsed: 468 s - in org.apache.avro.reflect.TestReflectDatumReader
[INFO] Running org.apache.avro.generic.TestGenericLogicalTypes
[INFO] Tests run: 17, Failures: 0, Errors: 0, Skipped: 0, Time elapsed: 149,798 s - in org.apache.avro.generic.TestGenericLogicalTypes
[INFO] Running org.apache.avro.TestDataFile
[INFO] Tests run: 60, Failures: 0, Errors: 0, Skipped: 0, Time elapsed: -1,084,722.592 s - in org.apache.avro.TestDataFile
[INFO] Running org.apache.avro.generic.TestGenericRecordBuilder
[INFO] Tests run: 4, Failures: 0, Errors: 0, Skipped: 0, Time elapsed: 2,238 s - in org.apache.avro.generic.TestGenericRecordBuilder
[INFO] Running org.apache.avro.io.TestEncoders
[INFO] Tests run: 20, Failures: 0, Errors: 0, Skipped: 0, Time elapsed: 116,404 s - in org.apache.avro.io.TestEncoders
[INFO] Running org.apache.avro.TestSchemaCompatibilityMissingEnumSymbols
[INFO] Tests run: 3, Failures: 0, Errors: 0, Skipped: 0, Time elapsed: 1,242 s - in org.apache.avro.TestSchemaCompatibilityMissingEnumSymbols
[INFO] Running org.apache.avro.file.TestAllCodecs
[INFO] Tests run: 12, Failures: 0, Errors: 0, Skipped: 0, Time elapsed: -1,290,275.296 s - in org.apache.avro.file.TestAllCodecs
[INFO] Running org.apache.avro.TestDataFileMeta
[INFO] Tests run: 4, Failures: 0, Errors: 0, Skipped: 0, Time elapsed: 18 s - in org.apache.avro.TestDataFileMeta
[INFO] Running org.apache.avro.TestDataFileReflect
[INFO] Tests run: 4, Failures: 0, Errors: 0, Skipped: 0, Time elapsed: 150 s - in org.apache.avro.TestDataFileReflect
[INFO] Running org.apache.avro.generic.TestSkipEnumSchema
[INFO] Tests run: 1, Failures: 0, Errors: 0, Skipped: 0, Time elapsed: 19,036 s - in org.apache.avro.generic.TestSkipEnumSchema
[INFO] Running org.apache.avro.file.TestCustomCodec
[INFO] Tests run: 1, Failures: 0, Errors: 0, Skipped: 0, Time elapsed: 166 s - in org.apache.avro.file.TestCustomCodec
[INFO] Running org.apache.avro.TestDataFileDeflate
[INFO] Tests run: 1, Failures: 0, Errors: 0, Skipped: 0, Time elapsed: 292 s - in org.apache.avro.TestDataFileDeflate
[INFO] Running org.apache.avro.TestDataFileCustomSync
[INFO] Tests run: 3, Failures: 0, Errors: 0, Skipped: 0, Time elapsed: 142 s - in org.apache.avro.TestDataFileCustomSync
[INFO] Running org.apache.avro.TestSchemaCompatibilityTypeMismatch
[INFO] Tests run: 29, Failures: 0, Errors: 0, Skipped: 0, Time elapsed: 440 s - in org.apache.avro.TestSchemaCompatibilityTypeMismatch
[INFO] Running org.apache.avro.TestFixed
[INFO] Tests run: 1, Failures: 0, Errors: 0, Skipped: 0, Time elapsed: 92 s - in org.apache.avro.TestFixed
[INFO] Running org.apache.avro.util.internal.TestJacksonUtils
[INFO] Tests run: 2, Failures: 0, Errors: 0, Skipped: 0, Time elapsed: 158 s - in org.apache.avro.util.internal.TestJacksonUtils
[INFO] Running org.apache.avro.reflect.TestReflect
[INFO] Tests run: 74, Failures: 0, Errors: 0, Skipped: 0, Time elapsed: 505,928 s - in org.apache.avro.reflect.TestReflect
[INFO] Running org.apache.avro.io.parsing.TestResolvingGrammarGenerator2
[INFO] Tests run: 7, Failures: 0, Errors: 0, Skipped: 0, Time elapsed: 150,878 s - in org.apache.avro.io.parsing.TestResolvingGrammarGenerator2
[INFO] Running org.apache.avro.TestSchemaCompatibilityEnumDefaults
[INFO] Tests run: 5, Failures: 0, Errors: 0, Skipped: 0, Time elapsed: 22,866 s - in org.apache.avro.TestSchemaCompatibilityEnumDefaults
[INFO] Running org.apache.avro.io.TestBinaryData
[INFO] Tests run: 1, Failures: 0, Errors: 0, Skipped: 0, Time elapsed: 1,456 s - in org.apache.avro.io.TestBinaryData
[INFO] Running org.apache.avro.io.parsing.TestResolvingGrammarGenerator
[INFO] Tests run: 32, Failures: 0, Errors: 0, Skipped: 0, Time elapsed: 71,424 s - in org.apache.avro.io.parsing.TestResolvingGrammarGenerator
[INFO] 
[INFO] Results:
[INFO] 
[WARNING] Tests run: 3254, Failures: 0, Errors: 0, Skipped: 1
[INFO] 
[INFO] 
[INFO] --- maven-checkstyle-plugin:3.1.2:check (checkstyle-check) @ avro ---
[INFO] Starting audit...
Audit done.
[INFO] You have 0 Checkstyle violations.
[INFO] 
[INFO] --- maven-surefire-plugin:3.0.0-M5:test (test-with-custom-coders) @ avro ---
[INFO] 
[INFO] -------------------------------------------------------
[INFO]  T E S T S
[INFO] -------------------------------------------------------
[INFO] Running org.apache.avro.TestDataFileCustomSync
[INFO] Tests run: 3, Failures: 0, Errors: 0, Skipped: 0, Time elapsed: 1,318 s - in org.apache.avro.TestDataFileCustomSync
[INFO] Running org.apache.avro.TestDataFileCorruption
[INFO] Tests run: 1, Failures: 0, Errors: 0, Skipped: 0, Time elapsed: 674 s - in org.apache.avro.TestDataFileCorruption
[INFO] Running org.apache.avro.TestProtocol
[INFO] Tests run: 2, Failures: 0, Errors: 0, Skipped: 0, Time elapsed: 281,710 s - in org.apache.avro.TestProtocol
[INFO] Running org.apache.avro.io.TestBinaryEncoderFidelity
[INFO] Tests run: 3, Failures: 0, Errors: 0, Skipped: 0, Time elapsed: 422 s - in org.apache.avro.io.TestBinaryEncoderFidelity
[INFO] Running org.apache.avro.TestDataFileReader
[INFO] Tests run: 6, Failures: 0, Errors: 0, Skipped: 0, Time elapsed: 94,190 s - in org.apache.avro.TestDataFileReader
[INFO] Running org.apache.avro.TestSchemaValidation
[INFO] Tests run: 15, Failures: 0, Errors: 0, Skipped: 0, Time elapsed: 458,994 s - in org.apache.avro.TestSchemaValidation
[INFO] Running org.apache.avro.file.TestZstandardCodec
[INFO] Tests run: 1, Failures: 0, Errors: 0, Skipped: 0, Time elapsed: 140 s - in org.apache.avro.file.TestZstandardCodec
[INFO] Running org.apache.avro.file.TestAllCodecs
[INFO] Tests run: 12, Failures: 0, Errors: 0, Skipped: 0, Time elapsed: 17,822.704 s - in org.apache.avro.file.TestAllCodecs
[INFO] Running org.apache.avro.TestDataFile
[INFO] Tests run: 60, Failures: 0, Errors: 0, Skipped: 0, Time elapsed: -1,657,395.888 s - in org.apache.avro.TestDataFile
[INFO] Running org.apache.avro.specific.TestSpecificData
[INFO] Tests run: 8, Failures: 0, Errors: 0, Skipped: 0, Time elapsed: 1,108 s - in org.apache.avro.specific.TestSpecificData
[INFO] Running org.apache.avro.TestSchemaWarnings
[INFO] Tests run: 2, Failures: 0, Errors: 0, Skipped: 0, Time elapsed: 23,972 s - in org.apache.avro.TestSchemaWarnings
[INFO] Running org.apache.avro.io.TestJsonDecoder
[INFO] Tests run: 5, Failures: 0, Errors: 0, Skipped: 0, Time elapsed: 90,110 s - in org.apache.avro.io.TestJsonDecoder
[INFO] Running org.apache.avro.io.TestBinaryData
[INFO] Tests run: 1, Failures: 0, Errors: 0, Skipped: 0, Time elapsed: 122 s - in org.apache.avro.io.TestBinaryData
[INFO] Running org.apache.avro.generic.TestGenericConcreteEnum
[INFO] Tests run: 2, Failures: 0, Errors: 0, Skipped: 0, Time elapsed: 17,510 s - in org.apache.avro.generic.TestGenericConcreteEnum
[INFO] Running org.apache.avro.reflect.TestByteBuffer
[INFO] Tests run: 1, Failures: 0, Errors: 0, Skipped: 0, Time elapsed: 847,628 s - in org.apache.avro.reflect.TestByteBuffer
[INFO] Running org.apache.avro.file.TestSeekableByteArrayInput
[INFO] Tests run: 1, Failures: 0, Errors: 0, Skipped: 0, Time elapsed: 27,298 s - in org.apache.avro.file.TestSeekableByteArrayInput
[INFO] Running org.apache.avro.TestFixed
[INFO] Tests run: 1, Failures: 0, Errors: 0, Skipped: 0, Time elapsed: 260 s - in org.apache.avro.TestFixed
[INFO] Running org.apache.avro.TestSchemaCompatibilityNameMismatch
[INFO] Tests run: 4, Failures: 0, Errors: 0, Skipped: 0, Time elapsed: 94,576 s - in org.apache.avro.TestSchemaCompatibilityNameMismatch
[INFO] Running org.apache.avro.reflect.TestReflectData
[INFO] Tests run: 5, Failures: 0, Errors: 0, Skipped: 0, Time elapsed: 1,420,122 s - in org.apache.avro.reflect.TestReflectData
[INFO] Running org.apache.avro.io.parsing.TestResolvingGrammarGenerator2
[INFO] Tests run: 7, Failures: 0, Errors: 0, Skipped: 0, Time elapsed: 230 s - in org.apache.avro.io.parsing.TestResolvingGrammarGenerator2
[INFO] Running org.apache.avro.util.TestUtf8
[INFO] Tests run: 4, Failures: 0, Errors: 0, Skipped: 0, Time elapsed: 204 s - in org.apache.avro.util.TestUtf8
[INFO] Running org.apache.avro.reflect.TestReflectionUtil
[INFO] Tests run: 2, Failures: 0, Errors: 0, Skipped: 0, Time elapsed: 158 s - in org.apache.avro.reflect.TestReflectionUtil
[INFO] Running org.apache.avro.io.TestBlockingIO2
[INFO] Tests run: 84, Failures: 0, Errors: 0, Skipped: 0, Time elapsed: 153,606 s - in org.apache.avro.io.TestBlockingIO2
[INFO] Running org.apache.avro.TestSchemaCompatibilityMissingUnionBranch
[INFO] Tests run: 17, Failures: 0, Errors: 0, Skipped: 0, Time elapsed: 4,772 s - in org.apache.avro.TestSchemaCompatibilityMissingUnionBranch
[INFO] Running org.apache.avro.TestSchemaCompatibility
[INFO] Tests run: 11, Failures: 0, Errors: 0, Skipped: 0, Time elapsed: 62 s - in org.apache.avro.TestSchemaCompatibility
[INFO] Running org.apache.avro.reflect.TestNonStringMapKeys
[INFO] Tests run: 3, Failures: 0, Errors: 0, Skipped: 0, Time elapsed: 170,420 s - in org.apache.avro.reflect.TestNonStringMapKeys
[INFO] Running org.apache.avro.reflect.TestReflect
[INFO] Tests run: 74, Failures: 0, Errors: 0, Skipped: 0, Time elapsed: 558,818 s - in org.apache.avro.reflect.TestReflect
[INFO] Running org.apache.avro.generic.TestSkipEnumSchema
[INFO] Tests run: 1, Failures: 0, Errors: 0, Skipped: 0, Time elapsed: 5,664 s - in org.apache.avro.generic.TestSkipEnumSchema
[INFO] Running org.apache.avro.reflect.TestReflectDatumReader
[INFO] Tests run: 2, Failures: 0, Errors: 0, Skipped: 0, Time elapsed: 73,004 s - in org.apache.avro.reflect.TestReflectDatumReader
[INFO] Running org.apache.avro.TestReadingWritingDataInEvolvedSchemas
[INFO] Tests run: 50, Failures: 0, Errors: 0, Skipped: 0, Time elapsed: 152,440 s - in org.apache.avro.TestReadingWritingDataInEvolvedSchemas
[INFO] Running org.apache.avro.TestLogicalType
[INFO] Tests run: 20, Failures: 0, Errors: 0, Skipped: 0, Time elapsed: 114,348 s - in org.apache.avro.TestLogicalType
[INFO] Running org.apache.avro.TestSchemaCompatibilityMissingEnumSymbols
[INFO] Tests run: 3, Failures: 0, Errors: 0, Skipped: 0, Time elapsed: 25,336 s - in org.apache.avro.TestSchemaCompatibilityMissingEnumSymbols
[INFO] Running org.apache.avro.TestNestedRecords
[INFO] Tests run: 2, Failures: 0, Errors: 0, Skipped: 0, Time elapsed: 3,342 s - in org.apache.avro.TestNestedRecords
[INFO] Running org.apache.avro.generic.TestGenericRecordBuilder
[INFO] Tests run: 4, Failures: 0, Errors: 0, Skipped: 0, Time elapsed: 29,508 s - in org.apache.avro.generic.TestGenericRecordBuilder
[INFO] Running org.apache.avro.TestDataFileConcat
[INFO] Tests run: 10, Failures: 0, Errors: 0, Skipped: 0, Time elapsed: -198,836.592 s - in org.apache.avro.TestDataFileConcat
[INFO] Running org.apache.avro.util.TestCaseFinder$NonParameterized
[INFO] Tests run: 4, Failures: 0, Errors: 0, Skipped: 0, Time elapsed: 1,034 s - in org.apache.avro.util.TestCaseFinder$NonParameterized
[INFO] Running org.apache.avro.util.TestCaseFinder$SimpleCases
[INFO] Tests run: 14, Failures: 0, Errors: 0, Skipped: 0, Time elapsed: 32,558 s - in org.apache.avro.util.TestCaseFinder$SimpleCases
[INFO] Running org.apache.avro.io.TestBinaryDecoder
[INFO] Tests run: 56, Failures: 0, Errors: 0, Skipped: 0, Time elapsed: 392,048 s - in org.apache.avro.io.TestBinaryDecoder
[INFO] Running org.apache.avro.message.TestBinaryMessageEncoding
[INFO] Tests run: 13, Failures: 0, Errors: 0, Skipped: 0, Time elapsed: 816 s - in org.apache.avro.message.TestBinaryMessageEncoding
[INFO] Running org.apache.avro.io.TestResolvingIOResolving
[INFO] Tests run: 192, Failures: 0, Errors: 0, Skipped: 0, Time elapsed: 252,148 s - in org.apache.avro.io.TestResolvingIOResolving
[INFO] Running org.apache.avro.generic.TestGenericData
[INFO] Tests run: 34, Failures: 0, Errors: 0, Skipped: 0, Time elapsed: 285,224 s - in org.apache.avro.generic.TestGenericData
[INFO] Running org.apache.avro.io.TestValidatingIO
[INFO] Tests run: 972, Failures: 0, Errors: 0, Skipped: 0, Time elapsed: 794,432 s - in org.apache.avro.io.TestValidatingIO
[INFO] Running org.apache.avro.generic.TestGenericDatumWriter
[INFO] Tests run: 9, Failures: 0, Errors: 0, Skipped: 0, Time elapsed: 74,414 s - in org.apache.avro.generic.TestGenericDatumWriter
[INFO] Running org.apache.avro.reflect.TestReflectLogicalTypes
[WARNING] Tests run: 17, Failures: 0, Errors: 0, Skipped: 1, Time elapsed: 321,246 s - in org.apache.avro.reflect.TestReflectLogicalTypes
[INFO] Running org.apache.avro.TestUnionSelfReference
[INFO] Tests run: 2, Failures: 0, Errors: 0, Skipped: 0, Time elapsed: 40,318 s - in org.apache.avro.TestUnionSelfReference
[INFO] Running org.apache.avro.TestDataFileMeta
[INFO] Tests run: 4, Failures: 0, Errors: 0, Skipped: 0, Time elapsed: 282 s - in org.apache.avro.TestDataFileMeta
[INFO] Running org.apache.avro.TestCircularReferences
[INFO] Tests run: 1, Failures: 0, Errors: 0, Skipped: 0, Time elapsed: 35,332 s - in org.apache.avro.TestCircularReferences
[INFO] Running org.apache.avro.TestDataFileDeflate
[INFO] Tests run: 1, Failures: 0, Errors: 0, Skipped: 0, Time elapsed: 2,158 s - in org.apache.avro.TestDataFileDeflate
[INFO] Running org.apache.avro.file.TestIOExceptionDuringWrite
[INFO] Tests run: 1, Failures: 0, Errors: 0, Skipped: 0, Time elapsed: 52,128 s - in org.apache.avro.file.TestIOExceptionDuringWrite
[INFO] Running org.apache.avro.TestSchemaCompatibilityEnumDefaults
[INFO] Tests run: 5, Failures: 0, Errors: 0, Skipped: 0, Time elapsed: 28,366 s - in org.apache.avro.TestSchemaCompatibilityEnumDefaults
[INFO] Running org.apache.avro.TestSchemaNormalization$TestFingerprintInternationalization
[INFO] Tests run: 26, Failures: 0, Errors: 0, Skipped: 0, Time elapsed: 62,150 s - in org.apache.avro.TestSchemaNormalization$TestFingerprintInternationalization
[INFO] Running org.apache.avro.TestSchemaNormalization$TestFingerprint
[INFO] Tests run: 26, Failures: 0, Errors: 0, Skipped: 0, Time elapsed: 6,336 s - in org.apache.avro.TestSchemaNormalization$TestFingerprint
[INFO] Running org.apache.avro.TestSchemaNormalization$TestCanonical
[INFO] Tests run: 34, Failures: 0, Errors: 0, Skipped: 0, Time elapsed: 69,058 s - in org.apache.avro.TestSchemaNormalization$TestCanonical
[INFO] Running org.apache.avro.reflect.TestReflectAllowNulls
[INFO] Tests run: 3, Failures: 0, Errors: 0, Skipped: 0, Time elapsed: 25,842 s - in org.apache.avro.reflect.TestReflectAllowNulls
[INFO] Running org.apache.avro.TestSchemaCompatibilityReaderFieldMissingDefaultValue
[INFO] Tests run: 2, Failures: 0, Errors: 0, Skipped: 0, Time elapsed: 29,870 s - in org.apache.avro.TestSchemaCompatibilityReaderFieldMissingDefaultValue
[INFO] Running org.apache.avro.io.TestBlockingIO
[INFO] Tests run: 376, Failures: 0, Errors: 0, Skipped: 0, Time elapsed: 430,230 s - in org.apache.avro.io.TestBlockingIO
[INFO] Running org.apache.avro.generic.TestGenericLogicalTypes
[INFO] Tests run: 17, Failures: 0, Errors: 0, Skipped: 0, Time elapsed: 214,780 s - in org.apache.avro.generic.TestGenericLogicalTypes
[INFO] Running org.apache.avro.TestDecimalConversion
[INFO] Tests run: 16, Failures: 0, Errors: 0, Skipped: 0, Time elapsed: 10,260 s - in org.apache.avro.TestDecimalConversion
[INFO] Running org.apache.avro.TestDataFileReflect
[INFO] Tests run: 4, Failures: 0, Errors: 0, Skipped: 0, Time elapsed: 53,470 s - in org.apache.avro.TestDataFileReflect
[INFO] Running org.apache.avro.TestSchema
[INFO] Tests run: 37, Failures: 0, Errors: 0, Skipped: 0, Time elapsed: 337,320 s - in org.apache.avro.TestSchema
[INFO] Running org.apache.avro.io.parsing.TestResolvingGrammarGenerator
[INFO] Tests run: 32, Failures: 0, Errors: 0, Skipped: 0, Time elapsed: 630 s - in org.apache.avro.io.parsing.TestResolvingGrammarGenerator
[INFO] Running org.apache.avro.io.TestResolvingIO
[INFO] Tests run: 816, Failures: 0, Errors: 0, Skipped: 0, Time elapsed: -2,125,445.296 s - in org.apache.avro.io.TestResolvingIO
[INFO] Running org.apache.avro.TestSchemaCompatibilityFixedSizeMismatch
[INFO] Tests run: 4, Failures: 0, Errors: 0, Skipped: 0, Time elapsed: 424 s - in org.apache.avro.TestSchemaCompatibilityFixedSizeMismatch
[INFO] Running org.apache.avro.TestSchemaCompatibilityTypeMismatch
[INFO] Tests run: 29, Failures: 0, Errors: 0, Skipped: 0, Time elapsed: 39,362 s - in org.apache.avro.TestSchemaCompatibilityTypeMismatch
[INFO] Running org.apache.avro.TestSchemaCompatibilityMultiple
[INFO] Tests run: 1, Failures: 0, Errors: 0, Skipped: 0, Time elapsed: 142 s - in org.apache.avro.TestSchemaCompatibilityMultiple
[INFO] Running org.apache.avro.util.internal.TestClassValueCache
[INFO] Tests run: 1, Failures: 0, Errors: 0, Skipped: 0, Time elapsed: 124 s - in org.apache.avro.util.internal.TestClassValueCache
[INFO] Running org.apache.avro.specific.TestSpecificToFromByteArray
[INFO] Tests run: 4, Failures: 0, Errors: 0, Skipped: 0, Time elapsed: 17,280 s - in org.apache.avro.specific.TestSpecificToFromByteArray
[INFO] Running org.apache.avro.util.internal.TestJacksonUtils
[INFO] Tests run: 2, Failures: 0, Errors: 0, Skipped: 0, Time elapsed: 70,056 s - in org.apache.avro.util.internal.TestJacksonUtils
[INFO] Running org.apache.avro.TestSchemaBuilder
[INFO] Tests run: 41, Failures: 0, Errors: 0, Skipped: 0, Time elapsed: 239,152 s - in org.apache.avro.TestSchemaBuilder
[INFO] Running org.apache.avro.io.TestEncoders
[INFO] Tests run: 20, Failures: 0, Errors: 0, Skipped: 0, Time elapsed: 136,416 s - in org.apache.avro.io.TestEncoders
[INFO] Running org.apache.avro.data.TestTimeConversions
[INFO] Tests run: 10, Failures: 0, Errors: 0, Skipped: 0, Time elapsed: 42 s - in org.apache.avro.data.TestTimeConversions
[INFO] Running org.apache.avro.file.TestCustomCodec
[INFO] Tests run: 1, Failures: 0, Errors: 0, Skipped: 0, Time elapsed: 16 s - in org.apache.avro.file.TestCustomCodec
[INFO] 
[INFO] Results:
[INFO] 
[WARNING] Tests run: 3254, Failures: 0, Errors: 0, Skipped: 1
[INFO] 
[INFO] 
[INFO] --- maven-surefire-plugin:3.0.0-M5:test (test-with-fast-reader) @ avro ---
[INFO] 
[INFO] -------------------------------------------------------
[INFO]  T E S T S
[INFO] -------------------------------------------------------
[INFO] Running org.apache.avro.io.parsing.TestResolvingGrammarGenerator
[INFO] Tests run: 32, Failures: 0, Errors: 0, Skipped: 0, Time elapsed: 968,992 s - in org.apache.avro.io.parsing.TestResolvingGrammarGenerator
[INFO] Running org.apache.avro.TestSchemaValidation
[INFO] Tests run: 15, Failures: 0, Errors: 0, Skipped: 0, Time elapsed: 615,810 s - in org.apache.avro.TestSchemaValidation
[INFO] Running org.apache.avro.TestSchemaCompatibilityNameMismatch
[INFO] Tests run: 4, Failures: 0, Errors: 0, Skipped: 0, Time elapsed: 30,520 s - in org.apache.avro.TestSchemaCompatibilityNameMismatch
[INFO] Running org.apache.avro.TestSchemaCompatibilityMultiple
[INFO] Tests run: 1, Failures: 0, Errors: 0, Skipped: 0, Time elapsed: 76 s - in org.apache.avro.TestSchemaCompatibilityMultiple
[INFO] Running org.apache.avro.TestCircularReferences
[INFO] Tests run: 1, Failures: 0, Errors: 0, Skipped: 0, Time elapsed: 310,568 s - in org.apache.avro.TestCircularReferences
[INFO] Running org.apache.avro.generic.TestGenericRecordBuilder
[INFO] Tests run: 4, Failures: 0, Errors: 0, Skipped: 0, Time elapsed: 6,190 s - in org.apache.avro.generic.TestGenericRecordBuilder
[INFO] Running org.apache.avro.TestSchemaWarnings
[INFO] Tests run: 2, Failures: 0, Errors: 0, Skipped: 0, Time elapsed: 35,068 s - in org.apache.avro.TestSchemaWarnings
[INFO] Running org.apache.avro.TestSchemaCompatibilityMissingEnumSymbols
[INFO] Tests run: 3, Failures: 0, Errors: 0, Skipped: 0, Time elapsed: 9,266 s - in org.apache.avro.TestSchemaCompatibilityMissingEnumSymbols
[INFO] Running org.apache.avro.io.TestResolvingIO
[INFO] Tests run: 816, Failures: 0, Errors: 0, Skipped: 0, Time elapsed: 1,074,528.704 s - in org.apache.avro.io.TestResolvingIO
[INFO] Running org.apache.avro.reflect.TestReflectLogicalTypes
[WARNING] Tests run: 17, Failures: 0, Errors: 0, Skipped: 1, Time elapsed: 584,876 s - in org.apache.avro.reflect.TestReflectLogicalTypes
[INFO] Running org.apache.avro.message.TestBinaryMessageEncoding
[INFO] Tests run: 13, Failures: 0, Errors: 0, Skipped: 0, Time elapsed: 21,368 s - in org.apache.avro.message.TestBinaryMessageEncoding
[INFO] Running org.apache.avro.reflect.TestReflectionUtil
[INFO] Tests run: 2, Failures: 0, Errors: 0, Skipped: 0, Time elapsed: 122 s - in org.apache.avro.reflect.TestReflectionUtil
[INFO] Running org.apache.avro.TestSchemaCompatibilityMissingUnionBranch
[INFO] Tests run: 17, Failures: 0, Errors: 0, Skipped: 0, Time elapsed: 50,890 s - in org.apache.avro.TestSchemaCompatibilityMissingUnionBranch
[INFO] Running org.apache.avro.TestDataFileMeta
[INFO] Tests run: 4, Failures: 0, Errors: 0, Skipped: 0, Time elapsed: 34,166 s - in org.apache.avro.TestDataFileMeta
[INFO] Running org.apache.avro.io.TestResolvingIOResolving
[INFO] Tests run: 192, Failures: 0, Errors: 0, Skipped: 0, Time elapsed: 742,930 s - in org.apache.avro.io.TestResolvingIOResolving
[INFO] Running org.apache.avro.TestDataFile
[INFO] Tests run: 60, Failures: 0, Errors: 0, Skipped: 0, Time elapsed: 857,275.408 s - in org.apache.avro.TestDataFile
[INFO] Running org.apache.avro.TestProtocol
[INFO] Tests run: 2, Failures: 0, Errors: 0, Skipped: 0, Time elapsed: 21,950 s - in org.apache.avro.TestProtocol
[INFO] Running org.apache.avro.TestDataFileReflect
[INFO] Tests run: 4, Failures: 0, Errors: 0, Skipped: 0, Time elapsed: 135,214 s - in org.apache.avro.TestDataFileReflect
[INFO] Running org.apache.avro.io.TestBinaryEncoderFidelity
[INFO] Tests run: 3, Failures: 0, Errors: 0, Skipped: 0, Time elapsed: 19,978 s - in org.apache.avro.io.TestBinaryEncoderFidelity
[INFO] Running org.apache.avro.file.TestIOExceptionDuringWrite
[INFO] Tests run: 1, Failures: 0, Errors: 0, Skipped: 0, Time elapsed: 184,082 s - in org.apache.avro.file.TestIOExceptionDuringWrite
[INFO] Running org.apache.avro.TestDataFileConcat
[INFO] Tests run: 10, Failures: 0, Errors: 0, Skipped: 0, Time elapsed: 5,581.408 s - in org.apache.avro.TestDataFileConcat
[INFO] Running org.apache.avro.generic.TestGenericConcreteEnum
[INFO] Tests run: 2, Failures: 0, Errors: 0, Skipped: 0, Time elapsed: 55,718 s - in org.apache.avro.generic.TestGenericConcreteEnum
[INFO] Running org.apache.avro.TestLogicalType
[INFO] Tests run: 20, Failures: 0, Errors: 0, Skipped: 0, Time elapsed: 71,866 s - in org.apache.avro.TestLogicalType
[INFO] Running org.apache.avro.io.TestEncoders
[INFO] Tests run: 20, Failures: 0, Errors: 0, Skipped: 0, Time elapsed: 130,620 s - in org.apache.avro.io.TestEncoders
[INFO] Running org.apache.avro.TestSchemaNormalization$TestFingerprintInternationalization
[INFO] Tests run: 26, Failures: 0, Errors: 0, Skipped: 0, Time elapsed: 66,048 s - in org.apache.avro.TestSchemaNormalization$TestFingerprintInternationalization
[INFO] Running org.apache.avro.TestSchemaNormalization$TestFingerprint
[INFO] Tests run: 26, Failures: 0, Errors: 0, Skipped: 0, Time elapsed: 1,134 s - in org.apache.avro.TestSchemaNormalization$TestFingerprint
[INFO] Running org.apache.avro.TestSchemaNormalization$TestCanonical
[INFO] Tests run: 34, Failures: 0, Errors: 0, Skipped: 0, Time elapsed: 514 s - in org.apache.avro.TestSchemaNormalization$TestCanonical
[INFO] Running org.apache.avro.specific.TestSpecificData
[INFO] Tests run: 8, Failures: 0, Errors: 0, Skipped: 0, Time elapsed: 27,572 s - in org.apache.avro.specific.TestSpecificData
[INFO] Running org.apache.avro.reflect.TestReflect
[INFO] Tests run: 74, Failures: 0, Errors: 0, Skipped: 0, Time elapsed: 637,084 s - in org.apache.avro.reflect.TestReflect
[INFO] Running org.apache.avro.specific.TestSpecificToFromByteArray
[INFO] Tests run: 4, Failures: 0, Errors: 0, Skipped: 0, Time elapsed: 7,892 s - in org.apache.avro.specific.TestSpecificToFromByteArray
[INFO] Running org.apache.avro.TestNestedRecords
[INFO] Tests run: 2, Failures: 0, Errors: 0, Skipped: 0, Time elapsed: 40,678 s - in org.apache.avro.TestNestedRecords
[INFO] Running org.apache.avro.TestSchemaCompatibility
[INFO] Tests run: 11, Failures: 0, Errors: 0, Skipped: 0, Time elapsed: 253,740 s - in org.apache.avro.TestSchemaCompatibility
[INFO] Running org.apache.avro.io.TestBinaryData
[INFO] Tests run: 1, Failures: 0, Errors: 0, Skipped: 0, Time elapsed: 384 s - in org.apache.avro.io.TestBinaryData
[INFO] Running org.apache.avro.util.internal.TestClassValueCache
[INFO] Tests run: 1, Failures: 0, Errors: 0, Skipped: 0, Time elapsed: 334 s - in org.apache.avro.util.internal.TestClassValueCache
[INFO] Running org.apache.avro.io.parsing.TestResolvingGrammarGenerator2
[INFO] Tests run: 7, Failures: 0, Errors: 0, Skipped: 0, Time elapsed: 23,424 s - in org.apache.avro.io.parsing.TestResolvingGrammarGenerator2
[INFO] Running org.apache.avro.reflect.TestReflectAllowNulls
[INFO] Tests run: 3, Failures: 0, Errors: 0, Skipped: 0, Time elapsed: 64 s - in org.apache.avro.reflect.TestReflectAllowNulls
[INFO] Running org.apache.avro.io.TestJsonDecoder
[INFO] Tests run: 5, Failures: 0, Errors: 0, Skipped: 0, Time elapsed: 168 s - in org.apache.avro.io.TestJsonDecoder
[INFO] Running org.apache.avro.generic.TestGenericDatumWriter
[INFO] Tests run: 9, Failures: 0, Errors: 0, Skipped: 0, Time elapsed: 59,792 s - in org.apache.avro.generic.TestGenericDatumWriter
[INFO] Running org.apache.avro.generic.TestGenericData
[INFO] Tests run: 34, Failures: 0, Errors: 0, Skipped: 0, Time elapsed: 107,878 s - in org.apache.avro.generic.TestGenericData
[INFO] Running org.apache.avro.io.TestBlockingIO2
[INFO] Tests run: 84, Failures: 0, Errors: 0, Skipped: 0, Time elapsed: 359,136 s - in org.apache.avro.io.TestBlockingIO2
[INFO] Running org.apache.avro.io.TestBinaryDecoder
[INFO] Tests run: 56, Failures: 0, Errors: 0, Skipped: 0, Time elapsed: 374,492 s - in org.apache.avro.io.TestBinaryDecoder
[INFO] Running org.apache.avro.file.TestCustomCodec
[INFO] Tests run: 1, Failures: 0, Errors: 0, Skipped: 0, Time elapsed: 4,300 s - in org.apache.avro.file.TestCustomCodec
[INFO] Running org.apache.avro.data.TestTimeConversions
[INFO] Tests run: 10, Failures: 0, Errors: 0, Skipped: 0, Time elapsed: 1,388 s - in org.apache.avro.data.TestTimeConversions
[INFO] Running org.apache.avro.generic.TestGenericLogicalTypes
[INFO] Tests run: 17, Failures: 0, Errors: 0, Skipped: 0, Time elapsed: 283,966 s - in org.apache.avro.generic.TestGenericLogicalTypes
[INFO] Running org.apache.avro.file.TestSeekableByteArrayInput
[INFO] Tests run: 1, Failures: 0, Errors: 0, Skipped: 0, Time elapsed: 102 s - in org.apache.avro.file.TestSeekableByteArrayInput
[INFO] Running org.apache.avro.generic.TestSkipEnumSchema
[INFO] Tests run: 1, Failures: 0, Errors: 0, Skipped: 0, Time elapsed: 78 s - in org.apache.avro.generic.TestSkipEnumSchema
[INFO] Running org.apache.avro.reflect.TestReflectData
[INFO] Tests run: 5, Failures: 0, Errors: 0, Skipped: 0, Time elapsed: 1,619,834 s - in org.apache.avro.reflect.TestReflectData
[INFO] Running org.apache.avro.TestSchemaCompatibilityFixedSizeMismatch
[INFO] Tests run: 4, Failures: 0, Errors: 0, Skipped: 0, Time elapsed: 19,200 s - in org.apache.avro.TestSchemaCompatibilityFixedSizeMismatch
[INFO] Running org.apache.avro.TestSchema
[INFO] Tests run: 37, Failures: 0, Errors: 0, Skipped: 0, Time elapsed: 278,382 s - in org.apache.avro.TestSchema
[INFO] Running org.apache.avro.io.TestValidatingIO
[INFO] Tests run: 972, Failures: 0, Errors: 0, Skipped: 0, Time elapsed: 792,634 s - in org.apache.avro.io.TestValidatingIO
[INFO] Running org.apache.avro.reflect.TestReflectDatumReader
[INFO] Tests run: 2, Failures: 0, Errors: 0, Skipped: 0, Time elapsed: 922 s - in org.apache.avro.reflect.TestReflectDatumReader
[INFO] Running org.apache.avro.reflect.TestByteBuffer
[INFO] Tests run: 1, Failures: 0, Errors: 0, Skipped: 0, Time elapsed: 799,650 s - in org.apache.avro.reflect.TestByteBuffer
[INFO] Running org.apache.avro.util.TestUtf8
[INFO] Tests run: 4, Failures: 0, Errors: 0, Skipped: 0, Time elapsed: 1,988 s - in org.apache.avro.util.TestUtf8
[INFO] Running org.apache.avro.TestReadingWritingDataInEvolvedSchemas
[INFO] Tests run: 50, Failures: 0, Errors: 0, Skipped: 0, Time elapsed: 136,290 s - in org.apache.avro.TestReadingWritingDataInEvolvedSchemas
[INFO] Running org.apache.avro.TestSchemaCompatibilityReaderFieldMissingDefaultValue
[INFO] Tests run: 2, Failures: 0, Errors: 0, Skipped: 0, Time elapsed: 174 s - in org.apache.avro.TestSchemaCompatibilityReaderFieldMissingDefaultValue
[INFO] Running org.apache.avro.TestSchemaBuilder
[INFO] Tests run: 41, Failures: 0, Errors: 0, Skipped: 0, Time elapsed: 179,484 s - in org.apache.avro.TestSchemaBuilder
[INFO] Running org.apache.avro.file.TestZstandardCodec
[INFO] Tests run: 1, Failures: 0, Errors: 0, Skipped: 0, Time elapsed: 102 s - in org.apache.avro.file.TestZstandardCodec
[INFO] Running org.apache.avro.TestDataFileDeflate
[INFO] Tests run: 1, Failures: 0, Errors: 0, Skipped: 0, Time elapsed: 60 s - in org.apache.avro.TestDataFileDeflate
[INFO] Running org.apache.avro.TestUnionSelfReference
[INFO] Tests run: 2, Failures: 0, Errors: 0, Skipped: 0, Time elapsed: 102 s - in org.apache.avro.TestUnionSelfReference
[INFO] Running org.apache.avro.TestFixed
[INFO] Tests run: 1, Failures: 0, Errors: 0, Skipped: 0, Time elapsed: 236 s - in org.apache.avro.TestFixed
[INFO] Running org.apache.avro.TestSchemaCompatibilityTypeMismatch
[INFO] Tests run: 29, Failures: 0, Errors: 0, Skipped: 0, Time elapsed: 71,872 s - in org.apache.avro.TestSchemaCompatibilityTypeMismatch
[INFO] Running org.apache.avro.io.TestBlockingIO
[INFO] Tests run: 376, Failures: 0, Errors: 0, Skipped: 0, Time elapsed: 181,424 s - in org.apache.avro.io.TestBlockingIO
[INFO] Running org.apache.avro.TestDataFileCorruption
[INFO] Tests run: 1, Failures: 0, Errors: 0, Skipped: 0, Time elapsed: 212 s - in org.apache.avro.TestDataFileCorruption
[INFO] Running org.apache.avro.TestDataFileCustomSync
[INFO] Tests run: 3, Failures: 0, Errors: 0, Skipped: 0, Time elapsed: 162 s - in org.apache.avro.TestDataFileCustomSync
[INFO] Running org.apache.avro.file.TestAllCodecs
[INFO] Tests run: 12, Failures: 0, Errors: 0, Skipped: 0, Time elapsed: -1,473,331.296 s - in org.apache.avro.file.TestAllCodecs
[INFO] Running org.apache.avro.TestDataFileReader
[INFO] Tests run: 6, Failures: 0, Errors: 0, Skipped: 0, Time elapsed: 34,974 s - in org.apache.avro.TestDataFileReader
[INFO] Running org.apache.avro.util.internal.TestJacksonUtils
[INFO] Tests run: 2, Failures: 0, Errors: 0, Skipped: 0, Time elapsed: 1,894 s - in org.apache.avro.util.internal.TestJacksonUtils
[INFO] Running org.apache.avro.TestSchemaCompatibilityEnumDefaults
[INFO] Tests run: 5, Failures: 0, Errors: 0, Skipped: 0, Time elapsed: 57,586 s - in org.apache.avro.TestSchemaCompatibilityEnumDefaults
[INFO] Running org.apache.avro.reflect.TestNonStringMapKeys
[INFO] Tests run: 3, Failures: 0, Errors: 0, Skipped: 0, Time elapsed: 54,994 s - in org.apache.avro.reflect.TestNonStringMapKeys
[INFO] Running org.apache.avro.TestDecimalConversion
[INFO] Tests run: 16, Failures: 0, Errors: 0, Skipped: 0, Time elapsed: 1,130 s - in org.apache.avro.TestDecimalConversion
[INFO] Running org.apache.avro.util.TestCaseFinder$NonParameterized
[INFO] Tests run: 4, Failures: 0, Errors: 0, Skipped: 0, Time elapsed: 27,320 s - in org.apache.avro.util.TestCaseFinder$NonParameterized
[INFO] Running org.apache.avro.util.TestCaseFinder$SimpleCases
[INFO] Tests run: 14, Failures: 0, Errors: 0, Skipped: 0, Time elapsed: 262 s - in org.apache.avro.util.TestCaseFinder$SimpleCases
[INFO] 
[INFO] Results:
[INFO] 
[WARNING] Tests run: 3254, Failures: 0, Errors: 0, Skipped: 1
[INFO] 
[INFO] 
[INFO] --------------------< org.apache.avro:avro-android >--------------------
[INFO] Building Apache Avro Android Compatibility 1.12.0-SNAPSHOT        [4/24]
[INFO] --------------------------------[ jar ]---------------------------------
[INFO] 
[INFO] --- maven-enforcer-plugin:3.0.0-M3:enforce (enforce-maven-version) @ avro-android ---
[INFO] 
[INFO] --- maven-enforcer-plugin:3.0.0-M3:enforce (default-cli) @ avro-android ---
[INFO] Adding ignore: module-info
[INFO] Adding ignore: module-info
[INFO] 
[INFO] --- maven-enforcer-plugin:3.0.0-M3:enforce (enforce) @ avro-android ---
[INFO] Adding ignore: module-info
[INFO] 
[INFO] --- maven-enforcer-plugin:3.0.0-M3:enforce (enforce-banned-dependencies) @ avro-android ---
[INFO] 
[INFO] --- maven-remote-resources-plugin:1.7.0:process (process-resource-bundles) @ avro-android ---
[INFO] Preparing remote bundle org.apache:apache-jar-resource-bundle:1.4
[INFO] Copying 3 resources from 1 bundle.
[INFO] 
[INFO] --- maven-resources-plugin:3.1.0:resources (default-resources) @ avro-android ---
[INFO] Using 'UTF-8' encoding to copy filtered resources.
[INFO] skip non existing resourceDirectory /home/target/lang/java/android/src/main/resources
[INFO] Copying 3 resources
[INFO] 
[INFO] --- maven-compiler-plugin:3.8.1:compile (default-compile) @ avro-android ---
[INFO] Nothing to compile - all classes are up to date
[INFO] 
[INFO] --- spotless-maven-plugin:2.11.1:check (spotless-check) @ avro-android ---
[INFO] 
[INFO] --- maven-bundle-plugin:5.1.2:manifest (bundle-manifest) @ avro-android ---
[WARNING] Ignoring project type jar - supportedProjectTypes = [bundle]
[INFO] 
[INFO] --- maven-resources-plugin:3.1.0:testResources (default-testResources) @ avro-android ---
[INFO] Using 'UTF-8' encoding to copy filtered resources.
[INFO] skip non existing resourceDirectory /home/target/lang/java/android/src/test/resources
[INFO] Copying 3 resources
[INFO] 
[INFO] --- maven-compiler-plugin:3.8.1:testCompile (default-testCompile) @ avro-android ---
[INFO] Nothing to compile - all classes are up to date
[INFO] 
[INFO] --- maven-surefire-plugin:3.0.0-M5:test (default-test) @ avro-android ---
[INFO] 
[INFO] -------------------------------------------------------
[INFO]  T E S T S
[INFO] -------------------------------------------------------
[INFO] Running org.apache.avro.util.internal.TestClassValueCache
[INFO] Tests run: 1, Failures: 0, Errors: 0, Skipped: 0, Time elapsed: 369,124 s - in org.apache.avro.util.internal.TestClassValueCache
[INFO] 
[INFO] Results:
[INFO] 
[INFO] Tests run: 1, Failures: 0, Errors: 0, Skipped: 0
[INFO] 
[INFO] 
[INFO] --- maven-checkstyle-plugin:3.1.2:check (checkstyle-check) @ avro-android ---
[INFO] Starting audit...
Audit done.
[INFO] You have 0 Checkstyle violations.
[INFO] 
[INFO] -------------------< org.apache.avro:avro-compiler >--------------------
[INFO] Building Apache Avro Compiler 1.12.0-SNAPSHOT                     [5/24]
[INFO] -------------------------------[ bundle ]-------------------------------
[INFO] 
[INFO] --- maven-enforcer-plugin:3.0.0-M3:enforce (enforce-maven-version) @ avro-compiler ---
[INFO] 
[INFO] --- maven-enforcer-plugin:3.0.0-M3:enforce (default-cli) @ avro-compiler ---
[INFO] Adding ignore: module-info
[INFO] Adding ignore: module-info
[INFO] 
[INFO] --- maven-enforcer-plugin:3.0.0-M3:enforce (enforce) @ avro-compiler ---
[INFO] Adding ignore: module-info
[INFO] 
[INFO] --- maven-enforcer-plugin:3.0.0-M3:enforce (enforce-banned-dependencies) @ avro-compiler ---
[INFO] 
[INFO] --- javacc-maven-plugin:2.6:javacc (javacc) @ avro-compiler ---
[WARNING] The artifact xml-apis:xml-apis:jar:2.0.2 has been relocated to xml-apis:xml-apis:jar:1.0.b2
[INFO] Skipping - all parsers are up to date
[INFO] 
[INFO] --- build-helper-maven-plugin:3.2.0:add-source (add-source) @ avro-compiler ---
[INFO] Source directory: /home/target/lang/java/compiler/target/generated-sources/javacc added.
[INFO] 
[INFO] --- maven-remote-resources-plugin:1.7.0:process (process-resource-bundles) @ avro-compiler ---
[INFO] Preparing remote bundle org.apache:apache-jar-resource-bundle:1.4
[INFO] Copying 3 resources from 1 bundle.
[INFO] 
[INFO] --- maven-resources-plugin:3.1.0:resources (default-resources) @ avro-compiler ---
[INFO] Using 'UTF-8' encoding to copy filtered resources.
[INFO] Copying 0 resource
[INFO] Copying 4 resources
[INFO] Copying 3 resources
[INFO] 
[INFO] --- maven-compiler-plugin:3.8.1:compile (default-compile) @ avro-compiler ---
[INFO] Nothing to compile - all classes are up to date
[INFO] 
[INFO] --- spotless-maven-plugin:2.11.1:check (spotless-check) @ avro-compiler ---
[INFO] 
[INFO] --- maven-bundle-plugin:5.1.2:manifest (bundle-manifest) @ avro-compiler ---
[INFO] 
[INFO] --- exec-maven-plugin:3.0.0:exec (default) @ avro-compiler ---
[INFO] 
[INFO] --- build-helper-maven-plugin:3.2.0:add-test-source (add-test-source) @ avro-compiler ---
[INFO] Test Source directory: /home/target/lang/java/compiler/target/generated-test-sources added.
[INFO] 
[INFO] --- maven-jar-plugin:3.2.0:test-jar (prepare-test-jar) @ avro-compiler ---
[INFO] 
[INFO] --- maven-resources-plugin:3.1.0:testResources (default-testResources) @ avro-compiler ---
[INFO] Using 'UTF-8' encoding to copy filtered resources.
[INFO] Copying 4 resources
[INFO] Copying 35 resources
[INFO] Copying 3 resources
[INFO] 
[INFO] --- maven-compiler-plugin:3.8.1:testCompile (default-testCompile) @ avro-compiler ---
[INFO] Nothing to compile - all classes are up to date
[INFO] 
[INFO] --- maven-surefire-plugin:3.0.0-M5:test (default-test) @ avro-compiler ---
[INFO] 
[INFO] -------------------------------------------------------
[INFO]  T E S T S
[INFO] -------------------------------------------------------
[INFO] Running org.apache.avro.compiler.idl.TestIdl
[INFO] Tests run: 2, Failures: 0, Errors: 0, Skipped: 0, Time elapsed: 1,834,930 s - in org.apache.avro.compiler.idl.TestIdl
[INFO] Running org.apache.avro.specific.TestGeneratedCode
[INFO] Tests run: 2, Failures: 0, Errors: 0, Skipped: 0, Time elapsed: 1,814,122 s - in org.apache.avro.specific.TestGeneratedCode
[INFO] Running org.apache.avro.compiler.specific.TestSpecificCompiler
[INFO] Tests run: 45, Failures: 0, Errors: 0, Skipped: 0, Time elapsed: -17,604.624 s - in org.apache.avro.compiler.specific.TestSpecificCompiler
[INFO] Running org.apache.avro.compiler.schema.TestSchemas
[INFO] Tests run: 19, Failures: 0, Errors: 0, Skipped: 0, Time elapsed: 1,213,770 s - in org.apache.avro.compiler.schema.TestSchemas
[INFO] Running org.apache.avro.compiler.idl.TestSchemaResolver
[INFO] Tests run: 5, Failures: 0, Errors: 0, Skipped: 0, Time elapsed: 1,717,844 s - in org.apache.avro.compiler.idl.TestSchemaResolver
[INFO] Running org.apache.avro.specific.TestSpecificData
[INFO] Tests run: 1, Failures: 0, Errors: 0, Skipped: 0, Time elapsed: -1,652,350.592 s - in org.apache.avro.specific.TestSpecificData
[INFO] Running org.apache.avro.compiler.idl.TestCycle
[INFO] Tests run: 1, Failures: 0, Errors: 0, Skipped: 0, Time elapsed: -153,013.296 s - in org.apache.avro.compiler.idl.TestCycle
[INFO] 
[INFO] Results:
[INFO] 
[INFO] Tests run: 75, Failures: 0, Errors: 0, Skipped: 0
[INFO] 
[INFO] 
[INFO] --- maven-checkstyle-plugin:3.1.2:check (checkstyle-check) @ avro-compiler ---
[INFO] Starting audit...
Audit done.
[INFO] You have 0 Checkstyle violations.
[INFO] 
[INFO] -----------------< org.apache.avro:avro-maven-plugin >------------------
[INFO] Building Apache Avro Maven Plugin 1.12.0-SNAPSHOT                 [6/24]
[INFO] ----------------------------[ maven-plugin ]----------------------------
[INFO] 
[INFO] --- maven-enforcer-plugin:3.0.0-M3:enforce (enforce-maven-version) @ avro-maven-plugin ---
[INFO] 
[INFO] --- maven-enforcer-plugin:3.0.0-M3:enforce (default-cli) @ avro-maven-plugin ---
[INFO] Adding ignore: module-info
[INFO] Adding ignore: module-info
[INFO] 
[INFO] --- maven-enforcer-plugin:3.0.0-M3:enforce (enforce) @ avro-maven-plugin ---
[INFO] Adding ignore: module-info
[INFO] 
[INFO] --- maven-enforcer-plugin:3.0.0-M3:enforce (enforce-banned-dependencies) @ avro-maven-plugin ---
[INFO] 
[INFO] --- maven-plugin-plugin:3.6.1:helpmojo (generated-helpmojo) @ avro-maven-plugin ---
[INFO] Using 'UTF-8' encoding to read mojo source files.
[INFO] java-javadoc mojo extractor found 5 mojo descriptors.
[INFO] ant mojo extractor found 0 mojo descriptor.
[INFO] bsh mojo extractor found 0 mojo descriptor.
[INFO] java-annotations mojo extractor found 0 mojo descriptor.
[INFO] 
[INFO] --- maven-remote-resources-plugin:1.7.0:process (process-resource-bundles) @ avro-maven-plugin ---
[INFO] Preparing remote bundle org.apache:apache-jar-resource-bundle:1.4
[INFO] Copying 3 resources from 1 bundle.
[INFO] 
[INFO] --- maven-resources-plugin:3.1.0:resources (default-resources) @ avro-maven-plugin ---
[INFO] Using 'UTF-8' encoding to copy filtered resources.
[INFO] Copying 1 resource
[INFO] Copying 3 resources
[INFO] 
[INFO] --- maven-compiler-plugin:3.8.1:compile (default-compile) @ avro-maven-plugin ---
[INFO] Changes detected - recompiling the module!
[INFO] Compiling 6 source files to /home/target/lang/java/maven-plugin/target/classes
[INFO] /home/target/lang/java/maven-plugin/src/main/java/org/apache/avro/mojo/AbstractAvroMojo.java: /home/target/lang/java/maven-plugin/src/main/java/org/apache/avro/mojo/AbstractAvroMojo.java uses unchecked or unsafe operations.
[INFO] /home/target/lang/java/maven-plugin/src/main/java/org/apache/avro/mojo/AbstractAvroMojo.java: Recompile with -Xlint:unchecked for details.
[INFO] 
[INFO] --- spotless-maven-plugin:2.11.1:check (spotless-check) @ avro-maven-plugin ---
[INFO] 
[INFO] --- maven-plugin-plugin:3.6.1:descriptor (default-descriptor) @ avro-maven-plugin ---
[INFO] Using 'UTF-8' encoding to read mojo source files.
[INFO] java-javadoc mojo extractor found 5 mojo descriptors.
[INFO] ant mojo extractor found 0 mojo descriptor.
[INFO] bsh mojo extractor found 0 mojo descriptor.
[INFO] java-annotations mojo extractor found 0 mojo descriptor.
[INFO] 
[INFO] --- maven-bundle-plugin:5.1.2:manifest (bundle-manifest) @ avro-maven-plugin ---
[WARNING] Ignoring project type maven-plugin - supportedProjectTypes = [bundle]
[INFO] 
[INFO] --- maven-resources-plugin:3.1.0:testResources (default-testResources) @ avro-maven-plugin ---
[INFO] Using 'UTF-8' encoding to copy filtered resources.
[INFO] Copying 11 resources
[INFO] Copying 3 resources
[INFO] 
[INFO] --- maven-compiler-plugin:3.8.1:testCompile (default-testCompile) @ avro-maven-plugin ---
[INFO] Nothing to compile - all classes are up to date
[INFO] 
[INFO] --- maven-surefire-plugin:3.0.0-M5:test (default-test) @ avro-maven-plugin ---
[INFO] 
[INFO] -------------------------------------------------------
[INFO]  T E S T S
[INFO] -------------------------------------------------------
[INFO] Running org.apache.avro.mojo.TestSchemaMojo
[INFO] Tests run: 2, Failures: 0, Errors: 0, Skipped: 0, Time elapsed: 261,315.408 s - in org.apache.avro.mojo.TestSchemaMojo
[INFO] Running org.apache.avro.mojo.TestIDLProtocolMojo
[INFO] Tests run: 2, Failures: 0, Errors: 0, Skipped: 0, Time elapsed: -1,305,865.296 s - in org.apache.avro.mojo.TestIDLProtocolMojo
[INFO] Running org.apache.avro.mojo.TestInduceMojo
[INFO] Tests run: 5, Failures: 0, Errors: 0, Skipped: 0, Time elapsed: -1,018,081.296 s - in org.apache.avro.mojo.TestInduceMojo
[INFO] Running org.apache.avro.mojo.TestProtocolMojo
[INFO] Tests run: 2, Failures: 0, Errors: 0, Skipped: 0, Time elapsed: 1,316,420 s - in org.apache.avro.mojo.TestProtocolMojo
[INFO] 
[INFO] Results:
[INFO] 
[INFO] Tests run: 11, Failures: 0, Errors: 0, Skipped: 0
[INFO] 
[INFO] 
[INFO] --- maven-checkstyle-plugin:3.1.2:check (checkstyle-check) @ avro-maven-plugin ---
[INFO] Starting audit...
Audit done.
[INFO] You have 0 Checkstyle violations.
[INFO] 
[INFO] ----------------------< org.apache.avro:avro-ipc >----------------------
[INFO] Building Apache Avro IPC 1.12.0-SNAPSHOT                          [7/24]
[INFO] -------------------------------[ bundle ]-------------------------------
[INFO] 
[INFO] --- maven-enforcer-plugin:3.0.0-M3:enforce (enforce-maven-version) @ avro-ipc ---
[INFO] 
[INFO] --- maven-enforcer-plugin:3.0.0-M3:enforce (default-cli) @ avro-ipc ---
[INFO] Adding ignore: module-info
[INFO] Adding ignore: module-info
[INFO] 
[INFO] --- maven-enforcer-plugin:3.0.0-M3:enforce (enforce) @ avro-ipc ---
[INFO] Adding ignore: module-info
[INFO] 
[INFO] --- maven-enforcer-plugin:3.0.0-M3:enforce (enforce-banned-dependencies) @ avro-ipc ---
[INFO] 
[INFO] --- avro-maven-plugin:1.12.0-SNAPSHOT:schema (schemas) @ avro-ipc ---
[INFO] 
[INFO] --- avro-maven-plugin:1.12.0-SNAPSHOT:protocol (schemas) @ avro-ipc ---
[INFO] 
[INFO] --- avro-maven-plugin:1.12.0-SNAPSHOT:idl-protocol (schemas) @ avro-ipc ---
[INFO] 
[INFO] --- build-helper-maven-plugin:3.2.0:add-source (add-source) @ avro-ipc ---
[INFO] Source directory: /home/target/lang/java/ipc/target/generated-sources/java added.
[INFO] 
[INFO] --- maven-remote-resources-plugin:1.7.0:process (process-resource-bundles) @ avro-ipc ---
[INFO] Preparing remote bundle org.apache:apache-jar-resource-bundle:1.4
[INFO] Copying 3 resources from 1 bundle.
[INFO] 
[INFO] --- maven-resources-plugin:3.1.0:resources (default-resources) @ avro-ipc ---
[INFO] Using 'UTF-8' encoding to copy filtered resources.
[INFO] Copying 9 resources
[INFO] Copying 3 resources
[INFO] 
[INFO] --- maven-compiler-plugin:3.8.1:compile (default-compile) @ avro-ipc ---
[INFO] Nothing to compile - all classes are up to date
[INFO] 
[INFO] --- spotless-maven-plugin:2.11.1:check (spotless-check) @ avro-ipc ---
[INFO] 
[INFO] --- maven-bundle-plugin:5.1.2:manifest (bundle-manifest) @ avro-ipc ---
[INFO] 
[INFO] --- build-helper-maven-plugin:3.2.0:add-test-source (add-test-source) @ avro-ipc ---
[INFO] Test Source directory: /home/target/lang/java/ipc/target/generated-test-sources/java added.
[INFO] 
[INFO] --- maven-resources-plugin:3.1.0:testResources (default-testResources) @ avro-ipc ---
[INFO] Using 'UTF-8' encoding to copy filtered resources.
[INFO] Copying 1 resource
[INFO] Copying 3 resources
[INFO] 
[INFO] --- maven-compiler-plugin:3.8.1:testCompile (default-testCompile) @ avro-ipc ---
[INFO] Changes detected - recompiling the module!
[INFO] Compiling 107 source files to /home/target/lang/java/ipc/target/test-classes
[WARNING] /home/target/lang/java/ipc/src/test/java/org/apache/avro/TestProtocolSpecific.java:[48,27] org.apache.avro.ipc.SocketServer in org.apache.avro.ipc has been deprecated
[WARNING] /home/target/lang/java/ipc/src/test/java/org/apache/avro/TestProtocolSpecific.java:[49,27] org.apache.avro.ipc.SocketTransceiver in org.apache.avro.ipc has been deprecated
[WARNING] /home/target/lang/java/ipc/src/test/java/org/apache/avro/TestNamespaceReflect.java:[20,27] org.apache.avro.ipc.SocketServer in org.apache.avro.ipc has been deprecated
[WARNING] /home/target/lang/java/ipc/src/test/java/org/apache/avro/TestNamespaceReflect.java:[21,27] org.apache.avro.ipc.SocketTransceiver in org.apache.avro.ipc has been deprecated
[WARNING] /home/target/lang/java/ipc/src/test/java/org/apache/avro/TestNamespaceSpecific.java:[20,27] org.apache.avro.ipc.SocketServer in org.apache.avro.ipc has been deprecated
[WARNING] /home/target/lang/java/ipc/src/test/java/org/apache/avro/TestNamespaceSpecific.java:[21,27] org.apache.avro.ipc.SocketTransceiver in org.apache.avro.ipc has been deprecated
[WARNING] /home/target/lang/java/ipc/src/test/java/org/apache/avro/TestProtocolGeneric.java:[24,27] org.apache.avro.ipc.SocketServer in org.apache.avro.ipc has been deprecated
[WARNING] /home/target/lang/java/ipc/src/test/java/org/apache/avro/TestProtocolGeneric.java:[25,27] org.apache.avro.ipc.SocketTransceiver in org.apache.avro.ipc has been deprecated
[WARNING] /home/target/lang/java/ipc/src/test/java/org/apache/avro/TestProtocolReflect.java:[23,27] org.apache.avro.ipc.SocketServer in org.apache.avro.ipc has been deprecated
[WARNING] /home/target/lang/java/ipc/src/test/java/org/apache/avro/TestProtocolReflect.java:[24,27] org.apache.avro.ipc.SocketTransceiver in org.apache.avro.ipc has been deprecated
[WARNING] /home/target/lang/java/ipc/src/test/java/org/apache/avro/TestProtocolReflectMeta.java:[20,27] org.apache.avro.ipc.SocketServer in org.apache.avro.ipc has been deprecated
[WARNING] /home/target/lang/java/ipc/src/test/java/org/apache/avro/TestProtocolReflectMeta.java:[21,27] org.apache.avro.ipc.SocketTransceiver in org.apache.avro.ipc has been deprecated
[WARNING] /home/target/lang/java/ipc/src/test/java/org/apache/avro/TestProtocolGenericMeta.java:[23,27] org.apache.avro.ipc.SocketServer in org.apache.avro.ipc has been deprecated
[WARNING] /home/target/lang/java/ipc/src/test/java/org/apache/avro/TestProtocolGenericMeta.java:[24,27] org.apache.avro.ipc.SocketTransceiver in org.apache.avro.ipc has been deprecated
[WARNING] /home/target/lang/java/ipc/src/test/java/org/apache/avro/TestProtocolSpecificMeta.java:[25,27] org.apache.avro.ipc.SocketServer in org.apache.avro.ipc has been deprecated
[WARNING] /home/target/lang/java/ipc/src/test/java/org/apache/avro/TestProtocolSpecificMeta.java:[26,27] org.apache.avro.ipc.SocketTransceiver in org.apache.avro.ipc has been deprecated
[WARNING] /home/target/lang/java/ipc/src/test/java/org/apache/avro/TestProtocolSpecific.java:[129,25] org.apache.avro.ipc.SocketServer in org.apache.avro.ipc has been deprecated
[WARNING] /home/target/lang/java/ipc/src/test/java/org/apache/avro/TestProtocolSpecific.java:[133,16] org.apache.avro.ipc.SocketTransceiver in org.apache.avro.ipc has been deprecated
[WARNING] /home/target/lang/java/ipc/src/test/java/org/apache/avro/TestProtocolSpecific.java:[268,15] createRecord(java.util.List<org.apache.avro.Schema.Field>) in org.apache.avro.Schema has been deprecated
[WARNING] /home/target/lang/java/ipc/src/test/java/org/apache/avro/TestProtocolSpecific.java:[344,36] org.apache.avro.ipc.SocketTransceiver in org.apache.avro.ipc has been deprecated
[WARNING] /home/target/lang/java/ipc/src/test/java/org/apache/avro/TestProtocolSpecific.java:[360,7] org.apache.avro.ipc.SocketServer in org.apache.avro.ipc has been deprecated
[WARNING] /home/target/lang/java/ipc/src/test/java/org/apache/avro/TestProtocolSpecific.java:[360,33] org.apache.avro.ipc.SocketServer in org.apache.avro.ipc has been deprecated
[WARNING] /home/target/lang/java/ipc/src/test/java/org/apache/avro/TestNamespaceSpecific.java:[50,20] org.apache.avro.ipc.SocketServer in org.apache.avro.ipc has been deprecated
[WARNING] /home/target/lang/java/ipc/src/test/java/org/apache/avro/TestNamespaceSpecific.java:[58,18] org.apache.avro.ipc.SocketServer in org.apache.avro.ipc has been deprecated
[WARNING] /home/target/lang/java/ipc/src/test/java/org/apache/avro/TestNamespaceSpecific.java:[60,18] org.apache.avro.ipc.SocketTransceiver in org.apache.avro.ipc has been deprecated
[WARNING] /home/target/lang/java/ipc/src/test/java/org/apache/avro/TestNamespaceReflect.java:[36,18] org.apache.avro.ipc.SocketServer in org.apache.avro.ipc has been deprecated
[WARNING] /home/target/lang/java/ipc/src/test/java/org/apache/avro/TestNamespaceReflect.java:[38,18] org.apache.avro.ipc.SocketTransceiver in org.apache.avro.ipc has been deprecated
[WARNING] /home/target/lang/java/ipc/src/test/java/org/apache/avro/TestProtocolGeneric.java:[101,20] org.apache.avro.ipc.SocketServer in org.apache.avro.ipc has been deprecated
[WARNING] /home/target/lang/java/ipc/src/test/java/org/apache/avro/TestProtocolGeneric.java:[109,18] org.apache.avro.ipc.SocketServer in org.apache.avro.ipc has been deprecated
[WARNING] /home/target/lang/java/ipc/src/test/java/org/apache/avro/TestProtocolGeneric.java:[111,18] org.apache.avro.ipc.SocketTransceiver in org.apache.avro.ipc has been deprecated
[WARNING] /home/target/lang/java/ipc/src/test/java/org/apache/avro/TestProtocolGeneric.java:[189,15] createRecord(java.util.List<org.apache.avro.Schema.Field>) in org.apache.avro.Schema has been deprecated
[WARNING] /home/target/lang/java/ipc/src/test/java/org/apache/avro/TestProtocolGeneric.java:[191,30] org.apache.avro.ipc.SocketTransceiver in org.apache.avro.ipc has been deprecated
[WARNING] /home/target/lang/java/ipc/src/test/java/org/apache/avro/TestProtocolGeneric.java:[220,15] createRecord(java.util.List<org.apache.avro.Schema.Field>) in org.apache.avro.Schema has been deprecated
[WARNING] /home/target/lang/java/ipc/src/test/java/org/apache/avro/TestProtocolGeneric.java:[222,30] org.apache.avro.ipc.SocketTransceiver in org.apache.avro.ipc has been deprecated
[WARNING] /home/target/lang/java/ipc/src/test/java/org/apache/avro/TestProtocolReflect.java:[100,18] org.apache.avro.ipc.SocketServer in org.apache.avro.ipc has been deprecated
[WARNING] /home/target/lang/java/ipc/src/test/java/org/apache/avro/TestProtocolReflect.java:[102,18] org.apache.avro.ipc.SocketTransceiver in org.apache.avro.ipc has been deprecated
[WARNING] /home/target/lang/java/ipc/src/test/java/org/apache/avro/TestProtocolReflectMeta.java:[38,18] org.apache.avro.ipc.SocketServer in org.apache.avro.ipc has been deprecated
[WARNING] /home/target/lang/java/ipc/src/test/java/org/apache/avro/TestProtocolReflectMeta.java:[41,18] org.apache.avro.ipc.SocketTransceiver in org.apache.avro.ipc has been deprecated
[WARNING] /home/target/lang/java/ipc/src/test/java/org/apache/avro/TestProtocolGenericMeta.java:[38,18] org.apache.avro.ipc.SocketServer in org.apache.avro.ipc has been deprecated
[WARNING] /home/target/lang/java/ipc/src/test/java/org/apache/avro/TestProtocolGenericMeta.java:[41,18] org.apache.avro.ipc.SocketTransceiver in org.apache.avro.ipc has been deprecated
[WARNING] /home/target/lang/java/ipc/src/test/java/org/apache/avro/TestProtocolSpecificMeta.java:[35,16] org.apache.avro.ipc.SocketServer in org.apache.avro.ipc has been deprecated
[WARNING] /home/target/lang/java/ipc/src/test/java/org/apache/avro/TestProtocolSpecificMeta.java:[40,16] org.apache.avro.ipc.SocketTransceiver in org.apache.avro.ipc has been deprecated
[INFO] 
[INFO] --- maven-surefire-plugin:3.0.0-M5:test (default-test) @ avro-ipc ---
[INFO] 
[INFO] -------------------------------------------------------
[INFO]  T E S T S
[INFO] -------------------------------------------------------
[INFO] Running org.apache.avro.specific.TestSpecificDatumReader
[INFO] Tests run: 2, Failures: 0, Errors: 0, Skipped: 0, Time elapsed: 1,814,692 s - in org.apache.avro.specific.TestSpecificDatumReader
[INFO] Running org.apache.avro.ipc.TestLocalTransceiver
[INFO] Tests run: 1, Failures: 0, Errors: 0, Skipped: 0, Time elapsed: 1,749,478 s - in org.apache.avro.ipc.TestLocalTransceiver
[INFO] Running org.apache.avro.message.TestCustomSchemaStore
[INFO] Tests run: 2, Failures: 0, Errors: 0, Skipped: 0, Time elapsed: 1,314,254 s - in org.apache.avro.message.TestCustomSchemaStore
[INFO] Running org.apache.avro.TestProtocolGeneric
[INFO] Tests run: 7, Failures: 0, Errors: 0, Skipped: 0, Time elapsed: -2,133,897.296 s - in org.apache.avro.TestProtocolGeneric
[INFO] Running org.apache.avro.specific.TestSpecificBuilderTree
[INFO] Tests run: 11, Failures: 0, Errors: 0, Skipped: 0, Time elapsed: 1,513,764 s - in org.apache.avro.specific.TestSpecificBuilderTree
[INFO] Running org.apache.avro.ipc.TestSaslAnonymous
[INFO] Tests run: 8, Failures: 0, Errors: 0, Skipped: 0, Time elapsed: 2,036,916 s - in org.apache.avro.ipc.TestSaslAnonymous
[INFO] Running org.apache.avro.TestProtocolGenericMeta
[INFO] Tests run: 7, Failures: 0, Errors: 0, Skipped: 0, Time elapsed: 2,016,856 s - in org.apache.avro.TestProtocolGenericMeta
[INFO] Running org.apache.avro.ipc.TestSaslDigestMd5
[INFO] Tests run: 9, Failures: 0, Errors: 0, Skipped: 0, Time elapsed: 2,137,234 s - in org.apache.avro.ipc.TestSaslDigestMd5
[INFO] Running org.apache.avro.specific.TestSpecificRecordBuilder
[WARNING] Tests run: 10, Failures: 0, Errors: 0, Skipped: 3, Time elapsed: 1,824,320 s - in org.apache.avro.specific.TestSpecificRecordBuilder
[WARNING] ForkStarter IOException: Stream closed. See the dump file /home/target/lang/java/ipc/target/surefire-reports/2023-03-27T06-55-55_017-jvmRun1.dumpstream
[INFO] Running org.apache.avro.TestDataFileSpecific
[INFO] Tests run: 1, Failures: 0, Errors: 0, Skipped: 0, Time elapsed: 1,707,774 s - in org.apache.avro.TestDataFileSpecific
[INFO] Running org.apache.avro.ipc.TestRpcPluginOrdering
[INFO] Tests run: 1, Failures: 0, Errors: 0, Skipped: 0, Time elapsed: 1,836,874 s - in org.apache.avro.ipc.TestRpcPluginOrdering
[INFO] Running org.apache.avro.generic.TestBuilderCopy
[INFO] Tests run: 1, Failures: 0, Errors: 0, Skipped: 0, Time elapsed: 1,625,858 s - in org.apache.avro.generic.TestBuilderCopy
[INFO] Running org.apache.avro.specific.TestSpecificData
[INFO] Tests run: 9, Failures: 0, Errors: 0, Skipped: 0, Time elapsed: 1,593,484 s - in org.apache.avro.specific.TestSpecificData
[INFO] Running org.apache.avro.specific.TestSpecificErrorBuilder
[INFO] Tests run: 2, Failures: 0, Errors: 0, Skipped: 0, Time elapsed: 1,166,308 s - in org.apache.avro.specific.TestSpecificErrorBuilder
[INFO] Running org.apache.avro.specific.TestSpecificDatumWriter
[INFO] Tests run: 2, Failures: 0, Errors: 0, Skipped: 0, Time elapsed: 1,502,504 s - in org.apache.avro.specific.TestSpecificDatumWriter
[INFO] Running org.apache.avro.generic.TestDeepCopy
[INFO] Tests run: 2, Failures: 0, Errors: 0, Skipped: 0, Time elapsed: 1,372,550 s - in org.apache.avro.generic.TestDeepCopy
[INFO] Running org.apache.avro.TestNamespaceReflect
[INFO] Tests run: 2, Failures: 0, Errors: 0, Skipped: 0, Time elapsed: 1,468,236 s - in org.apache.avro.TestNamespaceReflect
[INFO] Running org.apache.avro.TestNamespaceSpecific
[INFO] Tests run: 2, Failures: 0, Errors: 0, Skipped: 0, Time elapsed: 1,735,146 s - in org.apache.avro.TestNamespaceSpecific
[INFO] Running org.apache.avro.ipc.specific.TestSpecificRequestor
[INFO] Tests run: 3, Failures: 0, Errors: 0, Skipped: 0, Time elapsed: 20,710 s - in org.apache.avro.ipc.specific.TestSpecificRequestor
[INFO] Running org.apache.avro.TestProtocolSpecific
[INFO] Tests run: 14, Failures: 0, Errors: 0, Skipped: 0, Time elapsed: -458,747.296 s - in org.apache.avro.TestProtocolSpecific
[INFO] Running org.apache.avro.compiler.specific.TestSpecificCompiler
[INFO] Tests run: 20, Failures: 0, Errors: 0, Skipped: 0, Time elapsed: -760,434.48 s - in org.apache.avro.compiler.specific.TestSpecificCompiler
[INFO] Running org.apache.avro.ipc.stats.TestHistogram
[INFO] Tests run: 3, Failures: 0, Errors: 0, Skipped: 0, Time elapsed: 3,764 s - in org.apache.avro.ipc.stats.TestHistogram
[INFO] Running org.apache.avro.TestProtocolReflect
[INFO] Tests run: 7, Failures: 0, Errors: 0, Skipped: 0, Time elapsed: 1,477,418 s - in org.apache.avro.TestProtocolReflect
[INFO] Running org.apache.avro.TestProtocolReflectMeta
[INFO] Tests run: 7, Failures: 0, Errors: 0, Skipped: 0, Time elapsed: 1,853,534 s - in org.apache.avro.TestProtocolReflectMeta
[INFO] Running org.apache.avro.TestSchema
[INFO] Tests run: 58, Failures: 0, Errors: 0, Skipped: 0, Time elapsed: 966,385.52 s - in org.apache.avro.TestSchema
[INFO] Running org.apache.avro.TestProtocolParsing
[INFO] Tests run: 6, Failures: 0, Errors: 0, Skipped: 0, Time elapsed: 1,154,250 s - in org.apache.avro.TestProtocolParsing
[INFO] Running org.apache.avro.TestCompare
[INFO] Tests run: 14, Failures: 0, Errors: 0, Skipped: 0, Time elapsed: 1,241,142 s - in org.apache.avro.TestCompare
[INFO] Running org.apache.avro.TestProtocolSpecificMeta
[INFO] Tests run: 14, Failures: 0, Errors: 0, Skipped: 0, Time elapsed: -510,857.296 s - in org.apache.avro.TestProtocolSpecificMeta
[INFO] Running org.apache.avro.ipc.stats.TestStopwatch
[INFO] Tests run: 6, Failures: 0, Errors: 0, Skipped: 0, Time elapsed: 25,574 s - in org.apache.avro.ipc.stats.TestStopwatch
[INFO] Running org.apache.avro.TestProtocolDatagram
[INFO] Tests run: 14, Failures: 0, Errors: 0, Skipped: 0, Time elapsed: 123,150.704 s - in org.apache.avro.TestProtocolDatagram
[INFO] 
[INFO] Results:
[INFO] 
[WARNING] Tests run: 245, Failures: 0, Errors: 0, Skipped: 3
[INFO] 
[INFO] 
[INFO] --- maven-checkstyle-plugin:3.1.2:check (checkstyle-check) @ avro-ipc ---
[INFO] Starting audit...
Audit done.
[INFO] You have 0 Checkstyle violations.
[INFO] 
[INFO] -------------------< org.apache.avro:avro-ipc-jetty >-------------------
[INFO] Building Apache Avro IPC Jetty 1.12.0-SNAPSHOT                    [8/24]
[INFO] -------------------------------[ bundle ]-------------------------------
[INFO] 
[INFO] --- maven-enforcer-plugin:3.0.0-M3:enforce (enforce-maven-version) @ avro-ipc-jetty ---
[INFO] 
[INFO] --- maven-enforcer-plugin:3.0.0-M3:enforce (default-cli) @ avro-ipc-jetty ---
[INFO] Adding ignore: module-info
[INFO] Adding ignore: module-info
[INFO] 
[INFO] --- maven-enforcer-plugin:3.0.0-M3:enforce (enforce) @ avro-ipc-jetty ---
[INFO] Adding ignore: module-info
[INFO] 
[INFO] --- maven-enforcer-plugin:3.0.0-M3:enforce (enforce-banned-dependencies) @ avro-ipc-jetty ---
[INFO] 
[INFO] --- maven-remote-resources-plugin:1.7.0:process (process-resource-bundles) @ avro-ipc-jetty ---
[INFO] Preparing remote bundle org.apache:apache-jar-resource-bundle:1.4
[INFO] Copying 3 resources from 1 bundle.
[INFO] 
[INFO] --- maven-resources-plugin:3.1.0:resources (default-resources) @ avro-ipc-jetty ---
[INFO] Using 'UTF-8' encoding to copy filtered resources.
[INFO] skip non existing resourceDirectory /home/target/lang/java/ipc-jetty/src/main/resources
[INFO] Copying 3 resources
[INFO] 
[INFO] --- maven-compiler-plugin:3.8.1:compile (default-compile) @ avro-ipc-jetty ---
[INFO] Nothing to compile - all classes are up to date
[INFO] 
[INFO] --- spotless-maven-plugin:2.11.1:check (spotless-check) @ avro-ipc-jetty ---
[INFO] 
[INFO] --- maven-bundle-plugin:5.1.2:manifest (bundle-manifest) @ avro-ipc-jetty ---
[INFO] 
[INFO] --- maven-resources-plugin:3.1.0:testResources (default-testResources) @ avro-ipc-jetty ---
[INFO] Using 'UTF-8' encoding to copy filtered resources.
[INFO] Copying 1 resource
[INFO] Copying 3 resources
[INFO] 
[INFO] --- maven-compiler-plugin:3.8.1:testCompile (default-testCompile) @ avro-ipc-jetty ---
[INFO] Nothing to compile - all classes are up to date
[INFO] 
[INFO] --- maven-surefire-plugin:3.0.0-M5:test (default-test) @ avro-ipc-jetty ---
[INFO] 
[INFO] -------------------------------------------------------
[INFO]  T E S T S
[INFO] -------------------------------------------------------
[INFO] Running org.apache.avro.ipc.jetty.TestBulkData
[INFO] Tests run: 2, Failures: 0, Errors: 0, Skipped: 0, Time elapsed: -502,747.296 s - in org.apache.avro.ipc.jetty.TestBulkData
[INFO] Running org.apache.avro.ipc.jetty.TestProtocolHttp
[INFO] Tests run: 16, Failures: 0, Errors: 0, Skipped: 0, Time elapsed: 812,052.448 s - in org.apache.avro.ipc.jetty.TestProtocolHttp
[INFO] Running org.apache.avro.ipc.jetty.TestStatsPluginAndServlet
[INFO] Tests run: 3, Failures: 0, Errors: 0, Skipped: 0, Time elapsed: -1,846,397.296 s - in org.apache.avro.ipc.jetty.TestStatsPluginAndServlet
[INFO] Running org.apache.avro.ipc.jetty.TestProtocolHttps
[INFO] Tests run: 14, Failures: 0, Errors: 0, Skipped: 0, Time elapsed: -1,702,089.952 s - in org.apache.avro.ipc.jetty.TestProtocolHttps
[INFO] 
[INFO] Results:
[INFO] 
[INFO] Tests run: 35, Failures: 0, Errors: 0, Skipped: 0
[INFO] 
[INFO] 
[INFO] --- maven-checkstyle-plugin:3.1.2:check (checkstyle-check) @ avro-ipc-jetty ---
[INFO] Starting audit...
Audit done.
[INFO] You have 0 Checkstyle violations.
[INFO] 
[INFO] -------------------< org.apache.avro:avro-ipc-netty >-------------------
[INFO] Building Apache Avro IPC Netty 1.12.0-SNAPSHOT                    [9/24]
[INFO] -------------------------------[ bundle ]-------------------------------
[INFO] 
[INFO] --- maven-enforcer-plugin:3.0.0-M3:enforce (enforce-maven-version) @ avro-ipc-netty ---
[INFO] 
[INFO] --- maven-enforcer-plugin:3.0.0-M3:enforce (default-cli) @ avro-ipc-netty ---
[INFO] Adding ignore: module-info
[INFO] Adding ignore: module-info
[INFO] 
[INFO] --- maven-enforcer-plugin:3.0.0-M3:enforce (enforce) @ avro-ipc-netty ---
[INFO] Adding ignore: module-info
[INFO] 
[INFO] --- maven-enforcer-plugin:3.0.0-M3:enforce (enforce-banned-dependencies) @ avro-ipc-netty ---
[INFO] 
[INFO] --- maven-remote-resources-plugin:1.7.0:process (process-resource-bundles) @ avro-ipc-netty ---
[INFO] Preparing remote bundle org.apache:apache-jar-resource-bundle:1.4
[INFO] Copying 3 resources from 1 bundle.
[INFO] 
[INFO] --- maven-resources-plugin:3.1.0:resources (default-resources) @ avro-ipc-netty ---
[INFO] Using 'UTF-8' encoding to copy filtered resources.
[INFO] skip non existing resourceDirectory /home/target/lang/java/ipc-netty/src/main/resources
[INFO] Copying 3 resources
[INFO] 
[INFO] --- maven-compiler-plugin:3.8.1:compile (default-compile) @ avro-ipc-netty ---
[INFO] Nothing to compile - all classes are up to date
[INFO] 
[INFO] --- spotless-maven-plugin:2.11.1:check (spotless-check) @ avro-ipc-netty ---
[INFO] 
[INFO] --- maven-bundle-plugin:5.1.2:manifest (bundle-manifest) @ avro-ipc-netty ---
[INFO] 
[INFO] --- maven-resources-plugin:3.1.0:testResources (default-testResources) @ avro-ipc-netty ---
[INFO] Using 'UTF-8' encoding to copy filtered resources.
[INFO] Copying 1 resource
[INFO] Copying 3 resources
[INFO] 
[INFO] --- maven-compiler-plugin:3.8.1:testCompile (default-testCompile) @ avro-ipc-netty ---
[INFO] Nothing to compile - all classes are up to date
[INFO] 
[INFO] --- maven-surefire-plugin:3.0.0-M5:test (default-test) @ avro-ipc-netty ---
[INFO] 
[INFO] -------------------------------------------------------
[INFO]  T E S T S
[INFO] -------------------------------------------------------
[INFO] Running org.apache.avro.ipc.netty.TestNettyServer
[INFO] Tests run: 5, Failures: 0, Errors: 0, Skipped: 0, Time elapsed: 609,678.816 s - in org.apache.avro.ipc.netty.TestNettyServer
[INFO] Running org.apache.avro.ipc.netty.TestNettyServerWithCallbacks
[WARNING] Tests run: 11, Failures: 0, Errors: 0, Skipped: 1, Time elapsed: 352,047.12 s - in org.apache.avro.ipc.netty.TestNettyServerWithCallbacks
[INFO] Running org.apache.avro.ipc.netty.TestProtocolNetty
[INFO] Tests run: 14, Failures: 0, Errors: 0, Skipped: 0, Time elapsed: 1,352,184.928 s - in org.apache.avro.ipc.netty.TestProtocolNetty
[INFO] Running org.apache.avro.ipc.netty.TestNettyServerWithSSL
[INFO] Tests run: 5, Failures: 0, Errors: 0, Skipped: 0, Time elapsed: 2,113,780.816 s - in org.apache.avro.ipc.netty.TestNettyServerWithSSL
[INFO] Running org.apache.avro.ipc.netty.TestNettyServerConcurrentExecution
[INFO] Tests run: 1, Failures: 0, Errors: 0, Skipped: 0, Time elapsed: -886,631.664 s - in org.apache.avro.ipc.netty.TestNettyServerConcurrentExecution
[INFO] Running org.apache.avro.ipc.netty.TestNettyServerWithCompression
[INFO] Tests run: 5, Failures: 0, Errors: 0, Skipped: 0, Time elapsed: 1,483,802.816 s - in org.apache.avro.ipc.netty.TestNettyServerWithCompression
[INFO] Running org.apache.avro.ipc.netty.TestNettyTransceiverWhenFailsToConnect
[INFO] Tests run: 1, Failures: 0, Errors: 0, Skipped: 0, Time elapsed: 1,712,312 s - in org.apache.avro.ipc.netty.TestNettyTransceiverWhenFailsToConnect
[INFO] 
[INFO] Results:
[INFO] 
[WARNING] Tests run: 42, Failures: 0, Errors: 0, Skipped: 1
[INFO] 
[INFO] 
[INFO] --- maven-checkstyle-plugin:3.1.2:check (checkstyle-check) @ avro-ipc-netty ---
[INFO] Starting audit...
Audit done.
[INFO] You have 0 Checkstyle violations.
[INFO] 
[INFO] --------------------< org.apache.avro:trevni-java >---------------------
[INFO] Building Trevni Java 1.12.0-SNAPSHOT                             [10/24]
[INFO] --------------------------------[ pom ]---------------------------------
[INFO] 
[INFO] --- maven-enforcer-plugin:3.0.0-M3:enforce (enforce-maven-version) @ trevni-java ---
[INFO] 
[INFO] --- maven-enforcer-plugin:3.0.0-M3:enforce (default-cli) @ trevni-java ---
[INFO] Adding ignore: module-info
[INFO] Adding ignore: module-info
[INFO] 
[INFO] --- maven-enforcer-plugin:3.0.0-M3:enforce (enforce) @ trevni-java ---
[INFO] Adding ignore: module-info
[INFO] 
[INFO] --- maven-enforcer-plugin:3.0.0-M3:enforce (enforce-banned-dependencies) @ trevni-java ---
[INFO] 
[INFO] --- maven-remote-resources-plugin:1.7.0:process (process-resource-bundles) @ trevni-java ---
[INFO] Preparing remote bundle org.apache:apache-jar-resource-bundle:1.4
[INFO] Copying 3 resources from 1 bundle.
[INFO] 
[INFO] --- spotless-maven-plugin:2.11.1:check (spotless-check) @ trevni-java ---
[INFO] 
[INFO] --- maven-bundle-plugin:5.1.2:manifest (bundle-manifest) @ trevni-java ---
[WARNING] Ignoring project type pom - supportedProjectTypes = [bundle]
[INFO] 
[INFO] --- maven-checkstyle-plugin:3.1.2:check (checkstyle-check) @ trevni-java ---
[INFO] Starting audit...
Audit done.
[INFO] You have 0 Checkstyle violations.
[INFO] 
[INFO] --------------------< org.apache.avro:trevni-core >---------------------
[INFO] Building Trevni Java Core 1.12.0-SNAPSHOT                        [11/24]
[INFO] --------------------------------[ jar ]---------------------------------
[INFO] 
[INFO] --- maven-enforcer-plugin:3.0.0-M3:enforce (enforce-maven-version) @ trevni-core ---
[INFO] 
[INFO] --- maven-enforcer-plugin:3.0.0-M3:enforce (default-cli) @ trevni-core ---
[INFO] Adding ignore: module-info
[INFO] Adding ignore: module-info
[INFO] 
[INFO] --- maven-enforcer-plugin:3.0.0-M3:enforce (enforce) @ trevni-core ---
[INFO] Adding ignore: module-info
[INFO] 
[INFO] --- maven-enforcer-plugin:3.0.0-M3:enforce (enforce-banned-dependencies) @ trevni-core ---
[INFO] 
[INFO] --- maven-remote-resources-plugin:1.7.0:process (process-resource-bundles) @ trevni-core ---
[INFO] Preparing remote bundle org.apache:apache-jar-resource-bundle:1.4
[INFO] Copying 3 resources from 1 bundle.
[INFO] 
[INFO] --- maven-resources-plugin:3.1.0:resources (default-resources) @ trevni-core ---
[INFO] Using 'UTF-8' encoding to copy filtered resources.
[INFO] skip non existing resourceDirectory /home/target/lang/java/trevni/core/src/main/resources
[INFO] Copying 3 resources
[INFO] 
[INFO] --- maven-compiler-plugin:3.8.1:compile (default-compile) @ trevni-core ---
[INFO] Nothing to compile - all classes are up to date
[INFO] 
[INFO] --- spotless-maven-plugin:2.11.1:check (spotless-check) @ trevni-core ---
[INFO] 
[INFO] --- maven-bundle-plugin:5.1.2:manifest (bundle-manifest) @ trevni-core ---
[WARNING] Ignoring project type jar - supportedProjectTypes = [bundle]
[INFO] 
[INFO] --- maven-resources-plugin:3.1.0:testResources (default-testResources) @ trevni-core ---
[INFO] Using 'UTF-8' encoding to copy filtered resources.
[INFO] skip non existing resourceDirectory /home/target/lang/java/trevni/core/src/test/resources
[INFO] Copying 3 resources
[INFO] 
[INFO] --- maven-compiler-plugin:3.8.1:testCompile (default-testCompile) @ trevni-core ---
[INFO] Nothing to compile - all classes are up to date
[INFO] 
[INFO] --- maven-surefire-plugin:3.0.0-M5:test (default-test) @ trevni-core ---
[INFO] 
[INFO] -------------------------------------------------------
[INFO]  T E S T S
[INFO] -------------------------------------------------------
[INFO] Running org.apache.trevni.TestUtil
[INFO] Tests run: 1, Failures: 0, Errors: 0, Skipped: 0, Time elapsed: 159,320 s - in org.apache.trevni.TestUtil
[INFO] Running org.apache.trevni.TestAllCodecs
[INFO] Tests run: 8, Failures: 0, Errors: 0, Skipped: 0, Time elapsed: 513,496.704 s - in org.apache.trevni.TestAllCodecs
[INFO] Running org.apache.trevni.TestIOBuffers
[INFO] Tests run: 22, Failures: 0, Errors: 0, Skipped: 0, Time elapsed: 291,258 s - in org.apache.trevni.TestIOBuffers
[INFO] Running org.apache.trevni.TestInputBytes
[INFO] Tests run: 1, Failures: 0, Errors: 0, Skipped: 0, Time elapsed: 88,652 s - in org.apache.trevni.TestInputBytes
[INFO] Running org.apache.trevni.TestColumnFile
[INFO] Tests run: 24, Failures: 0, Errors: 0, Skipped: 0, Time elapsed: 1,366,855.408 s - in org.apache.trevni.TestColumnFile
[INFO] 
[INFO] Results:
[INFO] 
[INFO] Tests run: 56, Failures: 0, Errors: 0, Skipped: 0
[INFO] 
[INFO] 
[INFO] --- maven-checkstyle-plugin:3.1.2:check (checkstyle-check) @ trevni-core ---
[INFO] Starting audit...
Audit done.
[INFO] You have 0 Checkstyle violations.
[INFO] 
[INFO] --------------------< org.apache.avro:avro-mapred >---------------------
[INFO] Building Apache Avro Mapred API 1.12.0-SNAPSHOT                  [12/24]
[INFO] -------------------------------[ bundle ]-------------------------------
[INFO] 
[INFO] --- maven-enforcer-plugin:3.0.0-M3:enforce (enforce-maven-version) @ avro-mapred ---
[INFO] 
[INFO] --- maven-enforcer-plugin:3.0.0-M3:enforce (default-cli) @ avro-mapred ---
[INFO] Adding ignore: module-info
[INFO] Adding ignore: module-info
[INFO] 
[INFO] --- maven-enforcer-plugin:3.0.0-M3:enforce (enforce) @ avro-mapred ---
[INFO] Adding ignore: module-info
[INFO] 
[INFO] --- maven-enforcer-plugin:3.0.0-M3:enforce (enforce-banned-dependencies) @ avro-mapred ---
[INFO] 
[INFO] --- avro-maven-plugin:1.12.0-SNAPSHOT:schema (default) @ avro-mapred ---
[INFO] 
[INFO] --- avro-maven-plugin:1.12.0-SNAPSHOT:schema (test-schemas) @ avro-mapred ---
[INFO] 
[INFO] --- avro-maven-plugin:1.12.0-SNAPSHOT:protocol (test-schemas) @ avro-mapred ---
[INFO] 
[INFO] --- avro-maven-plugin:1.12.0-SNAPSHOT:protocol (mapred-schema) @ avro-mapred ---
[INFO] 
[INFO] --- build-helper-maven-plugin:3.2.0:add-source (add-source) @ avro-mapred ---
[INFO] Source directory: /home/target/lang/java/mapred/target/generated-sources/java added.
[INFO] 
[INFO] --- maven-remote-resources-plugin:1.7.0:process (process-resource-bundles) @ avro-mapred ---
[INFO] Preparing remote bundle org.apache:apache-jar-resource-bundle:1.4
[INFO] Copying 3 resources from 1 bundle.
[INFO] 
[INFO] --- maven-resources-plugin:3.1.0:resources (default-resources) @ avro-mapred ---
[INFO] Using 'UTF-8' encoding to copy filtered resources.
[INFO] Copying 0 resource
[INFO] Copying 3 resources
[INFO] 
[INFO] --- maven-compiler-plugin:3.8.1:compile (default-compile) @ avro-mapred ---
[INFO] Nothing to compile - all classes are up to date
[INFO] 
[INFO] --- spotless-maven-plugin:2.11.1:check (spotless-check) @ avro-mapred ---
[INFO] 
[INFO] --- maven-bundle-plugin:5.1.2:manifest (bundle-manifest) @ avro-mapred ---
[INFO] 
[INFO] --- build-helper-maven-plugin:3.2.0:add-test-source (add-test-source) @ avro-mapred ---
[INFO] Test Source directory: /home/target/lang/java/mapred/target/generated-test-sources/java added.
[INFO] Test Source directory: /home/target/lang/java/mapred/target/generated-test-sources/avro added.
[INFO] 
[INFO] --- maven-resources-plugin:3.1.0:testResources (default-testResources) @ avro-mapred ---
[INFO] Using 'UTF-8' encoding to copy filtered resources.
[INFO] Copying 5 resources
[INFO] Copying 3 resources
[INFO] 
[INFO] --- maven-compiler-plugin:3.8.1:testCompile (default-testCompile) @ avro-mapred ---
[INFO] Nothing to compile - all classes are up to date
[INFO] 
[INFO] --- maven-surefire-plugin:3.0.0-M5:test (default-test) @ avro-mapred ---
[INFO] 
[INFO] -------------------------------------------------------
[INFO]  T E S T S
[INFO] -------------------------------------------------------
[INFO] Running org.apache.avro.mapred.TestSequenceFileReader
[INFO] Tests run: 5, Failures: 0, Errors: 0, Skipped: 0, Time elapsed: 1,679,247.152 s - in org.apache.avro.mapred.TestSequenceFileReader
[INFO] Running org.apache.avro.mapred.TestPair
[INFO] Tests run: 1, Failures: 0, Errors: 0, Skipped: 0, Time elapsed: -2,073,321.296 s - in org.apache.avro.mapred.TestPair
[INFO] Running org.apache.avro.mapred.TestAvroOutputFormat
[INFO] Tests run: 9, Failures: 0, Errors: 0, Skipped: 0, Time elapsed: -131,581.296 s - in org.apache.avro.mapred.TestAvroOutputFormat
[INFO] Running org.apache.avro.mapreduce.TestAvroKeyRecordWriter
[INFO] Tests run: 2, Failures: 0, Errors: 0, Skipped: 0, Time elapsed: -268,160.592 s - in org.apache.avro.mapreduce.TestAvroKeyRecordWriter
[INFO] Running org.apache.avro.mapred.TestAvroInputFormat
[INFO] Tests run: 1, Failures: 0, Errors: 0, Skipped: 0, Time elapsed: -1,692,900.592 s - in org.apache.avro.mapred.TestAvroInputFormat
[INFO] Running org.apache.avro.mapreduce.TestWordCount
[INFO] Tests run: 7, Failures: 0, Errors: 0, Skipped: 0, Time elapsed: 1,280,737.456 s - in org.apache.avro.mapreduce.TestWordCount
[INFO] Running org.apache.avro.hadoop.file.TestHadoopCodecFactory
[INFO] Tests run: 5, Failures: 0, Errors: 0, Skipped: 0, Time elapsed: 474,340 s - in org.apache.avro.hadoop.file.TestHadoopCodecFactory
[INFO] Running org.apache.avro.mapreduce.TestKeyValueWordCount
[INFO] Tests run: 1, Failures: 0, Errors: 0, Skipped: 0, Time elapsed: 1,417,430.112 s - in org.apache.avro.mapreduce.TestKeyValueWordCount
[INFO] Running org.apache.avro.mapred.TestReflectJob
[INFO] Tests run: 1, Failures: 0, Errors: 0, Skipped: 0, Time elapsed: -1,466,625.184 s - in org.apache.avro.mapred.TestReflectJob
[INFO] Running org.apache.avro.hadoop.io.TestAvroValueDeserializer
[INFO] Tests run: 1, Failures: 0, Errors: 0, Skipped: 0, Time elapsed: 1,171,476 s - in org.apache.avro.hadoop.io.TestAvroValueDeserializer
[INFO] Running org.apache.avro.mapreduce.TestAvroMultipleOutputs
[INFO] Tests run: 4, Failures: 0, Errors: 0, Skipped: 0, Time elapsed: -1,541,776.96 s - in org.apache.avro.mapreduce.TestAvroMultipleOutputs
[INFO] Running org.apache.avro.mapreduce.TestCombineAvroKeyValueFileInputFormat
[INFO] Tests run: 1, Failures: 0, Errors: 0, Skipped: 0, Time elapsed: -1,485,807.184 s - in org.apache.avro.mapreduce.TestCombineAvroKeyValueFileInputFormat
[INFO] Running org.apache.avro.mapreduce.TestAvroKeyInputFormat
[INFO] Tests run: 1, Failures: 0, Errors: 0, Skipped: 0, Time elapsed: -1,467,899.296 s - in org.apache.avro.mapreduce.TestAvroKeyInputFormat
[INFO] Running org.apache.avro.hadoop.io.TestAvroDatumConverterFactory
[INFO] Tests run: 11, Failures: 0, Errors: 0, Skipped: 0, Time elapsed: -1,109,289.296 s - in org.apache.avro.hadoop.io.TestAvroDatumConverterFactory
[INFO] Running org.apache.avro.mapred.TestGenericJob
[INFO] Tests run: 1, Failures: 0, Errors: 0, Skipped: 0, Time elapsed: 1,704,714.112 s - in org.apache.avro.mapred.TestGenericJob
[INFO] Running org.apache.avro.mapreduce.TestAvroKeyRecordReader
[INFO] Tests run: 1, Failures: 0, Errors: 0, Skipped: 0, Time elapsed: -1,210,195.296 s - in org.apache.avro.mapreduce.TestAvroKeyRecordReader
[INFO] Running org.apache.avro.mapred.TestAvroMultipleInputs
[INFO] Tests run: 1, Failures: 0, Errors: 0, Skipped: 0, Time elapsed: 1,266,502.112 s - in org.apache.avro.mapred.TestAvroMultipleInputs
[INFO] Running org.apache.avro.mapreduce.TestAvroMultipleOutputsSyncable
[INFO] Tests run: 4, Failures: 0, Errors: 0, Skipped: 0, Time elapsed: -1,361,374.96 s - in org.apache.avro.mapreduce.TestAvroMultipleOutputsSyncable
[INFO] Running org.apache.avro.hadoop.io.TestAvroSequenceFile
[INFO] Tests run: 3, Failures: 0, Errors: 0, Skipped: 0, Time elapsed: 88,730.704 s - in org.apache.avro.hadoop.io.TestAvroSequenceFile
[INFO] Running org.apache.avro.mapreduce.TestAvroKeyOutputFormat
[INFO] Tests run: 8, Failures: 0, Errors: 0, Skipped: 0, Time elapsed: 1,050,474.704 s - in org.apache.avro.mapreduce.TestAvroKeyOutputFormat
[INFO] Running org.apache.avro.mapreduce.TestAvroKeyValueRecordReader
[INFO] Tests run: 1, Failures: 0, Errors: 0, Skipped: 0, Time elapsed: -1,680,475.296 s - in org.apache.avro.mapreduce.TestAvroKeyValueRecordReader
[INFO] Running org.apache.avro.mapred.TestWordCount
[INFO] Tests run: 1, Failures: 0, Errors: 0, Skipped: 0, Time elapsed: 1,483,642.112 s - in org.apache.avro.mapred.TestWordCount
[INFO] Running org.apache.avro.mapred.TestAvroTextOutputFormat
[INFO] Tests run: 1, Failures: 0, Errors: 0, Skipped: 0, Time elapsed: 1,686,952 s - in org.apache.avro.mapred.TestAvroTextOutputFormat
[INFO] Running org.apache.avro.mapred.TestAvroMultipleOutputs
[INFO] Tests run: 1, Failures: 0, Errors: 0, Skipped: 0, Time elapsed: 1,932,289.52 s - in org.apache.avro.mapred.TestAvroMultipleOutputs
[INFO] Running org.apache.avro.hadoop.io.TestAvroSerialization
[INFO] Tests run: 7, Failures: 0, Errors: 0, Skipped: 0, Time elapsed: -1,279,345.296 s - in org.apache.avro.hadoop.io.TestAvroSerialization
[INFO] Running org.apache.avro.mapred.TestWeather
[INFO] Tests run: 2, Failures: 0, Errors: 0, Skipped: 0, Time elapsed: 1,574,529.52 s - in org.apache.avro.mapred.TestWeather
[INFO] Running org.apache.avro.hadoop.file.TestSortedKeyValueFile
[INFO] Tests run: 7, Failures: 0, Errors: 0, Skipped: 0, Time elapsed: 1,324,528.704 s - in org.apache.avro.hadoop.file.TestSortedKeyValueFile
[INFO] Running org.apache.avro.mapreduce.TestKeyValueInput
[INFO] Tests run: 2, Failures: 0, Errors: 0, Skipped: 0, Time elapsed: -2,046,687.776 s - in org.apache.avro.mapreduce.TestKeyValueInput
[INFO] Running org.apache.avro.hadoop.io.TestAvroSerializer
[INFO] Tests run: 1, Failures: 0, Errors: 0, Skipped: 0, Time elapsed: 1,342,466 s - in org.apache.avro.hadoop.io.TestAvroSerializer
[INFO] Running org.apache.avro.mapreduce.TestFsInput
[INFO] Tests run: 6, Failures: 0, Errors: 0, Skipped: 0, Time elapsed: -1,412,055.296 s - in org.apache.avro.mapreduce.TestFsInput
[INFO] Running org.apache.avro.hadoop.util.TestAvroCharSequenceComparator
[INFO] Tests run: 3, Failures: 0, Errors: 0, Skipped: 0, Time elapsed: 112,966 s - in org.apache.avro.hadoop.util.TestAvroCharSequenceComparator
[INFO] Running org.apache.avro.mapred.tether.TestWordCountTether
[ERROR] Tests run: 2, Failures: 0, Errors: 2, Skipped: 0, Time elapsed: 266,127.52 s <<< FAILURE! - in org.apache.avro.mapred.tether.TestWordCountTether
[ERROR] org.apache.avro.mapred.tether.TestWordCountTether.testJob  Time elapsed: 924,712.112 s  <<< ERROR!
java.io.IOException: Job failed!
	at org.apache.hadoop.mapred.JobClient.runJob(JobClient.java:876)
	at org.apache.avro.mapred.tether.TetherJob.runJob(TetherJob.java:114)
	at org.apache.avro.mapred.tether.TestWordCountTether._runjob(TestWordCountTether.java:93)
	at org.apache.avro.mapred.tether.TestWordCountTether.testJob(TestWordCountTether.java:118)
	at sun.reflect.NativeMethodAccessorImpl.invoke0(Native Method)
	at sun.reflect.NativeMethodAccessorImpl.invoke(NativeMethodAccessorImpl.java:62)
	at sun.reflect.DelegatingMethodAccessorImpl.invoke(DelegatingMethodAccessorImpl.java:43)
	at java.lang.reflect.Method.invoke(Method.java:498)
	at org.junit.runners.model.FrameworkMethod$1.runReflectiveCall(FrameworkMethod.java:59)
	at org.junit.internal.runners.model.ReflectiveCallable.run(ReflectiveCallable.java:12)
	at org.junit.runners.model.FrameworkMethod.invokeExplosively(FrameworkMethod.java:56)
	at org.junit.internal.runners.statements.InvokeMethod.evaluate(InvokeMethod.java:17)
	at org.junit.rules.ExternalResource$1.evaluate(ExternalResource.java:54)
	at org.junit.rules.ExternalResource$1.evaluate(ExternalResource.java:54)
	at org.junit.runners.ParentRunner$3.evaluate(ParentRunner.java:306)
	at org.junit.runners.BlockJUnit4ClassRunner$1.evaluate(BlockJUnit4ClassRunner.java:100)
	at org.junit.runners.ParentRunner.runLeaf(ParentRunner.java:366)
	at org.junit.runners.BlockJUnit4ClassRunner.runChild(BlockJUnit4ClassRunner.java:103)
	at org.junit.runners.BlockJUnit4ClassRunner.runChild(BlockJUnit4ClassRunner.java:63)
	at org.junit.runners.ParentRunner$4.run(ParentRunner.java:331)
	at org.junit.runners.ParentRunner$1.schedule(ParentRunner.java:79)
	at org.junit.runners.ParentRunner.runChildren(ParentRunner.java:329)
	at org.junit.runners.ParentRunner.access$100(ParentRunner.java:66)
	at org.junit.runners.ParentRunner$2.evaluate(ParentRunner.java:293)
	at org.junit.runners.ParentRunner$3.evaluate(ParentRunner.java:306)
	at org.junit.runners.ParentRunner.run(ParentRunner.java:413)
	at org.junit.runners.Suite.runChild(Suite.java:128)
	at org.junit.runners.Suite.runChild(Suite.java:27)
	at org.junit.runners.ParentRunner$4.run(ParentRunner.java:331)
	at org.junit.runners.ParentRunner$1.schedule(ParentRunner.java:79)
	at org.junit.runners.ParentRunner.runChildren(ParentRunner.java:329)
	at org.junit.runners.ParentRunner.access$100(ParentRunner.java:66)
	at org.junit.runners.ParentRunner$2.evaluate(ParentRunner.java:293)
	at org.junit.runners.ParentRunner$3.evaluate(ParentRunner.java:306)
	at org.junit.runners.ParentRunner.run(ParentRunner.java:413)
	at org.apache.maven.surefire.junitcore.JUnitCore.run(JUnitCore.java:55)
	at org.apache.maven.surefire.junitcore.JUnitCoreWrapper.createRequestAndRun(JUnitCoreWrapper.java:137)
	at org.apache.maven.surefire.junitcore.JUnitCoreWrapper.executeEager(JUnitCoreWrapper.java:107)
	at org.apache.maven.surefire.junitcore.JUnitCoreWrapper.execute(JUnitCoreWrapper.java:83)
	at org.apache.maven.surefire.junitcore.JUnitCoreWrapper.execute(JUnitCoreWrapper.java:75)
	at org.apache.maven.surefire.junitcore.JUnitCoreProvider.invoke(JUnitCoreProvider.java:157)
	at org.apache.maven.surefire.booter.ForkedBooter.runSuitesInProcess(ForkedBooter.java:428)
	at org.apache.maven.surefire.booter.ForkedBooter.execute(ForkedBooter.java:162)
	at org.apache.maven.surefire.booter.ForkedBooter.run(ForkedBooter.java:562)
	at org.apache.maven.surefire.booter.ForkedBooter.main(ForkedBooter.java:548)

[ERROR] org.apache.avro.mapred.tether.TestWordCountTether.testhtp  Time elapsed: -681,268.592 s  <<< ERROR!
java.io.IOException: Job failed!
	at org.apache.hadoop.mapred.JobClient.runJob(JobClient.java:876)
	at org.apache.avro.mapred.tether.TetherJob.runJob(TetherJob.java:114)
	at org.apache.avro.mapred.tether.TestWordCountTether._runjob(TestWordCountTether.java:93)
	at org.apache.avro.mapred.tether.TestWordCountTether.testhtp(TestWordCountTether.java:129)
	at sun.reflect.NativeMethodAccessorImpl.invoke0(Native Method)
	at sun.reflect.NativeMethodAccessorImpl.invoke(NativeMethodAccessorImpl.java:62)
	at sun.reflect.DelegatingMethodAccessorImpl.invoke(DelegatingMethodAccessorImpl.java:43)
	at java.lang.reflect.Method.invoke(Method.java:498)
	at org.junit.runners.model.FrameworkMethod$1.runReflectiveCall(FrameworkMethod.java:59)
	at org.junit.internal.runners.model.ReflectiveCallable.run(ReflectiveCallable.java:12)
	at org.junit.runners.model.FrameworkMethod.invokeExplosively(FrameworkMethod.java:56)
	at org.junit.internal.runners.statements.InvokeMethod.evaluate(InvokeMethod.java:17)
	at org.junit.rules.ExternalResource$1.evaluate(ExternalResource.java:54)
	at org.junit.rules.ExternalResource$1.evaluate(ExternalResource.java:54)
	at org.junit.runners.ParentRunner$3.evaluate(ParentRunner.java:306)
	at org.junit.runners.BlockJUnit4ClassRunner$1.evaluate(BlockJUnit4ClassRunner.java:100)
	at org.junit.runners.ParentRunner.runLeaf(ParentRunner.java:366)
	at org.junit.runners.BlockJUnit4ClassRunner.runChild(BlockJUnit4ClassRunner.java:103)
	at org.junit.runners.BlockJUnit4ClassRunner.runChild(BlockJUnit4ClassRunner.java:63)
	at org.junit.runners.ParentRunner$4.run(ParentRunner.java:331)
	at org.junit.runners.ParentRunner$1.schedule(ParentRunner.java:79)
	at org.junit.runners.ParentRunner.runChildren(ParentRunner.java:329)
	at org.junit.runners.ParentRunner.access$100(ParentRunner.java:66)
	at org.junit.runners.ParentRunner$2.evaluate(ParentRunner.java:293)
	at org.junit.runners.ParentRunner$3.evaluate(ParentRunner.java:306)
	at org.junit.runners.ParentRunner.run(ParentRunner.java:413)
	at org.junit.runners.Suite.runChild(Suite.java:128)
	at org.junit.runners.Suite.runChild(Suite.java:27)
	at org.junit.runners.ParentRunner$4.run(ParentRunner.java:331)
	at org.junit.runners.ParentRunner$1.schedule(ParentRunner.java:79)
	at org.junit.runners.ParentRunner.runChildren(ParentRunner.java:329)
	at org.junit.runners.ParentRunner.access$100(ParentRunner.java:66)
	at org.junit.runners.ParentRunner$2.evaluate(ParentRunner.java:293)
	at org.junit.runners.ParentRunner$3.evaluate(ParentRunner.java:306)
	at org.junit.runners.ParentRunner.run(ParentRunner.java:413)
	at org.apache.maven.surefire.junitcore.JUnitCore.run(JUnitCore.java:55)
	at org.apache.maven.surefire.junitcore.JUnitCoreWrapper.createRequestAndRun(JUnitCoreWrapper.java:137)
	at org.apache.maven.surefire.junitcore.JUnitCoreWrapper.executeEager(JUnitCoreWrapper.java:107)
	at org.apache.maven.surefire.junitcore.JUnitCoreWrapper.execute(JUnitCoreWrapper.java:83)
	at org.apache.maven.surefire.junitcore.JUnitCoreWrapper.execute(JUnitCoreWrapper.java:75)
	at org.apache.maven.surefire.junitcore.JUnitCoreProvider.invoke(JUnitCoreProvider.java:157)
	at org.apache.maven.surefire.booter.ForkedBooter.runSuitesInProcess(ForkedBooter.java:428)
	at org.apache.maven.surefire.booter.ForkedBooter.execute(ForkedBooter.java:162)
	at org.apache.maven.surefire.booter.ForkedBooter.run(ForkedBooter.java:562)
	at org.apache.maven.surefire.booter.ForkedBooter.main(ForkedBooter.java:548)

[INFO] Running org.apache.avro.hadoop.io.TestAvroKeyDeserializer
[INFO] Tests run: 1, Failures: 0, Errors: 0, Skipped: 0, Time elapsed: 1,194,922 s - in org.apache.avro.hadoop.io.TestAvroKeyDeserializer
[INFO] Running org.apache.avro.mapreduce.TestAvroKeyValueRecordWriter
[INFO] Tests run: 3, Failures: 0, Errors: 0, Skipped: 0, Time elapsed: 224,596.704 s - in org.apache.avro.mapreduce.TestAvroKeyValueRecordWriter
[INFO] Running org.apache.avro.mapred.TestAvroTextSort
[INFO] Tests run: 1, Failures: 0, Errors: 0, Skipped: 0, Time elapsed: 1,246,536.112 s - in org.apache.avro.mapred.TestAvroTextSort
[INFO] Running org.apache.avro.mapred.TestAvroWrapper
[INFO] Tests run: 1, Failures: 0, Errors: 0, Skipped: 0, Time elapsed: 48,500 s - in org.apache.avro.mapred.TestAvroWrapper
[INFO] 
[INFO] Results:
[INFO] 
[ERROR] Errors: 
[ERROR]   TestWordCountTether.testJob:118->_runjob:93  IO Job failed!
[ERROR]   TestWordCountTether.testhtp:129->_runjob:93  IO Job failed!
[INFO] 
[ERROR] Tests run: 108, Failures: 0, Errors: 2, Skipped: 0
[INFO] 
[INFO] 
[INFO] ------------------------------------------------------------------------
[INFO] Skipping Trevni Java Avro
[INFO] This project has been banned from the build due to previous failures.
[INFO] ------------------------------------------------------------------------
[INFO] 
[INFO] ---------------------< org.apache.avro:trevni-doc >---------------------
[INFO] Building Trevni Specification 1.12.0-SNAPSHOT                    [13/24]
[INFO] --------------------------------[ pom ]---------------------------------
[INFO] 
[INFO] --- maven-enforcer-plugin:3.0.0-M3:enforce (enforce-maven-version) @ trevni-doc ---
[INFO] 
[INFO] --- maven-enforcer-plugin:3.0.0-M3:enforce (default-cli) @ trevni-doc ---
[INFO] Adding ignore: module-info
[INFO] Adding ignore: module-info
[INFO] 
[INFO] --- maven-enforcer-plugin:3.0.0-M3:enforce (enforce) @ trevni-doc ---
[INFO] Adding ignore: module-info
[INFO] 
[INFO] --- maven-enforcer-plugin:3.0.0-M3:enforce (enforce-banned-dependencies) @ trevni-doc ---
[INFO] 
[INFO] --- maven-remote-resources-plugin:1.7.0:process (process-resource-bundles) @ trevni-doc ---
[INFO] Preparing remote bundle org.apache:apache-jar-resource-bundle:1.4
[INFO] Copying 3 resources from 1 bundle.
[INFO] 
[INFO] --- spotless-maven-plugin:2.11.1:check (spotless-check) @ trevni-doc ---
[INFO] 
[INFO] --- maven-bundle-plugin:5.1.2:manifest (bundle-manifest) @ trevni-doc ---
[WARNING] Ignoring project type pom - supportedProjectTypes = [bundle]
[INFO] 
[INFO] --- maven-checkstyle-plugin:3.1.2:check (checkstyle-check) @ trevni-doc ---
[INFO] Starting audit...
Audit done.
[INFO] You have 0 Checkstyle violations.
[INFO] 
[INFO] ------------------------------------------------------------------------
[INFO] Skipping Apache Avro Tools
[INFO] This project has been banned from the build due to previous failures.
[INFO] ------------------------------------------------------------------------
[INFO] 
[INFO] -------------------< org.apache.avro:avro-protobuf >--------------------
[INFO] Building Apache Avro Protobuf Compatibility 1.12.0-SNAPSHOT      [14/24]
[INFO] -------------------------------[ bundle ]-------------------------------
[INFO] 
[INFO] --- maven-enforcer-plugin:3.0.0-M3:enforce (enforce-maven-version) @ avro-protobuf ---
[INFO] 
[INFO] --- maven-enforcer-plugin:3.0.0-M3:enforce (default-cli) @ avro-protobuf ---
[INFO] Adding ignore: module-info
[INFO] Adding ignore: module-info
[INFO] 
[INFO] --- maven-enforcer-plugin:3.0.0-M3:enforce (enforce) @ avro-protobuf ---
[INFO] Adding ignore: module-info
[INFO] 
[INFO] --- maven-enforcer-plugin:3.0.0-M3:enforce (enforce-banned-dependencies) @ avro-protobuf ---
[INFO] 
[INFO] --- maven-remote-resources-plugin:1.7.0:process (process-resource-bundles) @ avro-protobuf ---
[INFO] Preparing remote bundle org.apache:apache-jar-resource-bundle:1.4
[INFO] Copying 3 resources from 1 bundle.
[INFO] 
[INFO] --- maven-resources-plugin:3.1.0:resources (default-resources) @ avro-protobuf ---
[INFO] Using 'UTF-8' encoding to copy filtered resources.
[INFO] skip non existing resourceDirectory /home/target/lang/java/protobuf/src/main/resources
[INFO] Copying 3 resources
[INFO] 
[INFO] --- maven-compiler-plugin:3.8.1:compile (default-compile) @ avro-protobuf ---
[INFO] Nothing to compile - all classes are up to date
[INFO] 
[INFO] --- spotless-maven-plugin:2.11.1:check (spotless-check) @ avro-protobuf ---
[INFO] 
[INFO] --- maven-bundle-plugin:5.1.2:manifest (bundle-manifest) @ avro-protobuf ---
[INFO] 
[INFO] --- maven-resources-plugin:3.1.0:testResources (default-testResources) @ avro-protobuf ---
[INFO] Using 'UTF-8' encoding to copy filtered resources.
[INFO] skip non existing resourceDirectory /home/target/lang/java/protobuf/src/test/resources
[INFO] Copying 3 resources
[INFO] 
[INFO] --- maven-compiler-plugin:3.8.1:testCompile (default-testCompile) @ avro-protobuf ---
[INFO] Nothing to compile - all classes are up to date
[INFO] 
[INFO] --- maven-surefire-plugin:3.0.0-M5:test (default-test) @ avro-protobuf ---
[INFO] 
[INFO] -------------------------------------------------------
[INFO]  T E S T S
[INFO] -------------------------------------------------------
[INFO] Running org.apache.avro.protobuf.TestProtoConversions
[INFO] Tests run: 8, Failures: 0, Errors: 0, Skipped: 0, Time elapsed: 179,804 s - in org.apache.avro.protobuf.TestProtoConversions
[INFO] Running org.apache.avro.protobuf.TestProtobuf
[INFO] Tests run: 7, Failures: 0, Errors: 0, Skipped: 0, Time elapsed: 1,487,696 s - in org.apache.avro.protobuf.TestProtobuf
[INFO] 
[INFO] Results:
[INFO] 
[INFO] Tests run: 15, Failures: 0, Errors: 0, Skipped: 0
[INFO] 
[INFO] 
[INFO] --- maven-checkstyle-plugin:3.1.2:check (checkstyle-check) @ avro-protobuf ---
[INFO] Starting audit...
Audit done.
[INFO] You have 0 Checkstyle violations.
[INFO] 
[INFO] --------------------< org.apache.avro:avro-thrift >---------------------
[INFO] Building Apache Avro Thrift Compatibility 1.12.0-SNAPSHOT        [15/24]
[INFO] -------------------------------[ bundle ]-------------------------------
[INFO] 
[INFO] --- maven-enforcer-plugin:3.0.0-M3:enforce (enforce-maven-version) @ avro-thrift ---
[INFO] 
[INFO] --- maven-enforcer-plugin:3.0.0-M3:enforce (default-cli) @ avro-thrift ---
[INFO] Adding ignore: module-info
[INFO] Adding ignore: module-info
[INFO] 
[INFO] --- maven-enforcer-plugin:3.0.0-M3:enforce (enforce) @ avro-thrift ---
[INFO] Adding ignore: module-info
[INFO] 
[INFO] --- maven-enforcer-plugin:3.0.0-M3:enforce (enforce-banned-dependencies) @ avro-thrift ---
[INFO] 
[INFO] --- maven-remote-resources-plugin:1.7.0:process (process-resource-bundles) @ avro-thrift ---
[INFO] Preparing remote bundle org.apache:apache-jar-resource-bundle:1.4
[INFO] Copying 3 resources from 1 bundle.
[INFO] 
[INFO] --- maven-resources-plugin:3.1.0:resources (default-resources) @ avro-thrift ---
[INFO] Using 'UTF-8' encoding to copy filtered resources.
[INFO] skip non existing resourceDirectory /home/target/lang/java/thrift/src/main/resources
[INFO] Copying 3 resources
[INFO] 
[INFO] --- maven-compiler-plugin:3.8.1:compile (default-compile) @ avro-thrift ---
[INFO] Nothing to compile - all classes are up to date
[INFO] 
[INFO] --- spotless-maven-plugin:2.11.1:check (spotless-check) @ avro-thrift ---
[INFO] 
[INFO] --- maven-bundle-plugin:5.1.2:manifest (bundle-manifest) @ avro-thrift ---
[INFO] 
[INFO] --- maven-resources-plugin:3.1.0:testResources (default-testResources) @ avro-thrift ---
[INFO] Using 'UTF-8' encoding to copy filtered resources.
[INFO] skip non existing resourceDirectory /home/target/lang/java/thrift/src/test/resources
[INFO] Copying 3 resources
[INFO] 
[INFO] --- maven-compiler-plugin:3.8.1:testCompile (default-testCompile) @ avro-thrift ---
[INFO] Nothing to compile - all classes are up to date
[INFO] 
[INFO] --- maven-surefire-plugin:3.0.0-M5:test (default-test) @ avro-thrift ---
[INFO] 
[INFO] -------------------------------------------------------
[INFO]  T E S T S
[INFO] -------------------------------------------------------
[INFO] Running org.apache.avro.thrift.TestThrift
[INFO] Tests run: 2, Failures: 0, Errors: 0, Skipped: 0, Time elapsed: 947,050 s - in org.apache.avro.thrift.TestThrift
[INFO] 
[INFO] Results:
[INFO] 
[INFO] Tests run: 2, Failures: 0, Errors: 0, Skipped: 0
[INFO] 
[INFO] 
[INFO] --- maven-checkstyle-plugin:3.1.2:check (checkstyle-check) @ avro-thrift ---
[INFO] Starting audit...
Audit done.
[INFO] You have 0 Checkstyle violations.
[INFO] 
[INFO] ---------------< org.apache.avro:avro-archetypes-parent >---------------
[INFO] Building Apache Avro Maven Archetypes 1.12.0-SNAPSHOT            [16/24]
[INFO] --------------------------------[ pom ]---------------------------------
[INFO] 
[INFO] --- maven-enforcer-plugin:3.0.0-M3:enforce (enforce-maven-version) @ avro-archetypes-parent ---
[INFO] 
[INFO] --- maven-enforcer-plugin:3.0.0-M3:enforce (default-cli) @ avro-archetypes-parent ---
[INFO] Adding ignore: module-info
[INFO] Adding ignore: module-info
[INFO] 
[INFO] --- maven-enforcer-plugin:3.0.0-M3:enforce (enforce) @ avro-archetypes-parent ---
[INFO] Adding ignore: module-info
[INFO] 
[INFO] --- maven-enforcer-plugin:3.0.0-M3:enforce (enforce-banned-dependencies) @ avro-archetypes-parent ---
[INFO] 
[INFO] --- maven-remote-resources-plugin:1.7.0:process (process-resource-bundles) @ avro-archetypes-parent ---
[INFO] Preparing remote bundle org.apache:apache-jar-resource-bundle:1.4
[INFO] Copying 3 resources from 1 bundle.
[INFO] 
[INFO] --- maven-resources-plugin:3.1.0:copy-resources (copy-pom-with-building-version) @ avro-archetypes-parent ---
[INFO] Using 'UTF-8' encoding to copy filtered resources.
[INFO] skip non existing resourceDirectory /home/target/lang/java/archetypes/src/main/pom
[INFO] 
[INFO] --- spotless-maven-plugin:2.11.1:check (spotless-check) @ avro-archetypes-parent ---
[INFO] 
[INFO] --- maven-bundle-plugin:5.1.2:manifest (bundle-manifest) @ avro-archetypes-parent ---
[WARNING] Ignoring project type pom - supportedProjectTypes = [bundle]
[INFO] 
[INFO] --- maven-checkstyle-plugin:3.1.2:check (checkstyle-check) @ avro-archetypes-parent ---
[INFO] Starting audit...
Audit done.
[INFO] You have 0 Checkstyle violations.
[INFO] 
[INFO] ---------------< org.apache.avro:avro-service-archetype >---------------
[INFO] Building Apache Avro Maven Service Archetype 1.12.0-SNAPSHOT     [17/24]
[INFO] --------------------------[ maven-archetype ]---------------------------
[INFO] 
[INFO] --- maven-enforcer-plugin:3.0.0-M3:enforce (enforce-maven-version) @ avro-service-archetype ---
[INFO] 
[INFO] --- maven-enforcer-plugin:3.0.0-M3:enforce (default-cli) @ avro-service-archetype ---
[INFO] Adding ignore: module-info
[INFO] Adding ignore: module-info
[INFO] 
[INFO] --- maven-enforcer-plugin:3.0.0-M3:enforce (enforce) @ avro-service-archetype ---
[INFO] Adding ignore: module-info
[INFO] 
[INFO] --- maven-enforcer-plugin:3.0.0-M3:enforce (enforce-banned-dependencies) @ avro-service-archetype ---
[INFO] 
[INFO] --- maven-remote-resources-plugin:1.7.0:process (process-resource-bundles) @ avro-service-archetype ---
[INFO] Preparing remote bundle org.apache:apache-jar-resource-bundle:1.4
[INFO] Copying 3 resources from 1 bundle.
[INFO] 
[INFO] --- maven-resources-plugin:3.1.0:copy-resources (copy-pom-with-building-version) @ avro-service-archetype ---
[INFO] Using 'UTF-8' encoding to copy filtered resources.
[INFO] Copying 1 resource
[INFO] 
[INFO] --- maven-resources-plugin:3.1.0:resources (default-resources) @ avro-service-archetype ---
[INFO] Using 'UTF-8' encoding to copy filtered resources.
[INFO] Copying 7 resources
[INFO] Copying 1 resource to archetype-resources
[INFO] Copying 3 resources
[INFO] 
[INFO] --- spotless-maven-plugin:2.11.1:check (spotless-check) @ avro-service-archetype ---
[INFO] 
[INFO] --- maven-bundle-plugin:5.1.2:manifest (bundle-manifest) @ avro-service-archetype ---
[WARNING] Ignoring project type maven-archetype - supportedProjectTypes = [bundle]
[INFO] 
[INFO] --- maven-resources-plugin:3.1.0:testResources (default-testResources) @ avro-service-archetype ---
[INFO] Using 'UTF-8' encoding to copy filtered resources.
[INFO] skip non existing resourceDirectory /home/target/lang/java/archetypes/avro-service-archetype/src/test/resources
[INFO] Copying 3 resources
[INFO] 
[INFO] --- maven-checkstyle-plugin:3.1.2:check (checkstyle-check) @ avro-service-archetype ---
[INFO] Starting audit...
Audit done.
[INFO] You have 0 Checkstyle violations.
[INFO] 
[INFO] ---------------------< org.apache.avro:avro-grpc >----------------------
[INFO] Building Apache Avro gRPC 1.12.0-SNAPSHOT                        [18/24]
[INFO] -------------------------------[ bundle ]-------------------------------
Downloading from central: https://repo.maven.apache.org/maven2/io/grpc/grpc-api/maven-metadata.xml
Downloading from apache.snapshots: https://repository.apache.org/snapshots/io/grpc/grpc-api/maven-metadata.xml
[WARNING] Could not transfer metadata io.grpc:grpc-api/maven-metadata.xml from/to apache.snapshots (https://repository.apache.org/snapshots): transfer failed for https://repository.apache.org/snapshots/io/grpc/grpc-api/maven-metadata.xml
[WARNING] Could not transfer metadata io.grpc:grpc-api/maven-metadata.xml from/to central (https://repo.maven.apache.org/maven2): transfer failed for https://repo.maven.apache.org/maven2/io/grpc/grpc-api/maven-metadata.xml
[INFO] 
[INFO] --- maven-enforcer-plugin:3.0.0-M3:enforce (enforce-maven-version) @ avro-grpc ---
[INFO] 
[INFO] --- maven-enforcer-plugin:3.0.0-M3:enforce (default-cli) @ avro-grpc ---
[INFO] artifact io.grpc:grpc-api: checking for updates from central
[WARNING] repository metadata for: 'artifact io.grpc:grpc-api' could not be retrieved from repository: central due to an error: transfer failed for https://repo.maven.apache.org/maven2/io/grpc/grpc-api/maven-metadata.xml
[INFO] Adding ignore: module-info
[INFO] Adding ignore: module-info
[INFO] 
[INFO] --- maven-enforcer-plugin:3.0.0-M3:enforce (enforce) @ avro-grpc ---
[INFO] artifact io.grpc:grpc-api: checking for updates from central
[WARNING] repository metadata for: 'artifact io.grpc:grpc-api' could not be retrieved from repository: central due to an error: transfer failed for https://repo.maven.apache.org/maven2/io/grpc/grpc-api/maven-metadata.xml
[INFO] Adding ignore: module-info
[INFO] 
[INFO] --- maven-enforcer-plugin:3.0.0-M3:enforce (enforce-banned-dependencies) @ avro-grpc ---
[WARNING] io.grpc:grpc-api/maven-metadata.xmlfailed to transfer from https://repository.apache.org/snapshots during a previous attempt. This failure was cached in the local repository and resolution will not be reattempted until the update interval of apache.snapshots has elapsed or updates are forced. Original error: Could not transfer metadata io.grpc:grpc-api/maven-metadata.xml from/to apache.snapshots (https://repository.apache.org/snapshots): transfer failed for https://repository.apache.org/snapshots/io/grpc/grpc-api/maven-metadata.xml
[WARNING] io.grpc:grpc-api/maven-metadata.xmlfailed to transfer from https://repo.maven.apache.org/maven2 during a previous attempt. This failure was cached in the local repository and resolution will not be reattempted until the update interval of central has elapsed or updates are forced. Original error: Could not transfer metadata io.grpc:grpc-api/maven-metadata.xml from/to central (https://repo.maven.apache.org/maven2): transfer failed for https://repo.maven.apache.org/maven2/io/grpc/grpc-api/maven-metadata.xml
[INFO] 
[INFO] --- avro-maven-plugin:1.12.0-SNAPSHOT:schema (schemas) @ avro-grpc ---
[INFO] 
[INFO] --- avro-maven-plugin:1.12.0-SNAPSHOT:protocol (schemas) @ avro-grpc ---
[INFO] 
[INFO] --- avro-maven-plugin:1.12.0-SNAPSHOT:idl-protocol (schemas) @ avro-grpc ---
[INFO] 
[INFO] --- maven-remote-resources-plugin:1.7.0:process (process-resource-bundles) @ avro-grpc ---
[INFO] Preparing remote bundle org.apache:apache-jar-resource-bundle:1.4
[INFO] Copying 3 resources from 1 bundle.
[INFO] artifact io.grpc:grpc-api: checking for updates from central
[WARNING] repository metadata for: 'artifact io.grpc:grpc-api' could not be retrieved from repository: central due to an error: transfer failed for https://repo.maven.apache.org/maven2/io/grpc/grpc-api/maven-metadata.xml
[INFO] 
[INFO] --- maven-resources-plugin:3.1.0:resources (default-resources) @ avro-grpc ---
[INFO] Using 'UTF-8' encoding to copy filtered resources.
[INFO] skip non existing resourceDirectory /home/target/lang/java/grpc/src/main/velocity
[INFO] Copying 3 resources
[INFO] 
[INFO] --- maven-compiler-plugin:3.8.1:compile (default-compile) @ avro-grpc ---
[INFO] Nothing to compile - all classes are up to date
[INFO] 
[INFO] --- spotless-maven-plugin:2.11.1:check (spotless-check) @ avro-grpc ---
[INFO] 
[INFO] --- maven-bundle-plugin:5.1.2:manifest (bundle-manifest) @ avro-grpc ---
[INFO] 
[INFO] --- maven-resources-plugin:3.1.0:testResources (default-testResources) @ avro-grpc ---
[INFO] Using 'UTF-8' encoding to copy filtered resources.
[INFO] skip non existing resourceDirectory /home/target/lang/java/grpc/src/test/resources
[INFO] Copying 3 resources
[INFO] 
[INFO] --- maven-compiler-plugin:3.8.1:testCompile (default-testCompile) @ avro-grpc ---
[INFO] Changes detected - recompiling the module!
[INFO] Compiling 7 source files to /home/target/lang/java/grpc/target/test-classes
[INFO] /home/target/lang/java/grpc/src/test/java/org/apache/avro/grpc/TestAvroProtocolGrpc.java: /home/target/lang/java/grpc/src/test/java/org/apache/avro/grpc/TestAvroProtocolGrpc.java uses unchecked or unsafe operations.
[INFO] /home/target/lang/java/grpc/src/test/java/org/apache/avro/grpc/TestAvroProtocolGrpc.java: Recompile with -Xlint:unchecked for details.
[INFO] 
[INFO] --- maven-surefire-plugin:3.0.0-M5:test (default-test) @ avro-grpc ---
[INFO] 
[INFO] -------------------------------------------------------
[INFO]  T E S T S
[INFO] -------------------------------------------------------
[INFO] Running org.apache.avro.grpc.TestAvroProtocolGrpc
[INFO] Tests run: 12, Failures: 0, Errors: 0, Skipped: 0, Time elapsed: 1,148,244.112 s - in org.apache.avro.grpc.TestAvroProtocolGrpc
[INFO] Running org.apache.avro.grpc.TestAvroMarshaller
[INFO] Tests run: 2, Failures: 0, Errors: 0, Skipped: 0, Time elapsed: 1,854,634 s - in org.apache.avro.grpc.TestAvroMarshaller
[INFO] 
[INFO] Results:
[INFO] 
[INFO] Tests run: 14, Failures: 0, Errors: 0, Skipped: 0
[INFO] 
[INFO] 
[INFO] --- maven-checkstyle-plugin:3.1.2:check (checkstyle-check) @ avro-grpc ---
[INFO] Starting audit...
Audit done.
[INFO] You have 0 Checkstyle violations.
[INFO] 
[INFO] ---------------< org.apache.avro:avro-integration-test >----------------
[INFO] Building Avro Integration Tests 1.12.0-SNAPSHOT                  [19/24]
[INFO] --------------------------------[ pom ]---------------------------------
[INFO] 
[INFO] --- maven-enforcer-plugin:3.0.0-M3:enforce (enforce-maven-version) @ avro-integration-test ---
[INFO] 
[INFO] --- maven-enforcer-plugin:3.0.0-M3:enforce (default-cli) @ avro-integration-test ---
[INFO] Adding ignore: module-info
[INFO] Adding ignore: module-info
[INFO] 
[INFO] --- maven-enforcer-plugin:3.0.0-M3:enforce (enforce) @ avro-integration-test ---
[INFO] Adding ignore: module-info
[INFO] 
[INFO] --- maven-enforcer-plugin:3.0.0-M3:enforce (enforce-banned-dependencies) @ avro-integration-test ---
[INFO] 
[INFO] --- maven-remote-resources-plugin:1.7.0:process (process-resource-bundles) @ avro-integration-test ---
[INFO] Preparing remote bundle org.apache:apache-jar-resource-bundle:1.4
[INFO] Copying 3 resources from 1 bundle.
[INFO] 
[INFO] --- spotless-maven-plugin:2.11.1:check (spotless-check) @ avro-integration-test ---
[INFO] 
[INFO] --- maven-bundle-plugin:5.1.2:manifest (bundle-manifest) @ avro-integration-test ---
[WARNING] Ignoring project type pom - supportedProjectTypes = [bundle]
[INFO] 
[INFO] --- maven-checkstyle-plugin:3.1.2:check (checkstyle-check) @ avro-integration-test ---
[INFO] Starting audit...
Audit done.
[INFO] You have 0 Checkstyle violations.
[INFO] 
[INFO] ------------< org.apache.avro:avro-test-custom-conversions >------------
[INFO] Building Apache Avro Codegen Test dependencies 1.12.0-SNAPSHOT   [20/24]
[INFO] --------------------------------[ jar ]---------------------------------
[INFO] 
[INFO] --- maven-enforcer-plugin:3.0.0-M3:enforce (enforce-maven-version) @ avro-test-custom-conversions ---
[INFO] 
[INFO] --- maven-enforcer-plugin:3.0.0-M3:enforce (default-cli) @ avro-test-custom-conversions ---
[INFO] Adding ignore: module-info
[INFO] Adding ignore: module-info
[INFO] 
[INFO] --- maven-enforcer-plugin:3.0.0-M3:enforce (enforce) @ avro-test-custom-conversions ---
[INFO] Adding ignore: module-info
[INFO] 
[INFO] --- maven-enforcer-plugin:3.0.0-M3:enforce (enforce-banned-dependencies) @ avro-test-custom-conversions ---
[INFO] 
[INFO] --- maven-remote-resources-plugin:1.7.0:process (process-resource-bundles) @ avro-test-custom-conversions ---
[INFO] Preparing remote bundle org.apache:apache-jar-resource-bundle:1.4
[INFO] Copying 3 resources from 1 bundle.
[INFO] 
[INFO] --- maven-resources-plugin:3.1.0:resources (default-resources) @ avro-test-custom-conversions ---
[INFO] Using 'UTF-8' encoding to copy filtered resources.
[INFO] skip non existing resourceDirectory /home/target/lang/java/integration-test/test-custom-conversions/src/main/resources
[INFO] Copying 3 resources
[INFO] 
[INFO] --- maven-compiler-plugin:3.8.1:compile (default-compile) @ avro-test-custom-conversions ---
[INFO] Nothing to compile - all classes are up to date
[INFO] 
[INFO] --- spotless-maven-plugin:2.11.1:check (spotless-check) @ avro-test-custom-conversions ---
[INFO] 
[INFO] --- maven-bundle-plugin:5.1.2:manifest (bundle-manifest) @ avro-test-custom-conversions ---
[WARNING] Ignoring project type jar - supportedProjectTypes = [bundle]
[INFO] 
[INFO] --- maven-resources-plugin:3.1.0:testResources (default-testResources) @ avro-test-custom-conversions ---
[INFO] Using 'UTF-8' encoding to copy filtered resources.
[INFO] skip non existing resourceDirectory /home/target/lang/java/integration-test/test-custom-conversions/src/test/resources
[INFO] Copying 3 resources
[INFO] 
[INFO] --- maven-compiler-plugin:3.8.1:testCompile (default-testCompile) @ avro-test-custom-conversions ---
[INFO] No sources to compile
[INFO] 
[INFO] --- maven-surefire-plugin:3.0.0-M5:test (default-test) @ avro-test-custom-conversions ---
[INFO] 
[INFO] --- maven-checkstyle-plugin:3.1.2:check (checkstyle-check) @ avro-test-custom-conversions ---
[INFO] Starting audit...
Audit done.
[INFO] You have 0 Checkstyle violations.
[INFO] 
[INFO] -----------------< org.apache.avro:avro-codegen-test >------------------
[INFO] Building Apache Avro Codegen Test 1.12.0-SNAPSHOT                [21/24]
[INFO] --------------------------------[ jar ]---------------------------------
[INFO] 
[INFO] --- maven-enforcer-plugin:3.0.0-M3:enforce (enforce-maven-version) @ avro-codegen-test ---
[INFO] 
[INFO] --- maven-enforcer-plugin:3.0.0-M3:enforce (default-cli) @ avro-codegen-test ---
[INFO] Adding ignore: module-info
[INFO] Adding ignore: module-info
[INFO] 
[INFO] --- maven-enforcer-plugin:3.0.0-M3:enforce (enforce) @ avro-codegen-test ---
[INFO] Adding ignore: module-info
[INFO] 
[INFO] --- maven-enforcer-plugin:3.0.0-M3:enforce (enforce-banned-dependencies) @ avro-codegen-test ---
[INFO] 
[INFO] --- maven-remote-resources-plugin:1.7.0:process (process-resource-bundles) @ avro-codegen-test ---
[INFO] Preparing remote bundle org.apache:apache-jar-resource-bundle:1.4
[INFO] Copying 3 resources from 1 bundle.
[INFO] 
[INFO] --- maven-resources-plugin:3.1.0:resources (default-resources) @ avro-codegen-test ---
[INFO] Using 'UTF-8' encoding to copy filtered resources.
[INFO] skip non existing resourceDirectory /home/target/lang/java/integration-test/codegen-test/src/main/resources
[INFO] Copying 3 resources
[INFO] 
[INFO] --- maven-compiler-plugin:3.8.1:compile (default-compile) @ avro-codegen-test ---
[INFO] No sources to compile
[INFO] 
[INFO] --- spotless-maven-plugin:2.11.1:check (spotless-check) @ avro-codegen-test ---
[INFO] 
[INFO] --- maven-bundle-plugin:5.1.2:manifest (bundle-manifest) @ avro-codegen-test ---
[WARNING] Ignoring project type jar - supportedProjectTypes = [bundle]
[INFO] 
[INFO] --- avro-maven-plugin:1.12.0-SNAPSHOT:schema (default) @ avro-codegen-test ---
[INFO] 
[INFO] --- avro-maven-plugin:1.12.0-SNAPSHOT:protocol (default) @ avro-codegen-test ---
[INFO] 
[INFO] --- avro-maven-plugin:1.12.0-SNAPSHOT:idl-protocol (default) @ avro-codegen-test ---
[INFO] 
[INFO] --- build-helper-maven-plugin:3.2.0:add-test-source (add-test-source) @ avro-codegen-test ---
[INFO] Test Source directory: /home/target/lang/java/integration-test/codegen-test/target/generated-test-sources/java added.
[INFO] 
[INFO] --- maven-resources-plugin:3.1.0:testResources (default-testResources) @ avro-codegen-test ---
[INFO] Using 'UTF-8' encoding to copy filtered resources.
[INFO] Copying 13 resources
[INFO] Copying 3 resources
[INFO] 
[INFO] --- maven-compiler-plugin:3.8.1:testCompile (default-testCompile) @ avro-codegen-test ---
[INFO] Changes detected - recompiling the module!
[INFO] Compiling 28 source files to /home/target/lang/java/integration-test/codegen-test/target/test-classes
[INFO] 
[INFO] --- maven-surefire-plugin:3.0.0-M5:test (default-test) @ avro-codegen-test ---
[INFO] 
[INFO] -------------------------------------------------------
[INFO]  T E S T S
[INFO] -------------------------------------------------------
[INFO] Running org.apache.avro.codegentest.TestCustomConversion
[INFO] Tests run: 5, Failures: 0, Errors: 0, Skipped: 0, Time elapsed: 1,117,202 s - in org.apache.avro.codegentest.TestCustomConversion
[INFO] Running org.apache.avro.codegentest.TestNestedRecordsWithDifferentNamespaces
[INFO] Tests run: 1, Failures: 0, Errors: 0, Skipped: 0, Time elapsed: 920,884 s - in org.apache.avro.codegentest.TestNestedRecordsWithDifferentNamespaces
[INFO] Running org.apache.avro.codegentest.TestNullableLogicalTypes
[INFO] Tests run: 2, Failures: 0, Errors: 0, Skipped: 0, Time elapsed: 1,058,406 s - in org.apache.avro.codegentest.TestNullableLogicalTypes
[INFO] Running org.apache.avro.codegentest.TestNestedLogicalTypes
[INFO] Tests run: 6, Failures: 0, Errors: 0, Skipped: 0, Time elapsed: 1,124,786 s - in org.apache.avro.codegentest.TestNestedLogicalTypes
[INFO] Running org.apache.avro.codegentest.TestLogicalTypeForStringType
[INFO] Tests run: 1, Failures: 0, Errors: 0, Skipped: 0, Time elapsed: 1,153,106 s - in org.apache.avro.codegentest.TestLogicalTypeForStringType
[INFO] Running org.apache.avro.codegentest.TestLogicalTypesWithDefaults
[INFO] Tests run: 3, Failures: 0, Errors: 0, Skipped: 0, Time elapsed: 1,025,596 s - in org.apache.avro.codegentest.TestLogicalTypesWithDefaults
[INFO] 
[INFO] Results:
[INFO] 
[INFO] Tests run: 18, Failures: 0, Errors: 0, Skipped: 0
[INFO] 
[INFO] 
[INFO] --- maven-checkstyle-plugin:3.1.2:check (checkstyle-check) @ avro-codegen-test ---
[INFO] Starting audit...
Audit done.
[INFO] You have 0 Checkstyle violations.
[INFO] 
[INFO] ---------------------< org.apache.avro:avro-perf >----------------------
[INFO] Building Apache Avro Performance Test Suite 1.12.0-SNAPSHOT      [22/24]
[INFO] --------------------------------[ jar ]---------------------------------
[INFO] 
[INFO] --- maven-enforcer-plugin:3.0.0-M3:enforce (enforce-maven-version) @ avro-perf ---
[INFO] 
[INFO] --- maven-enforcer-plugin:3.0.0-M3:enforce (default-cli) @ avro-perf ---
[INFO] Adding ignore: module-info
[INFO] Adding ignore: module-info
[INFO] 
[INFO] --- maven-enforcer-plugin:3.0.0-M3:enforce (enforce) @ avro-perf ---
[INFO] Adding ignore: module-info
[INFO] 
[INFO] --- maven-enforcer-plugin:3.0.0-M3:enforce (enforce-banned-dependencies) @ avro-perf ---
[INFO] 
[INFO] --- maven-remote-resources-plugin:1.7.0:process (process-resource-bundles) @ avro-perf ---
[INFO] Preparing remote bundle org.apache:apache-jar-resource-bundle:1.4
[INFO] Copying 3 resources from 1 bundle.
[INFO] 
[INFO] --- maven-resources-plugin:3.1.0:resources (default-resources) @ avro-perf ---
[INFO] Using 'UTF-8' encoding to copy filtered resources.
[INFO] skip non existing resourceDirectory /home/target/lang/java/perf/src/main/resources
[INFO] Copying 3 resources
[INFO] 
[INFO] --- maven-compiler-plugin:3.8.1:compile (default-compile) @ avro-perf ---
[INFO] Nothing to compile - all classes are up to date
[INFO] 
[INFO] --- spotless-maven-plugin:2.11.1:check (spotless-check) @ avro-perf ---
[INFO] 
[INFO] --- maven-bundle-plugin:5.1.2:manifest (bundle-manifest) @ avro-perf ---
[WARNING] Ignoring project type jar - supportedProjectTypes = [bundle]
[INFO] 
[INFO] --- maven-resources-plugin:3.1.0:testResources (default-testResources) @ avro-perf ---
[INFO] Using 'UTF-8' encoding to copy filtered resources.
[INFO] skip non existing resourceDirectory /home/target/lang/java/perf/src/test/resources
[INFO] Copying 3 resources
[INFO] 
[INFO] --- maven-compiler-plugin:3.8.1:testCompile (default-testCompile) @ avro-perf ---
[INFO] No sources to compile
[INFO] 
[INFO] --- maven-surefire-plugin:3.0.0-M5:test (default-test) @ avro-perf ---
[INFO] 
[INFO] --- maven-checkstyle-plugin:3.1.2:check (checkstyle-check) @ avro-perf ---
[INFO] Starting audit...
Audit done.
[INFO] You have 0 Checkstyle violations.
[INFO] ------------------------------------------------------------------------
[INFO] Reactor Summary for Apache Avro Toplevel 1.12.0-SNAPSHOT:
[INFO] 
[INFO] Apache Avro Toplevel ............................... SUCCESS [49 d 19:00 h]
[INFO] Apache Avro Java ................................... SUCCESS [101 d 12:08 h]
[INFO] Apache Avro ........................................ SUCCESS [1819 d 20:22 h]
[INFO] Apache Avro Android Compatibility .................. SUCCESS [29 d 08:39 h]
[INFO] Apache Avro Compiler ............................... SUCCESS [1381 d 18:38 h]
[INFO] Apache Avro Maven Plugin ........................... SUCCESS [372 d 22:41 h]
[INFO] Apache Avro IPC .................................... SUCCESS [1922 d 00:52 h]
[INFO] Apache Avro IPC Jetty .............................. SUCCESS [2576 d 11:51 h]
[INFO] Apache Avro IPC Netty .............................. SUCCESS [3203 d 08:16 h]
[INFO] Trevni Java ........................................ SUCCESS [2 d 11:39 h]
[INFO] Trevni Java Core ................................... SUCCESS [280 d 00:07 h]
[INFO] Apache Avro Mapred API ............................. FAILURE [7572 d 01:40 h]
[INFO] Trevni Java Avro ................................... SKIPPED
[INFO] Trevni Specification ............................... SUCCESS [1 d 21:32 h]
[INFO] Apache Avro Tools .................................. SKIPPED
[INFO] Apache Avro Protobuf Compatibility ................. SUCCESS [65 d 14:01 h]
[INFO] Apache Avro Thrift Compatibility ................... SUCCESS [46 d 07:44 h]
[INFO] Apache Avro Maven Archetypes ....................... SUCCESS [26 d 16:46 h]
[INFO] Apache Avro Maven Service Archetype ................ SUCCESS [5 d 18:23 h]
[INFO] Apache Avro gRPC ................................... SUCCESS [316 d 20:55 h]
[INFO] Avro Integration Tests ............................. SUCCESS [3 d 11:09 h]
[INFO] Apache Avro Codegen Test dependencies .............. SUCCESS [7 d 09:02 h]
[INFO] Apache Avro Codegen Test ........................... SUCCESS [88 d 02:13 h]
[INFO] Apache Avro Performance Test Suite ................. SUCCESS [51 d 22:09 h]
[INFO] ------------------------------------------------------------------------
[INFO] BUILD FAILURE
[INFO] ------------------------------------------------------------------------
[INFO] Total time:  19964 d 03:35 h
[INFO] Finished at: 2076-08-04T16:42:41Z
[INFO] ------------------------------------------------------------------------
[ERROR] Failed to execute goal org.apache.maven.plugins:maven-surefire-plugin:3.0.0-M5:test (default-test) on project avro-mapred: There are test failures.
[ERROR] 
[ERROR] Please refer to /home/target/lang/java/mapred/target/surefire-reports for the individual test results.
[ERROR] Please refer to dump files (if any exist) [date].dump, [date]-jvmRun[N].dump and [date].dumpstream.
[ERROR] -> [Help 1]
[ERROR] 
[ERROR] To see the full stack trace of the errors, re-run Maven with the -e switch.
[ERROR] Re-run Maven using the -X switch to enable full debug logging.
[ERROR] 
[ERROR] For more information about the errors and possible solutions, please read the following articles:
[ERROR] [Help 1] http://cwiki.apache.org/confluence/display/MAVEN/MojoFailureException
[ERROR] 
[ERROR] After correcting the problems, you can resume the build with the command
[ERROR]   mvn <args> -rf :avro-mapred
pure virtual method called
terminate called without an active exception
{'error': True, 'log_file': 'output-2021-11-13T23:22:31-8616.log', 'message': '', 'start_time': '2021-11-13T23:22:31', 'end_time': '2021-11-13T23:29:47', 'command': ['mvn', '-fae', 'test'], 'faketime_str': '+0 i2.0', 'timezone': datetime.timezone(datetime.timedelta(0), 'UTC')}
