[INFO] Scanning for projects...
[INFO] ------------------------------------------------------------------------
[INFO] Reactor Build Order:
[INFO] 
[INFO] Apache Avro Toplevel                                               [pom]
[INFO] Apache Avro Java                                                   [pom]
[INFO] Apache Avro                                                     [bundle]
[INFO] Apache Avro Android Compatibility                                  [jar]
[INFO] Apache Avro Compiler                                            [bundle]
[INFO] Apache Avro Maven Plugin                                  [maven-plugin]
[INFO] Apache Avro IPC                                                 [bundle]
[INFO] Apache Avro IPC Jetty                                           [bundle]
[INFO] Apache Avro IPC Netty                                           [bundle]
[INFO] Trevni Java                                                        [pom]
[INFO] Trevni Java Core                                                   [jar]
[INFO] Apache Avro Mapred API                                          [bundle]
[INFO] Trevni Java Avro                                                   [jar]
[INFO] Trevni Specification                                               [pom]
[INFO] Apache Avro Tools                                                  [jar]
[INFO] Apache Avro Protobuf Compatibility                              [bundle]
[INFO] Apache Avro Thrift Compatibility                                [bundle]
[INFO] Apache Avro Maven Archetypes                                       [pom]
[INFO] Apache Avro Maven Service Archetype                    [maven-archetype]
[INFO] Apache Avro gRPC                                                [bundle]
[INFO] Avro Integration Tests                                             [pom]
[INFO] Apache Avro Codegen Test dependencies                              [jar]
[INFO] Apache Avro Codegen Test                                           [jar]
[INFO] Apache Avro Performance Test Suite                                 [jar]
[INFO] 
[INFO] -------------------< org.apache.avro:avro-toplevel >--------------------
[INFO] Building Apache Avro Toplevel 1.12.0-SNAPSHOT                     [1/24]
[INFO] --------------------------------[ pom ]---------------------------------
[INFO] 
[INFO] --- maven-enforcer-plugin:3.0.0-M3:enforce (enforce-maven-version) @ avro-toplevel ---
[INFO] 
[INFO] --- maven-enforcer-plugin:3.0.0-M3:enforce (default-cli) @ avro-toplevel ---
[INFO] Adding ignore: module-info
[INFO] Adding ignore: module-info
[INFO] 
[INFO] --- maven-enforcer-plugin:3.0.0-M3:enforce (enforce) @ avro-toplevel ---
[INFO] Adding ignore: module-info
[INFO] 
[INFO] --- maven-enforcer-plugin:3.0.0-M3:enforce (enforce-banned-dependencies) @ avro-toplevel ---
[INFO] 
[INFO] --- maven-remote-resources-plugin:1.7.0:process (process-resource-bundles) @ avro-toplevel ---
[INFO] Preparing remote bundle org.apache:apache-jar-resource-bundle:1.4
[INFO] Copying 3 resources from 1 bundle.
[INFO] 
[INFO] --- apache-rat-plugin:0.13:check (default) @ avro-toplevel ---
[INFO] Added 1 additional default licenses.
[INFO] Enabled default license matchers.
[INFO] Will parse SCM ignores for exclusions...
[INFO] Parsing exclusions from /home/target/.gitignore
[INFO] Finished adding exclusions from SCM ignore files.
[INFO] 87 implicit excludes (use -debug for more details).
[INFO] 124 explicit excludes (use -debug for more details).
[INFO] 1421 resources included (use -debug for more details)
[INFO] Rat check: Summary over all files. Unapproved: 0, unknown: 0, generated: 0, approved: 1364 licenses.
[INFO] 
[INFO] --------------------< org.apache.avro:avro-parent >---------------------
[INFO] Building Apache Avro Java 1.12.0-SNAPSHOT                         [2/24]
[INFO] --------------------------------[ pom ]---------------------------------
[INFO] 
[INFO] --- maven-enforcer-plugin:3.0.0-M3:enforce (enforce-maven-version) @ avro-parent ---
[INFO] 
[INFO] --- maven-enforcer-plugin:3.0.0-M3:enforce (default-cli) @ avro-parent ---
[INFO] Adding ignore: module-info
[INFO] Adding ignore: module-info
[INFO] 
[INFO] --- maven-enforcer-plugin:3.0.0-M3:enforce (enforce) @ avro-parent ---
[INFO] Adding ignore: module-info
[INFO] 
[INFO] --- maven-enforcer-plugin:3.0.0-M3:enforce (enforce-banned-dependencies) @ avro-parent ---
[INFO] 
[INFO] --- maven-remote-resources-plugin:1.7.0:process (process-resource-bundles) @ avro-parent ---
[INFO] Preparing remote bundle org.apache:apache-jar-resource-bundle:1.4
[INFO] Copying 3 resources from 1 bundle.
[INFO] 
[INFO] --- spotless-maven-plugin:2.11.1:check (spotless-check) @ avro-parent ---
[INFO] 
[INFO] --- maven-bundle-plugin:5.1.2:manifest (bundle-manifest) @ avro-parent ---
[WARNING] Ignoring project type pom - supportedProjectTypes = [bundle]
[INFO] 
[INFO] --- maven-checkstyle-plugin:3.1.2:check (checkstyle-check) @ avro-parent ---
[INFO] Starting audit...
Audit done.
[INFO] You have 0 Checkstyle violations.
[INFO] 
[INFO] ------------------------< org.apache.avro:avro >------------------------
[INFO] Building Apache Avro 1.12.0-SNAPSHOT                              [3/24]
[INFO] -------------------------------[ bundle ]-------------------------------
[INFO] 
[INFO] --- maven-enforcer-plugin:3.0.0-M3:enforce (enforce-maven-version) @ avro ---
[INFO] 
[INFO] --- maven-enforcer-plugin:3.0.0-M3:enforce (default-cli) @ avro ---
[INFO] Adding ignore: module-info
[INFO] Adding ignore: module-info
[INFO] 
[INFO] --- maven-enforcer-plugin:3.0.0-M3:enforce (enforce) @ avro ---
[INFO] Adding ignore: module-info
[INFO] 
[INFO] --- maven-enforcer-plugin:3.0.0-M3:enforce (enforce-banned-dependencies) @ avro ---
[INFO] 
[INFO] --- maven-remote-resources-plugin:1.7.0:process (process-resource-bundles) @ avro ---
[INFO] Preparing remote bundle org.apache:apache-jar-resource-bundle:1.4
[INFO] Copying 3 resources from 1 bundle.
[INFO] 
[INFO] --- maven-resources-plugin:3.1.0:resources (default-resources) @ avro ---
[INFO] Using 'UTF-8' encoding to copy filtered resources.
[INFO] Copying 1 resource
[INFO] Copying 3 resources
[INFO] 
[INFO] --- maven-compiler-plugin:3.8.1:compile (default-compile) @ avro ---
[INFO] Nothing to compile - all classes are up to date
[INFO] 
[INFO] --- spotless-maven-plugin:2.11.1:check (spotless-check) @ avro ---
[INFO] 
[INFO] --- maven-bundle-plugin:5.1.2:manifest (bundle-manifest) @ avro ---
[INFO] 
[INFO] --- maven-resources-plugin:3.1.0:testResources (default-testResources) @ avro ---
[INFO] Using 'UTF-8' encoding to copy filtered resources.
[INFO] Copying 5 resources
[INFO] Copying 3 resources
[INFO] 
[INFO] --- maven-compiler-plugin:3.8.1:testCompile (default-testCompile) @ avro ---
[INFO] Nothing to compile - all classes are up to date
[INFO] 
[INFO] --- maven-surefire-plugin:3.0.0-M5:test (default-test) @ avro ---
[INFO] 
[INFO] -------------------------------------------------------
[INFO]  T E S T S
[INFO] -------------------------------------------------------
[INFO] Running org.apache.avro.util.TestCaseFinder$NonParameterized
[INFO] Tests run: 4, Failures: 0, Errors: 0, Skipped: 0, Time elapsed: 203.27 s - in org.apache.avro.util.TestCaseFinder$NonParameterized
[INFO] Running org.apache.avro.util.TestCaseFinder$SimpleCases
[INFO] Tests run: 14, Failures: 0, Errors: 0, Skipped: 0, Time elapsed: 1.97 s - in org.apache.avro.util.TestCaseFinder$SimpleCases
[INFO] Running org.apache.avro.TestDataFileDeflate
[INFO] Tests run: 1, Failures: 0, Errors: 0, Skipped: 0, Time elapsed: 1.15 s - in org.apache.avro.TestDataFileDeflate
[INFO] Running org.apache.avro.TestDataFileReflect
[INFO] Tests run: 4, Failures: 0, Errors: 0, Skipped: 0, Time elapsed: 1.52 s - in org.apache.avro.TestDataFileReflect
[INFO] Running org.apache.avro.TestSchemaCompatibilityMissingEnumSymbols
[INFO] Tests run: 3, Failures: 0, Errors: 0, Skipped: 0, Time elapsed: 147.64 s - in org.apache.avro.TestSchemaCompatibilityMissingEnumSymbols
[INFO] Running org.apache.avro.TestSchemaNormalization$TestFingerprintInternationalization
[INFO] Tests run: 26, Failures: 0, Errors: 0, Skipped: 0, Time elapsed: 204.74 s - in org.apache.avro.TestSchemaNormalization$TestFingerprintInternationalization
[INFO] Running org.apache.avro.TestSchemaNormalization$TestFingerprint
[INFO] Tests run: 26, Failures: 0, Errors: 0, Skipped: 0, Time elapsed: 5.23 s - in org.apache.avro.TestSchemaNormalization$TestFingerprint
[INFO] Running org.apache.avro.TestSchemaNormalization$TestCanonical
[INFO] Tests run: 34, Failures: 0, Errors: 0, Skipped: 0, Time elapsed: 2.65 s - in org.apache.avro.TestSchemaNormalization$TestCanonical
[INFO] Running org.apache.avro.generic.TestGenericLogicalTypes
[INFO] Tests run: 17, Failures: 0, Errors: 0, Skipped: 0, Time elapsed: 63.72 s - in org.apache.avro.generic.TestGenericLogicalTypes
[INFO] Running org.apache.avro.TestSchemaWarnings
[INFO] Tests run: 2, Failures: 0, Errors: 0, Skipped: 0, Time elapsed: 16.24 s - in org.apache.avro.TestSchemaWarnings
[INFO] Running org.apache.avro.TestSchemaCompatibility
[INFO] Tests run: 11, Failures: 0, Errors: 0, Skipped: 0, Time elapsed: 199.2 s - in org.apache.avro.TestSchemaCompatibility
[INFO] Running org.apache.avro.TestSchemaBuilder
[INFO] Tests run: 41, Failures: 0, Errors: 0, Skipped: 0, Time elapsed: 864.63 s - in org.apache.avro.TestSchemaBuilder
[INFO] Running org.apache.avro.TestSchemaCompatibilityEnumDefaults
[INFO] Tests run: 5, Failures: 0, Errors: 0, Skipped: 0, Time elapsed: 3.34 s - in org.apache.avro.TestSchemaCompatibilityEnumDefaults
[INFO] Running org.apache.avro.io.TestResolvingIO
[INFO] Tests run: 816, Failures: 0, Errors: 0, Skipped: 0, Time elapsed: 10,492.3 s - in org.apache.avro.io.TestResolvingIO
[INFO] Running org.apache.avro.io.TestBinaryDecoder
[INFO] Tests run: 56, Failures: 0, Errors: 0, Skipped: 0, Time elapsed: 556.5 s - in org.apache.avro.io.TestBinaryDecoder
[INFO] Running org.apache.avro.io.TestBinaryData
[INFO] Tests run: 1, Failures: 0, Errors: 0, Skipped: 0, Time elapsed: 0.65 s - in org.apache.avro.io.TestBinaryData
[INFO] Running org.apache.avro.TestSchemaCompatibilityTypeMismatch
[INFO] Tests run: 29, Failures: 0, Errors: 0, Skipped: 0, Time elapsed: 164.03 s - in org.apache.avro.TestSchemaCompatibilityTypeMismatch
[INFO] Running org.apache.avro.reflect.TestReflect
[INFO] Tests run: 74, Failures: 0, Errors: 0, Skipped: 0, Time elapsed: 1,285.44 s - in org.apache.avro.reflect.TestReflect
[INFO] Running org.apache.avro.TestDataFileMeta
[INFO] Tests run: 4, Failures: 0, Errors: 0, Skipped: 0, Time elapsed: 99.15 s - in org.apache.avro.TestDataFileMeta
[INFO] Running org.apache.avro.file.TestIOExceptionDuringWrite
[INFO] Tests run: 1, Failures: 0, Errors: 0, Skipped: 0, Time elapsed: 387.1 s - in org.apache.avro.file.TestIOExceptionDuringWrite
[INFO] Running org.apache.avro.message.TestBinaryMessageEncoding
[INFO] Tests run: 13, Failures: 0, Errors: 0, Skipped: 0, Time elapsed: 238.17 s - in org.apache.avro.message.TestBinaryMessageEncoding
[INFO] Running org.apache.avro.TestUnionSelfReference
[INFO] Tests run: 2, Failures: 0, Errors: 0, Skipped: 0, Time elapsed: 0.65 s - in org.apache.avro.TestUnionSelfReference
[INFO] Running org.apache.avro.io.TestBinaryEncoderFidelity
[INFO] Tests run: 3, Failures: 0, Errors: 0, Skipped: 0, Time elapsed: 4.9 s - in org.apache.avro.io.TestBinaryEncoderFidelity
[INFO] Running org.apache.avro.util.TestUtf8
[INFO] Tests run: 4, Failures: 0, Errors: 0, Skipped: 0, Time elapsed: 353.12 s - in org.apache.avro.util.TestUtf8
[INFO] Running org.apache.avro.TestSchema
[INFO] Tests run: 37, Failures: 0, Errors: 0, Skipped: 0, Time elapsed: 306.92 s - in org.apache.avro.TestSchema
[INFO] Running org.apache.avro.TestCircularReferences
[INFO] Tests run: 1, Failures: 0, Errors: 0, Skipped: 0, Time elapsed: 650.97 s - in org.apache.avro.TestCircularReferences
[INFO] Running org.apache.avro.TestReadingWritingDataInEvolvedSchemas
[INFO] Tests run: 50, Failures: 0, Errors: 0, Skipped: 0, Time elapsed: 11.86 s - in org.apache.avro.TestReadingWritingDataInEvolvedSchemas
[INFO] Running org.apache.avro.io.parsing.TestResolvingGrammarGenerator2
[INFO] Tests run: 7, Failures: 0, Errors: 0, Skipped: 0, Time elapsed: 1.28 s - in org.apache.avro.io.parsing.TestResolvingGrammarGenerator2
[INFO] Running org.apache.avro.reflect.TestReflectDatumReader
[INFO] Tests run: 2, Failures: 0, Errors: 0, Skipped: 0, Time elapsed: 1.01 s - in org.apache.avro.reflect.TestReflectDatumReader
[INFO] Running org.apache.avro.TestSchemaCompatibilityMissingUnionBranch
[INFO] Tests run: 17, Failures: 0, Errors: 0, Skipped: 0, Time elapsed: 35.7 s - in org.apache.avro.TestSchemaCompatibilityMissingUnionBranch
[INFO] Running org.apache.avro.TestDataFileCustomSync
[INFO] Tests run: 3, Failures: 0, Errors: 0, Skipped: 0, Time elapsed: 0.56 s - in org.apache.avro.TestDataFileCustomSync
[INFO] Running org.apache.avro.reflect.TestReflectData
[INFO] Tests run: 5, Failures: 0, Errors: 0, Skipped: 0, Time elapsed: 6,785.05 s - in org.apache.avro.reflect.TestReflectData
[INFO] Running org.apache.avro.generic.TestGenericRecordBuilder
[INFO] Tests run: 4, Failures: 0, Errors: 0, Skipped: 0, Time elapsed: 0.59 s - in org.apache.avro.generic.TestGenericRecordBuilder
[INFO] Running org.apache.avro.io.TestEncoders
[INFO] Tests run: 20, Failures: 0, Errors: 0, Skipped: 0, Time elapsed: 309.89 s - in org.apache.avro.io.TestEncoders
[INFO] Running org.apache.avro.generic.TestSkipEnumSchema
[INFO] Tests run: 1, Failures: 0, Errors: 0, Skipped: 0, Time elapsed: 0.53 s - in org.apache.avro.generic.TestSkipEnumSchema
[INFO] Running org.apache.avro.TestSchemaCompatibilityFixedSizeMismatch
[INFO] Tests run: 4, Failures: 0, Errors: 0, Skipped: 0, Time elapsed: 0.49 s - in org.apache.avro.TestSchemaCompatibilityFixedSizeMismatch
[INFO] Running org.apache.avro.file.TestSeekableByteArrayInput
[INFO] Tests run: 1, Failures: 0, Errors: 0, Skipped: 0, Time elapsed: 0.4 s - in org.apache.avro.file.TestSeekableByteArrayInput
[INFO] Running org.apache.avro.reflect.TestReflectAllowNulls
[INFO] Tests run: 3, Failures: 0, Errors: 0, Skipped: 0, Time elapsed: 81.03 s - in org.apache.avro.reflect.TestReflectAllowNulls
[INFO] Running org.apache.avro.file.TestZstandardCodec
[INFO] Tests run: 1, Failures: 0, Errors: 0, Skipped: 0, Time elapsed: 0.35 s - in org.apache.avro.file.TestZstandardCodec
[INFO] Running org.apache.avro.TestDataFileCorruption
[INFO] Tests run: 1, Failures: 0, Errors: 0, Skipped: 0, Time elapsed: 0.34 s - in org.apache.avro.TestDataFileCorruption
[INFO] Running org.apache.avro.TestSchemaCompatibilityNameMismatch
[INFO] Tests run: 4, Failures: 0, Errors: 0, Skipped: 0, Time elapsed: 4.23 s - in org.apache.avro.TestSchemaCompatibilityNameMismatch
[INFO] Running org.apache.avro.generic.TestGenericDatumWriter
[INFO] Tests run: 9, Failures: 0, Errors: 0, Skipped: 0, Time elapsed: 65.57 s - in org.apache.avro.generic.TestGenericDatumWriter
[INFO] Running org.apache.avro.reflect.TestReflectLogicalTypes
[WARNING] Tests run: 17, Failures: 0, Errors: 0, Skipped: 1, Time elapsed: 845.64 s - in org.apache.avro.reflect.TestReflectLogicalTypes
[INFO] Running org.apache.avro.io.TestValidatingIO
[INFO] Tests run: 972, Failures: 0, Errors: 0, Skipped: 0, Time elapsed: 1,560.34 s - in org.apache.avro.io.TestValidatingIO
[INFO] Running org.apache.avro.TestSchemaCompatibilityMultiple
[INFO] Tests run: 1, Failures: 0, Errors: 0, Skipped: 0, Time elapsed: 1.25 s - in org.apache.avro.TestSchemaCompatibilityMultiple
[INFO] Running org.apache.avro.TestSchemaValidation
[INFO] Tests run: 15, Failures: 0, Errors: 0, Skipped: 0, Time elapsed: 0.86 s - in org.apache.avro.TestSchemaValidation
[INFO] Running org.apache.avro.specific.TestSpecificToFromByteArray
[INFO] Tests run: 4, Failures: 0, Errors: 0, Skipped: 0, Time elapsed: 0.45 s - in org.apache.avro.specific.TestSpecificToFromByteArray
[INFO] Running org.apache.avro.file.TestAllCodecs
[INFO] Tests run: 12, Failures: 0, Errors: 0, Skipped: 0, Time elapsed: 8,811.4 s - in org.apache.avro.file.TestAllCodecs
[INFO] Running org.apache.avro.reflect.TestReflectionUtil
[INFO] Tests run: 2, Failures: 0, Errors: 0, Skipped: 0, Time elapsed: 0.74 s - in org.apache.avro.reflect.TestReflectionUtil
[INFO] Running org.apache.avro.specific.TestSpecificData
[INFO] Tests run: 8, Failures: 0, Errors: 0, Skipped: 0, Time elapsed: 0.62 s - in org.apache.avro.specific.TestSpecificData
[INFO] Running org.apache.avro.TestDecimalConversion
[INFO] Tests run: 16, Failures: 0, Errors: 0, Skipped: 0, Time elapsed: 0.74 s - in org.apache.avro.TestDecimalConversion
[INFO] Running org.apache.avro.TestFixed
[INFO] Tests run: 1, Failures: 0, Errors: 0, Skipped: 0, Time elapsed: 0.63 s - in org.apache.avro.TestFixed
[INFO] Running org.apache.avro.file.TestCustomCodec
[INFO] Tests run: 1, Failures: 0, Errors: 0, Skipped: 0, Time elapsed: 0.38 s - in org.apache.avro.file.TestCustomCodec
[INFO] Running org.apache.avro.generic.TestGenericConcreteEnum
[INFO] Tests run: 2, Failures: 0, Errors: 0, Skipped: 0, Time elapsed: 155.28 s - in org.apache.avro.generic.TestGenericConcreteEnum
[INFO] Running org.apache.avro.TestDataFile
[INFO] Tests run: 60, Failures: 0, Errors: 0, Skipped: 0, Time elapsed: 23,522.94 s - in org.apache.avro.TestDataFile
[INFO] Running org.apache.avro.TestNestedRecords
[INFO] Tests run: 2, Failures: 0, Errors: 0, Skipped: 0, Time elapsed: 0.88 s - in org.apache.avro.TestNestedRecords
[INFO] Running org.apache.avro.reflect.TestNonStringMapKeys
[INFO] Tests run: 3, Failures: 0, Errors: 0, Skipped: 0, Time elapsed: 594.89 s - in org.apache.avro.reflect.TestNonStringMapKeys
[INFO] Running org.apache.avro.TestProtocol
[INFO] Tests run: 2, Failures: 0, Errors: 0, Skipped: 0, Time elapsed: 0.51 s - in org.apache.avro.TestProtocol
[INFO] Running org.apache.avro.TestLogicalType
[INFO] Tests run: 20, Failures: 0, Errors: 0, Skipped: 0, Time elapsed: 34.28 s - in org.apache.avro.TestLogicalType
[INFO] Running org.apache.avro.generic.TestGenericData
[INFO] Tests run: 34, Failures: 0, Errors: 0, Skipped: 0, Time elapsed: 145.36 s - in org.apache.avro.generic.TestGenericData
[INFO] Running org.apache.avro.io.parsing.TestResolvingGrammarGenerator
[INFO] Tests run: 32, Failures: 0, Errors: 0, Skipped: 0, Time elapsed: 9.83 s - in org.apache.avro.io.parsing.TestResolvingGrammarGenerator
[INFO] Running org.apache.avro.data.TestTimeConversions
[INFO] Tests run: 10, Failures: 0, Errors: 0, Skipped: 0, Time elapsed: 10.55 s - in org.apache.avro.data.TestTimeConversions
[INFO] Running org.apache.avro.reflect.TestByteBuffer
[INFO] Tests run: 1, Failures: 0, Errors: 0, Skipped: 0, Time elapsed: 1,464.52 s - in org.apache.avro.reflect.TestByteBuffer
[INFO] Running org.apache.avro.TestSchemaCompatibilityReaderFieldMissingDefaultValue
[INFO] Tests run: 2, Failures: 0, Errors: 0, Skipped: 0, Time elapsed: 0.75 s - in org.apache.avro.TestSchemaCompatibilityReaderFieldMissingDefaultValue
[INFO] Running org.apache.avro.io.TestBlockingIO
[INFO] Tests run: 376, Failures: 0, Errors: 0, Skipped: 0, Time elapsed: 385.32 s - in org.apache.avro.io.TestBlockingIO
[INFO] Running org.apache.avro.util.internal.TestJacksonUtils
[INFO] Tests run: 2, Failures: 0, Errors: 0, Skipped: 0, Time elapsed: 1.29 s - in org.apache.avro.util.internal.TestJacksonUtils
[INFO] Running org.apache.avro.io.TestJsonDecoder
[INFO] Tests run: 5, Failures: 0, Errors: 0, Skipped: 0, Time elapsed: 0.47 s - in org.apache.avro.io.TestJsonDecoder
[INFO] Running org.apache.avro.TestDataFileReader
[INFO] Tests run: 6, Failures: 0, Errors: 0, Skipped: 0, Time elapsed: 209.02 s - in org.apache.avro.TestDataFileReader
[INFO] Running org.apache.avro.io.TestResolvingIOResolving
[INFO] Tests run: 192, Failures: 0, Errors: 0, Skipped: 0, Time elapsed: 723.22 s - in org.apache.avro.io.TestResolvingIOResolving
[INFO] Running org.apache.avro.util.internal.TestClassValueCache
[INFO] Tests run: 1, Failures: 0, Errors: 0, Skipped: 0, Time elapsed: 1.09 s - in org.apache.avro.util.internal.TestClassValueCache
[INFO] Running org.apache.avro.io.TestBlockingIO2
[INFO] Tests run: 84, Failures: 0, Errors: 0, Skipped: 0, Time elapsed: 2.6 s - in org.apache.avro.io.TestBlockingIO2
[INFO] Running org.apache.avro.TestDataFileConcat
[INFO] Tests run: 10, Failures: 0, Errors: 0, Skipped: 0, Time elapsed: 18,021.81 s - in org.apache.avro.TestDataFileConcat
[INFO] 
[INFO] Results:
[INFO] 
[WARNING] Tests run: 3254, Failures: 0, Errors: 0, Skipped: 1
[INFO] 
[INFO] 
[INFO] --- maven-checkstyle-plugin:3.1.2:check (checkstyle-check) @ avro ---
[INFO] Starting audit...
Audit done.
[INFO] You have 0 Checkstyle violations.
[INFO] 
[INFO] --- maven-surefire-plugin:3.0.0-M5:test (test-with-custom-coders) @ avro ---
[INFO] 
[INFO] -------------------------------------------------------
[INFO]  T E S T S
[INFO] -------------------------------------------------------
[INFO] Running org.apache.avro.TestDataFileReflect
[INFO] Tests run: 4, Failures: 0, Errors: 0, Skipped: 0, Time elapsed: 923.46 s - in org.apache.avro.TestDataFileReflect
[INFO] Running org.apache.avro.TestSchemaCompatibilityEnumDefaults
[INFO] Tests run: 5, Failures: 0, Errors: 0, Skipped: 0, Time elapsed: 34 s - in org.apache.avro.TestSchemaCompatibilityEnumDefaults
[INFO] Running org.apache.avro.TestDataFileConcat
[INFO] Tests run: 10, Failures: 0, Errors: 0, Skipped: 0, Time elapsed: 26,771.29 s - in org.apache.avro.TestDataFileConcat
[INFO] Running org.apache.avro.TestSchemaWarnings
[INFO] Tests run: 2, Failures: 0, Errors: 0, Skipped: 0, Time elapsed: 428.45 s - in org.apache.avro.TestSchemaWarnings
[INFO] Running org.apache.avro.TestSchemaCompatibilityTypeMismatch
[INFO] Tests run: 29, Failures: 0, Errors: 0, Skipped: 0, Time elapsed: 406.02 s - in org.apache.avro.TestSchemaCompatibilityTypeMismatch
[INFO] Running org.apache.avro.TestDataFileCustomSync
[INFO] Tests run: 3, Failures: 0, Errors: 0, Skipped: 0, Time elapsed: 1.06 s - in org.apache.avro.TestDataFileCustomSync
[INFO] Running org.apache.avro.TestSchemaCompatibilityMissingEnumSymbols
[INFO] Tests run: 3, Failures: 0, Errors: 0, Skipped: 0, Time elapsed: 1.66 s - in org.apache.avro.TestSchemaCompatibilityMissingEnumSymbols
[INFO] Running org.apache.avro.util.TestCaseFinder$NonParameterized
[INFO] Tests run: 4, Failures: 0, Errors: 0, Skipped: 0, Time elapsed: 161.88 s - in org.apache.avro.util.TestCaseFinder$NonParameterized
[INFO] Running org.apache.avro.util.TestCaseFinder$SimpleCases
[INFO] Tests run: 14, Failures: 0, Errors: 0, Skipped: 0, Time elapsed: 0.99 s - in org.apache.avro.util.TestCaseFinder$SimpleCases
[INFO] Running org.apache.avro.TestNestedRecords
[INFO] Tests run: 2, Failures: 0, Errors: 0, Skipped: 0, Time elapsed: 253.98 s - in org.apache.avro.TestNestedRecords
[INFO] Running org.apache.avro.io.TestBinaryDecoder
[INFO] Tests run: 56, Failures: 0, Errors: 0, Skipped: 0, Time elapsed: 921.88 s - in org.apache.avro.io.TestBinaryDecoder
[INFO] Running org.apache.avro.TestSchemaCompatibilityNameMismatch
[INFO] Tests run: 4, Failures: 0, Errors: 0, Skipped: 0, Time elapsed: 0.73 s - in org.apache.avro.TestSchemaCompatibilityNameMismatch
[INFO] Running org.apache.avro.reflect.TestNonStringMapKeys
[INFO] Tests run: 3, Failures: 0, Errors: 0, Skipped: 0, Time elapsed: 780.62 s - in org.apache.avro.reflect.TestNonStringMapKeys
[INFO] Running org.apache.avro.generic.TestGenericData
[INFO] Tests run: 34, Failures: 0, Errors: 0, Skipped: 0, Time elapsed: 463.03 s - in org.apache.avro.generic.TestGenericData
[INFO] Running org.apache.avro.file.TestAllCodecs
[INFO] Tests run: 12, Failures: 0, Errors: 0, Skipped: 0, Time elapsed: 9,613.27 s - in org.apache.avro.file.TestAllCodecs
[INFO] Running org.apache.avro.TestSchemaNormalization$TestFingerprintInternationalization
[INFO] Tests run: 26, Failures: 0, Errors: 0, Skipped: 0, Time elapsed: 118.84 s - in org.apache.avro.TestSchemaNormalization$TestFingerprintInternationalization
[INFO] Running org.apache.avro.TestSchemaNormalization$TestFingerprint
[INFO] Tests run: 26, Failures: 0, Errors: 0, Skipped: 0, Time elapsed: 338.13 s - in org.apache.avro.TestSchemaNormalization$TestFingerprint
[INFO] Running org.apache.avro.TestSchemaNormalization$TestCanonical
[INFO] Tests run: 34, Failures: 0, Errors: 0, Skipped: 0, Time elapsed: 3.7 s - in org.apache.avro.TestSchemaNormalization$TestCanonical
[INFO] Running org.apache.avro.TestCircularReferences
[INFO] Tests run: 1, Failures: 0, Errors: 0, Skipped: 0, Time elapsed: 51.79 s - in org.apache.avro.TestCircularReferences
[INFO] Running org.apache.avro.TestSchema
[INFO] Tests run: 37, Failures: 0, Errors: 0, Skipped: 0, Time elapsed: 640.8 s - in org.apache.avro.TestSchema
[INFO] Running org.apache.avro.reflect.TestReflectAllowNulls
[INFO] Tests run: 3, Failures: 0, Errors: 0, Skipped: 0, Time elapsed: 49.86 s - in org.apache.avro.reflect.TestReflectAllowNulls
[INFO] Running org.apache.avro.TestSchemaCompatibilityReaderFieldMissingDefaultValue
[INFO] Tests run: 2, Failures: 0, Errors: 0, Skipped: 0, Time elapsed: 0.58 s - in org.apache.avro.TestSchemaCompatibilityReaderFieldMissingDefaultValue
[INFO] Running org.apache.avro.TestReadingWritingDataInEvolvedSchemas
[INFO] Tests run: 50, Failures: 0, Errors: 0, Skipped: 0, Time elapsed: 347.53 s - in org.apache.avro.TestReadingWritingDataInEvolvedSchemas
[INFO] Running org.apache.avro.TestUnionSelfReference
[INFO] Tests run: 2, Failures: 0, Errors: 0, Skipped: 0, Time elapsed: 0.62 s - in org.apache.avro.TestUnionSelfReference
[INFO] Running org.apache.avro.reflect.TestReflect
[INFO] Tests run: 74, Failures: 0, Errors: 0, Skipped: 0, Time elapsed: 1,183.68 s - in org.apache.avro.reflect.TestReflect
[INFO] Running org.apache.avro.util.internal.TestJacksonUtils
[INFO] Tests run: 2, Failures: 0, Errors: 0, Skipped: 0, Time elapsed: 25.3 s - in org.apache.avro.util.internal.TestJacksonUtils
[INFO] Running org.apache.avro.data.TestTimeConversions
[INFO] Tests run: 10, Failures: 0, Errors: 0, Skipped: 0, Time elapsed: 16.41 s - in org.apache.avro.data.TestTimeConversions
[INFO] Running org.apache.avro.generic.TestGenericRecordBuilder
[INFO] Tests run: 4, Failures: 0, Errors: 0, Skipped: 0, Time elapsed: 111.45 s - in org.apache.avro.generic.TestGenericRecordBuilder
[INFO] Running org.apache.avro.io.TestBinaryData
[INFO] Tests run: 1, Failures: 0, Errors: 0, Skipped: 0, Time elapsed: 39.48 s - in org.apache.avro.io.TestBinaryData
[INFO] Running org.apache.avro.TestDataFile
[INFO] Tests run: 60, Failures: 0, Errors: 0, Skipped: 0, Time elapsed: 25,114.55 s - in org.apache.avro.TestDataFile
[INFO] Running org.apache.avro.reflect.TestReflectDatumReader
[INFO] Tests run: 2, Failures: 0, Errors: 0, Skipped: 0, Time elapsed: 0.9 s - in org.apache.avro.reflect.TestReflectDatumReader
[INFO] Running org.apache.avro.TestSchemaCompatibilityFixedSizeMismatch
[INFO] Tests run: 4, Failures: 0, Errors: 0, Skipped: 0, Time elapsed: 128.02 s - in org.apache.avro.TestSchemaCompatibilityFixedSizeMismatch
[INFO] Running org.apache.avro.TestDecimalConversion
[INFO] Tests run: 16, Failures: 0, Errors: 0, Skipped: 0, Time elapsed: 380.58 s - in org.apache.avro.TestDecimalConversion
[INFO] Running org.apache.avro.reflect.TestReflectData
[INFO] Tests run: 5, Failures: 0, Errors: 0, Skipped: 0, Time elapsed: 7,105.98 s - in org.apache.avro.reflect.TestReflectData
[INFO] Running org.apache.avro.io.parsing.TestResolvingGrammarGenerator2
[INFO] Tests run: 7, Failures: 0, Errors: 0, Skipped: 0, Time elapsed: 0.76 s - in org.apache.avro.io.parsing.TestResolvingGrammarGenerator2
[INFO] Running org.apache.avro.TestFixed
[INFO] Tests run: 1, Failures: 0, Errors: 0, Skipped: 0, Time elapsed: 0.49 s - in org.apache.avro.TestFixed
[INFO] Running org.apache.avro.TestDataFileReader
[INFO] Tests run: 6, Failures: 0, Errors: 0, Skipped: 0, Time elapsed: 39.8 s - in org.apache.avro.TestDataFileReader
[INFO] Running org.apache.avro.TestSchemaCompatibilityMultiple
[INFO] Tests run: 1, Failures: 0, Errors: 0, Skipped: 0, Time elapsed: 0.37 s - in org.apache.avro.TestSchemaCompatibilityMultiple
[INFO] Running org.apache.avro.io.TestResolvingIOResolving
[INFO] Tests run: 192, Failures: 0, Errors: 0, Skipped: 0, Time elapsed: 751.95 s - in org.apache.avro.io.TestResolvingIOResolving
[INFO] Running org.apache.avro.reflect.TestReflectionUtil
[INFO] Tests run: 2, Failures: 0, Errors: 0, Skipped: 0, Time elapsed: 0.46 s - in org.apache.avro.reflect.TestReflectionUtil
[INFO] Running org.apache.avro.file.TestIOExceptionDuringWrite
[INFO] Tests run: 1, Failures: 0, Errors: 0, Skipped: 0, Time elapsed: 326.44 s - in org.apache.avro.file.TestIOExceptionDuringWrite
[INFO] Running org.apache.avro.io.TestBinaryEncoderFidelity
[INFO] Tests run: 3, Failures: 0, Errors: 0, Skipped: 0, Time elapsed: 214.71 s - in org.apache.avro.io.TestBinaryEncoderFidelity
[INFO] Running org.apache.avro.io.TestBlockingIO2
[INFO] Tests run: 84, Failures: 0, Errors: 0, Skipped: 0, Time elapsed: 2.47 s - in org.apache.avro.io.TestBlockingIO2
[INFO] Running org.apache.avro.generic.TestGenericLogicalTypes
[INFO] Tests run: 17, Failures: 0, Errors: 0, Skipped: 0, Time elapsed: 0.78 s - in org.apache.avro.generic.TestGenericLogicalTypes
[INFO] Running org.apache.avro.util.internal.TestClassValueCache
[INFO] Tests run: 1, Failures: 0, Errors: 0, Skipped: 0, Time elapsed: 118.91 s - in org.apache.avro.util.internal.TestClassValueCache
[INFO] Running org.apache.avro.TestSchemaBuilder
[INFO] Tests run: 41, Failures: 0, Errors: 0, Skipped: 0, Time elapsed: 281.6 s - in org.apache.avro.TestSchemaBuilder
[INFO] Running org.apache.avro.file.TestSeekableByteArrayInput
[INFO] Tests run: 1, Failures: 0, Errors: 0, Skipped: 0, Time elapsed: 0.96 s - in org.apache.avro.file.TestSeekableByteArrayInput
[INFO] Running org.apache.avro.io.TestJsonDecoder
[INFO] Tests run: 5, Failures: 0, Errors: 0, Skipped: 0, Time elapsed: 1.9 s - in org.apache.avro.io.TestJsonDecoder
[INFO] Running org.apache.avro.file.TestCustomCodec
[INFO] Tests run: 1, Failures: 0, Errors: 0, Skipped: 0, Time elapsed: 156.73 s - in org.apache.avro.file.TestCustomCodec
[INFO] Running org.apache.avro.util.TestUtf8
[INFO] Tests run: 4, Failures: 0, Errors: 0, Skipped: 0, Time elapsed: 0.36 s - in org.apache.avro.util.TestUtf8
[INFO] Running org.apache.avro.TestProtocol
[INFO] Tests run: 2, Failures: 0, Errors: 0, Skipped: 0, Time elapsed: 3.08 s - in org.apache.avro.TestProtocol
[INFO] Running org.apache.avro.reflect.TestByteBuffer
[INFO] Tests run: 1, Failures: 0, Errors: 0, Skipped: 0, Time elapsed: 1,436.43 s - in org.apache.avro.reflect.TestByteBuffer
[INFO] Running org.apache.avro.io.TestValidatingIO
[INFO] Tests run: 972, Failures: 0, Errors: 0, Skipped: 0, Time elapsed: 2,313.6 s - in org.apache.avro.io.TestValidatingIO
[INFO] Running org.apache.avro.specific.TestSpecificToFromByteArray
[INFO] Tests run: 4, Failures: 0, Errors: 0, Skipped: 0, Time elapsed: 1.35 s - in org.apache.avro.specific.TestSpecificToFromByteArray
[INFO] Running org.apache.avro.generic.TestSkipEnumSchema
[INFO] Tests run: 1, Failures: 0, Errors: 0, Skipped: 0, Time elapsed: 0.41 s - in org.apache.avro.generic.TestSkipEnumSchema
[INFO] Running org.apache.avro.specific.TestSpecificData
[INFO] Tests run: 8, Failures: 0, Errors: 0, Skipped: 0, Time elapsed: 110.9 s - in org.apache.avro.specific.TestSpecificData
[INFO] Running org.apache.avro.generic.TestGenericConcreteEnum
[INFO] Tests run: 2, Failures: 0, Errors: 0, Skipped: 0, Time elapsed: 1.02 s - in org.apache.avro.generic.TestGenericConcreteEnum
[INFO] Running org.apache.avro.io.TestEncoders
[INFO] Tests run: 20, Failures: 0, Errors: 0, Skipped: 0, Time elapsed: 0.74 s - in org.apache.avro.io.TestEncoders
[INFO] Running org.apache.avro.TestDataFileDeflate
[INFO] Tests run: 1, Failures: 0, Errors: 0, Skipped: 0, Time elapsed: 42.45 s - in org.apache.avro.TestDataFileDeflate
[INFO] Running org.apache.avro.TestLogicalType
[INFO] Tests run: 20, Failures: 0, Errors: 0, Skipped: 0, Time elapsed: 240.66 s - in org.apache.avro.TestLogicalType
[INFO] Running org.apache.avro.TestDataFileCorruption
[INFO] Tests run: 1, Failures: 0, Errors: 0, Skipped: 0, Time elapsed: 1.94 s - in org.apache.avro.TestDataFileCorruption
[INFO] Running org.apache.avro.io.TestResolvingIO
[INFO] Tests run: 816, Failures: 0, Errors: 0, Skipped: 0, Time elapsed: 6,903.9 s - in org.apache.avro.io.TestResolvingIO
[INFO] Running org.apache.avro.generic.TestGenericDatumWriter
[INFO] Tests run: 9, Failures: 0, Errors: 0, Skipped: 0, Time elapsed: 109.96 s - in org.apache.avro.generic.TestGenericDatumWriter
[INFO] Running org.apache.avro.file.TestZstandardCodec
[INFO] Tests run: 1, Failures: 0, Errors: 0, Skipped: 0, Time elapsed: 2.51 s - in org.apache.avro.file.TestZstandardCodec
[INFO] Running org.apache.avro.TestSchemaValidation
[INFO] Tests run: 15, Failures: 0, Errors: 0, Skipped: 0, Time elapsed: 42.79 s - in org.apache.avro.TestSchemaValidation
[INFO] Running org.apache.avro.message.TestBinaryMessageEncoding
[INFO] Tests run: 13, Failures: 0, Errors: 0, Skipped: 0, Time elapsed: 253.56 s - in org.apache.avro.message.TestBinaryMessageEncoding
[INFO] Running org.apache.avro.reflect.TestReflectLogicalTypes
[WARNING] Tests run: 17, Failures: 0, Errors: 0, Skipped: 1, Time elapsed: 1,077.3 s - in org.apache.avro.reflect.TestReflectLogicalTypes
[INFO] Running org.apache.avro.TestSchemaCompatibility
[INFO] Tests run: 11, Failures: 0, Errors: 0, Skipped: 0, Time elapsed: 461.83 s - in org.apache.avro.TestSchemaCompatibility
[INFO] Running org.apache.avro.io.parsing.TestResolvingGrammarGenerator
[INFO] Tests run: 32, Failures: 0, Errors: 0, Skipped: 0, Time elapsed: 0.63 s - in org.apache.avro.io.parsing.TestResolvingGrammarGenerator
[INFO] Running org.apache.avro.TestDataFileMeta
[INFO] Tests run: 4, Failures: 0, Errors: 0, Skipped: 0, Time elapsed: 0.43 s - in org.apache.avro.TestDataFileMeta
[INFO] Running org.apache.avro.io.TestBlockingIO
[INFO] Tests run: 376, Failures: 0, Errors: 0, Skipped: 0, Time elapsed: 32.67 s - in org.apache.avro.io.TestBlockingIO
[INFO] Running org.apache.avro.TestSchemaCompatibilityMissingUnionBranch
[INFO] Tests run: 17, Failures: 0, Errors: 0, Skipped: 0, Time elapsed: 1.57 s - in org.apache.avro.TestSchemaCompatibilityMissingUnionBranch
[INFO] 
[INFO] Results:
[INFO] 
[WARNING] Tests run: 3254, Failures: 0, Errors: 0, Skipped: 1
[INFO] 
[INFO] 
[INFO] --- maven-surefire-plugin:3.0.0-M5:test (test-with-fast-reader) @ avro ---
[INFO] 
[INFO] -------------------------------------------------------
[INFO]  T E S T S
[INFO] -------------------------------------------------------
[INFO] Running org.apache.avro.TestCircularReferences
[INFO] Tests run: 1, Failures: 0, Errors: 0, Skipped: 0, Time elapsed: 436.37 s - in org.apache.avro.TestCircularReferences
[INFO] Running org.apache.avro.io.TestJsonDecoder
[INFO] Tests run: 5, Failures: 0, Errors: 0, Skipped: 0, Time elapsed: 102.87 s - in org.apache.avro.io.TestJsonDecoder
[INFO] Running org.apache.avro.TestDataFileMeta
[INFO] Tests run: 4, Failures: 0, Errors: 0, Skipped: 0, Time elapsed: 362.94 s - in org.apache.avro.TestDataFileMeta
[INFO] Running org.apache.avro.io.parsing.TestResolvingGrammarGenerator2
[INFO] Tests run: 7, Failures: 0, Errors: 0, Skipped: 0, Time elapsed: 39.9 s - in org.apache.avro.io.parsing.TestResolvingGrammarGenerator2
[INFO] Running org.apache.avro.specific.TestSpecificData
[INFO] Tests run: 8, Failures: 0, Errors: 0, Skipped: 0, Time elapsed: 311.1 s - in org.apache.avro.specific.TestSpecificData
[INFO] Running org.apache.avro.TestSchemaCompatibilityTypeMismatch
[INFO] Tests run: 29, Failures: 0, Errors: 0, Skipped: 0, Time elapsed: 259.1 s - in org.apache.avro.TestSchemaCompatibilityTypeMismatch
[INFO] Running org.apache.avro.generic.TestSkipEnumSchema
[INFO] Tests run: 1, Failures: 0, Errors: 0, Skipped: 0, Time elapsed: 45.7 s - in org.apache.avro.generic.TestSkipEnumSchema
[INFO] Running org.apache.avro.specific.TestSpecificToFromByteArray
[INFO] Tests run: 4, Failures: 0, Errors: 0, Skipped: 0, Time elapsed: 302.83 s - in org.apache.avro.specific.TestSpecificToFromByteArray
[INFO] Running org.apache.avro.TestReadingWritingDataInEvolvedSchemas
[INFO] Tests run: 50, Failures: 0, Errors: 0, Skipped: 0, Time elapsed: 662.71 s - in org.apache.avro.TestReadingWritingDataInEvolvedSchemas
[INFO] Running org.apache.avro.reflect.TestReflect
[INFO] Tests run: 74, Failures: 0, Errors: 0, Skipped: 0, Time elapsed: 1,478.37 s - in org.apache.avro.reflect.TestReflect
[INFO] Running org.apache.avro.reflect.TestReflectionUtil
[INFO] Tests run: 2, Failures: 0, Errors: 0, Skipped: 0, Time elapsed: 0.56 s - in org.apache.avro.reflect.TestReflectionUtil
[INFO] Running org.apache.avro.io.TestBlockingIO
[INFO] Tests run: 376, Failures: 0, Errors: 0, Skipped: 0, Time elapsed: 2,325.11 s - in org.apache.avro.io.TestBlockingIO
[INFO] Running org.apache.avro.reflect.TestReflectAllowNulls
[INFO] Tests run: 3, Failures: 0, Errors: 0, Skipped: 0, Time elapsed: 193.52 s - in org.apache.avro.reflect.TestReflectAllowNulls
[INFO] Running org.apache.avro.TestProtocol
[INFO] Tests run: 2, Failures: 0, Errors: 0, Skipped: 0, Time elapsed: 0.26 s - in org.apache.avro.TestProtocol
[INFO] Running org.apache.avro.io.TestValidatingIO
[INFO] Tests run: 972, Failures: 0, Errors: 0, Skipped: 0, Time elapsed: 5,293.49 s - in org.apache.avro.io.TestValidatingIO
[INFO] Running org.apache.avro.io.parsing.TestResolvingGrammarGenerator
[INFO] Tests run: 32, Failures: 0, Errors: 0, Skipped: 0, Time elapsed: 258.28 s - in org.apache.avro.io.parsing.TestResolvingGrammarGenerator
[INFO] Running org.apache.avro.TestSchemaCompatibilityMissingEnumSymbols
[INFO] Tests run: 3, Failures: 0, Errors: 0, Skipped: 0, Time elapsed: 201.7 s - in org.apache.avro.TestSchemaCompatibilityMissingEnumSymbols
[INFO] Running org.apache.avro.TestSchemaBuilder
[INFO] Tests run: 41, Failures: 0, Errors: 0, Skipped: 0, Time elapsed: 595.75 s - in org.apache.avro.TestSchemaBuilder
[INFO] Running org.apache.avro.TestDataFile
[INFO] Tests run: 60, Failures: 0, Errors: 0, Skipped: 0, Time elapsed: 24,657.67 s - in org.apache.avro.TestDataFile
[INFO] Running org.apache.avro.file.TestIOExceptionDuringWrite
[INFO] Tests run: 1, Failures: 0, Errors: 0, Skipped: 0, Time elapsed: 176.85 s - in org.apache.avro.file.TestIOExceptionDuringWrite
[INFO] Running org.apache.avro.TestSchemaCompatibilityEnumDefaults
[INFO] Tests run: 5, Failures: 0, Errors: 0, Skipped: 0, Time elapsed: 13.64 s - in org.apache.avro.TestSchemaCompatibilityEnumDefaults
[INFO] Running org.apache.avro.io.TestResolvingIO
[INFO] Tests run: 816, Failures: 0, Errors: 0, Skipped: 0, Time elapsed: 6,962.28 s - in org.apache.avro.io.TestResolvingIO
[INFO] Running org.apache.avro.util.internal.TestClassValueCache
[INFO] Tests run: 1, Failures: 0, Errors: 0, Skipped: 0, Time elapsed: 4.55 s - in org.apache.avro.util.internal.TestClassValueCache
[INFO] Running org.apache.avro.util.internal.TestJacksonUtils
[INFO] Tests run: 2, Failures: 0, Errors: 0, Skipped: 0, Time elapsed: 0.22 s - in org.apache.avro.util.internal.TestJacksonUtils
[INFO] Running org.apache.avro.generic.TestGenericData
[INFO] Tests run: 34, Failures: 0, Errors: 0, Skipped: 0, Time elapsed: 339.88 s - in org.apache.avro.generic.TestGenericData
[INFO] Running org.apache.avro.generic.TestGenericConcreteEnum
[INFO] Tests run: 2, Failures: 0, Errors: 0, Skipped: 0, Time elapsed: 68.75 s - in org.apache.avro.generic.TestGenericConcreteEnum
[INFO] Running org.apache.avro.TestDataFileReader
[INFO] Tests run: 6, Failures: 0, Errors: 0, Skipped: 0, Time elapsed: 137.74 s - in org.apache.avro.TestDataFileReader
[INFO] Running org.apache.avro.util.TestCaseFinder$NonParameterized
[INFO] Tests run: 4, Failures: 0, Errors: 0, Skipped: 0, Time elapsed: 3.09 s - in org.apache.avro.util.TestCaseFinder$NonParameterized
[INFO] Running org.apache.avro.util.TestCaseFinder$SimpleCases
[INFO] Tests run: 14, Failures: 0, Errors: 0, Skipped: 0, Time elapsed: 3.59 s - in org.apache.avro.util.TestCaseFinder$SimpleCases
[INFO] Running org.apache.avro.io.TestBinaryData
[INFO] Tests run: 1, Failures: 0, Errors: 0, Skipped: 0, Time elapsed: 0.19 s - in org.apache.avro.io.TestBinaryData
[INFO] Running org.apache.avro.TestDataFileDeflate
[INFO] Tests run: 1, Failures: 0, Errors: 0, Skipped: 0, Time elapsed: 2.59 s - in org.apache.avro.TestDataFileDeflate
[INFO] Running org.apache.avro.message.TestBinaryMessageEncoding
[INFO] Tests run: 13, Failures: 0, Errors: 0, Skipped: 0, Time elapsed: 14.6 s - in org.apache.avro.message.TestBinaryMessageEncoding
[INFO] Running org.apache.avro.TestSchemaCompatibilityReaderFieldMissingDefaultValue
[INFO] Tests run: 2, Failures: 0, Errors: 0, Skipped: 0, Time elapsed: 0.31 s - in org.apache.avro.TestSchemaCompatibilityReaderFieldMissingDefaultValue
[INFO] Running org.apache.avro.generic.TestGenericLogicalTypes
[INFO] Tests run: 17, Failures: 0, Errors: 0, Skipped: 0, Time elapsed: 270.85 s - in org.apache.avro.generic.TestGenericLogicalTypes
[INFO] Running org.apache.avro.TestSchemaCompatibility
[INFO] Tests run: 11, Failures: 0, Errors: 0, Skipped: 0, Time elapsed: 416.9 s - in org.apache.avro.TestSchemaCompatibility
[INFO] Running org.apache.avro.TestSchemaCompatibilityMissingUnionBranch
[INFO] Tests run: 17, Failures: 0, Errors: 0, Skipped: 0, Time elapsed: 0.5 s - in org.apache.avro.TestSchemaCompatibilityMissingUnionBranch
[INFO] Running org.apache.avro.generic.TestGenericRecordBuilder
[INFO] Tests run: 4, Failures: 0, Errors: 0, Skipped: 0, Time elapsed: 0.43 s - in org.apache.avro.generic.TestGenericRecordBuilder
[INFO] Running org.apache.avro.io.TestResolvingIOResolving
[INFO] Tests run: 192, Failures: 0, Errors: 0, Skipped: 0, Time elapsed: 472.23 s - in org.apache.avro.io.TestResolvingIOResolving
[INFO] Running org.apache.avro.reflect.TestReflectLogicalTypes
[WARNING] Tests run: 17, Failures: 0, Errors: 0, Skipped: 1, Time elapsed: 921.31 s - in org.apache.avro.reflect.TestReflectLogicalTypes
[INFO] Running org.apache.avro.util.TestUtf8
[INFO] Tests run: 4, Failures: 0, Errors: 0, Skipped: 0, Time elapsed: 3.09 s - in org.apache.avro.util.TestUtf8
[INFO] Running org.apache.avro.TestDataFileReflect
[INFO] Tests run: 4, Failures: 0, Errors: 0, Skipped: 0, Time elapsed: 60.94 s - in org.apache.avro.TestDataFileReflect
[INFO] Running org.apache.avro.io.TestBinaryDecoder
[INFO] Tests run: 56, Failures: 0, Errors: 0, Skipped: 0, Time elapsed: 955.41 s - in org.apache.avro.io.TestBinaryDecoder
[INFO] Running org.apache.avro.TestSchemaValidation
[INFO] Tests run: 15, Failures: 0, Errors: 0, Skipped: 0, Time elapsed: 44 s - in org.apache.avro.TestSchemaValidation
[INFO] Running org.apache.avro.TestLogicalType
[INFO] Tests run: 20, Failures: 0, Errors: 0, Skipped: 0, Time elapsed: 245.15 s - in org.apache.avro.TestLogicalType
[INFO] Running org.apache.avro.TestNestedRecords
[INFO] Tests run: 2, Failures: 0, Errors: 0, Skipped: 0, Time elapsed: 2.16 s - in org.apache.avro.TestNestedRecords
[INFO] Running org.apache.avro.TestDecimalConversion
[INFO] Tests run: 16, Failures: 0, Errors: 0, Skipped: 0, Time elapsed: 26 s - in org.apache.avro.TestDecimalConversion
[INFO] Running org.apache.avro.reflect.TestNonStringMapKeys
[INFO] Tests run: 3, Failures: 0, Errors: 0, Skipped: 0, Time elapsed: 495.24 s - in org.apache.avro.reflect.TestNonStringMapKeys
[INFO] Running org.apache.avro.TestSchemaCompatibilityMultiple
[INFO] Tests run: 1, Failures: 0, Errors: 0, Skipped: 0, Time elapsed: 46.69 s - in org.apache.avro.TestSchemaCompatibilityMultiple
[INFO] Running org.apache.avro.reflect.TestReflectDatumReader
[INFO] Tests run: 2, Failures: 0, Errors: 0, Skipped: 0, Time elapsed: 243.74 s - in org.apache.avro.reflect.TestReflectDatumReader
[INFO] Running org.apache.avro.TestDataFileConcat
[INFO] Tests run: 10, Failures: 0, Errors: 0, Skipped: 0, Time elapsed: 21,964.49 s - in org.apache.avro.TestDataFileConcat
[INFO] Running org.apache.avro.TestDataFileCustomSync
[INFO] Tests run: 3, Failures: 0, Errors: 0, Skipped: 0, Time elapsed: 0.49 s - in org.apache.avro.TestDataFileCustomSync
[INFO] Running org.apache.avro.file.TestAllCodecs
[INFO] Tests run: 12, Failures: 0, Errors: 0, Skipped: 0, Time elapsed: 5,915.79 s - in org.apache.avro.file.TestAllCodecs
[INFO] Running org.apache.avro.io.TestBinaryEncoderFidelity
[INFO] Tests run: 3, Failures: 0, Errors: 0, Skipped: 0, Time elapsed: 71.84 s - in org.apache.avro.io.TestBinaryEncoderFidelity
[INFO] Running org.apache.avro.TestSchema
[INFO] Tests run: 37, Failures: 0, Errors: 0, Skipped: 0, Time elapsed: 107.21 s - in org.apache.avro.TestSchema
[INFO] Running org.apache.avro.TestSchemaCompatibilityFixedSizeMismatch
[INFO] Tests run: 4, Failures: 0, Errors: 0, Skipped: 0, Time elapsed: 76.33 s - in org.apache.avro.TestSchemaCompatibilityFixedSizeMismatch
[INFO] Running org.apache.avro.reflect.TestByteBuffer
[INFO] Tests run: 1, Failures: 0, Errors: 0, Skipped: 0, Time elapsed: 1,378.43 s - in org.apache.avro.reflect.TestByteBuffer
[INFO] Running org.apache.avro.io.TestEncoders
[INFO] Tests run: 20, Failures: 0, Errors: 0, Skipped: 0, Time elapsed: 405.54 s - in org.apache.avro.io.TestEncoders
[INFO] Running org.apache.avro.generic.TestGenericDatumWriter
[INFO] Tests run: 9, Failures: 0, Errors: 0, Skipped: 0, Time elapsed: 48.17 s - in org.apache.avro.generic.TestGenericDatumWriter
[INFO] Running org.apache.avro.io.TestBlockingIO2
[INFO] Tests run: 84, Failures: 0, Errors: 0, Skipped: 0, Time elapsed: 23.16 s - in org.apache.avro.io.TestBlockingIO2
[INFO] Running org.apache.avro.data.TestTimeConversions
[INFO] Tests run: 10, Failures: 0, Errors: 0, Skipped: 0, Time elapsed: 4.34 s - in org.apache.avro.data.TestTimeConversions
[INFO] Running org.apache.avro.file.TestZstandardCodec
[INFO] Tests run: 1, Failures: 0, Errors: 0, Skipped: 0, Time elapsed: 0.22 s - in org.apache.avro.file.TestZstandardCodec
[INFO] Running org.apache.avro.file.TestCustomCodec
[INFO] Tests run: 1, Failures: 0, Errors: 0, Skipped: 0, Time elapsed: 176.32 s - in org.apache.avro.file.TestCustomCodec
[INFO] Running org.apache.avro.TestSchemaNormalization$TestFingerprintInternationalization
[INFO] Tests run: 26, Failures: 0, Errors: 0, Skipped: 0, Time elapsed: 181.7 s - in org.apache.avro.TestSchemaNormalization$TestFingerprintInternationalization
[INFO] Running org.apache.avro.TestSchemaNormalization$TestFingerprint
[INFO] Tests run: 26, Failures: 0, Errors: 0, Skipped: 0, Time elapsed: 0.85 s - in org.apache.avro.TestSchemaNormalization$TestFingerprint
[INFO] Running org.apache.avro.TestSchemaNormalization$TestCanonical
[INFO] Tests run: 34, Failures: 0, Errors: 0, Skipped: 0, Time elapsed: 0.73 s - in org.apache.avro.TestSchemaNormalization$TestCanonical
[INFO] Running org.apache.avro.TestDataFileCorruption
[INFO] Tests run: 1, Failures: 0, Errors: 0, Skipped: 0, Time elapsed: 0.39 s - in org.apache.avro.TestDataFileCorruption
[INFO] Running org.apache.avro.TestSchemaWarnings
[INFO] Tests run: 2, Failures: 0, Errors: 0, Skipped: 0, Time elapsed: 88.82 s - in org.apache.avro.TestSchemaWarnings
[INFO] Running org.apache.avro.TestUnionSelfReference
[INFO] Tests run: 2, Failures: 0, Errors: 0, Skipped: 0, Time elapsed: 85.46 s - in org.apache.avro.TestUnionSelfReference
[INFO] Running org.apache.avro.reflect.TestReflectData
[INFO] Tests run: 5, Failures: 0, Errors: 0, Skipped: 0, Time elapsed: 5,683.46 s - in org.apache.avro.reflect.TestReflectData
[INFO] Running org.apache.avro.file.TestSeekableByteArrayInput
[INFO] Tests run: 1, Failures: 0, Errors: 0, Skipped: 0, Time elapsed: 451.5 s - in org.apache.avro.file.TestSeekableByteArrayInput
[INFO] Running org.apache.avro.TestSchemaCompatibilityNameMismatch
[INFO] Tests run: 4, Failures: 0, Errors: 0, Skipped: 0, Time elapsed: 0.29 s - in org.apache.avro.TestSchemaCompatibilityNameMismatch
[INFO] Running org.apache.avro.TestFixed
[INFO] Tests run: 1, Failures: 0, Errors: 0, Skipped: 0, Time elapsed: 0.29 s - in org.apache.avro.TestFixed
[INFO] 
[INFO] Results:
[INFO] 
[WARNING] Tests run: 3254, Failures: 0, Errors: 0, Skipped: 1
[INFO] 
[INFO] 
[INFO] --------------------< org.apache.avro:avro-android >--------------------
[INFO] Building Apache Avro Android Compatibility 1.12.0-SNAPSHOT        [4/24]
[INFO] --------------------------------[ jar ]---------------------------------
[INFO] 
[INFO] --- maven-enforcer-plugin:3.0.0-M3:enforce (enforce-maven-version) @ avro-android ---
[INFO] 
[INFO] --- maven-enforcer-plugin:3.0.0-M3:enforce (default-cli) @ avro-android ---
[INFO] Adding ignore: module-info
[INFO] Adding ignore: module-info
[INFO] 
[INFO] --- maven-enforcer-plugin:3.0.0-M3:enforce (enforce) @ avro-android ---
[INFO] Adding ignore: module-info
[INFO] 
[INFO] --- maven-enforcer-plugin:3.0.0-M3:enforce (enforce-banned-dependencies) @ avro-android ---
[INFO] 
[INFO] --- maven-remote-resources-plugin:1.7.0:process (process-resource-bundles) @ avro-android ---
[INFO] Preparing remote bundle org.apache:apache-jar-resource-bundle:1.4
[INFO] Copying 3 resources from 1 bundle.
[INFO] 
[INFO] --- maven-resources-plugin:3.1.0:resources (default-resources) @ avro-android ---
[INFO] Using 'UTF-8' encoding to copy filtered resources.
[INFO] skip non existing resourceDirectory /home/target/lang/java/android/src/main/resources
[INFO] Copying 3 resources
[INFO] 
[INFO] --- maven-compiler-plugin:3.8.1:compile (default-compile) @ avro-android ---
[INFO] Nothing to compile - all classes are up to date
[INFO] 
[INFO] --- spotless-maven-plugin:2.11.1:check (spotless-check) @ avro-android ---
[INFO] 
[INFO] --- maven-bundle-plugin:5.1.2:manifest (bundle-manifest) @ avro-android ---
[WARNING] Ignoring project type jar - supportedProjectTypes = [bundle]
[INFO] 
[INFO] --- maven-resources-plugin:3.1.0:testResources (default-testResources) @ avro-android ---
[INFO] Using 'UTF-8' encoding to copy filtered resources.
[INFO] skip non existing resourceDirectory /home/target/lang/java/android/src/test/resources
[INFO] Copying 3 resources
[INFO] 
[INFO] --- maven-compiler-plugin:3.8.1:testCompile (default-testCompile) @ avro-android ---
[INFO] Nothing to compile - all classes are up to date
[INFO] 
[INFO] --- maven-surefire-plugin:3.0.0-M5:test (default-test) @ avro-android ---
[INFO] 
[INFO] -------------------------------------------------------
[INFO]  T E S T S
[INFO] -------------------------------------------------------
[INFO] Running org.apache.avro.util.internal.TestClassValueCache
[INFO] Tests run: 1, Failures: 0, Errors: 0, Skipped: 0, Time elapsed: 515.04 s - in org.apache.avro.util.internal.TestClassValueCache
[INFO] 
[INFO] Results:
[INFO] 
[INFO] Tests run: 1, Failures: 0, Errors: 0, Skipped: 0
[INFO] 
[INFO] 
[INFO] --- maven-checkstyle-plugin:3.1.2:check (checkstyle-check) @ avro-android ---
[INFO] Starting audit...
Audit done.
[INFO] You have 0 Checkstyle violations.
[INFO] 
[INFO] -------------------< org.apache.avro:avro-compiler >--------------------
[INFO] Building Apache Avro Compiler 1.12.0-SNAPSHOT                     [5/24]
[INFO] -------------------------------[ bundle ]-------------------------------
[INFO] 
[INFO] --- maven-enforcer-plugin:3.0.0-M3:enforce (enforce-maven-version) @ avro-compiler ---
[INFO] 
[INFO] --- maven-enforcer-plugin:3.0.0-M3:enforce (default-cli) @ avro-compiler ---
[INFO] Adding ignore: module-info
[INFO] Adding ignore: module-info
[INFO] 
[INFO] --- maven-enforcer-plugin:3.0.0-M3:enforce (enforce) @ avro-compiler ---
[INFO] Adding ignore: module-info
[INFO] 
[INFO] --- maven-enforcer-plugin:3.0.0-M3:enforce (enforce-banned-dependencies) @ avro-compiler ---
[INFO] 
[INFO] --- javacc-maven-plugin:2.6:javacc (javacc) @ avro-compiler ---
[WARNING] The artifact xml-apis:xml-apis:jar:2.0.2 has been relocated to xml-apis:xml-apis:jar:1.0.b2
[INFO] Skipping - all parsers are up to date
[INFO] 
[INFO] --- build-helper-maven-plugin:3.2.0:add-source (add-source) @ avro-compiler ---
[INFO] Source directory: /home/target/lang/java/compiler/target/generated-sources/javacc added.
[INFO] 
[INFO] --- maven-remote-resources-plugin:1.7.0:process (process-resource-bundles) @ avro-compiler ---
[INFO] Preparing remote bundle org.apache:apache-jar-resource-bundle:1.4
[INFO] Copying 3 resources from 1 bundle.
[INFO] 
[INFO] --- maven-resources-plugin:3.1.0:resources (default-resources) @ avro-compiler ---
[INFO] Using 'UTF-8' encoding to copy filtered resources.
[INFO] Copying 0 resource
[INFO] Copying 4 resources
[INFO] Copying 3 resources
[INFO] 
[INFO] --- maven-compiler-plugin:3.8.1:compile (default-compile) @ avro-compiler ---
[INFO] Nothing to compile - all classes are up to date
[INFO] 
[INFO] --- spotless-maven-plugin:2.11.1:check (spotless-check) @ avro-compiler ---
[INFO] 
[INFO] --- maven-bundle-plugin:5.1.2:manifest (bundle-manifest) @ avro-compiler ---
[INFO] 
[INFO] --- exec-maven-plugin:3.0.0:exec (default) @ avro-compiler ---
[INFO] 
[INFO] --- build-helper-maven-plugin:3.2.0:add-test-source (add-test-source) @ avro-compiler ---
[INFO] Test Source directory: /home/target/lang/java/compiler/target/generated-test-sources added.
[INFO] 
[INFO] --- maven-jar-plugin:3.2.0:test-jar (prepare-test-jar) @ avro-compiler ---
[INFO] 
[INFO] --- maven-resources-plugin:3.1.0:testResources (default-testResources) @ avro-compiler ---
[INFO] Using 'UTF-8' encoding to copy filtered resources.
[INFO] Copying 4 resources
[INFO] Copying 35 resources
[INFO] Copying 3 resources
[INFO] 
[INFO] --- maven-compiler-plugin:3.8.1:testCompile (default-testCompile) @ avro-compiler ---
[INFO] Nothing to compile - all classes are up to date
[INFO] 
[INFO] --- maven-surefire-plugin:3.0.0-M5:test (default-test) @ avro-compiler ---
[INFO] 
[INFO] -------------------------------------------------------
[INFO]  T E S T S
[INFO] -------------------------------------------------------
[INFO] Running org.apache.avro.compiler.idl.TestIdl
[INFO] Tests run: 2, Failures: 0, Errors: 0, Skipped: 0, Time elapsed: 3,628.69 s - in org.apache.avro.compiler.idl.TestIdl
[INFO] Running org.apache.avro.compiler.specific.TestSpecificCompiler
[INFO] Tests run: 45, Failures: 0, Errors: 0, Skipped: 0, Time elapsed: 173,924.29 s - in org.apache.avro.compiler.specific.TestSpecificCompiler
[INFO] Running org.apache.avro.specific.TestGeneratedCode
[INFO] Tests run: 2, Failures: 0, Errors: 0, Skipped: 0, Time elapsed: 3,118.18 s - in org.apache.avro.specific.TestGeneratedCode
[INFO] Running org.apache.avro.compiler.schema.TestSchemas
[INFO] Tests run: 19, Failures: 0, Errors: 0, Skipped: 0, Time elapsed: 2,641.25 s - in org.apache.avro.compiler.schema.TestSchemas
[INFO] Running org.apache.avro.compiler.idl.TestCycle
[INFO] Tests run: 1, Failures: 0, Errors: 0, Skipped: 0, Time elapsed: 9,056.24 s - in org.apache.avro.compiler.idl.TestCycle
[INFO] Running org.apache.avro.compiler.idl.TestSchemaResolver
[INFO] Tests run: 5, Failures: 0, Errors: 0, Skipped: 0, Time elapsed: 3,874.1 s - in org.apache.avro.compiler.idl.TestSchemaResolver
[INFO] Running org.apache.avro.specific.TestSpecificData
[INFO] Tests run: 1, Failures: 0, Errors: 0, Skipped: 0, Time elapsed: 15,759.31 s - in org.apache.avro.specific.TestSpecificData
[INFO] 
[INFO] Results:
[INFO] 
[INFO] Tests run: 75, Failures: 0, Errors: 0, Skipped: 0
[INFO] 
[INFO] 
[INFO] --- maven-checkstyle-plugin:3.1.2:check (checkstyle-check) @ avro-compiler ---
[INFO] Starting audit...
Audit done.
[INFO] You have 0 Checkstyle violations.
[INFO] 
[INFO] -----------------< org.apache.avro:avro-maven-plugin >------------------
[INFO] Building Apache Avro Maven Plugin 1.12.0-SNAPSHOT                 [6/24]
[INFO] ----------------------------[ maven-plugin ]----------------------------
[INFO] 
[INFO] --- maven-enforcer-plugin:3.0.0-M3:enforce (enforce-maven-version) @ avro-maven-plugin ---
[INFO] 
[INFO] --- maven-enforcer-plugin:3.0.0-M3:enforce (default-cli) @ avro-maven-plugin ---
[INFO] Adding ignore: module-info
[INFO] Adding ignore: module-info
[INFO] 
[INFO] --- maven-enforcer-plugin:3.0.0-M3:enforce (enforce) @ avro-maven-plugin ---
[INFO] Adding ignore: module-info
[INFO] 
[INFO] --- maven-enforcer-plugin:3.0.0-M3:enforce (enforce-banned-dependencies) @ avro-maven-plugin ---
[INFO] 
[INFO] --- maven-plugin-plugin:3.6.1:helpmojo (generated-helpmojo) @ avro-maven-plugin ---
[INFO] Using 'UTF-8' encoding to read mojo source files.
[INFO] java-javadoc mojo extractor found 5 mojo descriptors.
[INFO] ant mojo extractor found 0 mojo descriptor.
[INFO] bsh mojo extractor found 0 mojo descriptor.
[INFO] java-annotations mojo extractor found 0 mojo descriptor.
[INFO] 
[INFO] --- maven-remote-resources-plugin:1.7.0:process (process-resource-bundles) @ avro-maven-plugin ---
[INFO] Preparing remote bundle org.apache:apache-jar-resource-bundle:1.4
[INFO] Copying 3 resources from 1 bundle.
[INFO] 
[INFO] --- maven-resources-plugin:3.1.0:resources (default-resources) @ avro-maven-plugin ---
[INFO] Using 'UTF-8' encoding to copy filtered resources.
[INFO] Copying 1 resource
[INFO] Copying 3 resources
[INFO] 
[INFO] --- maven-compiler-plugin:3.8.1:compile (default-compile) @ avro-maven-plugin ---
[INFO] Changes detected - recompiling the module!
[INFO] Compiling 6 source files to /home/target/lang/java/maven-plugin/target/classes
[INFO] /home/target/lang/java/maven-plugin/src/main/java/org/apache/avro/mojo/AbstractAvroMojo.java: /home/target/lang/java/maven-plugin/src/main/java/org/apache/avro/mojo/AbstractAvroMojo.java uses unchecked or unsafe operations.
[INFO] /home/target/lang/java/maven-plugin/src/main/java/org/apache/avro/mojo/AbstractAvroMojo.java: Recompile with -Xlint:unchecked for details.
[INFO] 
[INFO] --- spotless-maven-plugin:2.11.1:check (spotless-check) @ avro-maven-plugin ---
[INFO] 
[INFO] --- maven-plugin-plugin:3.6.1:descriptor (default-descriptor) @ avro-maven-plugin ---
[INFO] Using 'UTF-8' encoding to read mojo source files.
[INFO] java-javadoc mojo extractor found 5 mojo descriptors.
[INFO] ant mojo extractor found 0 mojo descriptor.
[INFO] bsh mojo extractor found 0 mojo descriptor.
[INFO] java-annotations mojo extractor found 0 mojo descriptor.
[INFO] 
[INFO] --- maven-bundle-plugin:5.1.2:manifest (bundle-manifest) @ avro-maven-plugin ---
[WARNING] Ignoring project type maven-plugin - supportedProjectTypes = [bundle]
[INFO] 
[INFO] --- maven-resources-plugin:3.1.0:testResources (default-testResources) @ avro-maven-plugin ---
[INFO] Using 'UTF-8' encoding to copy filtered resources.
[INFO] Copying 11 resources
[INFO] Copying 3 resources
[INFO] 
[INFO] --- maven-compiler-plugin:3.8.1:testCompile (default-testCompile) @ avro-maven-plugin ---
[INFO] Changes detected - recompiling the module!
[INFO] Compiling 7 source files to /home/target/lang/java/maven-plugin/target/test-classes
[INFO] 
[INFO] --- maven-surefire-plugin:3.0.0-M5:test (default-test) @ avro-maven-plugin ---
[INFO] 
[INFO] -------------------------------------------------------
[INFO]  T E S T S
[INFO] -------------------------------------------------------
[INFO] Running org.apache.avro.mojo.TestSchemaMojo
[INFO] Tests run: 2, Failures: 0, Errors: 0, Skipped: 0, Time elapsed: 20,728.44 s - in org.apache.avro.mojo.TestSchemaMojo
[INFO] Running org.apache.avro.mojo.TestInduceMojo
[INFO] Tests run: 5, Failures: 0, Errors: 0, Skipped: 0, Time elapsed: 10,737.85 s - in org.apache.avro.mojo.TestInduceMojo
[INFO] Running org.apache.avro.mojo.TestProtocolMojo
[INFO] Tests run: 2, Failures: 0, Errors: 0, Skipped: 0, Time elapsed: 7,756.49 s - in org.apache.avro.mojo.TestProtocolMojo
[INFO] Running org.apache.avro.mojo.TestIDLProtocolMojo
[INFO] Tests run: 2, Failures: 0, Errors: 0, Skipped: 0, Time elapsed: 4,443.45 s - in org.apache.avro.mojo.TestIDLProtocolMojo
[INFO] 
[INFO] Results:
[INFO] 
[INFO] Tests run: 11, Failures: 0, Errors: 0, Skipped: 0
[INFO] 
[INFO] 
[INFO] --- maven-checkstyle-plugin:3.1.2:check (checkstyle-check) @ avro-maven-plugin ---
[INFO] Starting audit...
Audit done.
[INFO] You have 0 Checkstyle violations.
[INFO] 
[INFO] ----------------------< org.apache.avro:avro-ipc >----------------------
[INFO] Building Apache Avro IPC 1.12.0-SNAPSHOT                          [7/24]
[INFO] -------------------------------[ bundle ]-------------------------------
[INFO] 
[INFO] --- maven-enforcer-plugin:3.0.0-M3:enforce (enforce-maven-version) @ avro-ipc ---
[INFO] 
[INFO] --- maven-enforcer-plugin:3.0.0-M3:enforce (default-cli) @ avro-ipc ---
[INFO] Adding ignore: module-info
[INFO] Adding ignore: module-info
[INFO] 
[INFO] --- maven-enforcer-plugin:3.0.0-M3:enforce (enforce) @ avro-ipc ---
[INFO] Adding ignore: module-info
[INFO] 
[INFO] --- maven-enforcer-plugin:3.0.0-M3:enforce (enforce-banned-dependencies) @ avro-ipc ---
[INFO] 
[INFO] --- avro-maven-plugin:1.12.0-SNAPSHOT:schema (schemas) @ avro-ipc ---
[INFO] 
[INFO] --- avro-maven-plugin:1.12.0-SNAPSHOT:protocol (schemas) @ avro-ipc ---
[INFO] 
[INFO] --- avro-maven-plugin:1.12.0-SNAPSHOT:idl-protocol (schemas) @ avro-ipc ---
[INFO] 
[INFO] --- build-helper-maven-plugin:3.2.0:add-source (add-source) @ avro-ipc ---
[INFO] Source directory: /home/target/lang/java/ipc/target/generated-sources/java added.
[INFO] 
[INFO] --- maven-remote-resources-plugin:1.7.0:process (process-resource-bundles) @ avro-ipc ---
[INFO] Preparing remote bundle org.apache:apache-jar-resource-bundle:1.4
[INFO] Copying 3 resources from 1 bundle.
[INFO] 
[INFO] --- maven-resources-plugin:3.1.0:resources (default-resources) @ avro-ipc ---
[INFO] Using 'UTF-8' encoding to copy filtered resources.
[INFO] Copying 9 resources
[INFO] Copying 3 resources
[INFO] 
[INFO] --- maven-compiler-plugin:3.8.1:compile (default-compile) @ avro-ipc ---
[INFO] Nothing to compile - all classes are up to date
[INFO] 
[INFO] --- spotless-maven-plugin:2.11.1:check (spotless-check) @ avro-ipc ---
[INFO] 
[INFO] --- maven-bundle-plugin:5.1.2:manifest (bundle-manifest) @ avro-ipc ---
[INFO] 
[INFO] --- build-helper-maven-plugin:3.2.0:add-test-source (add-test-source) @ avro-ipc ---
[INFO] Test Source directory: /home/target/lang/java/ipc/target/generated-test-sources/java added.
[INFO] 
[INFO] --- maven-resources-plugin:3.1.0:testResources (default-testResources) @ avro-ipc ---
[INFO] Using 'UTF-8' encoding to copy filtered resources.
[INFO] Copying 1 resource
[INFO] Copying 3 resources
[INFO] 
[INFO] --- maven-compiler-plugin:3.8.1:testCompile (default-testCompile) @ avro-ipc ---
[INFO] Changes detected - recompiling the module!
[INFO] Compiling 107 source files to /home/target/lang/java/ipc/target/test-classes
[WARNING] /home/target/lang/java/ipc/src/test/java/org/apache/avro/TestProtocolSpecific.java:[48,27] org.apache.avro.ipc.SocketServer in org.apache.avro.ipc has been deprecated
[WARNING] /home/target/lang/java/ipc/src/test/java/org/apache/avro/TestProtocolSpecific.java:[49,27] org.apache.avro.ipc.SocketTransceiver in org.apache.avro.ipc has been deprecated
[WARNING] /home/target/lang/java/ipc/src/test/java/org/apache/avro/TestNamespaceReflect.java:[20,27] org.apache.avro.ipc.SocketServer in org.apache.avro.ipc has been deprecated
[WARNING] /home/target/lang/java/ipc/src/test/java/org/apache/avro/TestNamespaceReflect.java:[21,27] org.apache.avro.ipc.SocketTransceiver in org.apache.avro.ipc has been deprecated
[WARNING] /home/target/lang/java/ipc/src/test/java/org/apache/avro/TestNamespaceSpecific.java:[20,27] org.apache.avro.ipc.SocketServer in org.apache.avro.ipc has been deprecated
[WARNING] /home/target/lang/java/ipc/src/test/java/org/apache/avro/TestNamespaceSpecific.java:[21,27] org.apache.avro.ipc.SocketTransceiver in org.apache.avro.ipc has been deprecated
[WARNING] /home/target/lang/java/ipc/src/test/java/org/apache/avro/TestProtocolGeneric.java:[24,27] org.apache.avro.ipc.SocketServer in org.apache.avro.ipc has been deprecated
[WARNING] /home/target/lang/java/ipc/src/test/java/org/apache/avro/TestProtocolGeneric.java:[25,27] org.apache.avro.ipc.SocketTransceiver in org.apache.avro.ipc has been deprecated
[WARNING] /home/target/lang/java/ipc/src/test/java/org/apache/avro/TestProtocolReflect.java:[23,27] org.apache.avro.ipc.SocketServer in org.apache.avro.ipc has been deprecated
[WARNING] /home/target/lang/java/ipc/src/test/java/org/apache/avro/TestProtocolReflect.java:[24,27] org.apache.avro.ipc.SocketTransceiver in org.apache.avro.ipc has been deprecated
[WARNING] /home/target/lang/java/ipc/src/test/java/org/apache/avro/TestProtocolReflectMeta.java:[20,27] org.apache.avro.ipc.SocketServer in org.apache.avro.ipc has been deprecated
[WARNING] /home/target/lang/java/ipc/src/test/java/org/apache/avro/TestProtocolReflectMeta.java:[21,27] org.apache.avro.ipc.SocketTransceiver in org.apache.avro.ipc has been deprecated
[WARNING] /home/target/lang/java/ipc/src/test/java/org/apache/avro/TestProtocolGenericMeta.java:[23,27] org.apache.avro.ipc.SocketServer in org.apache.avro.ipc has been deprecated
[WARNING] /home/target/lang/java/ipc/src/test/java/org/apache/avro/TestProtocolGenericMeta.java:[24,27] org.apache.avro.ipc.SocketTransceiver in org.apache.avro.ipc has been deprecated
[WARNING] /home/target/lang/java/ipc/src/test/java/org/apache/avro/TestProtocolSpecificMeta.java:[25,27] org.apache.avro.ipc.SocketServer in org.apache.avro.ipc has been deprecated
[WARNING] /home/target/lang/java/ipc/src/test/java/org/apache/avro/TestProtocolSpecificMeta.java:[26,27] org.apache.avro.ipc.SocketTransceiver in org.apache.avro.ipc has been deprecated
[WARNING] /home/target/lang/java/ipc/src/test/java/org/apache/avro/TestProtocolSpecific.java:[129,25] org.apache.avro.ipc.SocketServer in org.apache.avro.ipc has been deprecated
[WARNING] /home/target/lang/java/ipc/src/test/java/org/apache/avro/TestProtocolSpecific.java:[133,16] org.apache.avro.ipc.SocketTransceiver in org.apache.avro.ipc has been deprecated
[WARNING] /home/target/lang/java/ipc/src/test/java/org/apache/avro/TestProtocolSpecific.java:[268,15] createRecord(java.util.List<org.apache.avro.Schema.Field>) in org.apache.avro.Schema has been deprecated
[WARNING] /home/target/lang/java/ipc/src/test/java/org/apache/avro/TestProtocolSpecific.java:[344,36] org.apache.avro.ipc.SocketTransceiver in org.apache.avro.ipc has been deprecated
[WARNING] /home/target/lang/java/ipc/src/test/java/org/apache/avro/TestProtocolSpecific.java:[360,7] org.apache.avro.ipc.SocketServer in org.apache.avro.ipc has been deprecated
[WARNING] /home/target/lang/java/ipc/src/test/java/org/apache/avro/TestProtocolSpecific.java:[360,33] org.apache.avro.ipc.SocketServer in org.apache.avro.ipc has been deprecated
[WARNING] /home/target/lang/java/ipc/src/test/java/org/apache/avro/TestNamespaceSpecific.java:[50,20] org.apache.avro.ipc.SocketServer in org.apache.avro.ipc has been deprecated
[WARNING] /home/target/lang/java/ipc/src/test/java/org/apache/avro/TestNamespaceSpecific.java:[58,18] org.apache.avro.ipc.SocketServer in org.apache.avro.ipc has been deprecated
[WARNING] /home/target/lang/java/ipc/src/test/java/org/apache/avro/TestNamespaceSpecific.java:[60,18] org.apache.avro.ipc.SocketTransceiver in org.apache.avro.ipc has been deprecated
[WARNING] /home/target/lang/java/ipc/src/test/java/org/apache/avro/TestNamespaceReflect.java:[36,18] org.apache.avro.ipc.SocketServer in org.apache.avro.ipc has been deprecated
[WARNING] /home/target/lang/java/ipc/src/test/java/org/apache/avro/TestNamespaceReflect.java:[38,18] org.apache.avro.ipc.SocketTransceiver in org.apache.avro.ipc has been deprecated
[WARNING] /home/target/lang/java/ipc/src/test/java/org/apache/avro/TestProtocolGeneric.java:[101,20] org.apache.avro.ipc.SocketServer in org.apache.avro.ipc has been deprecated
[WARNING] /home/target/lang/java/ipc/src/test/java/org/apache/avro/TestProtocolGeneric.java:[109,18] org.apache.avro.ipc.SocketServer in org.apache.avro.ipc has been deprecated
[WARNING] /home/target/lang/java/ipc/src/test/java/org/apache/avro/TestProtocolGeneric.java:[111,18] org.apache.avro.ipc.SocketTransceiver in org.apache.avro.ipc has been deprecated
[WARNING] /home/target/lang/java/ipc/src/test/java/org/apache/avro/TestProtocolGeneric.java:[189,15] createRecord(java.util.List<org.apache.avro.Schema.Field>) in org.apache.avro.Schema has been deprecated
[WARNING] /home/target/lang/java/ipc/src/test/java/org/apache/avro/TestProtocolGeneric.java:[191,30] org.apache.avro.ipc.SocketTransceiver in org.apache.avro.ipc has been deprecated
[WARNING] /home/target/lang/java/ipc/src/test/java/org/apache/avro/TestProtocolGeneric.java:[220,15] createRecord(java.util.List<org.apache.avro.Schema.Field>) in org.apache.avro.Schema has been deprecated
[WARNING] /home/target/lang/java/ipc/src/test/java/org/apache/avro/TestProtocolGeneric.java:[222,30] org.apache.avro.ipc.SocketTransceiver in org.apache.avro.ipc has been deprecated
[WARNING] /home/target/lang/java/ipc/src/test/java/org/apache/avro/TestProtocolReflect.java:[100,18] org.apache.avro.ipc.SocketServer in org.apache.avro.ipc has been deprecated
[WARNING] /home/target/lang/java/ipc/src/test/java/org/apache/avro/TestProtocolReflect.java:[102,18] org.apache.avro.ipc.SocketTransceiver in org.apache.avro.ipc has been deprecated
[WARNING] /home/target/lang/java/ipc/src/test/java/org/apache/avro/TestProtocolReflectMeta.java:[38,18] org.apache.avro.ipc.SocketServer in org.apache.avro.ipc has been deprecated
[WARNING] /home/target/lang/java/ipc/src/test/java/org/apache/avro/TestProtocolReflectMeta.java:[41,18] org.apache.avro.ipc.SocketTransceiver in org.apache.avro.ipc has been deprecated
[WARNING] /home/target/lang/java/ipc/src/test/java/org/apache/avro/TestProtocolGenericMeta.java:[38,18] org.apache.avro.ipc.SocketServer in org.apache.avro.ipc has been deprecated
[WARNING] /home/target/lang/java/ipc/src/test/java/org/apache/avro/TestProtocolGenericMeta.java:[41,18] org.apache.avro.ipc.SocketTransceiver in org.apache.avro.ipc has been deprecated
[WARNING] /home/target/lang/java/ipc/src/test/java/org/apache/avro/TestProtocolSpecificMeta.java:[35,16] org.apache.avro.ipc.SocketServer in org.apache.avro.ipc has been deprecated
[WARNING] /home/target/lang/java/ipc/src/test/java/org/apache/avro/TestProtocolSpecificMeta.java:[40,16] org.apache.avro.ipc.SocketTransceiver in org.apache.avro.ipc has been deprecated
[INFO] 
[INFO] --- maven-surefire-plugin:3.0.0-M5:test (default-test) @ avro-ipc ---
[INFO] 
[INFO] -------------------------------------------------------
[INFO]  T E S T S
[INFO] -------------------------------------------------------
[INFO] Running org.apache.avro.TestProtocolGeneric
[INFO] Tests run: 7, Failures: 0, Errors: 0, Skipped: 0, Time elapsed: 4,824.81 s - in org.apache.avro.TestProtocolGeneric
[INFO] Running org.apache.avro.TestProtocolReflectMeta
[INFO] Tests run: 7, Failures: 0, Errors: 0, Skipped: 0, Time elapsed: 4,988.67 s - in org.apache.avro.TestProtocolReflectMeta
[INFO] Running org.apache.avro.TestProtocolSpecificMeta
[INFO] Tests run: 14, Failures: 0, Errors: 0, Skipped: 0, Time elapsed: 9,184.93 s - in org.apache.avro.TestProtocolSpecificMeta
[INFO] Running org.apache.avro.TestSchema
[INFO] Tests run: 58, Failures: 0, Errors: 0, Skipped: 0, Time elapsed: 64,288.95 s - in org.apache.avro.TestSchema
[INFO] Running org.apache.avro.ipc.TestRpcPluginOrdering
[INFO] Tests run: 1, Failures: 0, Errors: 0, Skipped: 0, Time elapsed: 4,623.36 s - in org.apache.avro.ipc.TestRpcPluginOrdering
[INFO] Running org.apache.avro.ipc.specific.TestSpecificRequestor
[INFO] Tests run: 3, Failures: 0, Errors: 0, Skipped: 0, Time elapsed: 85.7 s - in org.apache.avro.ipc.specific.TestSpecificRequestor
[INFO] Running org.apache.avro.TestProtocolReflect
[INFO] Tests run: 7, Failures: 0, Errors: 0, Skipped: 0, Time elapsed: 4,966.92 s - in org.apache.avro.TestProtocolReflect
[INFO] Running org.apache.avro.TestProtocolDatagram
[INFO] Tests run: 14, Failures: 0, Errors: 0, Skipped: 0, Time elapsed: 12,436.04 s - in org.apache.avro.TestProtocolDatagram
[INFO] Running org.apache.avro.specific.TestSpecificDatumWriter
[INFO] Tests run: 2, Failures: 0, Errors: 0, Skipped: 0, Time elapsed: 2,869.63 s - in org.apache.avro.specific.TestSpecificDatumWriter
[INFO] Running org.apache.avro.generic.TestDeepCopy
[INFO] Tests run: 2, Failures: 0, Errors: 0, Skipped: 0, Time elapsed: 3,880.27 s - in org.apache.avro.generic.TestDeepCopy
[INFO] Running org.apache.avro.TestNamespaceSpecific
[INFO] Tests run: 2, Failures: 0, Errors: 0, Skipped: 0, Time elapsed: 3,594.63 s - in org.apache.avro.TestNamespaceSpecific
[INFO] Running org.apache.avro.specific.TestSpecificBuilderTree
[INFO] Tests run: 11, Failures: 0, Errors: 0, Skipped: 0, Time elapsed: 3,941.63 s - in org.apache.avro.specific.TestSpecificBuilderTree
[INFO] Running org.apache.avro.specific.TestSpecificDatumReader
[INFO] Tests run: 2, Failures: 0, Errors: 0, Skipped: 0, Time elapsed: 2,615.01 s - in org.apache.avro.specific.TestSpecificDatumReader
[INFO] Running org.apache.avro.specific.TestSpecificData
[INFO] Tests run: 9, Failures: 0, Errors: 0, Skipped: 0, Time elapsed: 2,891.76 s - in org.apache.avro.specific.TestSpecificData
[INFO] Running org.apache.avro.TestCompare
[INFO] Tests run: 14, Failures: 0, Errors: 0, Skipped: 0, Time elapsed: 3,932.71 s - in org.apache.avro.TestCompare
[INFO] Running org.apache.avro.TestNamespaceReflect
[INFO] Tests run: 2, Failures: 0, Errors: 0, Skipped: 0, Time elapsed: 3,989.34 s - in org.apache.avro.TestNamespaceReflect
[INFO] Running org.apache.avro.specific.TestSpecificRecordBuilder
[WARNING] Tests run: 10, Failures: 0, Errors: 0, Skipped: 3, Time elapsed: 3,682.55 s - in org.apache.avro.specific.TestSpecificRecordBuilder
[INFO] Running org.apache.avro.ipc.stats.TestStopwatch
[INFO] Tests run: 6, Failures: 0, Errors: 0, Skipped: 0, Time elapsed: 120.01 s - in org.apache.avro.ipc.stats.TestStopwatch
[INFO] Running org.apache.avro.TestProtocolParsing
[INFO] Tests run: 6, Failures: 0, Errors: 0, Skipped: 0, Time elapsed: 3,818.1 s - in org.apache.avro.TestProtocolParsing
[INFO] Running org.apache.avro.generic.TestBuilderCopy
[INFO] Tests run: 1, Failures: 0, Errors: 0, Skipped: 0, Time elapsed: 3,124.46 s - in org.apache.avro.generic.TestBuilderCopy
[INFO] Running org.apache.avro.message.TestCustomSchemaStore
[INFO] Tests run: 2, Failures: 0, Errors: 0, Skipped: 0, Time elapsed: 4,582.07 s - in org.apache.avro.message.TestCustomSchemaStore
[INFO] Running org.apache.avro.TestProtocolSpecific
[INFO] Tests run: 14, Failures: 0, Errors: 0, Skipped: 0, Time elapsed: 10,468.86 s - in org.apache.avro.TestProtocolSpecific
[INFO] Running org.apache.avro.ipc.TestSaslDigestMd5
[INFO] Tests run: 9, Failures: 0, Errors: 0, Skipped: 0, Time elapsed: 4,734.63 s - in org.apache.avro.ipc.TestSaslDigestMd5
[INFO] Running org.apache.avro.compiler.specific.TestSpecificCompiler
[INFO] Tests run: 20, Failures: 0, Errors: 0, Skipped: 0, Time elapsed: 46,196.96 s - in org.apache.avro.compiler.specific.TestSpecificCompiler
[INFO] Running org.apache.avro.TestDataFileSpecific
[INFO] Tests run: 1, Failures: 0, Errors: 0, Skipped: 0, Time elapsed: 3,957.62 s - in org.apache.avro.TestDataFileSpecific
[INFO] Running org.apache.avro.ipc.TestSaslAnonymous
[INFO] Tests run: 8, Failures: 0, Errors: 0, Skipped: 0, Time elapsed: 4,738.04 s - in org.apache.avro.ipc.TestSaslAnonymous
[INFO] Running org.apache.avro.ipc.stats.TestHistogram
[INFO] Tests run: 3, Failures: 0, Errors: 0, Skipped: 0, Time elapsed: 181.61 s - in org.apache.avro.ipc.stats.TestHistogram
[INFO] Running org.apache.avro.specific.TestSpecificErrorBuilder
[INFO] Tests run: 2, Failures: 0, Errors: 0, Skipped: 0, Time elapsed: 3,799.82 s - in org.apache.avro.specific.TestSpecificErrorBuilder
[INFO] Running org.apache.avro.ipc.TestLocalTransceiver
[INFO] Tests run: 1, Failures: 0, Errors: 0, Skipped: 0, Time elapsed: 2,843.26 s - in org.apache.avro.ipc.TestLocalTransceiver
[INFO] Running org.apache.avro.TestProtocolGenericMeta
[INFO] Tests run: 7, Failures: 0, Errors: 0, Skipped: 0, Time elapsed: 4,375.76 s - in org.apache.avro.TestProtocolGenericMeta
[INFO] 
[INFO] Results:
[INFO] 
[WARNING] Tests run: 245, Failures: 0, Errors: 0, Skipped: 3
[INFO] 
[INFO] 
[INFO] --- maven-checkstyle-plugin:3.1.2:check (checkstyle-check) @ avro-ipc ---
[INFO] Starting audit...
Audit done.
[INFO] You have 0 Checkstyle violations.
[INFO] 
[INFO] -------------------< org.apache.avro:avro-ipc-jetty >-------------------
[INFO] Building Apache Avro IPC Jetty 1.12.0-SNAPSHOT                    [8/24]
[INFO] -------------------------------[ bundle ]-------------------------------
[INFO] 
[INFO] --- maven-enforcer-plugin:3.0.0-M3:enforce (enforce-maven-version) @ avro-ipc-jetty ---
[INFO] 
[INFO] --- maven-enforcer-plugin:3.0.0-M3:enforce (default-cli) @ avro-ipc-jetty ---
[INFO] Adding ignore: module-info
[INFO] Adding ignore: module-info
[INFO] 
[INFO] --- maven-enforcer-plugin:3.0.0-M3:enforce (enforce) @ avro-ipc-jetty ---
[INFO] Adding ignore: module-info
[INFO] 
[INFO] --- maven-enforcer-plugin:3.0.0-M3:enforce (enforce-banned-dependencies) @ avro-ipc-jetty ---
[INFO] 
[INFO] --- maven-remote-resources-plugin:1.7.0:process (process-resource-bundles) @ avro-ipc-jetty ---
[INFO] Preparing remote bundle org.apache:apache-jar-resource-bundle:1.4
[INFO] Copying 3 resources from 1 bundle.
[INFO] 
[INFO] --- maven-resources-plugin:3.1.0:resources (default-resources) @ avro-ipc-jetty ---
[INFO] Using 'UTF-8' encoding to copy filtered resources.
[INFO] skip non existing resourceDirectory /home/target/lang/java/ipc-jetty/src/main/resources
[INFO] Copying 3 resources
[INFO] 
[INFO] --- maven-compiler-plugin:3.8.1:compile (default-compile) @ avro-ipc-jetty ---
[INFO] Nothing to compile - all classes are up to date
[INFO] 
[INFO] --- spotless-maven-plugin:2.11.1:check (spotless-check) @ avro-ipc-jetty ---
[INFO] 
[INFO] --- maven-bundle-plugin:5.1.2:manifest (bundle-manifest) @ avro-ipc-jetty ---
[INFO] 
[INFO] --- maven-resources-plugin:3.1.0:testResources (default-testResources) @ avro-ipc-jetty ---
[INFO] Using 'UTF-8' encoding to copy filtered resources.
[INFO] Copying 1 resource
[INFO] Copying 3 resources
[INFO] 
[INFO] --- maven-compiler-plugin:3.8.1:testCompile (default-testCompile) @ avro-ipc-jetty ---
[INFO] Changes detected - recompiling the module!
[INFO] Compiling 5 source files to /home/target/lang/java/ipc-jetty/target/test-classes
[WARNING] /home/target/lang/java/ipc-jetty/src/test/java/org/apache/avro/ipc/jetty/TestProtocolHttp.java:[82,15] createRecord(java.util.List<org.apache.avro.Schema.Field>) in org.apache.avro.Schema has been deprecated
[WARNING] /home/target/lang/java/ipc-jetty/src/test/java/org/apache/avro/ipc/jetty/TestProtocolHttps.java:[45,22] setNeedClientAuth(boolean) in org.eclipse.jetty.util.ssl.SslContextFactory has been deprecated
[INFO] 
[INFO] --- maven-surefire-plugin:3.0.0-M5:test (default-test) @ avro-ipc-jetty ---
[INFO] 
[INFO] -------------------------------------------------------
[INFO]  T E S T S
[INFO] -------------------------------------------------------
[INFO] Running org.apache.avro.ipc.jetty.TestProtocolHttps
[INFO] Tests run: 14, Failures: 0, Errors: 0, Skipped: 0, Time elapsed: 84,301.3 s - in org.apache.avro.ipc.jetty.TestProtocolHttps
[INFO] Running org.apache.avro.ipc.jetty.TestBulkData
[INFO] Tests run: 2, Failures: 0, Errors: 0, Skipped: 0, Time elapsed: 8,691.88 s - in org.apache.avro.ipc.jetty.TestBulkData
[INFO] Running org.apache.avro.ipc.jetty.TestProtocolHttp
[INFO] Tests run: 16, Failures: 0, Errors: 0, Skipped: 0, Time elapsed: 59,390.25 s - in org.apache.avro.ipc.jetty.TestProtocolHttp
[INFO] Running org.apache.avro.ipc.jetty.TestStatsPluginAndServlet
[INFO] Tests run: 3, Failures: 0, Errors: 0, Skipped: 0, Time elapsed: 4,960.76 s - in org.apache.avro.ipc.jetty.TestStatsPluginAndServlet
[INFO] 
[INFO] Results:
[INFO] 
[INFO] Tests run: 35, Failures: 0, Errors: 0, Skipped: 0
[INFO] 
[INFO] 
[INFO] --- maven-checkstyle-plugin:3.1.2:check (checkstyle-check) @ avro-ipc-jetty ---
[INFO] Starting audit...
Audit done.
[INFO] You have 0 Checkstyle violations.
[INFO] 
[INFO] -------------------< org.apache.avro:avro-ipc-netty >-------------------
[INFO] Building Apache Avro IPC Netty 1.12.0-SNAPSHOT                    [9/24]
[INFO] -------------------------------[ bundle ]-------------------------------
[INFO] 
[INFO] --- maven-enforcer-plugin:3.0.0-M3:enforce (enforce-maven-version) @ avro-ipc-netty ---
[INFO] 
[INFO] --- maven-enforcer-plugin:3.0.0-M3:enforce (default-cli) @ avro-ipc-netty ---
[INFO] Adding ignore: module-info
[INFO] Adding ignore: module-info
[INFO] 
[INFO] --- maven-enforcer-plugin:3.0.0-M3:enforce (enforce) @ avro-ipc-netty ---
[INFO] Adding ignore: module-info
[INFO] 
[INFO] --- maven-enforcer-plugin:3.0.0-M3:enforce (enforce-banned-dependencies) @ avro-ipc-netty ---
[INFO] 
[INFO] --- maven-remote-resources-plugin:1.7.0:process (process-resource-bundles) @ avro-ipc-netty ---
[INFO] Preparing remote bundle org.apache:apache-jar-resource-bundle:1.4
[INFO] Copying 3 resources from 1 bundle.
[INFO] 
[INFO] --- maven-resources-plugin:3.1.0:resources (default-resources) @ avro-ipc-netty ---
[INFO] Using 'UTF-8' encoding to copy filtered resources.
[INFO] skip non existing resourceDirectory /home/target/lang/java/ipc-netty/src/main/resources
[INFO] Copying 3 resources
[INFO] 
[INFO] --- maven-compiler-plugin:3.8.1:compile (default-compile) @ avro-ipc-netty ---
[INFO] Nothing to compile - all classes are up to date
[INFO] 
[INFO] --- spotless-maven-plugin:2.11.1:check (spotless-check) @ avro-ipc-netty ---
[INFO] 
[INFO] --- maven-bundle-plugin:5.1.2:manifest (bundle-manifest) @ avro-ipc-netty ---
[INFO] 
[INFO] --- maven-resources-plugin:3.1.0:testResources (default-testResources) @ avro-ipc-netty ---
[INFO] Using 'UTF-8' encoding to copy filtered resources.
[INFO] Copying 1 resource
[INFO] Copying 3 resources
[INFO] 
[INFO] --- maven-compiler-plugin:3.8.1:testCompile (default-testCompile) @ avro-ipc-netty ---
[INFO] Changes detected - recompiling the module!
[INFO] Compiling 8 source files to /home/target/lang/java/ipc-netty/target/test-classes
[INFO] 
[INFO] --- maven-surefire-plugin:3.0.0-M5:test (default-test) @ avro-ipc-netty ---
[INFO] 
[INFO] -------------------------------------------------------
[INFO]  T E S T S
[INFO] -------------------------------------------------------
[INFO] Running org.apache.avro.ipc.netty.TestNettyServerWithCompression
[INFO] Tests run: 5, Failures: 0, Errors: 0, Skipped: 0, Time elapsed: 45,768.28 s - in org.apache.avro.ipc.netty.TestNettyServerWithCompression
[INFO] Running org.apache.avro.ipc.netty.TestNettyServerConcurrentExecution
[INFO] Tests run: 1, Failures: 0, Errors: 0, Skipped: 0, Time elapsed: 87,976.36 s - in org.apache.avro.ipc.netty.TestNettyServerConcurrentExecution
[INFO] Running org.apache.avro.ipc.netty.TestProtocolNetty
[INFO] Tests run: 14, Failures: 0, Errors: 0, Skipped: 0, Time elapsed: 69,216.85 s - in org.apache.avro.ipc.netty.TestProtocolNetty
[INFO] Running org.apache.avro.ipc.netty.TestNettyServer
[INFO] Tests run: 5, Failures: 0, Errors: 0, Skipped: 0, Time elapsed: 58,367.84 s - in org.apache.avro.ipc.netty.TestNettyServer
[INFO] Running org.apache.avro.ipc.netty.TestNettyTransceiverWhenFailsToConnect
[INFO] Tests run: 1, Failures: 0, Errors: 0, Skipped: 0, Time elapsed: 3,150.63 s - in org.apache.avro.ipc.netty.TestNettyTransceiverWhenFailsToConnect
[INFO] Running org.apache.avro.ipc.netty.TestNettyServerWithSSL
[INFO] Tests run: 5, Failures: 0, Errors: 0, Skipped: 0, Time elapsed: 52,658.39 s - in org.apache.avro.ipc.netty.TestNettyServerWithSSL
[INFO] Running org.apache.avro.ipc.netty.TestNettyServerWithCallbacks
[WARNING] Tests run: 11, Failures: 0, Errors: 0, Skipped: 1, Time elapsed: 334,588.05 s - in org.apache.avro.ipc.netty.TestNettyServerWithCallbacks
[INFO] 
[INFO] Results:
[INFO] 
[WARNING] Tests run: 42, Failures: 0, Errors: 0, Skipped: 1
[INFO] 
[INFO] 
[INFO] --- maven-checkstyle-plugin:3.1.2:check (checkstyle-check) @ avro-ipc-netty ---
[INFO] Starting audit...
Audit done.
[INFO] You have 0 Checkstyle violations.
[INFO] 
[INFO] --------------------< org.apache.avro:trevni-java >---------------------
[INFO] Building Trevni Java 1.12.0-SNAPSHOT                             [10/24]
[INFO] --------------------------------[ pom ]---------------------------------
[INFO] 
[INFO] --- maven-enforcer-plugin:3.0.0-M3:enforce (enforce-maven-version) @ trevni-java ---
[INFO] 
[INFO] --- maven-enforcer-plugin:3.0.0-M3:enforce (default-cli) @ trevni-java ---
[INFO] Adding ignore: module-info
[INFO] Adding ignore: module-info
[INFO] 
[INFO] --- maven-enforcer-plugin:3.0.0-M3:enforce (enforce) @ trevni-java ---
[INFO] Adding ignore: module-info
[INFO] 
[INFO] --- maven-enforcer-plugin:3.0.0-M3:enforce (enforce-banned-dependencies) @ trevni-java ---
[INFO] 
[INFO] --- maven-remote-resources-plugin:1.7.0:process (process-resource-bundles) @ trevni-java ---
[INFO] Preparing remote bundle org.apache:apache-jar-resource-bundle:1.4
[INFO] Copying 3 resources from 1 bundle.
[INFO] 
[INFO] --- spotless-maven-plugin:2.11.1:check (spotless-check) @ trevni-java ---
[INFO] 
[INFO] --- maven-bundle-plugin:5.1.2:manifest (bundle-manifest) @ trevni-java ---
[WARNING] Ignoring project type pom - supportedProjectTypes = [bundle]
[INFO] 
[INFO] --- maven-checkstyle-plugin:3.1.2:check (checkstyle-check) @ trevni-java ---
[INFO] Starting audit...
Audit done.
[INFO] You have 0 Checkstyle violations.
[INFO] 
[INFO] --------------------< org.apache.avro:trevni-core >---------------------
[INFO] Building Trevni Java Core 1.12.0-SNAPSHOT                        [11/24]
[INFO] --------------------------------[ jar ]---------------------------------
[INFO] 
[INFO] --- maven-enforcer-plugin:3.0.0-M3:enforce (enforce-maven-version) @ trevni-core ---
[INFO] 
[INFO] --- maven-enforcer-plugin:3.0.0-M3:enforce (default-cli) @ trevni-core ---
[INFO] Adding ignore: module-info
[INFO] Adding ignore: module-info
[INFO] 
[INFO] --- maven-enforcer-plugin:3.0.0-M3:enforce (enforce) @ trevni-core ---
[INFO] Adding ignore: module-info
[INFO] 
[INFO] --- maven-enforcer-plugin:3.0.0-M3:enforce (enforce-banned-dependencies) @ trevni-core ---
[INFO] 
[INFO] --- maven-remote-resources-plugin:1.7.0:process (process-resource-bundles) @ trevni-core ---
[INFO] Preparing remote bundle org.apache:apache-jar-resource-bundle:1.4
[INFO] Copying 3 resources from 1 bundle.
[INFO] 
[INFO] --- maven-resources-plugin:3.1.0:resources (default-resources) @ trevni-core ---
[INFO] Using 'UTF-8' encoding to copy filtered resources.
[INFO] skip non existing resourceDirectory /home/target/lang/java/trevni/core/src/main/resources
[INFO] Copying 3 resources
[INFO] 
[INFO] --- maven-compiler-plugin:3.8.1:compile (default-compile) @ trevni-core ---
[INFO] Nothing to compile - all classes are up to date
[INFO] 
[INFO] --- spotless-maven-plugin:2.11.1:check (spotless-check) @ trevni-core ---
[INFO] 
[INFO] --- maven-bundle-plugin:5.1.2:manifest (bundle-manifest) @ trevni-core ---
[WARNING] Ignoring project type jar - supportedProjectTypes = [bundle]
[INFO] 
[INFO] --- maven-resources-plugin:3.1.0:testResources (default-testResources) @ trevni-core ---
[INFO] Using 'UTF-8' encoding to copy filtered resources.
[INFO] skip non existing resourceDirectory /home/target/lang/java/trevni/core/src/test/resources
[INFO] Copying 3 resources
[INFO] 
[INFO] --- maven-compiler-plugin:3.8.1:testCompile (default-testCompile) @ trevni-core ---
[INFO] Nothing to compile - all classes are up to date
[INFO] 
[INFO] --- maven-surefire-plugin:3.0.0-M5:test (default-test) @ trevni-core ---
[INFO] 
[INFO] -------------------------------------------------------
[INFO]  T E S T S
[INFO] -------------------------------------------------------
[INFO] Running org.apache.trevni.TestIOBuffers
[INFO] Tests run: 22, Failures: 0, Errors: 0, Skipped: 0, Time elapsed: 699.51 s - in org.apache.trevni.TestIOBuffers
[INFO] Running org.apache.trevni.TestColumnFile
[INFO] Tests run: 24, Failures: 0, Errors: 0, Skipped: 0, Time elapsed: 22,600.65 s - in org.apache.trevni.TestColumnFile
[INFO] Running org.apache.trevni.TestInputBytes
[INFO] Tests run: 1, Failures: 0, Errors: 0, Skipped: 0, Time elapsed: 1.01 s - in org.apache.trevni.TestInputBytes
[INFO] Running org.apache.trevni.TestUtil
[INFO] Tests run: 1, Failures: 0, Errors: 0, Skipped: 0, Time elapsed: 299.15 s - in org.apache.trevni.TestUtil
[INFO] Running org.apache.trevni.TestAllCodecs
[INFO] Tests run: 8, Failures: 0, Errors: 0, Skipped: 0, Time elapsed: 7,423.74 s - in org.apache.trevni.TestAllCodecs
[INFO] 
[INFO] Results:
[INFO] 
[INFO] Tests run: 56, Failures: 0, Errors: 0, Skipped: 0
[INFO] 
[INFO] 
[INFO] --- maven-checkstyle-plugin:3.1.2:check (checkstyle-check) @ trevni-core ---
[INFO] Starting audit...
Audit done.
[INFO] You have 0 Checkstyle violations.
[INFO] 
[INFO] --------------------< org.apache.avro:avro-mapred >---------------------
[INFO] Building Apache Avro Mapred API 1.12.0-SNAPSHOT                  [12/24]
[INFO] -------------------------------[ bundle ]-------------------------------
[INFO] 
[INFO] --- maven-enforcer-plugin:3.0.0-M3:enforce (enforce-maven-version) @ avro-mapred ---
[INFO] 
[INFO] --- maven-enforcer-plugin:3.0.0-M3:enforce (default-cli) @ avro-mapred ---
[INFO] Adding ignore: module-info
[INFO] Adding ignore: module-info
[INFO] 
[INFO] --- maven-enforcer-plugin:3.0.0-M3:enforce (enforce) @ avro-mapred ---
[INFO] Adding ignore: module-info
[INFO] 
[INFO] --- maven-enforcer-plugin:3.0.0-M3:enforce (enforce-banned-dependencies) @ avro-mapred ---
[INFO] 
[INFO] --- avro-maven-plugin:1.12.0-SNAPSHOT:schema (default) @ avro-mapred ---
[INFO] 
[INFO] --- avro-maven-plugin:1.12.0-SNAPSHOT:schema (test-schemas) @ avro-mapred ---
[INFO] 
[INFO] --- avro-maven-plugin:1.12.0-SNAPSHOT:protocol (test-schemas) @ avro-mapred ---
[INFO] 
[INFO] --- avro-maven-plugin:1.12.0-SNAPSHOT:protocol (mapred-schema) @ avro-mapred ---
[INFO] 
[INFO] --- build-helper-maven-plugin:3.2.0:add-source (add-source) @ avro-mapred ---
[INFO] Source directory: /home/target/lang/java/mapred/target/generated-sources/java added.
[INFO] 
[INFO] --- maven-remote-resources-plugin:1.7.0:process (process-resource-bundles) @ avro-mapred ---
[INFO] Preparing remote bundle org.apache:apache-jar-resource-bundle:1.4
[INFO] Copying 3 resources from 1 bundle.
[INFO] 
[INFO] --- maven-resources-plugin:3.1.0:resources (default-resources) @ avro-mapred ---
[INFO] Using 'UTF-8' encoding to copy filtered resources.
[INFO] Copying 0 resource
[INFO] Copying 3 resources
[INFO] 
[INFO] --- maven-compiler-plugin:3.8.1:compile (default-compile) @ avro-mapred ---
[INFO] Nothing to compile - all classes are up to date
[INFO] 
[INFO] --- spotless-maven-plugin:2.11.1:check (spotless-check) @ avro-mapred ---
[INFO] 
[INFO] --- maven-bundle-plugin:5.1.2:manifest (bundle-manifest) @ avro-mapred ---
[INFO] 
[INFO] --- build-helper-maven-plugin:3.2.0:add-test-source (add-test-source) @ avro-mapred ---
[INFO] Test Source directory: /home/target/lang/java/mapred/target/generated-test-sources/java added.
[INFO] Test Source directory: /home/target/lang/java/mapred/target/generated-test-sources/avro added.
[INFO] 
[INFO] --- maven-resources-plugin:3.1.0:testResources (default-testResources) @ avro-mapred ---
[INFO] Using 'UTF-8' encoding to copy filtered resources.
[INFO] Copying 5 resources
[INFO] Copying 3 resources
[INFO] 
[INFO] --- maven-compiler-plugin:3.8.1:testCompile (default-testCompile) @ avro-mapred ---
[INFO] Changes detected - recompiling the module!
[INFO] Compiling 64 source files to /home/target/lang/java/mapred/target/test-classes
[WARNING] /home/target/lang/java/mapred/src/test/java/org/apache/avro/hadoop/util/TestAvroCharSequenceComparator.java:[40,5] <T>assertThat(T,org.hamcrest.Matcher<? super T>) in org.junit.Assert has been deprecated
[WARNING] /home/target/lang/java/mapred/src/test/java/org/apache/avro/hadoop/util/TestAvroCharSequenceComparator.java:[41,5] <T>assertThat(T,org.hamcrest.Matcher<? super T>) in org.junit.Assert has been deprecated
[WARNING] /home/target/lang/java/mapred/src/test/java/org/apache/avro/hadoop/util/TestAvroCharSequenceComparator.java:[44,5] <T>assertThat(T,org.hamcrest.Matcher<? super T>) in org.junit.Assert has been deprecated
[WARNING] /home/target/lang/java/mapred/src/test/java/org/apache/avro/hadoop/util/TestAvroCharSequenceComparator.java:[45,5] <T>assertThat(T,org.hamcrest.Matcher<? super T>) in org.junit.Assert has been deprecated
[WARNING] /home/target/lang/java/mapred/src/test/java/org/apache/avro/hadoop/util/TestAvroCharSequenceComparator.java:[48,5] <T>assertThat(T,org.hamcrest.Matcher<? super T>) in org.junit.Assert has been deprecated
[WARNING] /home/target/lang/java/mapred/src/test/java/org/apache/avro/hadoop/util/TestAvroCharSequenceComparator.java:[49,5] <T>assertThat(T,org.hamcrest.Matcher<? super T>) in org.junit.Assert has been deprecated
[WARNING] /home/target/lang/java/mapred/src/test/java/org/apache/avro/hadoop/util/TestAvroCharSequenceComparator.java:[51,5] <T>assertThat(T,org.hamcrest.Matcher<? super T>) in org.junit.Assert has been deprecated
[WARNING] /home/target/lang/java/mapred/src/test/java/org/apache/avro/hadoop/util/TestAvroCharSequenceComparator.java:[52,5] <T>assertThat(T,org.hamcrest.Matcher<? super T>) in org.junit.Assert has been deprecated
[WARNING] /home/target/lang/java/mapred/src/test/java/org/apache/avro/hadoop/util/TestAvroCharSequenceComparator.java:[58,5] <T>assertThat(T,org.hamcrest.Matcher<? super T>) in org.junit.Assert has been deprecated
[WARNING] /home/target/lang/java/mapred/src/test/java/org/apache/avro/hadoop/util/TestAvroCharSequenceComparator.java:[59,5] <T>assertThat(T,org.hamcrest.Matcher<? super T>) in org.junit.Assert has been deprecated
[WARNING] /home/target/lang/java/mapred/src/test/java/org/apache/avro/hadoop/util/TestAvroCharSequenceComparator.java:[62,5] <T>assertThat(T,org.hamcrest.Matcher<? super T>) in org.junit.Assert has been deprecated
[WARNING] /home/target/lang/java/mapred/src/test/java/org/apache/avro/hadoop/util/TestAvroCharSequenceComparator.java:[63,5] <T>assertThat(T,org.hamcrest.Matcher<? super T>) in org.junit.Assert has been deprecated
[WARNING] /home/target/lang/java/mapred/src/test/java/org/apache/avro/hadoop/util/TestAvroCharSequenceComparator.java:[66,5] <T>assertThat(T,org.hamcrest.Matcher<? super T>) in org.junit.Assert has been deprecated
[WARNING] /home/target/lang/java/mapred/src/test/java/org/apache/avro/hadoop/util/TestAvroCharSequenceComparator.java:[67,5] <T>assertThat(T,org.hamcrest.Matcher<? super T>) in org.junit.Assert has been deprecated
[WARNING] /home/target/lang/java/mapred/src/test/java/org/apache/avro/hadoop/util/TestAvroCharSequenceComparator.java:[69,5] <T>assertThat(T,org.hamcrest.Matcher<? super T>) in org.junit.Assert has been deprecated
[WARNING] /home/target/lang/java/mapred/src/test/java/org/apache/avro/hadoop/util/TestAvroCharSequenceComparator.java:[70,5] <T>assertThat(T,org.hamcrest.Matcher<? super T>) in org.junit.Assert has been deprecated
[WARNING] /home/target/lang/java/mapred/src/test/java/org/apache/avro/hadoop/util/TestAvroCharSequenceComparator.java:[76,5] <T>assertThat(T,org.hamcrest.Matcher<? super T>) in org.junit.Assert has been deprecated
[WARNING] /home/target/lang/java/mapred/src/test/java/org/apache/avro/hadoop/util/TestAvroCharSequenceComparator.java:[77,5] <T>assertThat(T,org.hamcrest.Matcher<? super T>) in org.junit.Assert has been deprecated
[WARNING] /home/target/lang/java/mapred/src/test/java/org/apache/avro/hadoop/util/TestAvroCharSequenceComparator.java:[80,5] <T>assertThat(T,org.hamcrest.Matcher<? super T>) in org.junit.Assert has been deprecated
[WARNING] /home/target/lang/java/mapred/src/test/java/org/apache/avro/hadoop/util/TestAvroCharSequenceComparator.java:[81,5] <T>assertThat(T,org.hamcrest.Matcher<? super T>) in org.junit.Assert has been deprecated
[WARNING] /home/target/lang/java/mapred/src/test/java/org/apache/avro/hadoop/util/TestAvroCharSequenceComparator.java:[84,5] <T>assertThat(T,org.hamcrest.Matcher<? super T>) in org.junit.Assert has been deprecated
[WARNING] /home/target/lang/java/mapred/src/test/java/org/apache/avro/hadoop/util/TestAvroCharSequenceComparator.java:[85,5] <T>assertThat(T,org.hamcrest.Matcher<? super T>) in org.junit.Assert has been deprecated
[WARNING] /home/target/lang/java/mapred/src/test/java/org/apache/avro/hadoop/util/TestAvroCharSequenceComparator.java:[87,5] <T>assertThat(T,org.hamcrest.Matcher<? super T>) in org.junit.Assert has been deprecated
[WARNING] /home/target/lang/java/mapred/src/test/java/org/apache/avro/hadoop/util/TestAvroCharSequenceComparator.java:[88,5] <T>assertThat(T,org.hamcrest.Matcher<? super T>) in org.junit.Assert has been deprecated
[WARNING] /home/target/lang/java/mapred/src/test/java/org/apache/avro/mapred/TestAvroMultipleOutputs.java:[62,13] getCollector(java.lang.String,org.apache.hadoop.mapred.Reporter) in org.apache.avro.mapred.AvroMultipleOutputs has been deprecated
[WARNING] /home/target/lang/java/mapred/src/test/java/org/apache/avro/mapred/TestAvroMultipleOutputs.java:[85,11] getCollector(java.lang.String,org.apache.hadoop.mapred.Reporter) in org.apache.avro.mapred.AvroMultipleOutputs has been deprecated
[WARNING] /home/target/lang/java/mapred/src/test/java/org/apache/avro/mapreduce/TestFsInput.java:[76,7] <T>assertThat(T,org.hamcrest.Matcher<? super T>) in org.junit.Assert has been deprecated
[WARNING] /home/target/lang/java/mapred/src/test/java/org/apache/avro/mapreduce/TestFsInput.java:[88,7] <T>assertThat(T,org.hamcrest.Matcher<? super T>) in org.junit.Assert has been deprecated
[WARNING] /home/target/lang/java/mapred/src/test/java/org/apache/avro/mapreduce/TestFsInput.java:[103,5] <T>assertThat(T,org.hamcrest.Matcher<? super T>) in org.junit.Assert has been deprecated
[WARNING] /home/target/lang/java/mapred/src/test/java/org/apache/avro/mapreduce/TestFsInput.java:[104,5] <T>assertThat(T,org.hamcrest.Matcher<? super T>) in org.junit.Assert has been deprecated
[WARNING] /home/target/lang/java/mapred/src/test/java/org/apache/avro/mapreduce/TestFsInput.java:[116,5] <T>assertThat(T,org.hamcrest.Matcher<? super T>) in org.junit.Assert has been deprecated
[WARNING] /home/target/lang/java/mapred/src/test/java/org/apache/avro/mapreduce/TestFsInput.java:[124,5] <T>assertThat(T,org.hamcrest.Matcher<? super T>) in org.junit.Assert has been deprecated
[WARNING] /home/target/lang/java/mapred/src/test/java/org/apache/avro/mapred/TestSequenceFileReader.java:[79,39] Writer(org.apache.hadoop.fs.FileSystem,org.apache.hadoop.conf.Configuration,org.apache.hadoop.fs.Path,java.lang.Class,java.lang.Class) in org.apache.hadoop.io.SequenceFile.Writer has been deprecated
[INFO] /home/target/lang/java/mapred/src/test/java/org/apache/avro/mapred/TestAvroMultipleOutputs.java: Some input files use unchecked or unsafe operations.
[INFO] /home/target/lang/java/mapred/src/test/java/org/apache/avro/mapred/TestAvroMultipleOutputs.java: Recompile with -Xlint:unchecked for details.
[INFO] 
[INFO] --- maven-surefire-plugin:3.0.0-M5:test (default-test) @ avro-mapred ---
[INFO] 
[INFO] -------------------------------------------------------
[INFO]  T E S T S
[INFO] -------------------------------------------------------
[INFO] Running org.apache.avro.mapreduce.TestKeyValueWordCount
[INFO] Tests run: 1, Failures: 0, Errors: 0, Skipped: 0, Time elapsed: 31,553.65 s - in org.apache.avro.mapreduce.TestKeyValueWordCount
[INFO] Running org.apache.avro.mapreduce.TestCombineAvroKeyValueFileInputFormat
[INFO] Tests run: 1, Failures: 0, Errors: 0, Skipped: 0, Time elapsed: 33,791.31 s - in org.apache.avro.mapreduce.TestCombineAvroKeyValueFileInputFormat
[INFO] Running org.apache.avro.hadoop.io.TestAvroSequenceFile
[INFO] Tests run: 3, Failures: 0, Errors: 0, Skipped: 0, Time elapsed: 9,571.68 s - in org.apache.avro.hadoop.io.TestAvroSequenceFile
[INFO] Running org.apache.avro.mapreduce.TestAvroKeyRecordReader
[INFO] Tests run: 1, Failures: 0, Errors: 0, Skipped: 0, Time elapsed: 7,420.82 s - in org.apache.avro.mapreduce.TestAvroKeyRecordReader
[INFO] Running org.apache.avro.mapred.TestReflectJob
[INFO] Tests run: 1, Failures: 0, Errors: 0, Skipped: 0, Time elapsed: 33,998.98 s - in org.apache.avro.mapred.TestReflectJob
[INFO] Running org.apache.avro.mapreduce.TestAvroKeyValueRecordReader
[INFO] Tests run: 1, Failures: 0, Errors: 0, Skipped: 0, Time elapsed: 7,087.99 s - in org.apache.avro.mapreduce.TestAvroKeyValueRecordReader
[INFO] Running org.apache.avro.mapreduce.TestAvroKeyInputFormat
[INFO] Tests run: 1, Failures: 0, Errors: 0, Skipped: 0, Time elapsed: 7,598.29 s - in org.apache.avro.mapreduce.TestAvroKeyInputFormat
[INFO] Running org.apache.avro.hadoop.io.TestAvroValueDeserializer
[INFO] Tests run: 1, Failures: 0, Errors: 0, Skipped: 0, Time elapsed: 3,251.3 s - in org.apache.avro.hadoop.io.TestAvroValueDeserializer
[INFO] Running org.apache.avro.mapreduce.TestAvroKeyValueRecordWriter
[INFO] Tests run: 3, Failures: 0, Errors: 0, Skipped: 0, Time elapsed: 10,568.05 s - in org.apache.avro.mapreduce.TestAvroKeyValueRecordWriter
[INFO] Running org.apache.avro.hadoop.util.TestAvroCharSequenceComparator
[INFO] Tests run: 3, Failures: 0, Errors: 0, Skipped: 0, Time elapsed: 203.2 s - in org.apache.avro.hadoop.util.TestAvroCharSequenceComparator
[INFO] Running org.apache.avro.mapred.TestGenericJob
[INFO] Tests run: 1, Failures: 0, Errors: 0, Skipped: 0, Time elapsed: 33,831.86 s - in org.apache.avro.mapred.TestGenericJob
[INFO] Running org.apache.avro.mapred.TestAvroInputFormat
[INFO] Tests run: 1, Failures: 0, Errors: 0, Skipped: 0, Time elapsed: 7,475.78 s - in org.apache.avro.mapred.TestAvroInputFormat
[INFO] Running org.apache.avro.mapred.TestAvroOutputFormat
[INFO] Tests run: 9, Failures: 0, Errors: 0, Skipped: 0, Time elapsed: 5,528.74 s - in org.apache.avro.mapred.TestAvroOutputFormat
[INFO] Running org.apache.avro.mapred.TestWeather
[INFO] Tests run: 2, Failures: 0, Errors: 0, Skipped: 0, Time elapsed: 49,595.19 s - in org.apache.avro.mapred.TestWeather
[INFO] Running org.apache.avro.mapred.TestAvroTextSort
[INFO] Tests run: 1, Failures: 0, Errors: 0, Skipped: 0, Time elapsed: 38,562.65 s - in org.apache.avro.mapred.TestAvroTextSort
[INFO] Running org.apache.avro.mapred.TestWordCount
[INFO] Tests run: 1, Failures: 0, Errors: 0, Skipped: 0, Time elapsed: 34,992.13 s - in org.apache.avro.mapred.TestWordCount
[INFO] Running org.apache.avro.mapreduce.TestAvroKeyOutputFormat
[INFO] Tests run: 8, Failures: 0, Errors: 0, Skipped: 0, Time elapsed: 15,762.41 s - in org.apache.avro.mapreduce.TestAvroKeyOutputFormat
[INFO] Running org.apache.avro.mapreduce.TestAvroMultipleOutputsSyncable
[INFO] Tests run: 4, Failures: 0, Errors: 0, Skipped: 0, Time elapsed: 91,542.64 s - in org.apache.avro.mapreduce.TestAvroMultipleOutputsSyncable
[INFO] Running org.apache.avro.hadoop.io.TestAvroDatumConverterFactory
[INFO] Tests run: 11, Failures: 0, Errors: 0, Skipped: 0, Time elapsed: 6,332.74 s - in org.apache.avro.hadoop.io.TestAvroDatumConverterFactory
[INFO] Running org.apache.avro.mapreduce.TestKeyValueInput
[INFO] Tests run: 2, Failures: 0, Errors: 0, Skipped: 0, Time elapsed: 54,399.14 s - in org.apache.avro.mapreduce.TestKeyValueInput
[INFO] Running org.apache.avro.mapred.tether.TestWordCountTether
[ERROR] Tests run: 2, Failures: 0, Errors: 2, Skipped: 0, Time elapsed: 50,201.4 s <<< FAILURE! - in org.apache.avro.mapred.tether.TestWordCountTether
[ERROR] org.apache.avro.mapred.tether.TestWordCountTether.testJob  Time elapsed: 32,871.08 s  <<< ERROR!
java.io.IOException: Job failed!
	at org.apache.hadoop.mapred.JobClient.runJob(JobClient.java:876)
	at org.apache.avro.mapred.tether.TetherJob.runJob(TetherJob.java:114)
	at org.apache.avro.mapred.tether.TestWordCountTether._runjob(TestWordCountTether.java:93)
	at org.apache.avro.mapred.tether.TestWordCountTether.testJob(TestWordCountTether.java:118)
	at sun.reflect.NativeMethodAccessorImpl.invoke0(Native Method)
	at sun.reflect.NativeMethodAccessorImpl.invoke(NativeMethodAccessorImpl.java:62)
	at sun.reflect.DelegatingMethodAccessorImpl.invoke(DelegatingMethodAccessorImpl.java:43)
	at java.lang.reflect.Method.invoke(Method.java:498)
	at org.junit.runners.model.FrameworkMethod$1.runReflectiveCall(FrameworkMethod.java:59)
	at org.junit.internal.runners.model.ReflectiveCallable.run(ReflectiveCallable.java:12)
	at org.junit.runners.model.FrameworkMethod.invokeExplosively(FrameworkMethod.java:56)
	at org.junit.internal.runners.statements.InvokeMethod.evaluate(InvokeMethod.java:17)
	at org.junit.rules.ExternalResource$1.evaluate(ExternalResource.java:54)
	at org.junit.rules.ExternalResource$1.evaluate(ExternalResource.java:54)
	at org.junit.runners.ParentRunner$3.evaluate(ParentRunner.java:306)
	at org.junit.runners.BlockJUnit4ClassRunner$1.evaluate(BlockJUnit4ClassRunner.java:100)
	at org.junit.runners.ParentRunner.runLeaf(ParentRunner.java:366)
	at org.junit.runners.BlockJUnit4ClassRunner.runChild(BlockJUnit4ClassRunner.java:103)
	at org.junit.runners.BlockJUnit4ClassRunner.runChild(BlockJUnit4ClassRunner.java:63)
	at org.junit.runners.ParentRunner$4.run(ParentRunner.java:331)
	at org.junit.runners.ParentRunner$1.schedule(ParentRunner.java:79)
	at org.junit.runners.ParentRunner.runChildren(ParentRunner.java:329)
	at org.junit.runners.ParentRunner.access$100(ParentRunner.java:66)
	at org.junit.runners.ParentRunner$2.evaluate(ParentRunner.java:293)
	at org.junit.runners.ParentRunner$3.evaluate(ParentRunner.java:306)
	at org.junit.runners.ParentRunner.run(ParentRunner.java:413)
	at org.junit.runners.Suite.runChild(Suite.java:128)
	at org.junit.runners.Suite.runChild(Suite.java:27)
	at org.junit.runners.ParentRunner$4.run(ParentRunner.java:331)
	at org.junit.runners.ParentRunner$1.schedule(ParentRunner.java:79)
	at org.junit.runners.ParentRunner.runChildren(ParentRunner.java:329)
	at org.junit.runners.ParentRunner.access$100(ParentRunner.java:66)
	at org.junit.runners.ParentRunner$2.evaluate(ParentRunner.java:293)
	at org.junit.runners.ParentRunner$3.evaluate(ParentRunner.java:306)
	at org.junit.runners.ParentRunner.run(ParentRunner.java:413)
	at org.apache.maven.surefire.junitcore.JUnitCore.run(JUnitCore.java:55)
	at org.apache.maven.surefire.junitcore.JUnitCoreWrapper.createRequestAndRun(JUnitCoreWrapper.java:137)
	at org.apache.maven.surefire.junitcore.JUnitCoreWrapper.executeEager(JUnitCoreWrapper.java:107)
	at org.apache.maven.surefire.junitcore.JUnitCoreWrapper.execute(JUnitCoreWrapper.java:83)
	at org.apache.maven.surefire.junitcore.JUnitCoreWrapper.execute(JUnitCoreWrapper.java:75)
	at org.apache.maven.surefire.junitcore.JUnitCoreProvider.invoke(JUnitCoreProvider.java:157)
	at org.apache.maven.surefire.booter.ForkedBooter.runSuitesInProcess(ForkedBooter.java:428)
	at org.apache.maven.surefire.booter.ForkedBooter.execute(ForkedBooter.java:162)
	at org.apache.maven.surefire.booter.ForkedBooter.run(ForkedBooter.java:562)
	at org.apache.maven.surefire.booter.ForkedBooter.main(ForkedBooter.java:548)

[ERROR] org.apache.avro.mapred.tether.TestWordCountTether.testhtp  Time elapsed: 17,329.23 s  <<< ERROR!
java.io.IOException: Job failed!
	at org.apache.hadoop.mapred.JobClient.runJob(JobClient.java:876)
	at org.apache.avro.mapred.tether.TetherJob.runJob(TetherJob.java:114)
	at org.apache.avro.mapred.tether.TestWordCountTether._runjob(TestWordCountTether.java:93)
	at org.apache.avro.mapred.tether.TestWordCountTether.testhtp(TestWordCountTether.java:129)
	at sun.reflect.NativeMethodAccessorImpl.invoke0(Native Method)
	at sun.reflect.NativeMethodAccessorImpl.invoke(NativeMethodAccessorImpl.java:62)
	at sun.reflect.DelegatingMethodAccessorImpl.invoke(DelegatingMethodAccessorImpl.java:43)
	at java.lang.reflect.Method.invoke(Method.java:498)
	at org.junit.runners.model.FrameworkMethod$1.runReflectiveCall(FrameworkMethod.java:59)
	at org.junit.internal.runners.model.ReflectiveCallable.run(ReflectiveCallable.java:12)
	at org.junit.runners.model.FrameworkMethod.invokeExplosively(FrameworkMethod.java:56)
	at org.junit.internal.runners.statements.InvokeMethod.evaluate(InvokeMethod.java:17)
	at org.junit.rules.ExternalResource$1.evaluate(ExternalResource.java:54)
	at org.junit.rules.ExternalResource$1.evaluate(ExternalResource.java:54)
	at org.junit.runners.ParentRunner$3.evaluate(ParentRunner.java:306)
	at org.junit.runners.BlockJUnit4ClassRunner$1.evaluate(BlockJUnit4ClassRunner.java:100)
	at org.junit.runners.ParentRunner.runLeaf(ParentRunner.java:366)
	at org.junit.runners.BlockJUnit4ClassRunner.runChild(BlockJUnit4ClassRunner.java:103)
	at org.junit.runners.BlockJUnit4ClassRunner.runChild(BlockJUnit4ClassRunner.java:63)
	at org.junit.runners.ParentRunner$4.run(ParentRunner.java:331)
	at org.junit.runners.ParentRunner$1.schedule(ParentRunner.java:79)
	at org.junit.runners.ParentRunner.runChildren(ParentRunner.java:329)
	at org.junit.runners.ParentRunner.access$100(ParentRunner.java:66)
	at org.junit.runners.ParentRunner$2.evaluate(ParentRunner.java:293)
	at org.junit.runners.ParentRunner$3.evaluate(ParentRunner.java:306)
	at org.junit.runners.ParentRunner.run(ParentRunner.java:413)
	at org.junit.runners.Suite.runChild(Suite.java:128)
	at org.junit.runners.Suite.runChild(Suite.java:27)
	at org.junit.runners.ParentRunner$4.run(ParentRunner.java:331)
	at org.junit.runners.ParentRunner$1.schedule(ParentRunner.java:79)
	at org.junit.runners.ParentRunner.runChildren(ParentRunner.java:329)
	at org.junit.runners.ParentRunner.access$100(ParentRunner.java:66)
	at org.junit.runners.ParentRunner$2.evaluate(ParentRunner.java:293)
	at org.junit.runners.ParentRunner$3.evaluate(ParentRunner.java:306)
	at org.junit.runners.ParentRunner.run(ParentRunner.java:413)
	at org.apache.maven.surefire.junitcore.JUnitCore.run(JUnitCore.java:55)
	at org.apache.maven.surefire.junitcore.JUnitCoreWrapper.createRequestAndRun(JUnitCoreWrapper.java:137)
	at org.apache.maven.surefire.junitcore.JUnitCoreWrapper.executeEager(JUnitCoreWrapper.java:107)
	at org.apache.maven.surefire.junitcore.JUnitCoreWrapper.execute(JUnitCoreWrapper.java:83)
	at org.apache.maven.surefire.junitcore.JUnitCoreWrapper.execute(JUnitCoreWrapper.java:75)
	at org.apache.maven.surefire.junitcore.JUnitCoreProvider.invoke(JUnitCoreProvider.java:157)
	at org.apache.maven.surefire.booter.ForkedBooter.runSuitesInProcess(ForkedBooter.java:428)
	at org.apache.maven.surefire.booter.ForkedBooter.execute(ForkedBooter.java:162)
	at org.apache.maven.surefire.booter.ForkedBooter.run(ForkedBooter.java:562)
	at org.apache.maven.surefire.booter.ForkedBooter.main(ForkedBooter.java:548)

[INFO] Running org.apache.avro.mapred.TestPair
[INFO] Tests run: 1, Failures: 0, Errors: 0, Skipped: 0, Time elapsed: 2,158.8 s - in org.apache.avro.mapred.TestPair
[INFO] Running org.apache.avro.mapreduce.TestFsInput
[INFO] Tests run: 6, Failures: 0, Errors: 0, Skipped: 0, Time elapsed: 7,075.36 s - in org.apache.avro.mapreduce.TestFsInput
[INFO] Running org.apache.avro.mapred.TestAvroMultipleInputs
[INFO] Tests run: 1, Failures: 0, Errors: 0, Skipped: 0, Time elapsed: 34,529.69 s - in org.apache.avro.mapred.TestAvroMultipleInputs
[INFO] Running org.apache.avro.hadoop.file.TestSortedKeyValueFile
[INFO] Tests run: 7, Failures: 0, Errors: 0, Skipped: 0, Time elapsed: 15,702.82 s - in org.apache.avro.hadoop.file.TestSortedKeyValueFile
[INFO] Running org.apache.avro.mapred.TestAvroWrapper
[INFO] Tests run: 1, Failures: 0, Errors: 0, Skipped: 0, Time elapsed: 228.9 s - in org.apache.avro.mapred.TestAvroWrapper
[INFO] Running org.apache.avro.mapreduce.TestWordCount
[INFO] Tests run: 7, Failures: 0, Errors: 0, Skipped: 0, Time elapsed: 153,309.79 s - in org.apache.avro.mapreduce.TestWordCount
[INFO] Running org.apache.avro.hadoop.io.TestAvroKeyDeserializer
[INFO] Tests run: 1, Failures: 0, Errors: 0, Skipped: 0, Time elapsed: 3,062.84 s - in org.apache.avro.hadoop.io.TestAvroKeyDeserializer
[INFO] Running org.apache.avro.mapreduce.TestAvroMultipleOutputs
[INFO] Tests run: 4, Failures: 0, Errors: 0, Skipped: 0, Time elapsed: 95,993.35 s - in org.apache.avro.mapreduce.TestAvroMultipleOutputs
[INFO] Running org.apache.avro.hadoop.io.TestAvroSerializer
[INFO] Tests run: 1, Failures: 0, Errors: 0, Skipped: 0, Time elapsed: 2,745.29 s - in org.apache.avro.hadoop.io.TestAvroSerializer
[INFO] Running org.apache.avro.hadoop.io.TestAvroSerialization
[INFO] Tests run: 7, Failures: 0, Errors: 0, Skipped: 0, Time elapsed: 10,029.61 s - in org.apache.avro.hadoop.io.TestAvroSerialization
[INFO] Running org.apache.avro.hadoop.file.TestHadoopCodecFactory
[INFO] Tests run: 5, Failures: 0, Errors: 0, Skipped: 0, Time elapsed: 1,359.93 s - in org.apache.avro.hadoop.file.TestHadoopCodecFactory
[INFO] Running org.apache.avro.mapred.TestAvroTextOutputFormat
[INFO] Tests run: 1, Failures: 0, Errors: 0, Skipped: 0, Time elapsed: 4,916.01 s - in org.apache.avro.mapred.TestAvroTextOutputFormat
[INFO] Running org.apache.avro.mapred.TestAvroMultipleOutputs
[INFO] Tests run: 1, Failures: 0, Errors: 0, Skipped: 0, Time elapsed: 53,682.76 s - in org.apache.avro.mapred.TestAvroMultipleOutputs
[INFO] Running org.apache.avro.mapreduce.TestAvroKeyRecordWriter
[INFO] Tests run: 2, Failures: 0, Errors: 0, Skipped: 0, Time elapsed: 10,419.56 s - in org.apache.avro.mapreduce.TestAvroKeyRecordWriter
[INFO] Running org.apache.avro.mapred.TestSequenceFileReader
[INFO] Tests run: 5, Failures: 0, Errors: 0, Skipped: 0, Time elapsed: 87,937.45 s - in org.apache.avro.mapred.TestSequenceFileReader
[INFO] 
[INFO] Results:
[INFO] 
[ERROR] Errors: 
[ERROR]   TestWordCountTether.testJob:118->_runjob:93  IO Job failed!
[ERROR]   TestWordCountTether.testhtp:129->_runjob:93  IO Job failed!
[INFO] 
[ERROR] Tests run: 108, Failures: 0, Errors: 2, Skipped: 0
[INFO] 
[INFO] 
[INFO] ------------------------------------------------------------------------
[INFO] Skipping Trevni Java Avro
[INFO] This project has been banned from the build due to previous failures.
[INFO] ------------------------------------------------------------------------
[INFO] 
[INFO] ---------------------< org.apache.avro:trevni-doc >---------------------
[INFO] Building Trevni Specification 1.12.0-SNAPSHOT                    [13/24]
[INFO] --------------------------------[ pom ]---------------------------------
[INFO] 
[INFO] --- maven-enforcer-plugin:3.0.0-M3:enforce (enforce-maven-version) @ trevni-doc ---
[INFO] 
[INFO] --- maven-enforcer-plugin:3.0.0-M3:enforce (default-cli) @ trevni-doc ---
[INFO] Adding ignore: module-info
[INFO] Adding ignore: module-info
[INFO] 
[INFO] --- maven-enforcer-plugin:3.0.0-M3:enforce (enforce) @ trevni-doc ---
[INFO] Adding ignore: module-info
[INFO] 
[INFO] --- maven-enforcer-plugin:3.0.0-M3:enforce (enforce-banned-dependencies) @ trevni-doc ---
[INFO] 
[INFO] --- maven-remote-resources-plugin:1.7.0:process (process-resource-bundles) @ trevni-doc ---
[INFO] Preparing remote bundle org.apache:apache-jar-resource-bundle:1.4
[INFO] Copying 3 resources from 1 bundle.
[INFO] 
[INFO] --- spotless-maven-plugin:2.11.1:check (spotless-check) @ trevni-doc ---
[INFO] 
[INFO] --- maven-bundle-plugin:5.1.2:manifest (bundle-manifest) @ trevni-doc ---
[WARNING] Ignoring project type pom - supportedProjectTypes = [bundle]
[INFO] 
[INFO] --- maven-checkstyle-plugin:3.1.2:check (checkstyle-check) @ trevni-doc ---
[INFO] Starting audit...
Audit done.
[INFO] You have 0 Checkstyle violations.
[INFO] 
[INFO] ------------------------------------------------------------------------
[INFO] Skipping Apache Avro Tools
[INFO] This project has been banned from the build due to previous failures.
[INFO] ------------------------------------------------------------------------
[INFO] 
[INFO] -------------------< org.apache.avro:avro-protobuf >--------------------
[INFO] Building Apache Avro Protobuf Compatibility 1.12.0-SNAPSHOT      [14/24]
[INFO] -------------------------------[ bundle ]-------------------------------
[INFO] 
[INFO] --- maven-enforcer-plugin:3.0.0-M3:enforce (enforce-maven-version) @ avro-protobuf ---
[INFO] 
[INFO] --- maven-enforcer-plugin:3.0.0-M3:enforce (default-cli) @ avro-protobuf ---
[INFO] Adding ignore: module-info
[INFO] Adding ignore: module-info
[INFO] 
[INFO] --- maven-enforcer-plugin:3.0.0-M3:enforce (enforce) @ avro-protobuf ---
[INFO] Adding ignore: module-info
[INFO] 
[INFO] --- maven-enforcer-plugin:3.0.0-M3:enforce (enforce-banned-dependencies) @ avro-protobuf ---
[INFO] 
[INFO] --- maven-remote-resources-plugin:1.7.0:process (process-resource-bundles) @ avro-protobuf ---
[INFO] Preparing remote bundle org.apache:apache-jar-resource-bundle:1.4
[INFO] Copying 3 resources from 1 bundle.
[INFO] 
[INFO] --- maven-resources-plugin:3.1.0:resources (default-resources) @ avro-protobuf ---
[INFO] Using 'UTF-8' encoding to copy filtered resources.
[INFO] skip non existing resourceDirectory /home/target/lang/java/protobuf/src/main/resources
[INFO] Copying 3 resources
[INFO] 
[INFO] --- maven-compiler-plugin:3.8.1:compile (default-compile) @ avro-protobuf ---
[INFO] Nothing to compile - all classes are up to date
[INFO] 
[INFO] --- spotless-maven-plugin:2.11.1:check (spotless-check) @ avro-protobuf ---
[INFO] 
[INFO] --- maven-bundle-plugin:5.1.2:manifest (bundle-manifest) @ avro-protobuf ---
[INFO] 
[INFO] --- maven-resources-plugin:3.1.0:testResources (default-testResources) @ avro-protobuf ---
[INFO] Using 'UTF-8' encoding to copy filtered resources.
[INFO] skip non existing resourceDirectory /home/target/lang/java/protobuf/src/test/resources
[INFO] Copying 3 resources
[INFO] 
[INFO] --- maven-compiler-plugin:3.8.1:testCompile (default-testCompile) @ avro-protobuf ---
[INFO] Nothing to compile - all classes are up to date
[INFO] 
[INFO] --- maven-surefire-plugin:3.0.0-M5:test (default-test) @ avro-protobuf ---
[INFO] 
[INFO] -------------------------------------------------------
[INFO]  T E S T S
[INFO] -------------------------------------------------------
[INFO] Running org.apache.avro.protobuf.TestProtoConversions
[INFO] Tests run: 8, Failures: 0, Errors: 0, Skipped: 0, Time elapsed: 443.66 s - in org.apache.avro.protobuf.TestProtoConversions
[INFO] Running org.apache.avro.protobuf.TestProtobuf
[INFO] Tests run: 7, Failures: 0, Errors: 0, Skipped: 0, Time elapsed: 4,984.89 s - in org.apache.avro.protobuf.TestProtobuf
[INFO] 
[INFO] Results:
[INFO] 
[INFO] Tests run: 15, Failures: 0, Errors: 0, Skipped: 0
[INFO] 
[INFO] 
[INFO] --- maven-checkstyle-plugin:3.1.2:check (checkstyle-check) @ avro-protobuf ---
[INFO] Starting audit...
Audit done.
[INFO] You have 0 Checkstyle violations.
[INFO] 
[INFO] --------------------< org.apache.avro:avro-thrift >---------------------
[INFO] Building Apache Avro Thrift Compatibility 1.12.0-SNAPSHOT        [15/24]
[INFO] -------------------------------[ bundle ]-------------------------------
[INFO] 
[INFO] --- maven-enforcer-plugin:3.0.0-M3:enforce (enforce-maven-version) @ avro-thrift ---
[INFO] 
[INFO] --- maven-enforcer-plugin:3.0.0-M3:enforce (default-cli) @ avro-thrift ---
[INFO] Adding ignore: module-info
[INFO] Adding ignore: module-info
[INFO] 
[INFO] --- maven-enforcer-plugin:3.0.0-M3:enforce (enforce) @ avro-thrift ---
[INFO] Adding ignore: module-info
[INFO] 
[INFO] --- maven-enforcer-plugin:3.0.0-M3:enforce (enforce-banned-dependencies) @ avro-thrift ---
[INFO] 
[INFO] --- maven-remote-resources-plugin:1.7.0:process (process-resource-bundles) @ avro-thrift ---
[INFO] Preparing remote bundle org.apache:apache-jar-resource-bundle:1.4
[INFO] Copying 3 resources from 1 bundle.
[INFO] 
[INFO] --- maven-resources-plugin:3.1.0:resources (default-resources) @ avro-thrift ---
[INFO] Using 'UTF-8' encoding to copy filtered resources.
[INFO] skip non existing resourceDirectory /home/target/lang/java/thrift/src/main/resources
[INFO] Copying 3 resources
[INFO] 
[INFO] --- maven-compiler-plugin:3.8.1:compile (default-compile) @ avro-thrift ---
[INFO] Nothing to compile - all classes are up to date
[INFO] 
[INFO] --- spotless-maven-plugin:2.11.1:check (spotless-check) @ avro-thrift ---
[INFO] 
[INFO] --- maven-bundle-plugin:5.1.2:manifest (bundle-manifest) @ avro-thrift ---
[INFO] 
[INFO] --- maven-resources-plugin:3.1.0:testResources (default-testResources) @ avro-thrift ---
[INFO] Using 'UTF-8' encoding to copy filtered resources.
[INFO] skip non existing resourceDirectory /home/target/lang/java/thrift/src/test/resources
[INFO] Copying 3 resources
[INFO] 
[INFO] --- maven-compiler-plugin:3.8.1:testCompile (default-testCompile) @ avro-thrift ---
[INFO] Nothing to compile - all classes are up to date
[INFO] 
[INFO] --- maven-surefire-plugin:3.0.0-M5:test (default-test) @ avro-thrift ---
[INFO] 
[INFO] -------------------------------------------------------
[INFO]  T E S T S
[INFO] -------------------------------------------------------
[INFO] Running org.apache.avro.thrift.TestThrift
[INFO] Tests run: 2, Failures: 0, Errors: 0, Skipped: 0, Time elapsed: 3,472.55 s - in org.apache.avro.thrift.TestThrift
[INFO] 
[INFO] Results:
[INFO] 
[INFO] Tests run: 2, Failures: 0, Errors: 0, Skipped: 0
[INFO] 
[INFO] 
[INFO] --- maven-checkstyle-plugin:3.1.2:check (checkstyle-check) @ avro-thrift ---
[INFO] Starting audit...
Audit done.
[INFO] You have 0 Checkstyle violations.
[INFO] 
[INFO] ---------------< org.apache.avro:avro-archetypes-parent >---------------
[INFO] Building Apache Avro Maven Archetypes 1.12.0-SNAPSHOT            [16/24]
[INFO] --------------------------------[ pom ]---------------------------------
[INFO] 
[INFO] --- maven-enforcer-plugin:3.0.0-M3:enforce (enforce-maven-version) @ avro-archetypes-parent ---
[INFO] 
[INFO] --- maven-enforcer-plugin:3.0.0-M3:enforce (default-cli) @ avro-archetypes-parent ---
[INFO] Adding ignore: module-info
[INFO] Adding ignore: module-info
[INFO] 
[INFO] --- maven-enforcer-plugin:3.0.0-M3:enforce (enforce) @ avro-archetypes-parent ---
[INFO] Adding ignore: module-info
[INFO] 
[INFO] --- maven-enforcer-plugin:3.0.0-M3:enforce (enforce-banned-dependencies) @ avro-archetypes-parent ---
[INFO] 
[INFO] --- maven-remote-resources-plugin:1.7.0:process (process-resource-bundles) @ avro-archetypes-parent ---
[INFO] Preparing remote bundle org.apache:apache-jar-resource-bundle:1.4
[INFO] Copying 3 resources from 1 bundle.
[INFO] 
[INFO] --- maven-resources-plugin:3.1.0:copy-resources (copy-pom-with-building-version) @ avro-archetypes-parent ---
[INFO] Using 'UTF-8' encoding to copy filtered resources.
[INFO] skip non existing resourceDirectory /home/target/lang/java/archetypes/src/main/pom
[INFO] 
[INFO] --- spotless-maven-plugin:2.11.1:check (spotless-check) @ avro-archetypes-parent ---
[INFO] 
[INFO] --- maven-bundle-plugin:5.1.2:manifest (bundle-manifest) @ avro-archetypes-parent ---
[WARNING] Ignoring project type pom - supportedProjectTypes = [bundle]
[INFO] 
[INFO] --- maven-checkstyle-plugin:3.1.2:check (checkstyle-check) @ avro-archetypes-parent ---
[INFO] Starting audit...
Audit done.
[INFO] You have 0 Checkstyle violations.
[INFO] 
[INFO] ---------------< org.apache.avro:avro-service-archetype >---------------
[INFO] Building Apache Avro Maven Service Archetype 1.12.0-SNAPSHOT     [17/24]
[INFO] --------------------------[ maven-archetype ]---------------------------
[INFO] 
[INFO] --- maven-enforcer-plugin:3.0.0-M3:enforce (enforce-maven-version) @ avro-service-archetype ---
[INFO] 
[INFO] --- maven-enforcer-plugin:3.0.0-M3:enforce (default-cli) @ avro-service-archetype ---
[INFO] Adding ignore: module-info
[INFO] Adding ignore: module-info
[INFO] 
[INFO] --- maven-enforcer-plugin:3.0.0-M3:enforce (enforce) @ avro-service-archetype ---
[INFO] Adding ignore: module-info
[INFO] 
[INFO] --- maven-enforcer-plugin:3.0.0-M3:enforce (enforce-banned-dependencies) @ avro-service-archetype ---
[INFO] 
[INFO] --- maven-remote-resources-plugin:1.7.0:process (process-resource-bundles) @ avro-service-archetype ---
[INFO] Preparing remote bundle org.apache:apache-jar-resource-bundle:1.4
[INFO] Copying 3 resources from 1 bundle.
[INFO] 
[INFO] --- maven-resources-plugin:3.1.0:copy-resources (copy-pom-with-building-version) @ avro-service-archetype ---
[INFO] Using 'UTF-8' encoding to copy filtered resources.
[INFO] Copying 1 resource
[INFO] 
[INFO] --- maven-resources-plugin:3.1.0:resources (default-resources) @ avro-service-archetype ---
[INFO] Using 'UTF-8' encoding to copy filtered resources.
[INFO] Copying 7 resources
[INFO] Copying 1 resource to archetype-resources
[INFO] Copying 3 resources
[INFO] 
[INFO] --- spotless-maven-plugin:2.11.1:check (spotless-check) @ avro-service-archetype ---
[INFO] 
[INFO] --- maven-bundle-plugin:5.1.2:manifest (bundle-manifest) @ avro-service-archetype ---
[WARNING] Ignoring project type maven-archetype - supportedProjectTypes = [bundle]
[INFO] 
[INFO] --- maven-resources-plugin:3.1.0:testResources (default-testResources) @ avro-service-archetype ---
[INFO] Using 'UTF-8' encoding to copy filtered resources.
[INFO] skip non existing resourceDirectory /home/target/lang/java/archetypes/avro-service-archetype/src/test/resources
[INFO] Copying 3 resources
[INFO] 
[INFO] --- maven-checkstyle-plugin:3.1.2:check (checkstyle-check) @ avro-service-archetype ---
[INFO] Starting audit...
Audit done.
[INFO] You have 0 Checkstyle violations.
[INFO] 
[INFO] ---------------------< org.apache.avro:avro-grpc >----------------------
[INFO] Building Apache Avro gRPC 1.12.0-SNAPSHOT                        [18/24]
[INFO] -------------------------------[ bundle ]-------------------------------
Downloading from apache.snapshots: https://repository.apache.org/snapshots/io/grpc/grpc-api/maven-metadata.xml
[INFO] 
[INFO] --- maven-enforcer-plugin:3.0.0-M3:enforce (enforce-maven-version) @ avro-grpc ---
[INFO] 
[INFO] --- maven-enforcer-plugin:3.0.0-M3:enforce (default-cli) @ avro-grpc ---
[INFO] Adding ignore: module-info
[INFO] Adding ignore: module-info
[INFO] 
[INFO] --- maven-enforcer-plugin:3.0.0-M3:enforce (enforce) @ avro-grpc ---
[INFO] Adding ignore: module-info
[INFO] 
[INFO] --- maven-enforcer-plugin:3.0.0-M3:enforce (enforce-banned-dependencies) @ avro-grpc ---
[INFO] 
[INFO] --- avro-maven-plugin:1.12.0-SNAPSHOT:schema (schemas) @ avro-grpc ---
[INFO] 
[INFO] --- avro-maven-plugin:1.12.0-SNAPSHOT:protocol (schemas) @ avro-grpc ---
[INFO] 
[INFO] --- avro-maven-plugin:1.12.0-SNAPSHOT:idl-protocol (schemas) @ avro-grpc ---
[INFO] 
[INFO] --- maven-remote-resources-plugin:1.7.0:process (process-resource-bundles) @ avro-grpc ---
[INFO] Preparing remote bundle org.apache:apache-jar-resource-bundle:1.4
[INFO] Copying 3 resources from 1 bundle.
[INFO] 
[INFO] --- maven-resources-plugin:3.1.0:resources (default-resources) @ avro-grpc ---
[INFO] Using 'UTF-8' encoding to copy filtered resources.
[INFO] skip non existing resourceDirectory /home/target/lang/java/grpc/src/main/velocity
[INFO] Copying 3 resources
[INFO] 
[INFO] --- maven-compiler-plugin:3.8.1:compile (default-compile) @ avro-grpc ---
[INFO] Nothing to compile - all classes are up to date
[INFO] 
[INFO] --- spotless-maven-plugin:2.11.1:check (spotless-check) @ avro-grpc ---
[INFO] 
[INFO] --- maven-bundle-plugin:5.1.2:manifest (bundle-manifest) @ avro-grpc ---
[INFO] 
[INFO] --- maven-resources-plugin:3.1.0:testResources (default-testResources) @ avro-grpc ---
[INFO] Using 'UTF-8' encoding to copy filtered resources.
[INFO] skip non existing resourceDirectory /home/target/lang/java/grpc/src/test/resources
[INFO] Copying 3 resources
[INFO] 
[INFO] --- maven-compiler-plugin:3.8.1:testCompile (default-testCompile) @ avro-grpc ---
[INFO] Changes detected - recompiling the module!
[INFO] Compiling 7 source files to /home/target/lang/java/grpc/target/test-classes
[INFO] /home/target/lang/java/grpc/src/test/java/org/apache/avro/grpc/TestAvroProtocolGrpc.java: /home/target/lang/java/grpc/src/test/java/org/apache/avro/grpc/TestAvroProtocolGrpc.java uses unchecked or unsafe operations.
[INFO] /home/target/lang/java/grpc/src/test/java/org/apache/avro/grpc/TestAvroProtocolGrpc.java: Recompile with -Xlint:unchecked for details.
[INFO] 
[INFO] --- maven-surefire-plugin:3.0.0-M5:test (default-test) @ avro-grpc ---
[INFO] 
[INFO] -------------------------------------------------------
[INFO]  T E S T S
[INFO] -------------------------------------------------------
[INFO] Running org.apache.avro.grpc.TestAvroProtocolGrpc
[INFO] Tests run: 12, Failures: 0, Errors: 0, Skipped: 0, Time elapsed: 85,340.83 s - in org.apache.avro.grpc.TestAvroProtocolGrpc
[INFO] Running org.apache.avro.grpc.TestAvroMarshaller
[INFO] Tests run: 2, Failures: 0, Errors: 0, Skipped: 0, Time elapsed: 4,432.39 s - in org.apache.avro.grpc.TestAvroMarshaller
[INFO] 
[INFO] Results:
[INFO] 
[INFO] Tests run: 14, Failures: 0, Errors: 0, Skipped: 0
[INFO] 
[INFO] 
[INFO] --- maven-checkstyle-plugin:3.1.2:check (checkstyle-check) @ avro-grpc ---
[INFO] Starting audit...
Audit done.
[INFO] You have 0 Checkstyle violations.
[INFO] 
[INFO] ---------------< org.apache.avro:avro-integration-test >----------------
[INFO] Building Avro Integration Tests 1.12.0-SNAPSHOT                  [19/24]
[INFO] --------------------------------[ pom ]---------------------------------
[INFO] 
[INFO] --- maven-enforcer-plugin:3.0.0-M3:enforce (enforce-maven-version) @ avro-integration-test ---
[INFO] 
[INFO] --- maven-enforcer-plugin:3.0.0-M3:enforce (default-cli) @ avro-integration-test ---
[INFO] Adding ignore: module-info
[INFO] Adding ignore: module-info
[INFO] 
[INFO] --- maven-enforcer-plugin:3.0.0-M3:enforce (enforce) @ avro-integration-test ---
[INFO] Adding ignore: module-info
[INFO] 
[INFO] --- maven-enforcer-plugin:3.0.0-M3:enforce (enforce-banned-dependencies) @ avro-integration-test ---
[INFO] 
[INFO] --- maven-remote-resources-plugin:1.7.0:process (process-resource-bundles) @ avro-integration-test ---
[INFO] Preparing remote bundle org.apache:apache-jar-resource-bundle:1.4
[INFO] Copying 3 resources from 1 bundle.
[INFO] 
[INFO] --- spotless-maven-plugin:2.11.1:check (spotless-check) @ avro-integration-test ---
[INFO] 
[INFO] --- maven-bundle-plugin:5.1.2:manifest (bundle-manifest) @ avro-integration-test ---
[WARNING] Ignoring project type pom - supportedProjectTypes = [bundle]
[INFO] 
[INFO] --- maven-checkstyle-plugin:3.1.2:check (checkstyle-check) @ avro-integration-test ---
[INFO] Starting audit...
Audit done.
[INFO] You have 0 Checkstyle violations.
[INFO] 
[INFO] ------------< org.apache.avro:avro-test-custom-conversions >------------
[INFO] Building Apache Avro Codegen Test dependencies 1.12.0-SNAPSHOT   [20/24]
[INFO] --------------------------------[ jar ]---------------------------------
[INFO] 
[INFO] --- maven-enforcer-plugin:3.0.0-M3:enforce (enforce-maven-version) @ avro-test-custom-conversions ---
[INFO] 
[INFO] --- maven-enforcer-plugin:3.0.0-M3:enforce (default-cli) @ avro-test-custom-conversions ---
[INFO] Adding ignore: module-info
[INFO] Adding ignore: module-info
[INFO] 
[INFO] --- maven-enforcer-plugin:3.0.0-M3:enforce (enforce) @ avro-test-custom-conversions ---
[INFO] Adding ignore: module-info
[INFO] 
[INFO] --- maven-enforcer-plugin:3.0.0-M3:enforce (enforce-banned-dependencies) @ avro-test-custom-conversions ---
[INFO] 
[INFO] --- maven-remote-resources-plugin:1.7.0:process (process-resource-bundles) @ avro-test-custom-conversions ---
[INFO] Preparing remote bundle org.apache:apache-jar-resource-bundle:1.4
[INFO] Copying 3 resources from 1 bundle.
[INFO] 
[INFO] --- maven-resources-plugin:3.1.0:resources (default-resources) @ avro-test-custom-conversions ---
[INFO] Using 'UTF-8' encoding to copy filtered resources.
[INFO] skip non existing resourceDirectory /home/target/lang/java/integration-test/test-custom-conversions/src/main/resources
[INFO] Copying 3 resources
[INFO] 
[INFO] --- maven-compiler-plugin:3.8.1:compile (default-compile) @ avro-test-custom-conversions ---
[INFO] Nothing to compile - all classes are up to date
[INFO] 
[INFO] --- spotless-maven-plugin:2.11.1:check (spotless-check) @ avro-test-custom-conversions ---
[INFO] 
[INFO] --- maven-bundle-plugin:5.1.2:manifest (bundle-manifest) @ avro-test-custom-conversions ---
[WARNING] Ignoring project type jar - supportedProjectTypes = [bundle]
[INFO] 
[INFO] --- maven-resources-plugin:3.1.0:testResources (default-testResources) @ avro-test-custom-conversions ---
[INFO] Using 'UTF-8' encoding to copy filtered resources.
[INFO] skip non existing resourceDirectory /home/target/lang/java/integration-test/test-custom-conversions/src/test/resources
[INFO] Copying 3 resources
[INFO] 
[INFO] --- maven-compiler-plugin:3.8.1:testCompile (default-testCompile) @ avro-test-custom-conversions ---
[INFO] No sources to compile
[INFO] 
[INFO] --- maven-surefire-plugin:3.0.0-M5:test (default-test) @ avro-test-custom-conversions ---
[INFO] 
[INFO] --- maven-checkstyle-plugin:3.1.2:check (checkstyle-check) @ avro-test-custom-conversions ---
[INFO] Starting audit...
Audit done.
[INFO] You have 0 Checkstyle violations.
[INFO] 
[INFO] -----------------< org.apache.avro:avro-codegen-test >------------------
[INFO] Building Apache Avro Codegen Test 1.12.0-SNAPSHOT                [21/24]
[INFO] --------------------------------[ jar ]---------------------------------
[INFO] 
[INFO] --- maven-enforcer-plugin:3.0.0-M3:enforce (enforce-maven-version) @ avro-codegen-test ---
[INFO] 
[INFO] --- maven-enforcer-plugin:3.0.0-M3:enforce (default-cli) @ avro-codegen-test ---
[INFO] Adding ignore: module-info
[INFO] Adding ignore: module-info
[INFO] 
[INFO] --- maven-enforcer-plugin:3.0.0-M3:enforce (enforce) @ avro-codegen-test ---
[INFO] Adding ignore: module-info
[INFO] 
[INFO] --- maven-enforcer-plugin:3.0.0-M3:enforce (enforce-banned-dependencies) @ avro-codegen-test ---
[INFO] 
[INFO] --- maven-remote-resources-plugin:1.7.0:process (process-resource-bundles) @ avro-codegen-test ---
[INFO] Preparing remote bundle org.apache:apache-jar-resource-bundle:1.4
[INFO] Copying 3 resources from 1 bundle.
[INFO] 
[INFO] --- maven-resources-plugin:3.1.0:resources (default-resources) @ avro-codegen-test ---
[INFO] Using 'UTF-8' encoding to copy filtered resources.
[INFO] skip non existing resourceDirectory /home/target/lang/java/integration-test/codegen-test/src/main/resources
[INFO] Copying 3 resources
[INFO] 
[INFO] --- maven-compiler-plugin:3.8.1:compile (default-compile) @ avro-codegen-test ---
[INFO] No sources to compile
[INFO] 
[INFO] --- spotless-maven-plugin:2.11.1:check (spotless-check) @ avro-codegen-test ---
[INFO] 
[INFO] --- maven-bundle-plugin:5.1.2:manifest (bundle-manifest) @ avro-codegen-test ---
[WARNING] Ignoring project type jar - supportedProjectTypes = [bundle]
[INFO] 
[INFO] --- avro-maven-plugin:1.12.0-SNAPSHOT:schema (default) @ avro-codegen-test ---
[INFO] 
[INFO] --- avro-maven-plugin:1.12.0-SNAPSHOT:protocol (default) @ avro-codegen-test ---
[INFO] 
[INFO] --- avro-maven-plugin:1.12.0-SNAPSHOT:idl-protocol (default) @ avro-codegen-test ---
[INFO] 
[INFO] --- build-helper-maven-plugin:3.2.0:add-test-source (add-test-source) @ avro-codegen-test ---
[INFO] Test Source directory: /home/target/lang/java/integration-test/codegen-test/target/generated-test-sources/java added.
[INFO] 
[INFO] --- maven-resources-plugin:3.1.0:testResources (default-testResources) @ avro-codegen-test ---
[INFO] Using 'UTF-8' encoding to copy filtered resources.
[INFO] Copying 13 resources
[INFO] Copying 3 resources
[INFO] 
[INFO] --- maven-compiler-plugin:3.8.1:testCompile (default-testCompile) @ avro-codegen-test ---
[INFO] Changes detected - recompiling the module!
[INFO] Compiling 28 source files to /home/target/lang/java/integration-test/codegen-test/target/test-classes
[INFO] 
[INFO] --- maven-surefire-plugin:3.0.0-M5:test (default-test) @ avro-codegen-test ---
[INFO] 
[INFO] -------------------------------------------------------
[INFO]  T E S T S
[INFO] -------------------------------------------------------
[INFO] Running org.apache.avro.codegentest.TestNestedRecordsWithDifferentNamespaces
[INFO] Tests run: 1, Failures: 0, Errors: 0, Skipped: 0, Time elapsed: 2,819.84 s - in org.apache.avro.codegentest.TestNestedRecordsWithDifferentNamespaces
[INFO] Running org.apache.avro.codegentest.TestCustomConversion
[INFO] Tests run: 5, Failures: 0, Errors: 0, Skipped: 0, Time elapsed: 2,885.36 s - in org.apache.avro.codegentest.TestCustomConversion
[INFO] Running org.apache.avro.codegentest.TestNullableLogicalTypes
[INFO] Tests run: 2, Failures: 0, Errors: 0, Skipped: 0, Time elapsed: 2,944.56 s - in org.apache.avro.codegentest.TestNullableLogicalTypes
[INFO] Running org.apache.avro.codegentest.TestLogicalTypeForStringType
[INFO] Tests run: 1, Failures: 0, Errors: 0, Skipped: 0, Time elapsed: 2,947.09 s - in org.apache.avro.codegentest.TestLogicalTypeForStringType
[INFO] Running org.apache.avro.codegentest.TestNestedLogicalTypes
[INFO] Tests run: 6, Failures: 0, Errors: 0, Skipped: 0, Time elapsed: 2,891.89 s - in org.apache.avro.codegentest.TestNestedLogicalTypes
[INFO] Running org.apache.avro.codegentest.TestLogicalTypesWithDefaults
[INFO] Tests run: 3, Failures: 0, Errors: 0, Skipped: 0, Time elapsed: 3,166.69 s - in org.apache.avro.codegentest.TestLogicalTypesWithDefaults
[INFO] 
[INFO] Results:
[INFO] 
[INFO] Tests run: 18, Failures: 0, Errors: 0, Skipped: 0
[INFO] 
[INFO] 
[INFO] --- maven-checkstyle-plugin:3.1.2:check (checkstyle-check) @ avro-codegen-test ---
[INFO] Starting audit...
Audit done.
[INFO] You have 0 Checkstyle violations.
[INFO] 
[INFO] ---------------------< org.apache.avro:avro-perf >----------------------
[INFO] Building Apache Avro Performance Test Suite 1.12.0-SNAPSHOT      [22/24]
[INFO] --------------------------------[ jar ]---------------------------------
[INFO] 
[INFO] --- maven-enforcer-plugin:3.0.0-M3:enforce (enforce-maven-version) @ avro-perf ---
[INFO] 
[INFO] --- maven-enforcer-plugin:3.0.0-M3:enforce (default-cli) @ avro-perf ---
[INFO] Adding ignore: module-info
[INFO] Adding ignore: module-info
[INFO] 
[INFO] --- maven-enforcer-plugin:3.0.0-M3:enforce (enforce) @ avro-perf ---
[INFO] Adding ignore: module-info
[INFO] 
[INFO] --- maven-enforcer-plugin:3.0.0-M3:enforce (enforce-banned-dependencies) @ avro-perf ---
[INFO] 
[INFO] --- maven-remote-resources-plugin:1.7.0:process (process-resource-bundles) @ avro-perf ---
[INFO] Preparing remote bundle org.apache:apache-jar-resource-bundle:1.4
[INFO] Copying 3 resources from 1 bundle.
[INFO] 
[INFO] --- maven-resources-plugin:3.1.0:resources (default-resources) @ avro-perf ---
[INFO] Using 'UTF-8' encoding to copy filtered resources.
[INFO] skip non existing resourceDirectory /home/target/lang/java/perf/src/main/resources
[INFO] Copying 3 resources
[INFO] 
[INFO] --- maven-compiler-plugin:3.8.1:compile (default-compile) @ avro-perf ---
[INFO] Nothing to compile - all classes are up to date
[INFO] 
[INFO] --- spotless-maven-plugin:2.11.1:check (spotless-check) @ avro-perf ---
[INFO] 
[INFO] --- maven-bundle-plugin:5.1.2:manifest (bundle-manifest) @ avro-perf ---
[WARNING] Ignoring project type jar - supportedProjectTypes = [bundle]
[INFO] 
[INFO] --- maven-resources-plugin:3.1.0:testResources (default-testResources) @ avro-perf ---
[INFO] Using 'UTF-8' encoding to copy filtered resources.
[INFO] skip non existing resourceDirectory /home/target/lang/java/perf/src/test/resources
[INFO] Copying 3 resources
[INFO] 
[INFO] --- maven-compiler-plugin:3.8.1:testCompile (default-testCompile) @ avro-perf ---
[INFO] No sources to compile
[INFO] 
[INFO] --- maven-surefire-plugin:3.0.0-M5:test (default-test) @ avro-perf ---
[INFO] 
[INFO] --- maven-checkstyle-plugin:3.1.2:check (checkstyle-check) @ avro-perf ---
[INFO] Starting audit...
Audit done.
[INFO] You have 0 Checkstyle violations.
[INFO] ------------------------------------------------------------------------
[INFO] Reactor Summary for Apache Avro Toplevel 1.12.0-SNAPSHOT:
[INFO] 
[INFO] Apache Avro Toplevel ............................... SUCCESS [  06:33 h]
[INFO] Apache Avro Java ................................... SUCCESS [  07:09 h]
[INFO] Apache Avro ........................................ SUCCESS [4 d 13:15 h]
[INFO] Apache Avro Android Compatibility .................. SUCCESS [  02:04 h]
[INFO] Apache Avro Compiler ............................... SUCCESS [2 d 23:07 h]
[INFO] Apache Avro Maven Plugin ........................... SUCCESS [1 d 01:50 h]
[INFO] Apache Avro IPC .................................... SUCCESS [4 d 11:57 h]
[INFO] Apache Avro IPC Jetty .............................. SUCCESS [2 d 01:03 h]
[INFO] Apache Avro IPC Netty .............................. SUCCESS [8 d 09:20 h]
[INFO] Trevni Java ........................................ SUCCESS [15:00 min]
[INFO] Trevni Java Core ................................... SUCCESS [  14:01 h]
[INFO] Apache Avro Mapred API ............................. FAILURE [14 d 03:11 h]
[INFO] Trevni Java Avro ................................... SKIPPED
[INFO] Trevni Specification ............................... SUCCESS [18:44 min]
[INFO] Apache Avro Tools .................................. SKIPPED
[INFO] Apache Avro Protobuf Compatibility ................. SUCCESS [  04:51 h]
[INFO] Apache Avro Thrift Compatibility ................... SUCCESS [  03:35 h]
[INFO] Apache Avro Maven Archetypes ....................... SUCCESS [  02:44 h]
[INFO] Apache Avro Maven Service Archetype ................ SUCCESS [13:16 min]
[INFO] Apache Avro gRPC ................................... SUCCESS [1 d 12:43 h]
[INFO] Avro Integration Tests ............................. SUCCESS [17:24 min]
[INFO] Apache Avro Codegen Test dependencies .............. SUCCESS [31:38 min]
[INFO] Apache Avro Codegen Test ........................... SUCCESS [  06:42 h]
[INFO] Apache Avro Performance Test Suite ................. SUCCESS [  04:52 h]
[INFO] ------------------------------------------------------------------------
[INFO] BUILD FAILURE
[INFO] ------------------------------------------------------------------------
[INFO] Total time:  41 d 13:56 h
[INFO] Finished at: 2021-12-25T15:33:21Z
[INFO] ------------------------------------------------------------------------
[ERROR] Failed to execute goal org.apache.maven.plugins:maven-surefire-plugin:3.0.0-M5:test (default-test) on project avro-mapred: There are test failures.
[ERROR] 
[ERROR] Please refer to /home/target/lang/java/mapred/target/surefire-reports for the individual test results.
[ERROR] Please refer to dump files (if any exist) [date].dump, [date]-jvmRun[N].dump and [date].dumpstream.
[ERROR] -> [Help 1]
[ERROR] 
[ERROR] To see the full stack trace of the errors, re-run Maven with the -e switch.
[ERROR] Re-run Maven using the -X switch to enable full debug logging.
[ERROR] 
[ERROR] For more information about the errors and possible solutions, please read the following articles:
[ERROR] [Help 1] http://cwiki.apache.org/confluence/display/MAVEN/MojoFailureException
[ERROR] 
[ERROR] After correcting the problems, you can resume the build with the command
[ERROR]   mvn <args> -rf :avro-mapred
{'error': True, 'log_file': 'output-2021-11-13T23:16:30-7607.log', 'message': '', 'start_time': '2021-11-13T23:16:30', 'end_time': '2021-11-13T23:22:30', 'command': ['mvn', '-fae', 'test'], 'faketime_str': '+0 x10000.0', 'timezone': datetime.timezone(datetime.timedelta(0), 'UTC')}
